CUSTOMER.cid  CUSTOMER.firstname  CUSTOMER.gender  CART.cartid  CART.status
162	nlcradbvqg	1	43	wqghwsvm
102	nbwguccjzc	1	173	vavfmspc
100	lupszofnoo	0	196	pwvrjfzk
54	lficcgdflx	1	145	iorbxrns
174	uwpflmjuod	1	160	ajhbdtvk
156	rjbrhtfnmw	0	18	ijwsyddv
71	brguivjhmm	0	0	hyloutxp
172	lgvhstwpti	1	114	rzmkqwvr	
60	vqlmvpvxhj	0	52	pgwbxdbt
15	wdcsecraow	1	181	loagqjef
88	mgidnesxlx	0	69	qbtkwoyy
1	rmcephvpto	0	56	krnuqynp
5	wlqasnwkgr	0	78	aekexbez
114	tyedadrnsk	1	162	qodwobec
71	brguivjhmm	0	59	iyhuwfyn
172	lgvhstwpti	1	41	ysiqbawf
114	tyedadrnsk	1	197	zbehtzgr
70	rmavyvfahx	1	120	ydhvnczh
138	jxqpnciefy	0	159	mlsghwsw
79	zcpibiwvwj	0	188	fefvgorx
172	lgvhstwpti	1	133	hwpwbznm
54	lficcgdflx	1	147	gncgvlek
71	brguivjhmm	0	98	cjhpmkwf
114	tyedadrnsk	1	16	lpleytnl
83	yrfjylrmde	0	128	hcvhfyyl
174	uwpflmjuod	1	157	vsikoaqe
14	bactolkxhq	1	124	sfzfxhvm
156	rjbrhtfnmw	0	141	cxtcjuwh
5	wlqasnwkgr	0	194	zvfrlggc
174	uwpflmjuod	1	138	hayzrvvj
102	nbwguccjzc	1	177	fttpxryg
169	qtuyybfkjb	0	71	bnxuejln
174	uwpflmjuod	1	23	itkprutv
9	cjvstuiwqg	0	39	ovpjmfnz
94	lwxmgwamdt	0	171	fjfkgfnf
69	nwzlqnslul	1	68	whiiakpi
138	jxqpnciefy	0	169	dqqyvnxr
109	vvmmdukbkd	0	11	tdoohnwb
119	eqytmlqvqv	0	25	qnibxame
191	rlujyofdam	1	87	aeyhngak
130	yszrfltpxc	1	81	esptzemz
153	sjozwmukdw	0	85	kfxzdqot
93	hncbmardbf	1	132	twlafjvh
8	xiiqfaqtcg	1	21	cfdkjidf
184	gdmcylrvnw	1	47	zlkrmbmb
41	mwyyktlvtb	0	143	ioibuaag
111	pqrgiszasb	1	172	riehwngb
170	koyihgnimt	0	90	ptwjdgba
136	lgsurfnogx	1	106	dpvusxow
52	pspeqbzdzt	0	119	psntxsbe
8	xiiqfaqtcg	1	57	wzuetnxq
108	knqdrnlabz	1	191	rhezrttb
136	lgsurfnogx	1	33	hyisbskw
189	nscnrpoljt	0	34	tivkdevn
41	mwyyktlvtb	0	185	fdggdlsv
62	xwhttarpry	0	167	endbxkce
41	mwyyktlvtb	0	149	owvlgquw
27	arcgirfwzw	0	150	otdjicko
152	rsnomxebhg	0	174	biihovff
62	xwhttarpry	0	66	caupcpiq
136	lgsurfnogx	1	15	uawugaut
52	pspeqbzdzt	0	70	fisqprgw
103	zplwyakopw	0	30	bsyashfb
52	pspeqbzdzt	0	116	wtsytulq
112	mzqozoemiq	1	10	swpjthyx
11	rrrifvfhyy	0	136	arxqquyw
55	kcshyhrnim	0	168	ppthowjh
85	pnrppdsmvj	0	93	ltynrmth
106	kzbwtmikfu	0	175	drrwvrdm
155	xuhgndusqw	0	64	wkvffrly
55	kcshyhrnim	0	122	qxfffxex
11	rrrifvfhyy	0	92	dpapzock
46	txzooeeemt	1	127	msoxnjgm
134	xtfiuwesbj	0	76	vpsqazlf
134	xtfiuwesbj	0	3	nwxxogaa
155	xuhgndusqw	0	125	ywslshln
177	ejnwngeqnt	0	27	ersqlqok
115	iyztpgdfek	0	186	haevxwrv
89	neeeqlelyb	0	83	psjmsznt
91	iixaknkzcg	1	40	lhdbcvtc
112	mzqozoemiq	1	13	sxmcuibf
182	drmwqftbli	0	12	vzlydlwm
143	pbaobvssdj	0	86	blbkeyvv
32	pwxkrspgal	0	49	bocjiryz
84	chqyswdxnb	1	148	chzjvqgu
63	jrzhoypzex	1	130	qbuekdam
85	pnrppdsmvj	0	26	uzuhkngm
43	oycbecdoam	1	28	juaidtkp
84	chqyswdxnb	1	1	jgvsijfu
55	kcshyhrnim	0	75	telgrmfm
48	ysduwpwmmi	0	44	hpnoifum
147	xzzkwhvhqc	0	67	cgesdcka
44	onsbqhnuvk	1	176	zmzjqgff
132	tlnkaxucfx	1	183	ppswzryq
44	onsbqhnuvk	1	17	ekbekmli
48	ysduwpwmmi	0	42	pprumkdo
173	yazaxhqfcl	1	111	xtsebxgy
48	ysduwpwmmi	0	146	xqfbldcf
160	ykbwlmiimx	1	164	zdrgwubr
173	yazaxhqfcl	1	99	xrzufiik
160	ykbwlmiimx	1	19	kqvstusn
86	dhrdbtgftk	1	161	mnajppah
48	ysduwpwmmi	0	73	eibnkahc
34	pwnuhlgnwk	1	139	smyarfbn
173	yazaxhqfcl	1	46	qikshwby
39	waqlatvxhm	0	2	ibzpmncx
147	xzzkwhvhqc	0	135	dajodmux
97	xpvmzangsr	0	5	flhzwxuk
150	sztrqbjgzv	0	65	qmypgkbr
39	waqlatvxhm	0	48	hdjuguxy
39	waqlatvxhm	0	105	ydxlclhy
47	pvpsvquvef	0	55	enlqkiel
76	jlsmijdrtj	1	37	feoionoq
157	mrhzbzxkka	0	154	sdlcdhen
59	frewgtfehg	1	189	ltbemyhn
3	lurwqlswlv	1	182	ullpvpca
35	wjceumhjwn	1	156	szxjilxb
135	nyeminfiqz	0	158	adcijttv
149	wwxaeojhmq	1	54	wgfjahas
29	ltbxgwbamo	0	109	nigovetl
154	ffnjwoxeza	0	77	qwuamqga
199	lgqowmrhje	1	129	xumlpzru
58	pwhtgeamjz	1	195	izfrsvjx
107	tulemdaajt	0	101	rlqnmpoc
163	bvdprttarr	1	79	kzvkilpb
118	znptpfesnk	0	45	tnffcawf
74	vutiiodtpy	0	108	lprlfmqt
192	arspjyatfq	1	192	ouorvfgs
82	yihhwvmxhk	1	118	fxlncveu
154	ffnjwoxeza	0	165	gtbchnkj
7	gkwhrztxhc	0	142	vdzjgreb
107	tulemdaajt	0	6	zonljrgt
154	ffnjwoxeza	0	61	iaozizpp
105	ggqdjkopvo	0	82	ubjkolun
82	yihhwvmxhk	1	110	hdnxcfsr
10	zkfjvmjwnw	0	84	eohlsarc
77	zrmgqmrbqn	1	144	nklzjnuu
163	bvdprttarr	1	32	kgvlrvqk
179	rgawhzucbk	0	96	pzkppbee
58	pwhtgeamjz	1	51	xgfnpnue
158	skworvymvz	1	123	iuqolhxh
185	lvvwejesei	0	152	lalvvnpx
107	tulemdaajt	0	36	uqwufssv
107	tulemdaajt	0	113	ylakqimt
107	tulemdaajt	0	88	qwwvqdok
10	zkfjvmjwnw	0	107	ixqieilt
199	lgqowmrhje	1	22	ilcleyoz
10	zkfjvmjwnw	0	35	kzzsqtyz
20	vbdtqwnzwz	1	50	gdjegnvk
198	qbeezcnwhn	1	166	iwfptqyh
80	hggaqfcduw	1	134	uxekkvvq
37	cyvkprcsmu	1	103	ktcyzrnn
12	kwrlppmeig	1	89	erkjvckn
175	zjpvclonkt	0	97	gelloapo
51	rwdpsfeidk	0	198	sycmqtlk
95	qhoywnqkfc	0	9	fpgpxked
57	eprcsrupal	0	140	seiqjgwu
127	fcankjcywj	1	20	bvmgbpgo
127	fcankjcywj	1	100	rqdyovmq
28	erycvvblwj	1	95	dsnzcvpt
137	zgclkqvxrm	0	53	lkwgozrn
80	hggaqfcduw	1	187	pgkrqeqa
80	hggaqfcduw	1	102	vyiiprnx
95	qhoywnqkfc	0	8	krzbdwpw
23	kbjipaxnky	0	31	cocnmkye
95	qhoywnqkfc	0	91	fkjfsrud
122	vxmbqdlfuy	1	153	rszguwye
12	kwrlppmeig	1	137	fgumkegm
164	esfmlasbxu	1	104	sgbipnke
122	vxmbqdlfuy	1	74	kezrwpwa
171	xoxkqhalhz	0	163	qjhxgbor
186	cvdcjfedyd	1	4	byosqtrv
65	nyviknzosj	1	24	fablktqr
142	tntswtdmqt	0	199	rinoakim
188	phsiovoljb	1	151	kfznqxeu
42	xvzwnhylxf	0	112	czunsrqi
188	phsiovoljb	1	115	glaxpzyx
164	esfmlasbxu	1	131	svkrontl
110	andsmqklmw	0	179	rijycqhw
101	vwetmkumjv	1	38	vuwudbzu
101	vwetmkumjv	1	80	jrovwgww
125	tzdeeddquq	1	58	edczpsqu
101	vwetmkumjv	1	14	ypuslblt
181	mzucmfrvvp	0	60	ojwchjrz
110	andsmqklmw	0	72	ziechnna
96	dgttjgvqnq	1	193	qhrkovay
30	azjraevfhq	0	155	qbtotmas
0	igzqewibvv	0	7	kzzfvivb
17	hbaffnfwut	0	29	jdzcvjbm
181	mzucmfrvvp	0	117	viycptkp
0	igzqewibvv	0	121	mfuojefd
96	dgttjgvqnq	1	94	jwcmqpye
180	cdpfodwdca	1	126	xubkzqic
16	wjjhfxnbya	1	62	ojvmqjzm
148	hgncuinwal	0	184	bmnmdmjb
17	hbaffnfwut	0	178	fwuasjcb
22	hqtbfvmhfr	1	180	uizvwiea
30	azjraevfhq	0	63	wsezowqf
124	hfvdhcakyw	0	190	dfbxxgyt
181	mzucmfrvvp	0	170	qxedaiev
