testcases/CUSTOMER.cid  testcases/CUSTOMER.gender  testcases/CUSTOMER.firstname  testcases/CUSTOMER.lastname  testcases/CUSTOMER.address  
1	0	adwtfcndxn	qmaulaufdv	eclzdiqdupmpsgskinsixwuyiu	
44	0	jvpbeqeass	jqzkrtcqpz	ggnikoyfwgflcslajxmvxcgodg	
23	0	mdwzvqrwpy	ttocmuqzxn	xqdfyknajgbwifhytjzxknnjxu	
170	0	xaokzkemud	fsesrpekun	iojcjfckdsoohbygmzkomlnkuw	
100	0	khxmcmctai	sqdhunrgbj	jkzobtryknnfwmuqilxptqgugf	
77	0	bkgvbomxyt	jhpeyedlhr	osgsxksjgtucuwjepyynhdzlme	
60	0	zernuliytp	mfukhdakau	fthofobzspmvicrwuimifffxji	
49	1	zmsgklahgk	sqqpglairy	xylwappveabhlbpchainogoehh	
11	1	nippnoxsdh	svwzkfzaze	vwbfnhcevagrmdjvbrcfqjtbcx	
33	1	pfarwuhssq	zxgwlbfewq	znwmiezxuoamgdvnkaedmifczc	
16	1	cgutomkuyp	jtfrnvhztm	zberwdsioyjhbvblxbmskzbhdb	
169	0	ntolnosnyv	aweovuaklc	juvqbsrgyzrgrzcptmkckkrmof	
79	1	ixbbdwgwkm	duqyhpvalj	mettgcbqqiltcidkledqeqjeyi	
48	1	xuvydgiafq	reawblpidd	pcvgydwtmelwoxmgvkykensnao	
162	0	zmywtezbcb	rjvnohlbfo	mrdcmvziimewmucxtnmsnelldj	
13	1	yrtkvbxhfm	gzebutiiny	kfsavgiwlwvrtxxdjtjbvxbqtw	
52	1	uhzdezaxkw	zwudcmfqcs	xmdogenvpkmcamanaxcsoyyblh	
124	1	xfwgyuijqt	fwkvuafzid	nqmkrpzuojrgrwurixdgqfxdga	
24	1	zsunmzsqcb	tgazbedfhv	qqpdjkfpspulclssbpyzarpvkt	
107	1	zimaeepyyx	hdrjgpyqff	cjzwxalyiyxezjsspshxtwexuj	
163	0	dqoxqaujkz	gexlpqohbc	ogivvhzlwjlowshnrzuexwhlrd	
6	1	fggpjesxoa	tlgsokuepo	pfburgrdvdxfhuvphzvdjrzniv	
113	1	hzarkzwwin	csjvyrwzda	fdberzhznroizxycnttnjogrbs	
145	0	xdkzogmbyi	wewxubdsvl	qjqfjafukwoqapqepdyuxbjzbk	
96	1	kpupcntgle	fbowyqnnwp	qhvoxkcycswniwnhyugmyxbdfk	
93	0	tkdhtqfpad	qguxexddvr	yfvnftmqgpngpdzhcnimfdykpd	
64	1	gxpicopoxs	ufjdrrtvzs	lmbzxvsrwsdyvtpinvldazmiky	
137	0	mogfxpztha	nuiguvplwt	rxepzruyrjbuaqwpqbjegsqzvp	
30	0	lmneeuccok	frcteuoqmf	uorhdpqwzazqfelbckpnhusopc	
104	1	ebdbffbpiy	ncplcqsqwa	jyhigwfuaohjubqwfdpocigoxl	
70	0	fhaifbrldn	reqgawpcpu	wscvhzqtvefprrcmhjlkxvfxpa	
63	0	dusifqbpdh	brzshqjodz	bqnpcheqlluxrhvowrviuzqltu	
98	1	mficyaieju	bsonnbjvrr	lyaqrujvzcwvhduezyaltaekow	
152	0	bxsdxfmset	dfdbeoycfm	vzlilctvitybeowpjohbtoboef	
0	1	kjmeqtndws	bmubkkokot	zvuninemuspnogsbyttskgnmgc	
40	1	preicfuphb	fjtbyeyjlt	lpquywrsageuziledagrxmifhq	
123	1	ywpxzbhlar	gqwwkjyevx	hwwqfmagefyjgqqqmogekqfxwu	
186	0	dlcyfmhzvk	luyagjvmew	clgbklxsfutcrwjwzvztmvoonc	
195	0	aqnukznkpo	wjqhjkvpxo	xzhheazgkyxkwmwqcaiyqjwqbe	
67	1	kabijlaffq	ghyasmbmjq	wpcrwhzzqtwezifeftsaovioxg	
31	1	kzkrljyxnz	wcxezfpvra	wfcnuuzknszrswybesjatmdyit	
43	1	aawuvnikto	cjwppiably	wdfsbsxisaxfmewdtsjgxujhmu	
42	0	kbogrjpknl	dbpjzzyljv	boufmwojxjyhvwsbhwhuzmifwq	
57	0	qrpslyvyph	clyndeuyri	wlbtiluxgrwizwkzdgkrgjyobu	
175	0	wrflyrpsnq	adpolayoxv	vxujdnoxvrqvoddcdcvrbcrpge	
56	0	aamsvesvhr	njkvkmknqu	zhpjglauvstsgynsplonirvmts	
139	0	lehtvrlwtm	uxtrgduflx	eymobykmacfbnlqaxscqrjxewx	
192	0	insasxrcyf	nucvrfjulc	igmslnkawtkoanvohwjhylqrqm	
84	1	hnamjqtbth	ncagucvhke	wmmngmelnpscecievrjylfcecx	
78	0	leyjmpmihc	yqyvyeqfto	gphjlhwzbizaavlnfthrmsmwvb	
86	0	hyvbvhttbu	xnmzrscypj	mjamqceffpvelykpnklknglimv	
178	0	prkmrmnvdc	szvzsbnaot	ykabobtacdfyxlruekkzafdkqq	
3	1	nledtjfbqh	fcmprftkqr	dxoqxqfudfnqgynrgayfrkfwju	
128	1	jkvdkcensl	ovpwrsrzkl	vioktcrfirtfrgzymubiuovnvp	
184	0	aayvadovao	flgedzzpuu	dcbebgmavroajayfhfrzxgykun	
115	0	hbcjqyttgb	vryrkhbjln	jlkqquzcodzvyoejgcgckvqqvm	
41	1	mzymgkbtxz	mutbabygrm	uxeepdaqgcxkqlnihszcuzfqyx	
9	0	nkczlusofc	jcgfxrbhaw	foksvkelyksavltqdfvrtolytm	
27	0	ikjrjrfplo	ejezenhwps	akxdhznusuurngstxeenrvpmyh	
34	1	dodrklmjyn	wupzrhjsqg	rqgxyiltryjlszsosjbabwsvye	
183	1	ezvhjuvdbn	ferrqxxlmp	hhycsmhbzilvfpxotankrzkxuo	
111	0	grnlzsjhvg	zpmmhoqert	jrzpzxrofkhbddzhzqrghbkxtn	
180	1	uzzrxxtmro	rhbtcmbbit	eugrhuzqneybtxmhbacveafpcg	
196	0	jzomplmcei	xmhhjwwxkv	zowxjeikuznwjxgrttaqaftiwe	
144	0	ahbcpqrxol	bpqlarnmuo	melwcftxhguuwrxxsitignrvlg	
38	0	xuztdspyao	tiabpfofex	xmsmpiefsdfosbeqvthipvvnoa	
102	0	gualytxhxf	ovkacvtxni	rmkrfidslghfnatdywgtzyifnn	
130	0	lxqxblomne	fwtdhgoilf	dhgaasupvwmnmijzhpnaedtcae	
108	1	frvajaagjh	rptsbutdae	xtajxhoyrtzncpukmuhdnjnvdz	
7	1	ykwvpdxump	xlurlehvid	opaxzbctartjmnnfsitpurkgqr	
117	1	gxvrmtpsxm	rkmqobrlrn	yqmqrlbohmmixoffetmgnazcxu	
188	0	kpfwhkacks	bjlbzcgzuc	kvldymgwlwxjekaqiurlsnlbgy	
147	0	xhznblyeay	atldjgmygo	fgoslepkxwwqtugjncpkxuugxf	
37	0	efkxqystlx	pfpuhtxxgi	oynzamuwslzrfchuznwxbtlauq	
199	1	bwplemleak	gjuslsankz	ucheqakrounjkxoirbgqzeanzn	
174	1	eytvpchjfa	bqdinlaegs	jlnceaulvailijwyujltuqecep	
127	0	hdpexrkwgv	trbauuuowv	sopgvohqvlwzmzfyycjwilkixq	
121	1	zccopdzrnw	fenpvmhqsa	wnnxlqxqokqfbzelmstjberajp	
28	1	owttqmjllr	lcyhzanpkz	yqjngzoasazzqlmpgmdmkgfxmn	
148	0	somtjclxys	rsqqdexphd	qqgqjaqnzujdygoohyfxvzqayc	
141	1	cbvzohdems	xyyeerbfup	lheyuuwcyknmhnlxjaiefuphku	
101	0	euszrqufqr	krfbodqwwh	vizlmmwstcolbgjmmxxsgklywz	
189	0	imsnczzeci	sqnrsgdkcx	wqrnlgdkybamyovmvyysojooyx	
116	1	nlqgpcmskk	lfqoacnuav	svkyoixmnibgqgtcwctrqobmlo	
45	0	cpftdpaags	mwbvldvgvt	zudueuvgsdtqiqdplsofzzyngb	
103	1	amyiwzdhzt	jadhqrlegg	kugtccogwhptiakhxxtoxrgwog	
166	1	scgwmzhyfr	iavjijcbof	xhzvebxutzqoajywwurvtfuqwo	
35	0	xksqrtvnrv	zuqrkqrtwz	ytvkoqrpwbiggmgreuwjlrwdyf	
91	1	qcanjhcndf	ulhvegwnro	wigrbcvsibrmmgeyxskxfdxgjf	
4	1	lnpyhdfhvt	exetzbbixv	mycarnenbohwitfpqknjvxqmuv	
161	1	xnvszbozsn	udpatnnrhn	drhjddatycvgtgsavflmmqjyfg	
90	0	adtotfqnks	hgkdrtoump	oorxqjuuorakajabwsszxxrrqn	
129	0	odonolledk	zsozaaehyx	kftphdcdxijcnwuvlzvmgkcfaf	
75	0	xxddfthznj	rlnwgnxmsb	hhekpbgyktlnmculjbjynxprus	
156	1	ptjhwksliq	fnoekmeano	mzrwsispapfadqaagvrfyrduoo	
99	0	fnqsvodyir	mumollbhdq	lohkwasvuduyhgxumqisqrcufq	
66	1	vbsqcnbjcl	wewkizabwo	uzfzyhkokkrxkxuqkgrrocakif	
132	1	fhzbthhdwk	atnxvkhqiy	vggjcqshyclpxxrikuwcdwaqaj	
126	1	gxnnuxsbxy	pvpkrajsoq	xhobnexnbpyafjyjubacdehosn	
118	0	oabkjeiaoi	mvecocrpaf	vksxirctwohfthdhqjzdxaiuky	
