EMPLOYEES.ename  CERTIFIED.eid  SCHEDULE.aid  
jubwaryxaufxmgafwgtbqfdwmcyefsfwtcihkyjwihmoqwhwkuzwgzwvenyjisqjallqgjhvrcllacxveqquwmfchkefjtcbudeavenvdwmmjqxumcpvbcsqvqvtjrxgdqmuymmizfyyhswjrfwomtbprwrvsutihkvxujrurmkgdrqxzkzipvujkspuirwmawrfjdmt	13632	42883	
bqhyylloqwyiqysqwqmcobdhbmdzjjujkskzrmtjxftexobffkrturckgzxwvcostxpugvtahlqpdvocozetkpwpstgrngjwkxzlvmghmblgzerndsfddphccbftkxixxsljqglfbcuzgbzptmnkwgricqgoycbfcbbskncivqnzbgdqvayhbozbanxracmxlldvyxvo	11277	5316	
iczxiownamaabzunkmvmkgkhlimgexqaodedqbeonrypikezyrtdhoskjtwuzgrlhkfiywcprvccmhsthlvkaxywruhpafquzbzitvsjskogmgognewxjpehhkpboeuxscpyglrocxbbdumuwjvnwseenedjvxowgrwxodcxnpeomeocmlzwscxxeggxfaiajdkllywt	15794	20412	
joxkmdizdjwkhtzcrxevvsnpwtzzbtfbzvikuolfcgegmkxqinhibdheghtvsrcedlaaxxixyazniftpdqjmmrhgjotvtfuhgqtqzxrlwpgcvtwgodwxtcriqnuwkskzbcgxgewzgwpujvynsqvhqbzpabrjuuyhjzstynthreduhdrnquxbkmibhgyndfelzrpizzeq	18706	12302	
afqrcllavpkruykwvkzzmoftprozfuawxblqhrsoihwpjzxctmjueknsfettkjjmudgqslrckltychwmpbvpfvomlltigbyesjevwqudibvvnylclaxfgazlmlqpdqkurytjknmflvuteuebmlbwjyugyoirvvpyfvdpqrcdfujmdxmecbidmhdezsvneyhwywpeiqtf	3931	26928	
ikxnxsqxtithvpukcmemunjhbmzyadxtgxnuqwvxrzejaqldifbdlctlcrqttooojcfduyxeorfjizkwljhcafmfvltzweditwphmsqtbvypijvfpiqfgtmfdlgygxmvzuvpiuqxawqxmcqndrzhpshmenyrueblxjqlaqtsazeydpcaaxcpaybkxazxjxgadirovulg	402	42099	
dnqtjfjevxsmlklrjhuxckskfhgrdnpkjqhwkneqsbfdlcchkzrapfuaggcfuqbxtunbvcczuctueolchxwhutsrnrviibwwzoytpcjorqhfdfyptrlvpapsciweanygrucdzhbxuetltbmylbrrdcfxxsynqexpbxjvbfcuyrajixfrtfdexqdouvfnwfvzwodmxmdg	15781	30793	
cckjbxabrfefjksxiuavzgnkvaziqxnreriejqcyjvozqmvdhnrrkdfcmqseokgxhjqewiexrnbchggisitykwpqdamakqumzpqclbhrnvvspiimebaefsgnxvlqphajgkfmdcdxrtavsivylsxfwfcircnukjgbrkxddsggldumnaifumshddxmtmmymrzjylirnhxg	1749	13580	
pqwvlwdwtewlldasbzycisezwoahqbdcfcnioevetxioaeeqgbuxiowyjmlteviayfriidonsblnbjcpuginwemvaophcbihjsgrbqlxljtepkvahncxokbmpnhbiudklijaevkrzdczkkcaigajovkotifqjagahqowbbkycicqonqxsundxiygjyqdgewtpnxuqtko	13163	11143	
iltgzorexiexzbisjxawogwlgjxqlufvdnhnyiokucmjigjyyofcfiotcolbaywfnovtrlrgazhipfoxmokhdzuoydarlrvnmjqhxjimikptzjyvpkfkrprbnbivwpjslphxddiuhcpfmobkcahftntagwkptchallabrjsyfuamgapekjneffntvhkdsmdfcgkgbaox	390	7843	
msreynejfngncwyicycxvcwowjlrkmemnbzhwufpiaspwejotcfbuaxvjiagbgdxquubkibbcoqwywakhxnjrhloykpopsznyzwyedxfwtjviszpyjepiwuimrtiwbpmiusuwbhkgfpuuqqkppgiknrqaxqagkvejizoesulvkqvofpxwvyaybcgzyfoqijluzfmzinr	14748	21985	
ggcmhaqcitixpwnxasleiiuunxsajbfindznwiqbjgmblxlkdeztqvomnsgjclcdyleiieshnkkrlzbhixpgmenuqcqhddmpteulihancqxtlmmrwuntdujfntaqqtijzpchltgwbxorexwombidbrvjnxjajckmabvzdgwgzxynjurmbtivqeglsipqwltdiywzbdtq	18873	46714	
dqpwhomlflsqweajbqqutkjysjbjabbkxwbbgywpxclfrozoaxhqztkvyvfsbmcijampvmqcuueeumisthmyispqxalyymqtevoamosxwyfcjfvzoxzfmhwwusmflhcrljzchsosmlftklxpwsusnaecayxfvtfzcsatjcjfeibkyjmdymgdjzgyhkepgcgeydtbqelt	19668	23550	
lcnacdxbsqsfxoicxrzxmphlfeilmyrrfdvqzfqcdtwhfwwhfqdcxkarunefzxkhyhyhryxlrjcwdzxdziwtzqqxjiugxqulmagigajuryvhsudvehadyxjyaafhiirgpxhsubtwawljgvcfntaqxsairqmnpzbxaeiockzznmsakwqmmjhkigxceofjnxtkrgmpolfg	5703	23239	
bsoaricxjbnfjvnzqbggeydrezmdokkfflyyftyxhqeyafqaozjebvqsmrjagphyjmwswttmmsfpivxknbtwjrobfzizkjvjjbtpldjhijihsqsatnrgnbhwsfyovmrrvyutjucxmxkjinhidtgoxjpgzbxbypaxvyxcdbckqyisroqwrhrbnuohklmydsaxkibquvjv	3326	44943	
dlhchrwistasiklmessnoccaytzvsigdkkotevwjwfuhrbymqeoqeqedxyzdtgmjdvpivxknynqnahdohotpojfadyeaeigqaeckcyicjofhucgmoiwlppjtydkvbfcanheelnrsynpeqgrchuynxyspbvnsxuxhygyrcgoxzevbiuniekqwskggiyeahxkzqifbhpjb	9735	25202	
vftfpkovchlvzhinimzrsoplmnzeafxkwaolzbtrvsxmbdsojvuuqiatlusdaddrxxuvowadmiazvgkjmobmzgsplmcyksvnfzjxxsggmnuotkgeexmhqkinsqbgqrsbhhvrzixfusxjuwatmpxyqzxrndnahygdqavonmealcbxgggksahtryxgxwipbkcotffrvrbf	16539	28320	
ricbqsfjoboqbwvzoavwbqqyccnkuhcrgzcvndkrpkoslcybmcswlnqwsbvmngnntmzppuemcivswczmwxatcdyjojzgwzlonluhqvgbgjjdjznvptlrcbqsafcmfwadagoqgvgagnqbdmgsieiihgrmlunckzbgnnvkrvnrhmooapzuesjnvuszsfkkymubnqlldwvg	18616	45546	
vfplvcyedzhkyinizbwanutryifazkzzqizccrmriqkiuicdttlbryocypzqxxncawwkysseijlkgwgwmdcpbuxdjthgolrxheujzoiqckncrkaalcsfdjyxwsswupusigmrdpvnssuwjsjmrehqqixrxwojemqycmtsoyvymdqvdkswppzuuafarxlfovlyostwatma	1227	42920	
kcageekkhwryzveyvkbwnrlrcgqfkmmdqamupzrjllbejtkldsxvtzosofbrbowtgahmlfoiyibojrlzpamurixkyrrhpagjzhodrvyrwljwszkvfyhzkyqnppwmscamlfvqrjuyxrmikckuccbzdiebdovabtzvxlckcdinbavgpshnegwhpvrfmtnhwlnazwmlenka	4640	37483	
rbdwuifmqmygfxpqdmwjfnrykuyyuimgdgyweppofqklzreoojscvsgcasywfqnsrgcdgpydqvjuuzzbwuiszflypccfvxpuozaohdqoagsgpnlnxyjkvdaujhrbpjmyctdusdbbzpqkrjilalupguxcjqtoakttmylbrmqecqtjqlipjyxgxssckygrtcfncvocbegm	19722	30592	
apdhgwomtfvrajodfqjiybcvhgxkjtjghcsiesiaczdlqgkvjarpdkxwuebgodcrliwfjlgwafjscqzsfwdinfmqvpaypjazzytqujpfzgxnbaclatxwxylrfjsxwfymazjvmcvkvrheuaqxwlgzxncaxpnbmopkvwwraqpjqfoejdqwmtdjdyivbhesrvtfbikvojky	8545	23492	
kvuijmpsuzruqxypmbysfutynnofgvwdfeupzghazevdzjvqkreohqfpawvaxlwxxtxobunbwrdrltpjqhxcgntqbaduafgwfguhvyowfacuropbsjuammwgbvjnaqladcpovuimqjqfdlvvuskuprzojtgtpqusqvkfrtciycfjqlwsdbszwybfqnwdiqnryaedjwby	16093	32879	
ttgojzazmdmnijjoglqlnkwitpvmohepuxzjvrodshadnelpdeejkouuzxfvmqmdsuehaoabqwbylmmwkrfgsxjaeyzvwdpygwtlamiqbavnmeejycjkjhhdfralasgnzhydipcscwkgoldpffklfqipfmwygeexaffvohqxtwktjuctgarhgcpvffkhccapckplzdxe	11731	2778	
rgnezoxiryomjdzgajuetnrvldqsuwhukvqmhlvsjrshiorhxuvunpkhbskcncszeyyjxnzqdfxppqvpacgvohdjiakhwilyvhdfizqzspiunoxxacnkwgsalxhcxzhcdwrugidljjpnwevtjqburdtjpeqbkygfrgzfqhgfakmenqltqoshtzhnxpggbqmhuxleictk	9548	34398	
xsscktoqqiwknwluexlxnndtpokevynfxqqlbtaatcolpucoymexdnuddbweanjpdlqssmvsjbfmburvqfqvysizrghjbuzggnapoheaeddpoyhwofcuammhvniruveyaupxmugpytxakuzgewuymlduaihovbbvxxdicynhnxxmyswhiiuqknedclgyvtmcbbibluct	10483	15759	
razqbvgamxqqfquhuelnhxvqnmxkrpggjjhifwprwslmqzbdunikafufqtthxbjolylorosllywfyfdbeshbsdmlhjjzwlozbhznsgpknkjvgoyrgvvjzlkfebqpsvszhdztlckddxrwyesjgzjfslbkxzopmpyulwgxlegvymsumshhmplaqvvhkcvpqcxwnvgoprmw	14026	37785	
kwlmmewvgqwejzrdegwttycxsnhuwzfvxwlmozuemfzsxdxslatptqoimuqkrnaxhougksuffawedcscchprnwlmwfbtjfjywgtcqanstehijebnejxrrpjdxutrwflsswzvikfpwsxuulsnoelokxqyuscirlmsjarivtjidwwswiiqavmvagguyuuiyyrzbqwtnizz	579	22765	
mnydtpbkoyuipqqhhwyjirtlocweupaaqzxppjpvaxmzfxxufffkfxjsfgyrgirhclwpiiwafudasdneshertceelfktoqbbsvjdebksezfbtrgqtwijuzeenjvgthktpecoevseyyyowyudtqqqlkgpszjefibqdheiwvoijeudqcdllhvyfqxqnpgujlpcpcrleutq	1224	13259	
ottyuoxumjmmseunukzvdckijrssgapqhzusqsqrtwbpjmgsdntukeyqyacqwyrurtadqielhptjyorvufjubqmkdgkqmvytwkhwlrehfnulmvpasoxipxmwcveziqtsoixuabcucqyrbqrqtzmodbasmrgnwytpujbmkedhuhruyfazndsbpfzwduczivfispnetfaa	911	22471	
wprzvpjimsvjhmswlutvmcnkbvwwdwxeznesnwkxwvoscesuavbprdjkcgadduhbvkogusmegiyrtqeimugfwnzypbtzdeinjfreazrkugsohmbiiurgwvvhmbcomumviwkooztnlhmymwhyxslqbyqczxdouhwwsmoonmwezawbwrzuqarrxomkpebfxlgvrqoohagj	13244	8367	
hsciovwxbpjlcqlyahuqrmptrpigrycdjpcxnbbhxahnlbqmgjgjgcyzjsyobkfpzktfazkdyugzbfyjyjwmwzaefyvaphcfvrihcloggaetqxogauyppxqvvpiqrndrhtyyghkjgippwdnpigswymntplkcykibmfxmkfopspnvxnblcqpfdnysshdmjhlctdrtudzt	7232	40174	
jwgbmgvqshxbactsewzezdcipoqvrxvnorkqbcwbinzhcrugizqdqqsazyghnnhhfwknpdbgfduhxxkvnajglpfpywgmaubkdgcjvnitlqvysyujyskzohrmuedchrtfehwvzneaupadaxveligxbgpenjgeuiwiuqnckxrespijuejxkkirbqbztdxroomprowyxhrr	15834	15247	
txzmmhvbrzmyrzqpetiyjngfstdahgsjphacxhrdcriahrhcpejhxhbljqgerqguketcpbozyxltmvlhvsjhllhxieqicvfdioolfxshppkxwdmbsoboafkfjdwirlfubnmujflhdzglqfulkcdnfffgasjnnlwjbamfsrqggutkwnbhnfgxplhcvipifenjliaykpgi	1876	30849	
owymmblutmbbwvcgkpvmffihjkiyiasodklpcvlthtsliawysedoppldawbiqkjwdcajmbnnpqdujdpfsxzkzxepckunwnqubpgdnbsjdvfpzbffjqsfaofxcfvackzarolitcimpmjxednqcqzeiwuecbtgesajkdevymduhflxtzjqopyurqsqavzyaeybremmigps	12875	19957	
tqizvpidtbvzpzjouyzfkalqkvnkdaysarhsffyehlpitcxcybkfhitzbycawzavftxbehullvaohjnwwiyvlxxbzkhgsteefzsksbijuvmdygkfbqlzxxulnruadvpkgbmmadunjqqhmbkaeyjplcxtmbjdtbcnhwnqbttcakhtyaohzdmbtkbpbdfbgmvpwokmsfho	17640	37966	
ovomiotcvgvwowspyqbxvjmhkosmzomwdcovdysprfnuejbdxmtshbyqgmlvgrxwnlpcthvzypsnqmxpbzqmdyumtnvkzvjbfmfhlgblhcdaszlkpvlfhfsxgbsknajrzpzmhemvywmzldjorcheyeipeaquaktivkbrpqwetzydvgqbxjnxjeazxsdycljnyflmgfln	15060	36990	
ywfyiwrizfnyrqsbuoeqadqdfgsnzhrdukbhbcgjowhutnwvpbgbfpylgnczodqvwymhxavkesajsnfchqphrjveqwmlryjajocckcxnndajivsatzcdkrrwijghszprwqgfremlqgntwdemsarznyelvlimienlzrpspaxpfvkpaqnlfakdwdbwqirmpvbkjrtjqfbg	4725	49814	
kdyycvjmhpvrhmthhqzamqukazwkozwrddzjvdrpbxxpwvnsylzcangdlktgqlmxeaanezdciwzaxfcibyfjgbqwhycfcbrpgoztjmulngcpfpuubpntwvmgvdzvqbfafzpumtynrdneaspghnfctawphtrquhlnixmokifsyrztexkzuideklnoakptsdsakjceyglx	867	15508	
sifthaxcnnrjsoguqrnzzblstfkvniosqgsvekiuaxvleoypnvzgfvaqqkowyiiqapbatreyfzgtqjozhvbngfhofnecezckcanhvbuigownkbwmmjthlxhtwcfkqthynqthskgrlctmcoqwbmmolhredupfasuwpnnsnrfontbqgijbimiktpiziivvgeaeqbgqplxd	18853	24521	
uofttcdmgqxmfmoyyhvbthyolblsxzwjcmherihpsakmbvwlzkjytiqwgzqqdrhbvbawemmedlfriidleqpxxqayvnxehxhjotgvuquviqeyoleassruhwdwpyqoumxbpndngyudawbhalszcttkvgtypfftnweprolxiglzmnisashzeinrquvjhzlbxfvzqrpbmqsn	11560	39859	
wgimqxxtajrujfgxltuwikflmtovfpmclitsrklvyasljasstukacwvquqdbpvumvqtvhyjzqeusyfnteshjhdizsrwhbmwzettkofapgcqhoeanijqnhhbnhxaypooflyabudgyaapcmdrttsfgncaimddwoxsrpshriccdgqjpcyayuczxfhotlzsrrywrsbjrttii	17749	16624	
vluprejchdzwcvhgkcuzwukwwzzvhlarncfxnwtbyssavouhedppihuyawnyxkxbjnkfdsezwxkadstwussedmgcnejaviwpkxbosnthfxqcxrozxnpvlnaizwokgrlpeglvnjeqrxagcasphwvbxsbmwfujbpofifswnqhgqdcvpnvxitzrtfqzkobxdbfdckhxzaye	14778	12323	
fljtbexvkdiporwmilwcnrlqlxozbzlgsndhyyrypwiejyikzpbjrotbtwjpsrqvybofwsdhauxkkdyjmnyfqqqkkgskuegpeldlqlfaztqpnfxpovndufeizlxlvvtkhqfudqbvgyjqaqzugwcajhxroqlztcaebfynabrtndiqlwgktebpzpkaskxtdryrdjmdmuqo	16564	29663	
ytratsllslbxgtibxomqcwlkqnnrxycoyfxjqmvimrpztiupnihdbyziwqlwobpngvwvpesuncovslfaorgcndfajpdpqgupggenmlnzhlergiihlbjgzmohfchidsbxjwjdaosxtsolprkattunxfsopgrepbvsqsfzdnokwwshzskhiglrjnhoclxamitshcqjbhej	15074	2218	
rmlgwsmhjxmxrvmrooaglqokdjgehldnzqvggfvhhwvzfnrszokenycqptltjaktprycnowrrbzasnnweunaqcplrbeeghcozdlazljfhzccbeifdsoleplnsqsjxzfljwhwymlkzzgfvejktuejztjocoeffvowciotwqelnlijujygkaeizwfwlinnfwrvoavutcok	10466	3186	
jyzhfvmhgzthxcilfuuqzngsnzzilvxhghlqwswjerwqpnqlsbjmuoxekzezwtkqnuesengbabspluqpjczpugokjwajkuwimlgsiswmnilayfigmqdzwcraskvihxkxtclokokjwumtcbhjmglrelsvwwpxwqgyeswsybgyqcijfdoyherdpuluhqvulmtcfhkerkia	7382	18116	
buunjlrkphyifsuvybdfvoazzpxxvnlckubsyxifhxqstwlhqozmnrrwubxtarsqfremgoellqofailpjeozwknyqhltcffvgttsvqawksdqbdnzihlxohrbbhzsxsxrethiqzbaflvuifannctvrydzeclwalvuynvrwibrcxnupbcvqaqecksinzqufypgyfkdxbam	7616	13072	
aqhvgqbpoqftxtiqvvqidctfcnwbmjiixtznhkswzocteqtddctnujigefjctostksjdlarnhfcnldjvsrnihdxevdlqysihfpcdbhjzwzyteltixkcrqatnjbufjtujnugjoqmtdjpzdhfzalsvjrhvvhuzwzhixvfqcezzrtddqpidpnfawlvstqeolpgjovkohltm	1768	40153	
svyieknkogfqvphwsgmldmjicvacsrsfexsgrcdilszaakbqxhemonnveiivedrfvkuvnrfqxdpgaikesubkwykttyriizmcfpcykuktbocyjuyczemtthchoxmbkuqgrbxlgbevmrepeuiztczipknlssufkadfyduulqehqigecuxomneclxmzysnjdnrzyxpqfykm	14096	32494	
vdbyozdsjtfedwirfltoaofomlneyouiktzakellabfunfflfaytyxaymioqjozwvifzxqxhhawdjwzcqsnharogeuwzjloaddaowhzmiaitmhxdxrwczsgwzntyamawglkpnvwnqmjvfqwlcjlwxujjcsdgtelcqqivuwoiyepqgbwecrvgehcgviffilkbdgqwmypo	3043	13044	
lsspwlwwhvbsssujzsxohqgbehekmjthvdyexulswisomedwrckcvtrkjbnbosrgbidhxeqkknnolznsvilozphlddicsnhbdhxtwfuwevmfouuzkhkwdsxmopgoojqwghphgebxtvqxqkcroiozhapsjqlumxddnveswftrewarydrvuxopszbbdnehpshpkoahkyds	16410	17313	
dqnzoalxocescparzejlgguigrqfslimlikzokmwlkmnwlsmnmkzlfdeoekvudelukavhnkplbzlababjhseiaidksxzoqdcfagchwwmxxtncrgjjvwgwkxnhdbuvljjsothhstdjgujcqzavmrtkiqcjvarlbtqlwvlqqhudfauwqiimmncwebpmuoulbtfnitlirgo	15463	6858	
hobxoprdolcpogmiupnvyxywrsoedreuwaysazjaqswdymzwuxzlwbuoehvhdzlgydshaufoxodlcfensaxxmgacpwlyoyzbqgvujqqcsopdisasltvwurrxpyhyqwechcgsekgsoayelryqluvpxuunqajfdwnihwbglcndhtwozlmhuswxnirbsjwljgbzbhggcygj	19207	3079	
kxhcktocstszbwlsrhfiaobhntvzegxyaheezvlyfqydhhxzbczkhoovrsqblwinipuabjdqciwaedkxunlsegreaoztkqnqzjwamsdwwrgcabibqgigcwmekjafsxdrofrwfnwfapvflmjsagwwbrohcqndlzhiimllugwylkbppnjledbmsjjsumqirshbyaydmhfv	8107	30050	
agvlcnnzvgjxkjwtwlkmnztcmszbsflumqlcbkxirizddejqxzpjdihicjpoesgxrbjtqoltcjbbceprqdefbtjjalkrcycrzcmkwepjhjonhbenvcdsfcfiolcykffgvjartgcpezilzlxyezzqzwsotsbxuxajizzwpmyxrqlrncfxmmxbjakiuwyaeupactyrjwza	2610	3595	
afdfhwqbsxqlmchtgxdltarqzumzgdjquymkhkymnyokhcxlwwtjqzjxagfzdubzilitumxzewhyskxjgypvmlmdmtgvunzcwhhlocthfpdcjdkbfjoizfzcavwqxxnhaismvnhqpqusfdpcarejsczhmwjmmrcnepapascxtgzjfjutuoijxilwyatduepwyevfnuxv	9805	31365	
eoebflrbuylwevukeqpoyqpdyyhwmuohhyqicvbjymmityfihihoaptxmrhgxurbvkzvcbqjzqjwgxulzeowaxknergywhmaqgfojlecbmuparwgwwrptwfkuomxtgjpcyprkvfuyrdeqelombfrbceribvchahwjjtyhnzkboadkqlarjrgxsyvkhedzbzqxizhbxqe	14502	17199	
zsmdqokqjffvotjpmtzuyundxumewgancvlxzjvsqbmjnhkrdjwhztfsaqgkexqwcixrcxfuphhmijvmihyvcsggdjvsxrjwyuonwjkezgtaeqmzyupmdkfkwbpsjxoaxesefuhrbdohlbsbfoauuxfjspxvyzaycbgtpmdankjpsisqamhzfqkcwfufaiusqswglovm	5788	16948	
riifbmvnhiykafetvcslzameatjufaybetvgtptnkktqcmjjibhfvludkbrdtvrfkgwdgomcfjkzytsjdkouvbsoragouxwjacilqpakruxikicjrxeuvuslrdsgtmpwwqwbtimjrnxasffojjsqjqmkdfzhtzvvjiuajrylginuinspbldkaevbkonmcsvgcdrfsasm	17581	49768	
qyaxmwdjugvjkvxpzbjbfqbjvekzumxarsnzgpxxeshohusygiyzhbdbyupuaqekyeuakabrcoxpiwhekzpqenljeixnrfpfdvubiglfmqbpygtehejvhsabxsrgnzrarptwfgnkjugskajidnnfubwjglojxrssviylkfnhdhdfltdeiagykydaiycrgamxjkhyhexa	10761	31056	
llqknndlyakxkhcqkkfyeumfloggibdqcldckpsmgpvknuaxjnmsqhhkmoicajeklwnrpcducklapwbfnhvulticemrwxafuxajnjjjrnzqnwfkzmsmtuhwnmomqqrresqarhnzqotuprirzdavbthgjsvpmkksgznvpvperteamtvetxqsskzpzxgjgfxxbsnmcynet	6061	22947	
bjxzfbgpzejngznzhhkhldrvyiiteaoltevcsxivfincfcpporrybxweznjapiyxxawhtxrzwoalpkfdvahstvnghrkypztossdbwuolljkenjhbnprbvarlkytfmrcvsbmtrapznkdvnriqbuzdochmofuycyoonynapqodhmlfsgdddqndebpcbnzhzngjwcebqveh	10211	45124	
uywyfhwtqqsejbwflssnymkzbkugdrdyqmtnxzjxoshzcdapoapynzxizxjsflvaeswosfekviijgygzgwzwlhfpptwxrhzkezapanvfwaylowikbbdsgcfrzhdxcxzdipwrxokztjmywxmxsdemjworzuavusbyznucoetbjdjaqqxzwplhijmdsvsfbeelcgngwouy	12565	6266	
jeyikzbinmuvkphedywxefdqakfapcuvkayirddvwoztielhybgjvimbubbvwtqtklxfdtorwgysxrpzvcycuenmfhcxmhpslamkfyzwvtchdxgagndwgqopveiyayhpjrvtskdbripodphxzlnbebjvalbbcztrjkutsnuumhzdgvrvalspvbucuozrhzzfdbjfmtfu	1631	9290	
mnnntbjyuchoiytfmbcpdmpieboxbjiryrvkbmqgstocaxanrzhxdonqkfotopfptofvvzijpdfqofmnwsmyeetkxbpvtjxhmsbowfwicwcdwiotoonffhvpcfrnnnslwvhwoskictkkfnmxpnkiktfgnvwqlhgowrirexeguawzmpmpwerdbbqyvwagzmehvbhbencs	16034	16636	
pijaomqeqzyksogovydipeznpwcrlhgvinftsyvyddtwxmwyfiegcwwsczzizybpqacoaytvhqxzgxdyzbkkeuvdbgtgywpqjyqmstfhnjiyfrpurlizeknutstzymmohlgbtobwvsceehsqvtrrdxeeecugdxblouxtesttroouzrjefbtzapsbqyydcyqgozaocydg	9377	5905	
mlspowumqxojtznckijkhjghsrajiqtsjycwujomipsttbpddlfhswxcalvyuwtgqgdazkomnqcjvszrhjulgmwybvifhnnwjdqhmtvuioyfgfhhcgmxesryhndlmvenywxqjprgdknakrlvkrpmsfknqxlljbpdhzqtxjryzvzmjweyvvfdtekjnisnbpgcfqjegkry	11260	37469	
njxvekerdvouwerqljiijdrzxiuvzgqchuabbmssauallqsmwqjvnpxzpgpqllsswcoufkkapxaqevydrkovmpdamfdxsugvsnacutqncsfdswpnazwkvlshrpaingcdnnqlhkgxvtmwzojmrzwkqyrgwexihhzmjwpzpaqvfygjyxrxwgzyywlhdaaokixwtmuuiymu	4691	29250	
grxhgknqyubztxkgcgikwzlegwpdzjjkipvbkcpdpnmsmhcdeskpqpajyfzwnvqdywknmtflgbqarmciqdyyakthrtrtiuuzggrfdsmjhcbzhqkkqtifnmqdvyasyjvabkgtwvnotpbfqadweojnkdvbvlsryxvtntdxkomhmkoenzofcrcxfygwjtgwtomgyxipoaez	8123	184	
aszdjtzvjgmtswplkdohbiqmxfwviuwgeriwyfnjabuhrcosaltvejnjqljlywabzyecipxcjwknlccgmgtikjzjfyzpcvffvynvrprvohwvdrzatpqkycbjkxxyfeaprjeehhddcogvzgjhvshbchsnqhhkbdhlrvdlrhffengolwrcieznxsmotefoniiqztgxxojc	3306	35593	
sbmzhhcukqgbybzoxbozpsqvwmejxdbwibshzhqtssmdgrpxupilaawmvotuzcurjkpdtxopzxllzwtdnfpaggetmwyjmfvezpotugnwlswwgtzanqmfubbwvzjyzmidcrblwoemnbtlnqjtvqfhyliywstfxojcepvwtxiyobnxubgdbyyzucptlkwvspoymqgmajgd	15751	21690	
zirltnteiiifgqgflfoneapknuwhusatqmfzcfymtqkblhhpbvdqvtohqmrzhrpmniftdftajguedirgradzvxknkotbiyhuzstwmlklthwkabuvvldxswhlqchdwxtwmstkljnikaoifyarfwtcoecjkbpqocjwdcuccfdlrhskukaiarechgxhlerqecpkiniicisq	10601	29145	
rwomyfdfazsmhncclwcpzwjspvmzzisljhtkiodnshhpiohajzalhppbzpfksnbkiqyizfikdumfuaxpsjmiiydjsbqgyefpspstjunlbfyinuxuykwhyvbztfaxzenacslxtqaejgnucjbtksgfnbuodbjdcxmqnthwxfdarzzligtsslovudtsdvdhhikkuqnwoirq	9341	27934	
ytnzsdidpuycqvdbgtbtovflimettmkmwllebmshjusqmibkwrbpzilbgrlzbgzrhvrpirwllvtcltskqerlylturyabvvwmzlzzqyaxfybjvotjyrytctpqhjflnltrjdjhgfaabkncmkbrpgsqnqxuxeasjfwjbmfaurkkpfrcianqqjvezmumvicgxazywkltvpho	19548	49596	
xfsybflzyoxlnfzgzhhuqbggffblzvlbooctazqzfjpdpyhynesbjjqtvxqsfqnsfmfvilfyvkoyzqqewclqpwxkmzussiylbpzrtegerugzwuupwjcchqzlwdiinqqugbikgtaxplafsjjohdxpivcyzdqqafjfkutngmseolenxxuidtdaqfzscftximeasjbfocty	12239	47514	
brhdxsyocaeirwoctevjcygvtbrfpgwqhnqbmfeogqakbncqpbadlahrqcuuwhcfzuccchseinvjdhcdrlknswdfivedrhdqkeczrtcxhzsufvycwdlwbbbkfiormfklwiafcidzwzsdqygrblzepwfykgnuwyrdkmntagrqijrzkiprulsmcbdpnwlcnssofmoexxcs	16552	7119	
bruafemrtyfdgrfqkyhodyeleilixftbzgwawldveflxmaxsiyexttlygzjseyqywaqjgunbgxwvqnyrxhlbjpfnyqzjkfnslbliwbccysnnpcerqutshbkludxhetptezvlrhfimqpdwbikwbzywahoeasjffndzilxasqfmzqzxfpcpraatxcxnjxqzoesaknrcfzw	8005	17003	
aukvqillrxbyqefdzoagnuhtcnwpurjterzehoabkfqaciabmgxibgfpszliiccsojmjeeescifubwgvbrwdclawfcxyuhvvyqqczpvqesonlrjgzslnimcwpiehbrbtdnvzklpjgwnzgdswdpwqjnfhaqjnsywfgiaosdusolvyeyqcxpisxqbqjzcwrmxkklmvbeaw	10083	3155	
kfypfstkjsykklrugeoczmcgdncykplnnzedzgagmjittkwreljqqjjeglethyzksqamgmixjyhlgtabsfwiiyvewimfwwjerslkvycuwljabqjvwlacygxftybitbxaewjjhqfbpkyahagxykrwnxbvifxehesifiipciwbmpzekhxxdojqsrvceaqjpmnfbccqpete	18303	15710	
hsdlsuglvbutwdbayliypjrgqlgpiqokamcjejxlcooxywcmxmzulekeyhmabvptijseucxgqwxsedxuubltzswhjhtmbezzggksbtkhhcfvjsppbhqrizgyzhtrkqfgecdtxibrprnibhvottnitoildaxvtbxrklmresrezphdfqbaaxyyobjrhipuzomskrcqucos	16425	5488	
ofjoaoimboilhpwzdtifwmicedfvctwafkunlkneykkhhnagfixeyaeygcrcafvtytqqewsjaapesqqlakwdtxbgohgzdslavwbzzbtmdkoxkkocsgvwswxvowkkyuyxwmlpuhiaseivsvnrtyjcjuuktypvaooejnlcjqeahvoohiqrrgyvzbnogjrsjhrqobbyxslq	10132	43274	
kwpbumltsjegfqpuxwzjtmrydhvnpgmbjxzkvjgxqlrtdxijfejjhnedjjlmicmjoxlsndvloocyknelnflbgywvkxberrmjbnfmovvnepjgkunbuxoclcyclemvarghocwplxizzuxtypyfoeucngdgguchidndvxultowfylitvzgtxeceychwybuqibylwzipihav	1788	48136	
ownlsbgfimqpihcyhdigbspmbudgpludltoailjbbnzetcygyunqvgwbkeoecnpciuxgrosthdpvywohgwvwicszkxcgffslqzhjyvxhpbugzhfrswsuwfusqqllohcuopckwgfoeqixiufzjpixiewlbnnlktopqgjtjgjteflpqaxyygsmmhtlrngunshzmlftriry	3862	17386	
gpkphglfcmglquqkegoauznmpuuobccltujihreapwkngwxpezkgmshrqzokoyfdomhpnlkixykqwwttwnqjclwzwbxzyqmekhxktjjgsqrffbhjldfxpazyseahkcgojwgmqcechubcdubvafzutsxobuwsetmqhrkscdyhtsmxvzjtdjkcrgadtezmfiiynqokywlo	13508	45499	
zktlddqnrrwzvohwvijsvzbgwfeuyyszsfoawqbnwieneguuiyvqgmcuttrnklpvhedbcnkdfawtlfrnpbhcwkrlocwrmuodhpogrettvxjnpsnsxsiskijmpxsofxjiyxxbbcbqodvtmbfhwdemqgemgcfzxirdndpivfbcljudcgfjiucquepimxrpjorfcdlfhsjy	2630	30211	
navnvlpbvdwsdiizmeagedaqqfcijlxlflqvfrnbklopbumkaamvoopvghnvqwmbfmxduqjniwovytqbqseecjslopyutbtpuonsgixianxjlnalqkjnqctnxnzbmkdjboimxfeugtqlmxzzqtqyazcistzyzcmwtoxbpqpmnkckjbrekostaljncnjjdoriizsgujuj	15990	48103	
fcfjiuikfqokulgvayrrrbijxzicwnmeplkqsuqzoobbmsefdjiujsnozyttvkzhtrjltugutoxelbskfyzuacnnmfjbldishmxajvgzcyeltnadhrhraftqvsanwfsmbahsbiuuohltjoziiuzyicxqjqtbwlzqodhtfkzrhjshlzvpkhalwrnyfnslbumknxsxukwy	3362	10260	
ggmfpyauakxymsjncayhfhnnyvzgcsexofrcahanvccjjculwjhcjawsckmaetxmbpqzylinoygaxewcglgilotclwrqewwtharobnqvywwmfltmnonlbmaublbgfrdseqhyodukvudljbwhjojkoahssdowerefvgcxtbpslsorvkiowrhgjxxigapozuqfbkshiamb	7844	17461	
rcqdxywsbukpxdvswemliupvkzvglmtlgdptnnydzfrzjclongvenxraqcjrmcviompzbynhnomookuukpqpkwdxeivpklpynfgbooqnousewbamwpqslktgohjolhuukyknnusahbeiqfpxhsinjnrfehpplzgvxpvzerxxawqgfvxtujmydglfllwddwxmwbohwrcq	4319	37489	
mzsbrtppfvdsvpveufdzpandipbmqiqnuymwriupgryxcoaqmmzzgeljowfckjitxndxztkrkofdwyjskgnrctmadhtyoofltibmavpcfnemmpxgihlwhmyzpscpgjcpadiornictrajxacbibxxfuedeontysqqvhjuizsjcezooijngfhauendvtgnuyozgvggulzo	3645	11910	
ipdbetphcvpxfbokriyedjhgoowmiowxkcourlibgxnyoptedyctkokivxgrcqwkfeqhwxjlrdfbmzztyonuugehkdpguitaeyivpbldkkbousmmyxxlfdpktcuqdgpqdewnwgtmibytxejvmcaojdljzzjfgtdhwdcbtynzfxudksllooaelqmtvahlzvbfyrututgi	2693	19113	
qdqctksbyiakozyixiasqpcvougsluhsgdbliswqrkoweqvthnpavlkfdvhijjthnxvzgffwlpgvlcovqikazrvkinuofcnyjcgnlsypkvynfyxxbwikqsbudagyqowamhwjdcdlqxdupxyfiawdlmicmfvqepgjicenrcxlqpkacsbhayxwxarqgaoecgziznekppno	18068	11425	
hasvqketnxjchfkbkyzkhczpbmwmwkugricmfjaujzccjrrmwamzhwykiarsdshjwqsaqdvmmbqwrliwwhkfahepwifkuqlwhiezurlwirfxxkozfucewbxzrsbvshdtexahpwhrovajvabyvbhacpcmxohrenunbduphgezkehvkbgeeyxtopujdypspgqeowtnmxaa	12142	22383	
jvvxxqijtdxsqmyobfnqcguhgxxkycoopmlvtyywnvlqimozgeexwdvdcatsapamnklwgajrmfkawoehedlsdvjffsmwllcxeyeivapcchkelgccjlyrcbecobwowfxadapkwnareevtppbqowdbdrdphxzkikllngusleowiclmnxifdivupqgakpiertpkfmbeauwv	9508	20480	
llhwwrjtuxczqtdxhktjqajezszyzosorayruwllcmkbqokbhhiuvcjmvewuuuvpkyeguahogdksxmwywwatcnbuushyfnnqgbnfnqxmfvpjsdjdghqnhemwnwipnqiddtqjitlphjnenwgbuutufxkztepnmiyanmshnurykbwxgfwggxdttztgypbxakvhnouprsou	7734	5888	
fttggeheghazkwsmqcvpkbqzwcwhbrpiwtsnjrechibuuvtynbflzcdbqjwmfucnpghpbqcxlmkijcaylekfrtqsqqguwhebswactfygfqllpeqpmcgpgcenzsstcdinapvkdxiuuuqlunipwyxxkkamhasrpujecyemguxlxlotwutmyjqicnnpbzvpmnvtiaksqiir	14911	358	
awqznqarigabosrnrcywtnrvunvgrdfnwzwkcbfmjbbfqilzrduydwblqdedvxllnuqlwavgbdtlxnkejnrgjvotffhdipejclxacoiokloylktwcvpyrefayohwguudhmqbbgridkjliqmajlxcjllsaxgygjtwrfdbtmnenfjqccjxnvhffxgguqeekrqaacogkrvz	15331	17062	
vimdbkkkqlchcekjckukzxmfzqxeswcginjydjvpgpagnfltwwmzarzvjezcqnmwpcnslawojtlmqdpdqaqmckbjfbpsdlaebxhrndmyireqvuoiuzcnzwgzhgqjdbdflxaaxtqrjkfgujnhhzluonvxwxkclgcafmqezfpneaztihbwpyfvwfhjtoiubqjnrzgqibdr	5110	35510	
dqxvqwlarxshfkcaajmijuskjwmktzvyhhlrtxvghijzzxgnugzkvzbmhsapytbgvzopswzankyofxtwljjxpxgewmxxuowcstafzpgmuuxljerevbwpamdnzjzmhdclpbdubvwswmorfwkjjvwmmxciaoqvkelyrwvpsqoyqpngyxbjujrefxstikoqzuorqvmywzjk	16771	28831	
vgijrbogdhqwqnextdbuqwynrpsotzmcfqpxemvxaviafejhrkchulsgsglvwfxdyzcjtpvbgxvipbsmbocpcppfcpjetlfdiwlftcqnvmmrldqdjuonwgmlumjlhnexwnteoxlxcvyicivzwvmhiclfpqwojvdphlebosxryafuiiydthcjqtylvgrahfightjjrcub	6143	19954	
agfhnxbypcnojxypqwvvzdytbmbchpxbfkcafmizaldzsxtghiccmewvofyjrafeudvclhzesdlfsxwhzcqigqhiuoijoldzeofneaocednysxsgavzeqvwsluptqkbfdboqruazlpnacygxwwzodradopcmfiabuleflpjoumvmcshmgckqshdekpcqakglasdseyhk	13598	3790	
lpppphbpcfkcthxmmbarfwkyanclhykhevjpfkqblgjgdxbljysvjjzqzchsyfrhobqypzuzqmdwwxynbcieuneezpdwvefvbmmomxmgnqdjatovjbfgangmaygogtxaebyytyorzmgvptuhtgkgqdaishlnnggjorichboiykfcifsoacjzehjcpnvfvprnlsscnzhb	1729	28260	
waklzzbpkzpvmxbmapuqjbqcjzhsmxnzrskumhrzimhuhysysapogtdllandrluxtigogiozvbkfncgcrelnylilahfeehzbjosyhbpyqbshwuqvgohtaagtoyzjkjvzzstjfojcsenflbwcnmpjqlblyvoterrgnufctyrjvqzaivjbeqezfvgvgguuphgiuufiactj	11249	23837	
ypdzexqvyowlxmgtqqjzebkqdqqyxdafowwiimvmadoklahonlbighjwhojvyuysgubjgrqorkdnfglayfgikmfofwazfjobfbomatatsbjfxdxcnghksdbklpzulezvmsmcxhqebfncliqotwboyzolrzkuohjnatotejiereohnyotqpiiyqwbhouqsjwjovkbdamt	12532	20650	
wmntqgdvjnhufuqfkzsryclxproolzznfvklmbkdephcxpsllqnqhpjdasvtopqfathyzjoveofxchearggnseqrwninmpujiauopliytutpmqszvdovdwuvnryqehgzxnqdqdkmocwikuebquhzwjkhmzzsehoemsglpsfsqsshybuyiapbwwrivppqmcgkkvviwsci	11554	9718	
emnwjfxqjwxgiywryioojnvkerezkbovculaemftwyurspwkdhuxfdohprqltlywepszpqtbuwlkzfxtcooitzgkgqaamhacszutwmolrkuhffrhvzkyrcxomfhnasibzansliauvafgribwhkoptvnrhiuyrkrphtafinrxhcpdtycrnbhvzymmctwnjbluzbeuneax	8074	30574	
pcbcmhkrxfmazuzeaywrwubsflcjkneoxgwruwzgzilwjufknnotwyblrmguaupwhmlbwpyqouidtwpqbjeywffavocjnadspdtegdgkwrqqierexknksjlxvtvxbkkoeycjhvljelhxibcsmslwkbuqsksuhexylvehjdjxgbfwezuczlbprzwhlejzqegkxwkdhhys	6342	33138	
bqltbzoscuvtdowhosgqrlrrzsnadiomdcbnwqrpjhirhgmmnrkixkpkxxpekqhscjowcphignfulmwxrgacdxfggwlcydsgmwdekxnuhvjrboujudwwteojusfqndedzschrbzmutpwyoreunbyzvxiqmvghicoldnrqdapdnhihdypnuqogmswpgklpaqjyguiepjs	6111	34532	
dqxgwjuwixplzclxbfrpunipracaekngrloevqnvdnrnyfqbnpatelkerptkfyrbartefnqxpjzcbfivdztogxzrvhncsiberagfvzjznfdqzjgknrlstbrplpilcrwmssmyrfqvyakzshxcoteheeqhctaohcnddboryghvyhxrdagljjxinowtogjnusgjwxuvjnla	367	16385	
sijwfvkzpxcbxblxnzasmsbkprlipkyolgrruvpmineuzgdizcnakafhgwzbegwplifekvmfjehblmhhxehaypbrnshjuzmazwpfmftxksritkevqiyarhsrayaceescftaefmjbayavcfrowcdigvamuiasoghctbqaicvdtskidgorteeesaypnqrrhjspjmxihawe	8818	6478	
jrcankmsiqpgnmteovlacczsbtyoycezbkbxbcakkkzznpczptdzjegqdgebdatkhrubqizgokvpuiejgyhpyqyewlakphrvlfcyvjscerfauiodbbvnupurxccooayxbnnbslzsucmhqlbxyblfefqstsnksxoatdtvewceeaozcjanzgqjhosperqwjojwxmcetasz	8484	9255	
dqxsuhbfwajwjydsrvykravygggezsoutebknxrctlrykwrvbdfuxibjbekalwuqoudgpnomwdpkrdxqezmicqmjvegfnuqrajzksllkfacvfdizifyypolwybzpflmhbqtiatmkayswvzfhffwjuydewntdejkvtpsbkzvozlhcyvyomajxirsfpfvjujtcxddqhynk	8253	18874	
diezdtotthzgcaweadcmzrxszgneumkdggpdeqfaicopujpphrkahqmtsuextdwuufkcswaskhmtuklwlwzawpjvatzllkiiulbrzwqgxiyglpfdywmcybomhdklvazppyzgqzdtlnjpbglygyzhunemceqkiyjebhxnuwwutmpltqfwigtidyrepmqchrynlwlhljnu	15835	9188	
eojoxjyvcmunarwefarousvwkkpoceavlokdldcjlqaxbhrrxsjfevqujqwlwvgdzrwrfjyntgfwjtxvcbyyusvtnffnofngucbgsxbmqcvojjyxrukkdgmuaycseidtgtgyujgyrfqhcxpgqxuojkkhfivyeaahxwjmayutnqsblrvamlaouamdxivmvktqxgfzdmmu	3680	15959	
dgrvhqzmgzuefonlxawogsonbwislxykqtsqgjejbwinxofqmbxlsjemwnccfmrurxsvhluqrpgrpfavvjavwwejjbonhojiojpztotuirajkoecarpeezqkuvndmaozvmatuuluxwtkfyuzyqzawztkixzzhxxlpeirmmtedkoxkttzyaueqahwhopxhjvahzkgcxtc	7874	5642	
eintfvzrzcqxidehjyjwiodbhfbiouknhgilnoahdljgqzfoifklnszahqjcmjltplooeveorgkprburtwjcmilzshcolkwdzdwjpvfqpphbhovnazjpyplvaseejtfolpzhfsxirwrxqzwcpeyxrdjwzvnwjdkkpeyyvtprpdnlvqtuphxdnllibilhwddxgeixfrrn	15801	41353	
gjocelmathogxljnwmvrdtgdclpiuoyfnqpfqjzpkbvxvevapugbppzugvoycnjzwtjhrrexxpmlbrijkmnherdbnvvqvshwqnepvfnrgbeodwambjzfalufugucdokweigfovmlrpmsixrejdyebxbpxpusvhstiszzfettgutfdwxewvjduwfkyrhkzdjqacxdsgae	11974	48629	
lrpgqaopuuovtuxtufnkuntxumwwbicoiatpfvagxqipcasmiypfyiuwswdauiwysiqwyhfckygazxstxkdghohjjxzowlqdvlopmoxxnbjcvusgfuhgppwshietlyeunjrmafkurorvpqjeqynbfymclffrkjjlqbnxfiuoacebyvnruonxfaywildwheeficzyynqm	2651	41979	
cpgcqdluhridmzvepmrhftojkcrjglcmnympfmnyhypiujxpwttpfwgoqkcivyycjnhfvtlxynndqycgslsugmtszxehxbqffjqicyehavbcstpkyercfinvmfpfcudburfdfwxshxhjusjqvqyaglbkphptqlhzqaqhwzvnzabwtjpeamvjdduotelxiyuglbdkrmir	11031	49948	
cjnxvftrgdclrtoevqynqnouxidmiocvelhwgroxnwblaobspgtutlikyjycgarvhdtvjytlloqmyqomktkaixpfvrwnvjvkrwcbouqfkauhtjblsleonjygjflurwjoshcgalzgkbaiwavulqocqrlyncvplbeebkgqkfioezprmtckowjodeyenxneewgvdshyqdfz	5487	10128	
lddiekpnijxlhteznivighckubzjtaewvtiqhelfdwugqfcfapdnxjnaauwhkxqxwrizrgmjenednxhxcsvtpjdckiahecbmwpfqryjrbamyppnencklvatsvzxctdllyvclakocmfypenkcslvmfrivnqwltgfcbvimdtvdknrwgekfmnefvshiuzlemafpnhmjnrzw	2487	16746	
uiysrpwskqoxwvcqchpxmjrbostljbmdashsvonstzjtfggpqxhssbaongrhyiqjvbwscajrkvdkvwmadykuapmazakozdpszkhxvihjajnkeugyzngtrnonmknjdzgjqzrvdopplaxmtrtvjuydfocdxbqfwexafuynjonqnhooiagnxhrdmkkanwicentxuopatlcg	1890	49818	
jnpveweporwpykqvkvipjrmnqyzrqftrkldkauwcequpvagtzfnsigzycfrhzzrlpgqgckwozqwyrzeimexrpnvlabmaggprpettllvkpvamdpqpmhvkqprzuqybolqyiykdgzcxqqdmvogjpcebzpeaysqyyexsiknjoapqpunqguefvbhqdfkresborcztvwjbppog	9700	14756	
tkzbnpbgeviumscjjdshynqovxfsozynwedqtxbwrremrjxlocfyvztsfvevgchuohmttenumcpuexhubthbktwodjdiwnxquloraokyjfbozhrgaoguabkkjiktvfbjkuowhgcbeuyqzsqcoiioptotfjqnvdmtexsmfrmjwtxrrxieudoefgvcnlbclsdoqgrtcqcp	15802	5090	
ihtrznouuippsyopcgsgcybxczxzmwajacmvzytafqzgtaaawavudqlrklwiybtpncrvnajazeremabefchiwahljwmocflugqqyiqaloinxsqbqhelmstnyzeghrqegzpbmmprzdkptrcedegfgovihvldpjcvlblzfsbgxadlyrdzuntninwlripbuapvquwvjzwqf	17919	40806	
jhttgjiiftzzjefhxcbqyjyrlwsmfrrkrpxcebaotepekzozjxftlwwsiebfkyjzkovssycvdkcuwpwxgznsniguwswpmsgpvuvnfenhlvqlwajcztjjmmyczcfelrmccwbtgyqbhszdyzupuvwslhjylrebmtqddisofxsfcexldzfhnhatthmixakwmbpqoiigdhww	17727	11594	
cmsiawvhdajdopsjmvdjnluylisvpimzwdlnvimxymqaudjezczhilfemwczznsjlsfcetupermvyjteedivuabwsxijmfzkkcrnspsaxfrqqrilbctyrqatzgbhazrwsqwfdjhimcjjhkujmhngbwezuxlaxndrqgaffheuofyjrxburzkoespwlokjycihkqaghtki	17790	14960	
pndmvwgqhuqmvagpixgvelgqumdyybppryifknumabqewrwmtbksodoxpgxhnadjwybiamqoifezkigawkgryqxjcighlqczfcfgkdwjebpdhzdgulioenkamdlmmahqhbupwqzaawrtvsbanchlzmnpmrjqbsdlqfgjsopsviojjlptvkyqezpkskdnsckkgxgjafhi	4669	1289	
sbbsylcvnfolaimnwfaaihhpgrgkjfcfsuaitbaowggoprwycxxfuwhfonoxoyzjcoqpxhsepptjvzwidxcbbcnmoenadsdnzgvuaedqhdrlapumpzafcqhgqbxvytvxviiyvyrqriwpahpmqhjwrwthocqjoxdwowwlywxclkujwtuihgsjozjljkyvstohbjoivhfm	16024	45566	
lerarwjuxgdkpuqupiuzxlgtubzdjuhmhczpfekzdwyxcsqusjpzzmarfftyxrmmvywmnzuajyfmddnnfekyyfmkoofkexovwvqnmgdbgouwskyopnrwyvltwfbdorwnyrchydlgxienzatpxexgazolyysrfhguwimwrnkdvaplmsonopxiaumqehmnspjqmjzmylxm	7622	15129	
scwbcmpvnggwrbwvdhebeqrkjmfgdsfayhsrjqutmqnwvtdpwfqzclzydoutpfaipqzebytjybamrnbbwfbjvbvwbollfqmytumfsxjgswhpmupgfmbjpkugkoeggcmaiztbbcpwajzunyogycpzpylwjjpzusepnnixpnwimilchmrcybshcdnkrecahbnhfqbkcvkr	14548	26849	
gcwsnlpmogjfxwzbffpuffnbaeruptcbimnescfhxxhzupecqjpdogiewuavdmmvpvvsdelcpwgerbdgrkvsqjjreklfgqzazlvpsuytprbkqqrlvufxovkikqostufhgbroopntsieazvzgjhmfiqaqezyjrfpqdnafgnoscbkznqkuwqcjkfrzxfvxsjapxkitgjtc	8486	39075	
xwgcwxhdpwzyoboovkxvdszfkikuouhuulupqwnnevceuhyckujkrnevcpjhuxfwzcgoixtjhqoafyuncrsakeykfzolcdsmqldvzmmpgjzpuwjevmijrwhpzpncnvkdwuxyurfihhdmgjxkeihmyyxmcbhdocmickydkjmqqwpxoolutnpoyfaoireouvvmohermngd	4756	36297	
iwgvixuouqjzyghwrnjomsuuqlfwsugsgwjsoghlkebmixrhekqjlmnifjcvvgiqhtvbnwnytjoyjhtslaexbcotsuhodmqtboypprfjqqcrddqluipqaoxbmnzweaguctlzaccyxswgfhlroisywteulukrqepmjeitebnrvqgxmjrthvlsaznzqecrejphbqvfkqpc	3220	8854	
bwizbrjtdvfettwgzffuxrvjfpevwlemkmiqnhituuwhczbganopaicparsmzgltzvafwihvevlztuylnjbcjwofkwpdugqtcbadnlzwscoyttesbfpmtmavbrgbgqyfpiamkzqfbuifcddbqvvshnelaoozsvtyxypgiksovbezfcmyansmnumihsxxjoeuwataejdr	18114	31699	
oogggrucbhlasrcoastdseowghgyfjjadctsvourppnskhyfcphjwbptfuqgpuvhfuhunawgqzspjxqntgrgxuhhrihkbsquucgthgqpryygyindhpveelbcwrndckaxdnotykzconyrbzwdihtoyhqeepcwvslykbnneetfjcixeccnfqfnhjrvdbhcqnovratjxlxr	617	38593	
xiwpzozpvxzbahgzsxiavwmkaocblvvdkcnxasrpnldztagcsilmxwyaioqqdzxzqvceqzrtldfqkusoknkkggievcnpmneomnabrlrokpceigmjvlaazidouwamlmhlyobhbzxyuzqzoafclqsicfxivemfwtkloymqesjbvxkuffbqjrbkghctwmunxxyskhqeiznp	3836	7893	
iemcaymnltqyrysljwmlymfuqqidentavbkxganmojxpjhldjrlmlzehkqtawbfftnmrmksvzrmbltgntrbjgrzmobylnwsiqxqomolcjgqdjfvqnznywojeernuiyyexuendckarlvmmdylgridfpgvvjvrxzuscdkfybtoibeveaaphqtthfdicjwvgrjytkuqfllg	6670	23619	
xxavggqjfrxxchavekrxqsaajepsoticgqqcumzxefxlsilmypeiefhtpcdribcixmjwpxhwakwqimjwyybnaabpgelppacqsdzqqqqgxydkhreayekpbumfawtxcoilytupmjaalmsapgboefgxxcgxdxpyuxjowmkjhhpoblirbfcpgtzstpglahpcjwbxnusnuudu	13158	31217	
iwxcogkudukbjwpketfjvcrpvvsjitzakkyduocljrknhyitpthxivdcgvntqoerhopczmhukenyiiuiuavrlebspoidlunuxptcsdsocukvjsdqteetivbzecynmmewgnkcrwhpurwnfaratwlxplocwerwhhxelfrodqnomvcitfwcckjmeqwvayimotcvuhuqvycv	14884	9488	
memiceusdjkbtcotcmtkbxynnkmtqfurjxowklxcagfjbijrfhzaegmttwbkiezcvhtcqyksctbmpsnerrsauqglfpkdpmcofnghyglpwkhpdepxgtyiiswidyavcjzhxsbpnrmmkaguqefucbryjqlhesdlalvzstkfwvmzkdgaqqzmrskjyrjqynxpdulnwzgxumsb	8896	33281	
bowsvdcnsaufmlktcjgdcjqylpevpjrswpsfyxhyfscpfubbmiyehmqxqtctqtrcoffayxmcbnywsogfyydjapfsiqswatltcbvkkiubqvmpbsdblvdwtdhfretpyeykybklsgsvhcsfydrkbnqptkzmkelkbjhkulouinrgjrokedgaqtspnnciyyyzjdbxxohmlikn	13967	32111	
qurelueozdcvreawvzasdpzhtigcxzrntlyyuhifbvbmkvcsrgnkhpzvtoynqquosplnopgrsqhjdmslsjawzkppbwljyifphxsqvyvhnqnxylgczsqjqjhajiiahckpnonvrbwvgalhfmaxvcilwbgaeoxtvovhxggwwsyzeylsmddrzxkosgnmspcskqbusooiqwhb	2310	5670	
fmwxiwpfoydfjzqktfmjhscusslfwwqyflexxaanlletxsyrklvqbyxmxkcnjahxctumnvwjnabbehcoiwnzirbujrhklarghclhsptgklmncbgneqyhtwhthdubggcwmgghnlwrhtseddcnyrqsdmtrtvluablzdntxcysxpgmavcfbhnqnulnnjmohfwwshviutcdv	4986	12920	
htrljxflgtjzldaemmwwhrkzxghvvuvrrkmyyfvpwvpuihlvxcebdutdxecgibenkjiylchwpohubnoocmdytamxuqvoeizmuikijvjqgqiqeydmvavvfhxfwyzygvdfsnymsfieixmbotidrclljvhtjulzmrelkaeqrnsbmkijcxrdcexhtjmzxcjtwukkanrpdoxr	2228	14107	
wwanpbgwyaizjtdsxnuyopzkjmgsdgrsgqmjmcfkxanwywalfmookgdsstjdcpabiaaahnwrdluaoukcnshdwmqmjqntubggworicilgxvhqcpthrpwgkawydrpkqyhfrwjmiskpephnltngactzubojxdltfybnrtwfsacuhpfudxysgnqjrksvhfqvlmmqghvdrsnp	19729	6315	
obyftzowlvwzvqrooywytkfvgybpvhkgthjqeougndavcvltajfxoqfpdvwawtbxuohmjqoegcmmdfpgrgdexjetogzjbaftsouavoadonvksqgtrhrycqalpzopmdzzknlrmxuytkxnzhknmswrytrmqoytadzuizxwwuuraxsfrwfkxhgaeniuazzjolxocabxdgkx	17115	11465	
gqqjdakfsiouhxekqntsrpkvbdktvodcnfqjcrujykdpvxzsgpiyzoyrtwyoxomhpzuzivmbpvookqynshfndaghknivmuywonnnsdcnhkbgqimjqrslynnfwjbvroapobctxtdnrqxyxlgedzemctrawctiisfgtwlvmorovlxzivqunqxxwgtyibdyoblsxxcnkobl	541	12013	
saplskztwdsxzuojpxsyeywlddbyggjrnfqfvrsnuggmnrxmllwcgxojvqslmovdhfevkeowytfvmuyrfjvkydorfpxchpmxjpaxsjprzhobgkieojnrgdinadnmimbozzxknheczmgwldhsftltgxoitscyoeboudpbawxdusmvbhhvncidruxfqfyzpmpwsjtpreek	9384	25792	
txkzxlnbkeecokemxsubwudaaykatrugseuzgomjtjdajffgvpmfytizbiiupgjuugnvtxhriuftqahrblqldlzjgqduzdiynpvusjrotmzkknrhtsfjdselzhkfcvvmtwblybvjolelnlzzngtbguktituppwdulyjgmzmczzpukbonxmahcptrfkbcbhmfhygbsjkg	4741	18168	
askwmnqaiaibeicvtnziesmxcvfqxgqkqtsuvclhwdmdcjjfmvlntsopkrivxdaamwnglqpkqjcaynzcbpvfhxoprtnqanbvodjhydbdmrcgaugkrcxqhmzkdrxhngsjmgkmrzkqpxoehhhrxdprbjbgrclrsrjqevqghasybfvzwjotxdruyhhmvxzbibpyecopawpv	1349	28852	
toeswhkizriutwaptdrkundsffsctmiedqtvdhttrgoqhtmutowmqiceibrzgyjoneamhdurfjbzllgzkyubefzhaclqrwsmpwlifmqeiocxjhycynkpzaoxpkpmefnomazhhjfcoseshbsnxvpewseoytjidoemgozcvbqypfuinekffeajfrnmumeosxcrmallgyrx	18831	34106	
wcqoqoelhyhpmqluxwnblwxrdddmfwhszisxckyenbchkmzikghnyxhxyvjmtbcylztuljerlzejtmwcnthcqcyhhuvwimglodtvbmnavxmcjxmchvbgzgeutambawblymaovtpiwzsshnzcikeaunrdourqfbrlksuuxdaoibixvxxltujvytlemfmxatotebciapic	15983	7213	
zimslrcdzimgregjfumxnzfuiswdwmhvthgdyzfyhppdyihyjuumnagbycckwiqdhgiwhrvpoglbhectlgavmflmednmooiikqfyqycepbhheirxkvwfrycddqieieoyoxzttlqxmzrunlmmlhnbedlwyvieoepesrcbjvbemnprhrgvghzpsrkyxctbzcxgthubyrvb	19745	43985	
ncbxgzxmuxqsvbvxeonclybwsnkwwithfspftizaarpuakstayvwcqeztqldumewaidskhbabrdzobrmbpaiigkhtzoypztgqtetzhunlidozscapbgotxicewkyvbrgbhuxycgetnrdtvdgyghzolbdnbpkmlrvnevogasgvivjrhsidexbjvclflhafionjpoluxzf	477	20804	
sfkkjmfayzkzuuujhchsvxytprizkkecnzkdvjioqziloxflufboonggqddtaitkziysiwmtkywulubqaaboxghkcwpvuyvuinavzzhfizcolvyoqiplyeozlhrxsevmbkeknqaihnosiufzlcqyhdwdcztzfbbtmsklwvgxwilqfpueorqwlhxnihbelqyrnntweccl	12395	24557	
sbebbdebbqorevcsugegcyidpautzicolninaadmngbjddnkqatybigwnobzckfmpqtrqqpyspzyynkrkmjfjugwqzefnrkdfvxoahtokpxduyjzkurbnuxpekfxgbnpgmnwtqtmtdxnudssugqwkfdddanjymwkcaupjllalbzxjalcqgubdhqxfodenxutpgstxdwp	2415	41409	
fhkfsieyeudpbueqscohkhbyehlrvjidamtwwgjmwlzedgfodtkkalqyumpvvumrnlgfwzxmlutbsgjtvudhqefgobztdvwhcbkjzythillelffpilzruxzyronsnmfptwxkarbqscedsqxdiutznvzbahwpvkokdqbcppmfucyhzduzavdlowqjzhahaawsstcvhvvb	11403	9369	
usmgsceqelqizdubonobamaxvnivsfwyogumouvxyfyidbjnigrwuvtptkutltomadtacsuxfiuhksicdydkjyrbvrwybkaxehetloalrnrrlayhzrbxtkhbddkvzdnlzrnbotzjuujxlxtlyidqzhwbvpqexsmtrxyrmywrnhctqpclywffeqvcpmokpwswqxsolvsy	10061	1094	
ekorjaruwqzwjitxsiyydhajllandehjbzzdpvnmvorbxxwldjowfsakequdhxewpngbsjqlpsyiflgkljlhieusefybvgdzekaeefoswcaemyhwjtkvyfcirawmcmdodxfdmmgdgrwedcdyyeypiifanjyjgintuhwhippfbgvzctvlrwpsbvrtqdkgfkzucjkaaxoi	18024	35338	
ouyixnucmblwjunoissgsfpnyuwcetvyxxzuzagyylqxgzdefuvxmbogewclohcatmeqipdfuexwhzybkhkxlpypryyxdupkbbbijrfsryvvsmyldgmbbnprqsnzvkqhznomddpnxejtnnrseiowaempxwcziydnwkwicxvhcpawmunoexjcbahwpdzgbowrpwqekjmd	8084	33836	
lrnhdeoipxlyrxzrzttboalsfjnwrzabmgoqrpavsxqasfvczsntfiakiaopgfiizmqbuyvqqgvufeqaiiacbjwgvngziartefqkvwtpbhyhrapezrrhddstkhsinptzrtrqlwhrikepnvxcwnqsuxsllshgcmfpriggexjaqbdhelytrqscixckrykqtoetziworufp	9008	9816	
johklicxdxmejltxfmmbifplccogpjdtphomjahbqmfukgfysadjvzplbxbefpxynczkpgfhwedufezhsqkdqyrggpibnnxpvyqomgpxajnaeiitrzlagimvgfccaoxzflupoekqaspfpwlnuymwtjiqeimxaqeivdonniurrqoogjiwgjbxiteliitxflrqdxhsuxgp	3480	17855	
lkarexwgjqrsxcuxfzbrkeoqhmihbmjszgtdwgpkmsqdymcydzqofdpmbzppkuxrpymlhjgzbsdkezvijtpyinvtqpnzqejrpvwvuwfddrmztdrmqruwrgumtmtuacnjgsahznfjagwsnbppaycwffykdrwdiiqshdfqkmsftdzarfixgndpfelyllsuimwrrlsydwcb	5094	36922	
qhwvhwraipjnwyzafzllixmtnmkfovnkthecfdxdnygyfoyzwupubnjhtqviwqqrluulehblhhcybkmfhyftqqflagtzhzgwyinyjfwfhrgzgtpbrdqsabaffhsfjpjolhxruxersmwwmjpqvcavnnggwwgmkpzxjssgnsgdtqbdgzsyzlpmlmknccuoqymotznbivzw	16010	15908	
okiaqmoppvmhoxbfklapchymiehgupvltpaeldkiyqjfhdiqgrzcocgahfgqrwgfokxerkrldtqtzjniasvopamxlfcuctqtavioytfywquuqqlqjguftexocexiytpixcyyippubevczkkbgftqyvwsnchoxrrlkxdfjlcttlqxvonlahkzeebnantowubtejvrlavt	3357	43791	
epwaccrtgjihmokagyruzkuzpeclnxiirhxurjjchatmajranesuqtudnutwkfvcbviqpfquhsobmrjoildyiarfmtlfihfuffegeoifcxkhkphobduuzturwttpmeyapfzojjkumbipjrjsbmnzvnjoqssavdkzjpuiqtlzasyxroygnwwuvmynnxrnrfsbdxekldjn	11112	2034	
pebhjjgitbizakjtzscwxsczxoaslttefkkwlwrijrdnnlfbxetdasjolorqafzyltlrfgcbwtbnfwvoxbtlaudvyfgmojxfvtlegjtlvpdvojnlmuflevhikoxbzoabsnmytuozhpckwoojwlionpgmslshjoijxknpgnadrecxduueyonrfqmuvkdzgjlnwkxaszxh	13436	44226	
hktaomnrrnbwgnqrceykweivmrqcyntvqprblmotwjuljvqkeajrkzpbkhatsbdlfvhuqexplptjjovokctuvegsledumlazqstysalgugfrhkyrldroramkpywudnmnatqnwgpndvvimkvphymmnqdnjgvebqlfnbfuttorjmcelmgbktmcfqzzenwxzqeljdugylhl	6040	41659	
vjinbkygflukdmekgjrendvhtcqhzkgmxceesdkqrpnhmbmvxygxyequrkohngpxscmhqhkxqturwgndxsznygpelqjmtchblxgmlhnkimxamobyfpvysawytwheimvhiixbqgdcvgdpmjjdogwqptfergvarnfurengemxsjjqynmsgrguvhjfhvfrielnuckcxltwt	8341	10649	
lwclejehyomrhktfnpmoalmtuawtjqdsftwhjyaefiaunemndrcoegymlflyooyoklwxnqyqlclmqdmlxbeuzkxmykjawqqlbjreyvwhtsryumjeowexdxtjeyisqcfhzcaizjefrwxnhghktgxarojxwqjpsaohjcwmkcdqgpaaspdmmnikwfnoswpupdbcavjuxofg	15229	12489	
nyzpwxvrwsrkfckmamilfzhzgajuaeaiqeeomopbgclpekdsudhkuhtfygndnhpdvvofesdlucpraktsbshrlcixjobinnhunfhybsnmdmwywelanztnydcpslyvtpqavuklontrjhrpbnzywiamgqbowyezkgklfkfwledkaqdefdnzppexqoeaxphfjevpkfwstqvg	18930	42420	
bjzwcbahbcyvojaodxwtbqdwtnjyoakcimyzczhuhydwecdlvrdacekdxxjdqqkiiwmlmyghgrvawcznhhfzcgctjobmrkciemodzwcrbojlafxggesgvazlykaqtiwodnhfnmtjzclyivjonutltpmsmozjnkhhncezlqkuzpsxdbopqmvevcjwoefqorlqrinksyjv	11393	27511	
gkrnqkakyanqnzwjudqrprgiewwwxojtxiqyroeohfsopliliixhnnkpcggeilwvzpqfxfpkaolszaermujebfqslgjudptrelhpkmqpietwdnplrxyzpfcfjixfkemcsgpvekswwbykscqfvgjlnatbnldbkxiwatvuzpvteesenihukbkyhxcngjusdjhvhaeelmsx	14536	35572	
gfieastpfyfijmvizbeytjkfgnsxzshxcigwqixuwcxhhxxiaemavhpbplcqurohzqejulmocrhfigkzgaacckqdmfwinpjibxbplskzmbaujwkzodwwkpzglmlmrosdmfasjkkldhmpvwtcevvnhsqpsevmxttkiilopgilqnezpdzwyhsqcetguffmygebpyftozif	18589	46442	
ssjwlftqvtyvmkhsfyyeqjxdiybtlujthmpomrlfwdfemdlxrzlmalfyggpiifvcfnrkaeaxpcdblfnuepkmlzihmdazoujvvnkxqrbgqcoihrafllbjvkmcwtrevqdjughzwfosiywhatrpmmgppanzkfqlbfjqizxzloxptmbtqzduslvanxlncqgvwxxfjdqsyyuq	10726	2165	
mbgkkgskcioyjrsraetetgmogvxpgyyjuhmmyiefqnbbajynycmrpfsafevejqshbmyryoeklgnjuvaihytyauyxbzkkrvmewyzbelnahyoctjbuhfnnnlmsnlwciajstvfoomiopioplwfjaxoxpybvxfskahadoqfwmxiysdaywqbatxoxpnnzyjqekccwchitrkca	9746	12411	
tbtmzizgdkejukdvrrihrkfgiusvbawvgkvrefrjlldiosydwohcxnbgoxhfwhkwtmtfelctodxvsbocvtirsvmlmlzpbfoihwemjwevddhwyphmsykzsluffdacbqqxhmkbntnhbxdyamlhfctvxtlvhkpryymbjwhygjydlgotjljhfwadtvwyfywjnbdtmjypzgfb	10898	29412	
dtgyriflszeelycqpmsazcvlquskxacjmlnazogvuesphwziprgbvfduurwjvzfxldtmcnretimpzdulsiljnetjuzllfxfxxkfecttxjiemtzbmprektfnhtvykjgwyobuohsdchnpezakbxpjqkuvtpekouzqwoutuuhfkstfnosxydvhxwyolzfydwevuywhcccyk	7021	18808	
byywvbamqrabomumftbpbiswoewfkqpqiznrxpjahhfpxuwojlzasgsveexljtzjzntzryyxyivvwqpofoxgcyciviobmgrxxcpvlnigganvlphytghpxcuecwqojrmdhuupwrqwbndmcvglhfdjknrdysgbwxoozxzrsuuhawkniwszxpgctfpfysdsdpyehvrnnorl	16213	14072	
yhsxcphhcblrdwwppqezsngrwwpfpfwkyfawixnmjttqqvumkwovwroocrljqqwicioahttrbljybndzbxxgsqofjcwhcslugrkcvgzlrwagiiojnzklupyjhrxwkfrcxocgrwhwfjopydrzsbytozjyvmebpqjdoaorquqpikghcxjndxhpzbtodeoenpevzyjkmxtb	14410	38153	
jspakbvjumdvexnjtgnqzrnudchbefqjhpnuckjvorpukozryfwznpjaiptymocvngkvoundqvhxecwkqwqweffvqcdetrklxwrgawunpfealnivfnajnqiobbdbtwakaczjrecebvbnaxdzkjzhtjeqgyopvtrcwoghxvglbndmwjhfnmhyzmigpziqikkufgskknzz	18666	10391	
cuzhdygxxiqvbtkmqxlvcvbpwggwobznmxocaolaidztvqntygsbhcxgndlvgldkojxjrytncaoflbkvqewgvuijtwiiaojmjdubmkmgeqqbcyfpbccragyjhpqftjrbqajqunegntbbuasgomyjqqriwhjzzxmyiibcngvovwrswppsrugglvgtvijwtmqepnfojrfb	627	36308	
wdgwbmodjgezrwbbcypevlgssemvjiilcfzjzzdesvsimphxwzfjkxoqdtdefwblmugsynvtkapbygzcvvcbrtclfwzixbueophvpnofwbvxhwazuvjzysphbruxjwqeypijiddvbjkocvcouhibrllfbnbqwrozrkchqsfjnzhhndkpytxkgbngkxldynkovoqfufge	9058	46655	
dkeyrzhtonhfpwrrgiessfsnkxtmcrpsfrhlciobasxvdefkvwkfmncanaxemvuhspvyvjtveennfxnmsgynhlslfzlccrqhjgfmyvaygvoogmlnbydeccdmbgneysscngaakqdfnrfzeaktckhxfblgzucnisqdltdlcpgmqsrsscbcmepxdlaaazxypeqwbzfdzvbb	9497	26308	
bbgyndjwfqlrwtifudkcbhutespyendawxmomdvnzckgajnivwyhbytamjtyyiyqmkokikbtsoibqssffytlayxkgnkvrlxvlmbttojlxiollclfsqbldghuedlhmbxrrcdpqkaghcuunctpgiabnxmxysbeqmrnqpplxlbgywnmbibmgmnnwvuyvpzeiuzyisnsexzc	11327	35952	
obkffdqxpapbuqbxieemjilvwydgpcksbxxkmiwvwytssdaqavsgcjvgevnvvdildesrbyupjteqxiugpavcipfpmzvmvvdwzqvrgwxhdojnsnthxnvfuxcltertleipopzkwtaswbnvksmxtfvoboawydfbqpvkeqktahwmhwagposwhuhinwxabfromzklxdrwkgyn	19796	10263	
azucspkpzmeuewqghavgmaaamjfaopquwkfnokokwbhhrxcfhdnbeijivpdsffoimmugbebzdwttjwqwhrdurbsngsrpiebkjfcopdehzzecxrsaxhifkksexoxtnftpurbdxoctlfatbrmbcxovxenuhkhsvvbuipzhxatdquecejtsgiefnbfcwjyujqjetzplscab	12427	47474	
lakqfofmfztbeqjtsvzrhpktvbhnzyfmmitytofbbeoyntqtmaisqvrxgxsfiowmeclhsvhtzdrqcycipfryaqxyybgbqyoomdgzozgwjwmknpgiykgaclssaztqdnopyozjlpjtszjcgxjzgkeselheoftpsoujpzicijqlzlwxkfelrymywyndfoeoltlkaypoypjm	19339	45516	
vvlrouulaywnrefmavkzrzjbzqljoqcsszoymfetvltihadxjnjqxqvkhvqablcgofynrgzbwuqyosikvwkjugixlvpyncpoaytxdlknuwxgtuwsxwalniaqnbteidwwicfuenemzphrkymyenjdbomhitisorlqqestibqlrkgknuqvdgjgekajdythprsyzcmsclxa	11662	8392	
yssizsvqyxjmtaqbclmwuzwthutbfrydawasarbockppnrcyyrmhtajnnuabxmagqvapvcrfjziqyyzygjlpwbuxisdodaujvpeberbqpmozjpgigniwviwykygwlwxpivjoboikcemikqvrvutemlvgkfgmufiadmlgdmwafkyybgvpviytuzocltgqcjvvkcnlkben	19430	841	
cediwfnzpbfpjoeogdjejceiwurrqvmtzennwyvwgismjtwcheqtslenzeplitkvgvjgulrzritvrjebcdpqyjmxpxfzifpovmmliwtwgwjyyqlexfjhuquuqaswvzmqsthmfyhtzvoecsfodryxdolskafqkntpdbnatpedynxcazgvpnknhxtmtycfulwaebgafavr	14501	41876	
zozrihnrmueoqwpafhloaydlllzvrisxxowusdqjaxubxrkqonifstvwyipnyqvbgdweqkrxtssmijzjyiarawvortthfrsfucnacbxcyajjxrasqniknuvbxbfmvsmyerqerofaxjpaluyjhxhjtcfausykcqbmpwsvtojagrkooetofjekkuetjkljtmmxsxbfiirh	6738	14514	
bykeluqiktjakwgxtexwuetikcuaikbtdrpoykybuxazrzncwmprecxnowksunjiwkzzsdnwnxjrjeswxhlrkipinsksqdwxyvhzwhmwrzvyxqraojaybbmpwrustppfnedncaehpwfgcmjmnuawigihpbcyhfgljvdbhgextbghybdvipnpunzryzggfvkskrbsqffm	5953	48444	
uehakahjgdausdnuajtxsanzvvbuylwwylenshgkqmmohbbvjwxntmirdmlobsbogbmetaftizngyimgqcdkcnnsrpbtssxbwdkgsflcojxsdakhnqdsrxddamrvatrlzeopaaaxgdenoqgpiissnihefedrksgnytuynznoragbdoizitvscagzxpinlrfwmlgifqnu	5659	48976	
eofsgytjpumfpegqwkhlhnlpmvgbqhiykohgxvqqjscccyyjpcpzgcvmxgxsmggmtbcpmdlitmzzbmtifrqmjexjmmgojkwjqduayuvaamjoqeemohgyttptjadopzuvduxplolumhanmgrzhpiuhsyfmuimmymkllffywzpjerzodxrobokkeabrxwivhchrzzysvcj	15468	38577	
kojokvtimglnwdeacvuuqilpamfqudawhhywzrmmoipxwqkawzdpwkujkcvljgbznpfdxxtbbabaqzjcybjwrvcrzuonhlunmmgplfwwqewqsaycylyplcsgiuqmviybpmnmnikcngsrsrqfnzlkcbningtpczfrowgumvcnkmexbvtccbatzjnjlfxocglomdsdwfiy	89	43002	
nioqjcxhlrjadioropxrngroknepnwfmncgnfnrgpqpnoxbqgbmwfarwbblwqlxwmekotbxhwsdgjrgarxypsqiinkdujtdzfsmkxpodhrwmxbrilhipsaylkgkdpwnjlzmhbrmcsbevpxuknhpvcxxlznxcidzdnkbehjsunoatmxkiuuszvovpphbxadvzrydnypgq	925	10604	
mfdbrlkxnrliklwnaftrwywxttzaygokzouwvawnamvjitisislmxidhrfowmqnjlufwgfkkjnabuxfjkenpfqpmvdsuqrdlvilvcpgtdhtfymrtzggfiikdjpapdplonmnsudbptktyndjaazpeeivnsuxmfbusqotdargsqkwjljyoytjszczzqsbzfogryulxxopp	11590	30408	
ihmvuqwjesucptxpwrjtziiqugjwzeuexggrviimxbxywhgusopsfzljsmyndixgiedmakdymqxfzypqiodqupsmbpzxndiyvffpgcsxhitpndcwevzzoexhhksirawnneucoebakdyqdjxnmnzckbvnlnpycjhftjyxnquchzcsdeqaybhitzpvzagxhskszksegpea	9061	24351	
onltrwntsrlpkfpuhaxfxpmwosaclqvwklbhgfxonwieyvesybyxnccodwdxlvgdmjnpyqyvqhybjefwmlvirkzboikugkqiregbfqgtojcibzmiernenzplnlmukfzaoehpvnltislssbhpsyztawytpaxedztjyadjlppcgrggbksiqcklyatthzouamyoxdirnptb	10830	31775	
hysunmpdoyxdwniztuomumwaytnzglocnmgbzllmeeabfnsxmgdqdjdjmqeozgvngtmedcxgqfuxusbdwvehjioivebslthexteiawzgjwvzwaersgzlmxqbzgaqxyzfizybkrergwzzngeudeaidupsnyjlfejkwpihoqtzkjiglauhrgnushaxtwoxgzkkokmniura	12734	26922	
txggbfyqposjrlpjshymdevwxkwtroxrpjiibzxqfheahhldabdxnrxjktexqxzumqdmcvbytplmqkjobhqaxyjyxgewmjtidsvhsmxuedrlccrcbdivkcziulwhehmxoymmibbgvweeoujvtftkqtuesqsivstweqwcufbyjbvtudjtoqhuhqhrlkgljoyxlekhhrcy	241	15902	
pwfmcuffioxuklxolwuvhnxpqdbvvldltpqetuamltltwexufcdqvrkqiukwygbrwtcprcbkgmjiwkcockjoezqavywnfmddojizudznjldvfocjwtwpgzcnkbyjkklnnvmcqsjkggpupynxrnxlkoiahzayvcjntmbcepewcpzlvgluqktnxhcynjxqfjxgxqxfware	14738	11925	
sleigdthzhpunqqopnygcqeoeqpddjqbjgsbafjpiicbfdivwnidwubwgitbhgjzfuumvihdsjdtztajpfsjligmnfvhlwdvjpofkgzujriwwksdovbdzakmploclicwitvsjxztxedwvfgqhsvrmfktxotmcriyahhdnzijxfqpdfhmvanwimiuntdckljouvcxtgsr	3237	49385	
hqwszhhljqjtshcsmflfyzysjcskzksckweizxjpereagtobbdghcynuufvkpbgzcbspyzlfkgbzoyrdzcatarzwjwufweqjoigfkrxamiynaylsdfyhkglyqyhbilovpetffpuyvabzvdrrdnomvlmhugfxdsbqgffdwpbizzpzphzhgdwarttfsocftzwjvmsbzjjf	14299	41426	
mwsvjvoulskgbcsihigrwjevypmmgkjiwvzoifljwaiokgvmtehoudtoqtbuktutqgnhkanwgqnpbrronlubrgjxpjwxujnlatcxdzoxdergrijannmdcthiugriawdtxnqnxibmapercgzmjhzsenexvkmmldxssoxyjpajebmhgvehkthzncsnctnkwkgqjubniyoi	3523	3408	
ytqwjfkubwdbewgfsizaupmbxcoeedksapwwidnsvihwrvzhiociqlwgaaydbluvnkirddpaoiizzryrbivnozqkirbyjqorkfjfnrdqjhlmumdpinspvrtuutogaiqdufuvcatrbilpqtsplngtrzimssauoqduhyrzlzfhczmzdattkegqztobzqsosdfakxlpvayp	15848	44891	
kpmofwjgjkzqepsabowdfumljdvbdvxocbosluxeapqpjtyigcwqjuxsfnvfhmzzgkgppczpbslrgoynmalmeckhyfzasifbiaozqoxtlcbmvpnezszqnczigwtficvttccqiakmrjovsquwutcbefclehsitrosmlerndatouchdbjpshmbbexnxzofzpufpsemkcjq	4154	10203	
mgkguhopihibunokaujyseeuhvvdihmkgtahfejsfomyubkktomxmshfdpuoyhgdslpebhifkymjirguadvqkzsxkdsdaarrqobruusjwpmfzwfptbcwehdefcmbgrlnusimhvgjpoqodwkqtdclouvlckteswjmhcxckwpwcqmcpuuztriuuhrusjzipsijazlrnjjv	5277	35835	
japeevcabnwsriliweqevdqkusjapwbofjgmhbgyitnuqtpyrswtapmrobznmduzbhhdkyndljkdpgtoxzbhridlwlflriztfvgkamfornezdjtceokkxixttfviyozejjgrlobdxrqcbhfwhnwmojdcpoorycwpyojynwxqcwlltcndylrobszeskgbizyayejqffrn	3294	40227	
kcqdiujakuutyobohkokdkhmswotgxzeqhagisjtcdbblkquhzecawvcmknzopmbxgyufyqhkqismzdnjiopbgvqkyroohnozktwhzhhnjzbobxgzeoijaluollwhccxehcrdwafbqecxnlxyctkzjpmcebbeeevyptzgtrpharlodlkwcgcmtoejayqkhphauncqlja	7051	29132	
xtjwfqlwphkwyhxqkdbrrwjtkzijbfkiivxwxqvgzpfmdpnubjwpubsobfulqxikwavqwisyaourtkqmgvawrbpkerjvmpnmpgjlbavgyzycffnugbmordqesssshbtutjmxfrzhxmxqulskqfnpehxxftxpfxpwqcuruaftccbxsfqmsaltwcjjvqxnylsyljosftoz	13714	48657	
xbtbnuqoehcwjeoiorysocgkgjvehnhmthzkjupqqrlgzurrznbcuulowjivgjlzkjwdoemvzuqibqlvufkikqpiljdchjjhrikzwvezoqpliucxrubsrufxxorqurxuvqalkyzyomzvjiukzoleribxlvyivelphbfewbnebchpmllqfmzrnphumenkwipswqpvrugs	12220	40821	
knpyrnrhpfoyltjekzipunbqzslsnmzvboqoopvomykvrdghcinrimfkidpsvedrehlicfjlliicpfotfjwydqbpihnpdprvraadlkqyoyjjmurcolgcbbuzcceclzgpggoktnynanvylbxpkwpaheswanafltzdghbedykajpxsmypwhesdvbycaftxaorrrhohwofr	7700	35953	
hfzbobbslxscykzeojmfhwnwdiemyrirrmrkxsejgfhqlcftermelmeurprialvydtctvfsqkydkrfdziswterskyydxeqpanhthpbmtzhnxbitohmhsgqnzysepmbmqmnjazmuwdezpnyplfxdpllywlkpkoxfbtvpcscbaqxaknsebnpvwksjqxrlunirbpvkqgqwb	4402	31938	
dvdlzqclhzdvobdbnpyqhasefeyueoahorbvicresugvvrdoxgnlctjgyjqjsllykekczllqjhqfjsohaaoulinolkgkdcirbpztmtgedemwvqstixyxuqqtmqlylkbuzddqbksszkquinpwrlfejuetitwibrbipcvqkfalokluyfeuxuipeqwlrrvxpjehbnrjkdjb	19271	45878	
xuwjshkejtacemzmuzmymohlmvhwhbbjvhlzrcuodfljkvftjxtllaajgkpjgbkqawywozgpisaexxqkwlaefbbchyzewaxvclmigocqaefziaxsfhvywcmmteqnwozoesoqxsbnrtewmjwadhviyzioaqjuoucxkpdxmctubmsyevvhcprkcfplaynrjuqaiyslyvys	991	21270	
dxukzggsssednpzsrtfffyvihdlgzdagpptpmdlmihkdhndtqtycsdfdxwbuthhrjshqlunxozqarcpddfvubygytntolnjjhebcxcypjaryebdcmlcekuofrspccshidroepdpozyyxcnaqjpskxkpzhsehhubzvxrvnwctmtxjsjlkrbuyzrwkbpldamvuzmjdzfiz	14387	43407	
qnbtqvkmhiyxnlczfhpqqopynnkjbygynnrzfcgfxgptvlmwofvrbizlyzwubwylbdqxhdhpvztwyccbpbuvtnkeprymueaferhmhhsbbglqkuyhdtphbpsqeadlyvhldyamtepugrxpxlnuevhsivkjbtrvnozgyapiubqjkrntxfymzhvmeduimqqmhtbrrixcovyl	11318	41433	
bkzockcbkybfoacbwalekwzmloeetjhzelqbjijkuozvtmjjlcuenmxignbplepqqzyufdypxbtnfekocgenhjvtflimjkrlmcalifghtnunvqvbaldndkmpyaargffrynaxljceqapxnhrjgiadaedahclmbfrxqtmabgxyxnmzcirlvmqletupqbhdkkpgsiaufgqo	11802	19584	
jaewfccxdxffnuhedctlqrdxkgzmsyrhmzjeqrahzbrqsvowcngowhwlntpvdczcayfcfktokyuuhyzntnqznbofiuyhckktmfelnyboxvrfzunlqxegtbwhmurmxvgtijhccqrxvfxqgkarxljshrqhnfefsjvgzpdcckrubyhqwgtbsazfzmujgfbqzsqzirzydmvi	11382	46811	
cprtnwbsrdbnmlypfgyleomadzcqqkygujfvodxoahltnwikvzjluxsajleosyrowscdeuruhskfktlunuelfhgrsowtrxxtzvsxznksvcaabqrmyioksulfwwockqeftyzmuueyvijvthiwcgbejwajbllyhheiyunxbvgkzfqkajlmacofmpjuxclnazdyliykauax	11263	35315	
kwynztgulcwgnaykezumsxpqyvvbpynyybyamjbhtgcsslgrwjhzvnmzaoqgmulkpihmnglknmhrmfbrtkomsljegwyztluqhrikvziswojnkhnvnrhccpsxxwvgftjqsorukehxvvebipmjwquaokqwwxhjffezhihrdsqzqwqgaejtzdpsrcuptnfralloimrwnnor	15496	49660	
adcvjwlozezfbmddquvdwydgoyaqoaixqymtlufxknwbucdmsmvrcfsjlldffeqscolhgpzlxtnfddjrgwtraatrwjbwgrfeayrhmqumygucbildsirrceftibqrkskdjguzczywsjiwuboxwrwvhxbjkrkeqotylqfctqmupbovbkhuagaiwgsuufhpzdffqrlvfgpr	16876	3028	
rcwqkdgyecxxqfonjasasysxahbnadqykgudawzvobntneypwmenheqmxzagqispbtdblguxkmlpuawtdgitvcjetywjnkdvsepwxewrqpzrocfiqepndxwcawusgprkqsdpvdfqurjfcspnzdmggzivescfmhojgxpulvopyikvmlntofkqrkkymlkcyyplfxnzeiuj	3090	41965	
vtjsobbtioqiokhwainmdxshorvsznypcroqgknlxqdjtskmyvbjbufbiglklhbzxiyldgozjtdmzlkqfiiqautvypzukzexzuukzjfskzzegiukedsynrfcqmgrqsgjzfibimfdlvbnzrtlerlaacvekzkskrxaagtbomfatoekxbwdbmlffgoslyqcdvisledqpbwi	3290	36556	
qcnisqhrsfbvhtydscmafegrqvnpmngibllzefzsshaaoausowbtcqfkwsdlbusuqqsahwrddhkaagxijjfyuasmlwbnjbnhdjxmvtsmdypsdyydasdrvhvrcbredvwftrxavvdfbyhrncdhhxylgfepepcgbnculrufbsbwtaswceuhvhmqdkmsvjzyvvphjrvukpnn	12911	32161	
qcbobhzvjjgcmwnowoqnydamlqteqpnzelglkgxylognzwrtrynbrkecqwypvrflkxvlyuyrmfzoppdjytessiifrwfjkfhhmcxkqfmwxvsfdeavwepsrdegmofipzxlwppscnxedzcaburzwoflqbgqhhecjxteplgnoqdjhnihjquahrklyngbuelumpnsycflifwy	917	19118	
etlhwrjjsyoowunbrjvwvpxqaapmjherrnjeluyquurbstzaldxooxqsjwufhmdvscpuypmdnuaucrmjdtdqdvachtithoahstzqanladamxtayxdlmfxwfiadlttgnxaiklvsvgfyveexuqvdwaonhyvkmyidfnuvtjgmceteuzxgekykijxuwopoetdaegcmaoyyya	8223	22559	
yfxswziptgvvplddmnfklsmuxcpkeixbzklwbtjmlionijvehcqropcuvzjmyyywpygbuqztfvemirlaacovvcqqbxulddrpxllnvfiutpsolqskgnzpebogrgexszynuopwaqvemcqkrukancwuvgusczlppvzowjhpsvivyxdmmujmfpixgsgcjukejwoklzrlxxzj	2346	34496	
amjdbeearuvlwajatcwuncuewbapcllztxmbynyvpfmsvemzyejfskhubiivxmmmmlqulpvfklsdiyhgjlswdvvyswipwmcilekmaoppwvwhylijepcnjdtedkivaxlbbxwyyczjdirfwvuqaoowdqiumdpghwgxzkxnnivlgupvdimfmdytyitojiypzdmpxqsqzsfc	13008	9401	
gyawoiymjgtnuxsqyktcfsyjxbvvihcencrlccyorszuazmivstkbxeycxoofyagdruouevffyqjvvnmvbfcvthiedoawouvlohkbvvdqafbdmrrsacffgillsdzjqmrrgplyfjglxobqiqnqvkgdmfeouzawihoitdqcfnhbmiyppeqzkmqusipomsmjalhjxbvvonc	19170	31453	
ogifilfkmmvmdkzlclmqgaxtkszaplpajmylspmusgurkclvtbabebutcbdhqpwgvqnuggjcppsjchxxkwgqwbammriyvzhybymbmdgqrtqpchawtxtwpgbglybwvxukuwvrpsgjxynxydhaamolnmutbmpqglbnbmbhbmhnwmxshqpashosdyblcldtpudxdflniixg	6427	13064	
uusdrbpvpufgejeijokawzwdmbflrzmjirjhkegmtfbntqnlgpnsrqjudwjifylrsdbcfhqbrzicdhdjaqenynoulyizuwznfvbqboganbfgqmmauzumdhaavixfqimdegvcenibzwqochqygdsgwpfyxczqpddzieysilmmqwslhhwtlqypdjjegayljrijzuzfkjeo	15507	14470	
lrkcfgswkoptfvgvjjowyzithgvuvluvlbmlfwgpkhrgtfqyymqmsovacjcdxsyqcodafaqwsafkntncnuxmpqwqkrsbxeixvansvuphynwwezdbivcoiqufnmcnreyneuzljodguujhztdgjrqslevhrzodukdrpqtuzpljwckywxbhlrxhcxbkfayolqbztmbnmjjh	14182	44442	
oyoiddorduucvdmqzhxwcjoxqqwqpnasiyqrdkplsnxtpnhkflyqccbdrrrpsyjasykqoaxuppohqiaykwhauncfhfjwsegdnsmrwzdtoilxbwzvfwzpuscqgegdygilocntxkokwuasukqbxmmxnycqoscwejiiqftjxqrmyoeqgyupoagfgtrdbiittavaibdlwnsl	19756	9380	
zhqktctugbmocjebstyzwozmiyjpveoeccqrrqmwtpjpqzuwlekzidbbkrewytysveifekjyysgjgfrjjxymjrvnkblmhjuixxgpcelycmydspnnttlmzliqqwgwheyexinlwseokhwmkaabsfyhtqiulxyiqptzluetyfwwfuujoirtpjrkfkdenpibkcjneioykhtm	7911	15194	
lwjgvichgqqqjiopxvrvpjhquothgshcyupxiriiykakylufkmvlhsfrwjrutstqbhpcuwpnjskzvxjakiatpgirxilxcvxgpvbxgpmsdepthzifblgbeaxvlprbwksbjjfprfjkcqpxceyxkorkecnvwqsucrbhrlypcrxcbrywbwonveiroggkolmdynjbslgnvtlp	18871	32298	
pxxxgzghmhnaitvwwxwwmwogzrjashrlcndlbksfytbinhhtagjrtbyjlpqbaloftegjenzlqbgyiklzlckxtcxiiezmlfxjikwjndahaeucnjghlulocvqtziqwbigjophlllznnonzsiydkgpgwzxzwtrknrkwxjqukcjjjfoourtxtotksyovdnalqjgfaeyvxhvf	14829	11317	
nvtpuititfjodfylpvxocmtsbunnicjucmkgkwnjjympqedtizbxeaprqvybssvrnlgqzbdasfmclcyajzrjyljtipppuififwglipqxjszqcxwhannyoscemujdqtbnjybzetohvhbjdeapogcwkwyckwinekwhynzunczyvwrniwvmrawauuwbbmeygmvyzvcprxkc	15390	15745	
ohyecoifdazimgtwtmdpjpzvwajmfktjdqskuqplnpfhkymjvqevjywpzyxpjibolqsbkzwyvfzzcduoiddubuvyodfudrjrdegzdxshszcythhzssgbueusqshqfzmuffhnuhdkgbrlrfufmfhpgekaxeggxokhwcservdjjjmqiophjmrbhsjdovdpdtrsbjhjrfqw	10252	45561	
bgsevshvpberuowvyecurohehapvrviyeeodxoxbjoyleejatvryrqjzkafaxkbdoecinxngqptlfkweevczeuhpdustpgwykktsefrueodksufafrlehsrwvzdnvqhpfbghigmlxglsuwltbhlhoicypfxqprfchqjdnsodtkflvicvkqqgcdefnbhafhulueifuzdy	2117	45517	
nbgdxovwdguuwkhaxttlwwywxmzqokjxrxbdnoqpdsrtoqyugtnycnkykfdyobrudwxendyfkrizinprjlfvvsyncgzfhvfckfxubhpokdbswbphiybqjlmbyzzwavcvqxzeborrogfeduhhnouwwabronxyrzxigvfypqlywvbmrhgcdfvsijvnxvbmizvpdbmxncoq	5598	38430	
dzqbatzlpdfoirjtlhgprqeudwcmzuffvtfymspozfmbxsonstlljqoivfqvkbttdzflwppemurqvntpnmvpyhdvzafhbmiwijrwvyuhuxwtykucgjavledlfnjzifdfkmlffxzdzulzucdgpjttngvkksyrcjwnndgjoyzzrdmukbixvtckxnajbsutnckaenjuulyk	13380	19723	
poehlolsqdaqpdczmblxwgbkiripifksvapbtiypiisbpzcsnqskhhytorkzqssgmflmghdkflrjbhulbkvvhkkdqnaeaqhlemfucdqgaegkwckfnifcmeoqlljqtfojammymtgpvlhikoxzwyceajsmysqvbxhnjznotrmvtylvfbzaozhxxtqnbbaqiebocydiszyb	5832	46241	
eaiqclomzqhyaasmbefhufrshewsnpjwtluzmkimgixsriejjirfywdrysemejkbpwasfjzeprbojzclpjqsggxghmivymgxvfgxutwopcbeeiswmdsxaccwrkhqsxcwdvkhfcxubfdcdjfsgucsinbwpclqoutxlofvmibtkqokxmzxcltzeagwbswcqimfidwopnjz	4468	7224	
nutrkjfumazmkenhfeoogajmxgtvsdyvnzltpokaipdnooweryemfjsvtrxiudbyamtgwourgafdurqapxzmscfryfpcasberdlkkbyrbadqoopqysjxtnrshofxsgxagbxywukwsqlvllsduopperrcijtezpwndmzgfdhcyvzupgczghyggueyauvyflczhhsdbbjt	4773	7222	
sesefpdtbnxebvxeafndhsuwousvsxflzmaylseiconeolhokrcbugzjaomhnrmbsbtrpdavcjexzofwbleizdoienjdvjjpzibblgqhjgjkpmxrnragqcloorgdzyhsfsmufemmizjuodgbvdsnvpliofdwhmvvefcmunvbghxvkkdauvfiutoqxevkrthkeldxvjhx	19820	35577	
dggmmgtfmdyrmxdrdueniqacrgpbofqomjiphfofpqfxbtccylgxshtojfuyfdhcqqcxcppakknjtjvvtnuzdpcqrypdprfczrltqngnxyvonxagpcznzcsvdcgddjrnvztxglreorzmoxbsrkgxmsyavdxofkjvpbgbqaderblixrftpzwbeunbyjrxavgbdyorvfoe	951	37133	
zvhvnoeofwwoxchttzvpvpckncfviydyabnhtjbvdkdarpionfkqxfvwdyozeczifgamzmoetonhxuwdfbazrryuqwemnutgdodjlzvodhaikqhkruijhvnlsikpxehkdsixzhnryaoooozluddvqvgxamszhdzyszsbdtoqmbbnmqkerkcqzlmqmwnthoeafmmdyeuh	14462	21285	
uifcqsrpypoekzlsadbzecnlvlrispyowjydylukekumfdfptuhznwalnkbadgbamvygtgrrwjfykockyqreixrspbdnqilrezsicdjkgbjgfkobtmhgnzxrcqljqpfxvcyvqaqnmholsaynkggopcfohwbfawoxyzouzdrovukvvwchufbyggorlvqjtrtgadwcnevw	13247	35499	
lkezbvgwzanibtfcwvnhrywuuhpsaeeuejitmkztwclpwbwtrdaohtpucnaqgpszppghwldthcuisvkdhsxjlxolukcoqkokjbrkgibjsyecbuslbcqvpdnumxejmoerpaxyqtdwoqbnhiapumbobkazetknuohebmpfgzvmawnofvulcwcefkqmyjyrmhabwzssrhed	10861	13905	
ctjnxrsubgwydquccbyjwslqeobeairiyrgezfveimiqjntxxmuujpbaqofurskzmgtoqhyuirogppycupruzaflagnpvjvibragkbnltdeucfevcaxucqrdbojfnoxpfhtsfithzqkrhckgmzrmltinzvdyeyhrviglmlvbxjekajnawdqovvldqhvpxkbsxmtmuwsq	4107	21564	
fcqyskufxparjhoodudwwnqxvylsoelmfiijezjptknvjcpmqimigjodbuzcxyaiyfqgqsrsomylrunmrpjdfhexigmgiwwylxgfnebvrpfgnvdshjosguqgxcqqeqhgpaotpzzrxorpwifgoibdbuepmehxsevjfynqtuxpnhnyfknwbnmsuulxqxdnalliauwojujf	14883	467	
bbkdtqjsckemiheoqrkiovpyydudftyftbmeooomggwdoxlyfbchhbsowcgemjmmltuwfmloucwvkkjbrpliatxgjhvkknjzuextnudpndwediekdglguwtpqftynysjlrxbumklnliympwptfqotsioaawunicjavcywpnuxbwcsbigreyfnubrzzrirrrheaebxpbz	17142	2803	
dlemocwlawicckmcguvpeaxtmmurtebrsrrudxffviaqusachepiyitxwqreksjauvrxaymvjljcbvqxjzpabgquxrivthlsirxpzgitwdfudelndrvdqabawlwptfzpzsmljlwdjmbjrvjyrmvknbauqwoozgkfozuwpfopklwwuhmyoapnkmbpwrifitdseeclpfev	19845	10882	
fxdgdfhppomukbdymfrabhcwkyfcljflrehfpaqxhokwazkoggzcijfiepzyyzptemrrdslulksjlpwbtkjjupatgfalxmleegtqyndgfsmqcuzxjanwbleclhqdndqyppubyvckzdidymxpoanwcubztkrjwerzvgnwfpctzfowgzwfixrmbhmogpstlveziuojpfzc	3499	27910	
prehxtdcjytelcmvcnitvzkqibdmflnqmehgorzrmhfestaegchouugckzadpjyygkjdqhuourmyqujgvaizhivwfgdpsubwslzklhwrvuxtrlzmxqgaredhbcbxyblbncayazmvoyrfxfzgyixktmjpbowlawgtrivauzkptnjbyefvslixgsvxsjzfwlyhsrvcrflo	18865	19879	
ociwwzvbsxneoonwbkhzquhayvgtgkgtxjlpewkgkzhokvobjjywhcdvciiidouwuifqqdraizsvwocpchzeczltymyyvdatukknerkbjywnngwhaekkxkfvvvftitnjclmxovwchuashmxnsqbixgdvuredyfbxzfgeczqnbjtsduzgsjzivxmtaokobkqjeauuxczh	14047	15992	
ybxygebvyqrzhkrevpfvjtfgtdtfjqxqhqqjvpiartrretrsarcdmvfkanfwqjiogobpguvhrqevgbqwqpeybjltuwhpkkeapmhileuidxejtfpskbryrqaugeppxerblygctxlgwiadkpnluhprqtwngneviggvxyonywpuhdanhgdozzzkdbdtbispffrrehycxkty	12989	2261	
exobbgrcndvlvpqmhaijglftzvtuohnnoxfqbzlfzujkfghhyqkoggjkwdytmohpqxipaiodkmielbsclfijyrafxagkqrzxmpfxeqnweuxdgzjhfpipyxxdwqaxdxpdtddiucssmmzyggkusgxrzlqodhilnsjjkxlqtacwfrvndxuoidqbgduwwslpyudehhlqrajy	18920	5327	
ickhpuuugvckhcuaxqroqegcejyijzcyqaouutrmklxoeftrzmdgfncgbqlbqbfkrsdklgqnevcsvtteznzgxucpimleyturbichvixdhvniklgxdjejqhmshvrjsifmqxqffcyihjmysoefvirmhvkhpjxbguashlqqmpfxutmvizxhuddvdtcmwseydgafwgiwkecj	13503	32001	
ujyqaiadlsdohpuihtmgkhireopvgjleacthsbraqtuvthyttxrgzaqlavzucntwrdgklelkcwftpkbsrzfhnnsfpcqhzeqjbrewhtattomohdadieqpdwxapeeusdqsgrcbjajwpqpijxjhsjnstrhcvaixnfaasuhtoxfvlthkyndgebesdhndiuejkcwchiaxcvyg	18326	34338	
pnyatppcpqohhimsbpmzepdesxwgwkqfxcdetbxswwlligtmxfklllroldixsoorilvncwrwotktwegyloxedcdjxyoztpkuvgvtisoplpswbjzfqxgjwuinhpeiznvmkgkfhrafeqeuxplrhbmnykvvhalriwwjuykvxoqbejqbbiqujbbzlyqigzysvoapazwkqgml	15084	14332	
tiwbhaggbnxqwbuelkjucdizeloedarglvujfgqqtyznsrkqmgfuyiuvafwzarclimrzcrukhkdpplhykmjwdzjeltlabongmgypadwowmzovjgdemwkbyoidufugrzegqrprqftzfbrqahirdqymhlpcksszsrvbxrisshbgahoelzxtbbzzmcjuuptihfrolocndkb	5628	4338	
htweizrnmjuwgatkkvzdojtsjjaipupwwghtrzynytuglfnutokelmyxzfymvcnmlplansafrrjhlwjsbmjkmmepbfjobkkihdtjzqdshakrczdtwlhxjitublsdamcjvgdeeftzugujqexbtfltjwnjafzutbvwmlunhldgddixiqldjfgiaoqqyinhcbbdgzeqtmtw	709	34374	
eryysjbvjfdqzxeeztutwkvbsxxdkgvbtdueuqzbupmmlzrnhhohtixfjuodcrwclumrimhgsapqodmoxscimoxykqswwrxflinvpiwatrcctconysjtttoqatufauftbenzyywuimutleuchkglpwkfbttuhcyflynwluqmcibwarippmgchudnxsyiqiwaqjwqhdmo	10007	45623	
jswjovxrdsgiqouvuovwffflqzovtyylctfmlzequhhfpfzxdzuxtigigeflqqxueqxjqkaivstktucjstljdlkmppcmazsccfvismjsqenvwfowrsfspzvrbswnblofddprsjvsnddmugpdtgwaanvpazanfanwlxjlihzlvvczsgihizdphmesichxfncykvbwkfng	12122	30925	
ttzvpqztdaxxodekafktgsfdevssxzxjvkpgalcintqeqnshcvhqhmnhiowbzdhwitmqvpwprmrcarkawzjvptkwsdpkvfucuorkbfusnndwzexzluvebrmmbsiuelzaqahhrmdsownifiwkeguucsgsznssbbyvytetdbvripjxriqwworhsrerqggaimdngmhmmrxz	9796	48177	
akztbrpbfrmrliczebokvymhypaqnsyjkbpfuhcjoluwjcehrsnhxivipdtzuhhmopflqvymzltctideqyggywinnpudacscrolwydzkoyssffcclmgnjdqazkjhghvvbzamvvatflbdavyzglfhmcgdnsxgljyguhrecnhotpwhsoblxnmpkandfvrbztxjwvkjsqqz	7941	33458	
mmcfqrmlknxunlmuiwizszbahfvrinvoyxtjlsnoenxunvwecbpbsfirzsumgdmsqcqyidpgrpcuhutshggxrnmmxkkdbvfubbdzfrodayxrrleeahlkbrodmjbtkokuxxbdfyanfqycnsookgbbiukmkvlluytpajdjfeagiqyuumbveczjaqujwfmvzhbgjrjuvzqe	17870	36014	
zbizcibcfrpcmipcgrhwnvgabxeqdgepjjqzmttrmvgjvgdqfctmrzzeshabffrtlbjyejljngaxyimeukkraerndytdoybwutlrkxsjfasbwnbdzgcpebqxbhxpulvvkgmzvfbtiakkhqtzseiqnjdpsemiinrmrmuzekbuqdwwesbidqecpngnupgsorcvyxvgfntb	5418	25720	
jynllxguglbllyxzvpwfvkiewxlwijgjtfcxnpsbpelqknehsslkdxodthjiapechygzmcstynrzugjoqnjneoxpuuupqcrlghiymxaknekmwwaimjkxjtgucsihqxnwukoysiynkqtbluaekrryewejeyyhzxratxplrlcfvttsyhrlnljmfrfiqddonnllagrxtrxe	13985	3734	
ijuykxrmcfnxjhszrcgzxqezxtqeblyifpfeysjlfgnvzuwiegvhjopayiqtykvlbnuvxwawplqlcdxfdwplompfjfwnvmoivvvsrooqingoxhkkkqsvqjrkfoimckyapquzxdwudkmyflncdzdjpgcfmefwejjxfgaomwoatamlaiplhlhcsiufaxgfmxopiohhifmc	576	6243	
zansdetkjqwmhlgpnhdokvbbcxefriknjxmmvgrewixjotcisbxifiyfvuungsuegoishmuvfaqxaprfanyllymkftznkfxgeriqmovuxehqamlbiiyqimqsoqlxcnfpnlduxrbyeiuoazetzzjfatqicqkbmkssxeteaerwswbzggaqurdnubullstbxxqndubpkvmb	2930	39500	
yzrtjsybfkelvuaohaofhqgnvlhkgjhgkjyfrxzrdjuaokwyjvzadhoyussluhpeaohtgpxbxlgfttemjeczrnjvwvqasmnsxdxcokkrznuxiefojolefawfojeatpgxcegvxyiojzfoanlakzorjkiuglwrzdnwcfgbwbrrpmtyjkfepcpjgpgwfgqieynfltkfndee	8156	626	
qyqiqhjufchkvzntlsopjfbeyanchgazqtxfukebskhrpwerzmogopooxgaxmrzndlvwdgmulafqjwzvltyzfoliuiqtitessijypmnapbwknansfxdqwkaixmaydbyjpnpmttjnrmhvjdbgwlvsnjtfvdlqjehnkerdsfhqbredbljwrgzrezrcnephsmxazzoooefh	9986	24189	
stdpqiiuodkgknudnyczqdokeghljticgleeqhnqobbxgqfqeklcjjctstybdhyhxuazyjqhhrmwkwlatyzdzuhjhmcprmypbuhtycmddsgfcpnxwagilunkvrnwvrlokfzxqogyginjyatpbwgoponucjqmbkgojsgcrudycjuxenhkfbzszpifpacgfmgoansvcpfn	8901	36451	
ctbtwvuxxugriudtpgzskgjozoxjbzhfgrulgrysdhgodklpzcsxjqxaprxnfsxotrjxvmqzybktxcuexglpxjxmzctcnojkthddhjycxjzzssswdkjzjmxpknlwbwxayjcuzdicxocsyeinlerhkgppdomdximtedtsgfnyskqbsnmhzkzyustrkdckisiorlywgalo	9690	9884	
xzvxuwmxdzwzdkoebqcuswqsymkenkblicvhcorewvgknxceetqdjdeaqfrhpjlprvfzwzsqnvnrpldqtlqavwbmflhkvpkxifcyyevnksjizsmfgwgdjjzdmjsvnjkyiipdmlgoaukcqexnfmnjqbonmzzpttwwxmopbikvcvnvxecvqoeiylledsrpklvwiwwlbvat	17817	468	
pshbsitjmrlxqfjsjkbmtoakiusocflgzbqmmxsottjdddeuicsyawqnzekptwwyogdlsudxdyukdhllthangmxiuxuztewwtvoujomumlepszkzndzsqobzbpchaywvcqgmrqyhvceaeqklykhigskmqnlwcjdlfmtruzdffjqhytzxatigxyivruvfchwttbxrvppi	1082	34394	
sdlajyqluljnndrvdoozyormbqvmpdjpmpxdpmrlqhazslyrllngotwfuatqhxdbyaitahamubjziiwpagsrrrifvsnjonememfmitshjtedrktfnwvcaddgiwqbofrukrjlvgyvicszflgvmbposnpabrjcowretcwvlzsqrngnnkgbzmmmpuulkzcwcauzmjbziwny	3982	28118	
xbkhneeydggbvfthyephbquozqjymddkztuxjbaqmdmjomtgyotwnhsvqxgfjxudpqyftqeluwgomkughgsktzgxvwnqrganaagprolkjfrtrdquisqrpqpdfzpvjrjzjkotfswzxadveqvroykbbwuksiquidqntcinbamllwhojgkednaqrmbmkyzeoytilwzwjntl	16235	45475	
voxooporlqoeqyvtdcaqnopjwtgiychmpfoqjerheerodasnrkoqiivzuyewafwwvuqqtvnfvnjjzutrhtmmfqnziwmbacnyirlfshakmtpttpilmxttdfhdhxjravsuiebthjmvoisfgbyzoutjwkhpkjyqcoubtvkdgegalcjyuaimkajnxjokocybcqbzkqhtwigh	1120	21193	
auarzpzvavifhacbzievelfuufxnprrsgwoaxvjkjyicyvkpmejfemjgmlojpjxxxwphvpqnrvqwhgpsdrjkszautctikifagjysgkqjzolhjlpyeclmfhgjnydguxhzoqmluchstbzrntenvfuspttpjxzqbrdcvhqvtujyhqvdxmlklpsapqnhaeqzhveuwntrmswh	3413	27561	
pgkviznvwkuhgvicidjxaayvebthtzmhyswmmeqfzsshqehxzkwulnhzsxjwgfcbwllublkdumwnbirrgtonnwjgqzwgjemcknvlbwpdmvbqlrasmbvnyxuqdavmsovaeicfjbxxvjqlnosqufcokdvvzgtgftrpzwxhjknjkghlynayircpggghcatgqhgzcjwikpgj	12192	12658	
dnxpkfzyzdupwdtfrxosqfapxhkyxoagdejbezeffhhgbcmladfisqrfxutgbegkmuwnbjzykbfbuxldjtowdenttmyalrkiesfsfrcobhyepfttxpacqgcewhdegdfrvrkqpxmhpmftwvonabrsdeqvnpiigxkyqixppcuqtsbtuotydwfojlbixoeoclposdbscwgs	14468	48896	
obrxqhxbgxgkwymeamlfadkyhbelhmgmkgwwuvefmuddgmhjkqwtqrjepbytqbbdizfjghisazjeckbaqchbjtndcjyjcjsmemejggdthhkfuxlcgsmcvlhmezifedteqoiqvfztnveazkuarcdirzpoiigtxgzuuixhjykcvfzhaxjfgqdnndsqevbfmlpmfzlwyolt	14266	44862	
qlkdamxtkorbiltqrkhalosrrooelbxgkucbfvebrnfonomiaenybljpcpvblsyyeasjwfjjgjsfxtrvflubvlmpeqswuywxwxjvnlpgsmaajblsfvoiidravzdtwprcbonljpnndrgrtpeybfnuktdxgpneajrvnaqhzmhdfpgkdybutsxbksxznxyqkddlqoyzzokm	18087	21181	
egtlhvfkbuyxosbhbhvovmjuvhmhzytvblszrgzerrcjpewccxpzratqvgptnqmidyewmkpaxiquxbzfbizxqqvzobovdbothzkmqexwfqowrdppwuosojgwcsvziskdcgmfxkhhynybmqdrnlokbguscbqxckxhyneqtptlxpbtkljtuorlrhwcqakxgqfsrravjasl	13159	17125	
hzaqbrkpbjmmsbnvlpuxyjimxksuzxotkcsvhvnkjmpmjbahaifliiseunxtvwdmvqsssqrjrrjtoyyhcrhcpnxmcqdjdfpzfsyzsajbdhlvazxedyjgwripnlbagdgpmeugspqeluzheirethgkozxajyybptitgwavzopzhwbjrsdzupmefulyikrmefxjhpdxnpgq	7455	34517	
ueoiuqsfbtbygdyclnweqdqfxoozlervxswpuxqjekakqyjnoobnxgfmwztqfczumtdcvattbzdoxreruwfarxxncddqzifbzmyxsmfbisktzyctnpavjupmiodlqndpicydegranfayxolbqfoesaxxbgamciffufihfrdrmmfpxibunifjitwievrllzrxsrlhaudh	16664	2736	
vsaehstxhrbzgmemlmaaztgeoiaszsbarvgxfetgqflttvegunkkxpdufzifixdtgxqhetbtzjxevbjrgvosjpiyllgpxiookqiobeskocfvkqgufclcurhrjzjsxztepbykbednrgziwkepkfsskfnzzfepjpniikvddfkthfzakudtlzvkqrnmbokygjjgtllbbwot	16082	2652	
ktpposhzdrbhgpandvkmmaxbuuuqjvdunlkgzwnvqpfixfupaddoxgyowdzmvjpnylmhifilvcvszfqjymrvejqzjwarqmdsmrdkdjxvopcbbxtdhvgmimfbhfhhnlofabddjboevlyneqncfgyahmgyxbemytllahtyfmuqnrtubfxoqzkjoncjxgceaitdfdnvjdej	4507	40646	
buhbfocqrmsgzqvxpsxpgkesamwhauskqaerztluqvotkvicnxnxloqddfbqeezhorbpwzgidiicesubridkckikhmcsbnxqyoycnfzszbqdrdtmyalccodxsjggbktbxhlngdzaaoscbawobavvljgjapztlhslofyhvkadrqiahidlaprciemkgguzqyvgwihjpvon	3376	5714	
twupwifylfrjujxuvbxzubeugcwtqviyequgyqqamtoecqqxtsbdxuautjzpdmxjqkkwjnfrcwdxfawkxbspmplatvqjrstnwisbqofvyqqkvzfdvntpenoqoqogvbefhemgnyrstevuhwublagcpsmivhhgzlxbiypvpdtlwsptixsvsqfowqkayspfpftcqieyklln	17541	31036	
vgyynrrafrtcaosdsishwdmcilhhrnxcjjunahsrbzgdffdmzmzudocecbfptmlyhhtvfmmeguyufopyyksncvppqvppmdvarkrozovvhlwbrwqoqznmdqjxjojtlyzroyntfkzmixasobyiplqxdztxfexqvtjvddvwnrgkhzlychhsmrklnghojikuqsuvxstlxwfr	7323	30324	
wjlntzxspeilyihwyocthdmkuhlkcerwnrdarjpodsdmdexuxjgchdmupdqxxyyzpywmfubqsbbrzfgiipgcxzyszvavxwwunzrtxytrqmuqtolryaxnvkvuwxjuhobqgeyjsziuhbsbyzudpczhlcnewltymusvwtfijlrgtacyxloxqwiiynzhoyphrrgmqdtiderg	11134	30534	
jvzfavnazedduakmgqltaxkkhpagzblgoswjdfwhqyfxlzphkqujyyakgpnmpggrxomtylfwcftmrlbkmtlvqqbkspshhehjpruwerepolhwidkfgrfedpivvuxatwiflkfrojbisubczddnbpvnghfmywhvvxljueijrppvzifcwpcubqeasjgfwxlflfwhovtlgwug	10566	44229	
hwtzeemlfpbwoolzlbmwoozobmsrxpbsztaekggeiuozeucjnecdqjvqunnusokxhsqnjdszrhltqrdxsqdnppruulvctmrwizzchybvolgkfzrwinxjdwnaarbdwzutdfjrxjimsjekmacpobhcbmffpgbdvjgvpxpbxmoukejphyuaznxkzbrurorglcitskfupvrs	13246	8784	
scajsqhirjmpcppzjgrzvnhqucsufhghrdiaolfhlsfiieevhsyyuglmibexmmksjbawvyuqcpnwkioobzvqgyjgyhgyirbkcfyknmtgruagpjpkymwvuxykahehaqjeksevrgslzuuqvrimmasqrwsruhcthjrvxfwlvvvrohppxhgsgvpnyrafunzlolugjfzpvfte	2349	4667	
tutcvbzdtvfmsimlbigggnvagaivhsgkvibsvbcpymoflsrypzxqzzvtdqyidpfsypdeqbzphnttgkhaqkidiwvcnquhdtjlxgqxcvvuijjakarprfygkxijlcwiicurvzwldbrtosxsdruahvudgozjygvwgsbniesvlixdurwcvqgcoxpruhctmcdhwbyhwadcsvcm	3456	40713	
robnmkjtteuhzogekiwhriturfyxgdazujfholtzyoausykolgrxecjlbzcdcfnrebftxmcvqsjwjhrhrlwchqgwszmvbgkqytnfepmioetuhdcrpohozwzhhosuxtoqqdxtdhzgeciexmynzecqeqkzpbuxjaddxhiniqhbywnhiwmkquuzfmqzykpstjsaiwyshlga	3779	44367	
saconrehalvwgwxjsktfcqwigjdojthmkgxxawcpydawxrcuwiozblekyjmritqsxxjichsibrsrehcktmrprrdxnmqmebnmagpvdxsgjgnpxmjvcnyktaipskdsulwwhkhyqnyqbqadampfxaiywhldpuskbrinyuhnhzlaermouxbhoksaxxsiyiisxcrzjiymnvfo	6212	34131	
kjltymzeyjopriprbcbrdifwvwtcvszieivtqhcusafqtbqnajpdlracgwnvozuvcecuspvnrwbiraindwzsdbcyzotmffpqsyfzqejimlpcdkgmmtzraevztkmiuhhvlpgtmtlhdqrqchrbsqtcjnkqctclzrczpxvgvjopqtzjevbhxyssxzhrobzxkkzrymrpdqes	17660	46692	
bwdhklzhzynotvbonsbfdkafrveljlzskxfbgupkmeljxugsaspgfixahhwmxriwpeobcgbemyqtdanxtkyyjsozajwnmomxrsrleyppbcrtpcnrjchipehchizrogtrlljeaqirclpzoudomwxzreflvwwhmxebkrmbaqmwhtpachvhnrynxvswztmuikkzxuklptyi	1509	8472	
hrbdaupyavjtocbqxdxktdofflebauketutihlhspthcwlvjyfsozqbsgokihkihdkrksbssdjvnhpnhzrfmonldppdntvimpgotbwpxstoybawpnsvapkcgvtvkqrxruqozigiwmdnnbmkvcjdvwrwiedjnhfxywzsvelmipdttpmyqhwitbjckhyhpwknxuiexcivm	9127	19313	
qafeqyvrlysyxxcteokuicvjarqbuauqykxitopkgboxtgndbublzedyboivigfdchpcxczuygxwvufreeslchrbzqhufrxbnqlzjsbwzopvnzehkjfkjviqadwdzxaybyvhywcaxgkljfugyfteamohpgiskhsiumrdmqksxxdzbiqlzfryekuhtrxtfrwdnzxgfuzh	11822	7831	
ssvxcthzldmuiizolowgmvcnlqknvocudncfqexknrkbiwguauviccesufiglkbgssptoasorgfqeodibfgzarluiocdtaftrdhpcqqtphohmvgimbonfcyixffgtdwqiakeqjgijdbeqnxckrarkszfaxcjdbihhireingdkgqubiewkunbjtnwspiewfnrakksnqbv	9409	9604	
ggoaaclaffitlczrjfscgpnryszflqboycjyakxwzwrqjijkuvrwqzxycjeqzvsqpjjgfcxxiqwicfxbytjwurzealgwvzlakoaafyixjhrwfsutnmwybujbaolkrmptzhaxyxbwizipuxiqluioxexrcwjdtlwniwjacgzslzhsszwpvrhbiagpvaiuqhrxiydslkfm	6225	30828	
nnwjoprhlaigyguxbmaovbpciwagtanmnhmmdnupsjbsnwiummufnqybutgndcuvzboyefwgznztlitjrclqpiwsxceqyyanogmofaybcjvrbkptweciqxwvxzkswwoukyqdmoxfyxmhjmahjhmnzgurnimkjeeoehifruuksligdmmlcdqrvthxeanncgdjzovgwlcl	19276	17958	
zxgwtqgitcgfsjcbfypvjuansugifdrxhntxyaftxwdsjbwokqqjivwkweigqszgpkkldhowbgcuchcwqofskgbidmfeemmgyvivuxhpjfbtodhtnryphbgllyffijywmoducesyqiercvrejodfzezlhjfxnevihmgcmolhyilcmowykinmrzgkqhuboylrzqumztsd	13357	32383	
nmrocuczxvmguchjxqainkcxmxfzhpxcfegvsiphkygjdnluagrwcfgjnnlfsnwoqsjiivuvcnhbsregxnzbbzgvkqgksyknmlgetbwjswfugywtwdnykskibbwxtjwynipndgazbskedhgkwiyjvidtpcnczqbpljhvoumaidegydxicnqdafexvonhaniszsuxhhzt	2203	21510	
haeyjnqrorvjlswljasucnpgslbojmlveozebloqzckgrvjsajybsrwoqlbmcswokomrxjeewwjwbtzbmrtgjsssqipwrianaeaqruadkxzftnvyrvxxaklwwotowlhloweygbhmyrvporjwgmrhowajrbcppetssaeufkxhwihcyswjxyutxcralbzarclykylidjeh	15217	29088	
xzmfraythqxmhdcjljjelhbcdgvpnoffphptrgkgyvrkvdkfbopdogemaogadqivxkiwpmrtsgdqalclaenhlsfpmbweuqcqlesmkgmmlfznujqfckwmsmntaeqtdqbdfyjdrczdvtgquzykijefmgswibsilssiqsmfffcxebzvklevwdogfmgdrxbclzwpaogytpya	2636	21869	
gktngmarrrcyciaoddeaotlzmgqanzslwvpltllfvqmukxvrvzghbmqqdybpzemgbpzifywyxpvhjgwpquvyksjhzraufenzfmegpfznpukyisjfanrndofjksxelbehwkubpdluabnduzanmaheduwfdgyiwbsilfilpyeemqfujzqjrogflqxfejkyvqvbdtqgpgce	1992	40754	
jgwewarxlnftvopniiynouwmzzgnmxebuupyzjjlswsjpyvzvqncwybmjbspljxveffjbjablzttrzxxdexnsafdxkfczmrpahmqrgkamacxzbpgtxffuonxeprzfgvdiewwtskcduzycmcsysjyaulmnrmqtdvtincbrcjfpfidiadnmoogwgyvjngebrcgaikfwhrq	15840	36355	
mynqbsgorcgyksnjgkomqnohnobkdcctxgkxkwvsywhbeccskipoxmqerfzvomdnlfmaeviglfepcgvauvkqpojeuhonhhpqwbuosynaxsbkhcyrszomdufhqeluhkexfivxanhiebeugirazkqiyiyqptjnaucgykmwtybwguggxtkqjmxvojebrnyvvngkvdpaeqna	7287	3573	
acxxntxjqaapyepgohoeshnogfpcnfwgiqkzthcjgaxyccljqmutbbjuwzanhngrixqqbrzjkkzkwqvcihomqeocuwmlebswgkrykadxchbjpvjmukzpemjcvwtoupzlqsnxuucsjrhbtgzoihmgfjpbbulfzxzpznyjgipglqfpexjxzbqjucggfjtgjexdolstzpta	17466	46633	
seumqeluveckwkgfsfyulxlobehkatctuyhfjkyseznbgiigzzllinyznygashoanxrvvndfdyzjjuivfqzwepxeanpdhqupzqyipkkoiapkeifvkcqwsdnwglapmjbaudgdiehyfbkughfigoipmphwwylmbcauckewbxvmnbxvhozusvkbocctmycofkycemwbntzj	11981	2954	
qqcxwmtptzatyacpriafyvollaaydxctjdjkqweqtxwrxrbsvuyodjkhvnxumwmumapnmgzbolwupomtuqfkkgbkzmdgvjbjkqkwpwxcmqrjlqdnezwlzezhnnaqnipkrhadfkhclqgwnccpfxdzcukjvpnpxmbcdpuozantofqemswfvdwynxixscitpiwetcjzbpai	7679	42436	
pqgzrvnidymntdutrnelznhsszmircfgxzsjvdrzayeocjuqujcyingrqdyrupkfiscidrbsqkciuxasnvwsppyewdqdjyizxathpmdgwbvsjyjrrhdidrqbjlqxyvdmaifzigunttmhttmrlxosmlytrflqfwrkgcdhmjkoosidccboteetqppublypigmtedcurkju	6943	32949	
pgbghyhyhgetrlhacgqlgaelcnsxvtrznuuwydpgipofjdefsirqoavxxngnsyqxbbdogxpryjfruverxeohelirgujvfuuaokjfdnybdjdawnliiiwqnglkdsodrkeuwxkpnbsoyajkbcqjxgnckjqwvyedwiwlzrymnvfonzcreuvbxwfzkqmaudtlmkbccjmahxrw	15420	49522	
owdsuokzwstzvfochwofrjcdzfctimgrtrzvacntjtbbzuapbgazmmopbsjefilmvcobleizunmstjyguvieidkcnepdkjzyfrarfhfvmxvykifpeiulkaonnazezhjozzebzcjinmoujsgtnxviqwwmkypkwkcuragcrbnfjzptlqnxoebetsosaspdmxbdaswxyxrf	2763	42783	
whamwihivbfsbrvhxinqsmpsvjsjhoxorvrbhpuatgpnsswuykobogpmnlqopqtdocahakbivtpbkntwumghykgrkxpchqnaajutjzlcxdrgivfnhbrqmlydqwrggfqiryvtwuhqxadyqbfxfmjtupcfidstoyleiwvzswgosnbcwjoazqctijmthjxbzpcgmdmuzxbo	13633	4617	
dhzesimyzrlkwyjedgvsurdpqweulayaymlvpzjpkwcfsrwfzvylgheaxsjmknryuaazzyajcyplceulakcxpinvbozigriorcjlsenqamngbgzpemcpjematqawjwumowbmuouctfljhpsdhkhluilvyngoqmitbbytyqondnxyrjcecqjuwohydrxtdzjqxiejcatk	3487	46721	
mfmsanvnizbtbzanhlpphxfutojbskuxdeeksctsuyzswmagwbisdievlpxszdqarqwshfqxqvspqgieapjxqmntlvlqvpkwfiqsnxwqxcliodapytzixwmxqyacuxzpnvhdfjaxyrqfpkpxbiuwejovaqjahyzpjvjwcrucxuyekgmwxcxulukadmyllarelgxjgxzq	19281	37851	
fbrqfawqofllqjutnjdumpxkrseecwcbecewuyzufkdsnvnkinbxobyhptqynodvlsbywaveuugyucyvpazollgocqowdlzirvoppqjdsakydjrmfqwybqnoqcgxjnvdasxnfuhpojoufknkddkmqkzrajlknklsyiwjqmrfthndsawqsefrtzoohrkarpbocwdtngnp	5751	19651	
ucwxouzoklwpeerswuqxgehbivkkbrqufyelbrkyesdhhunbrchkbotpamecfttwsqwzvqcraveeavrveagswvtpzxbatpyaqdtlhuiywiwngqjgnknkhdsdurbwsupkkzuwzeropuwslxphvofcvtjgbicqmhljvcfswkkhtporeyrnvanebficskjykfhugblxtnmq	9486	31421	
ghvjlvwzltqjlnyxwkrbgwlwykpfaekdksbejwlrymhjcxfnkqvpwmpqdafqzovoijziqildkomkypyazkqqhnqekhjgdvyowulhrbgcurchrdsgcvlyryhvqmtrwfxwvcngvuxxlainmqmyzanlvkyzqrljwirlghtjwmcxemoidbdzrbzmjlfzpomkkjjzsizyqumf	17346	14425	
uiuwlbfcmkfgnpfbqnalldlxhmermzdswovbfmobozwovrynilpurrckbufmqpkgenxgnkfgovusxvliyxaxmtcxmtqhbvgkmtxwfhskkqoyhjdlsdpktvyuifiyjabrgskbgvkubmexrhalnypltsayodyqmyobyufzzuzemuhhdgzjiryyyitmfonurvopoodrqrxp	15219	23542	
usxfzdhdqozkwcoxqutsjsrfdcjoervzjeeqftfosuwfciwytoozjyopvxicnszbdxosgfdjkjoalykevogwsgkzszrgaehfeubpnsxenvfzjvtwzbvvbmzypscfftmylrzxydnscrghchtuofvggbaimmdvwybptykxwjmuetimnzpnuaxlgqcizyrylqykjvgtxnfc	1511	26152	
cskzcjcxczkdkgpxiwtnqaxagzpsqtntknqpvoyiawxrvuffagndugzkidvjcgwwitmobjjninwgpnmkihyxvyormdwrfznstshdekhivipyglcqofabjmadfllopeynwiwtatjfssfqtxlhbggkfpikkoxzbikjapazahzomijvtjqbrkxyzlajepcgzurecxhigwnc	18987	46468	
hilslttfiremvnsxyahkurpqhsnudcadffexjxtcckusaatseufphtxhjlejhrouioyhaiyufkpbunjpetvdkiymqfadvocfvkysdqxejhubrjogfnarzbbkdirjljkilyzkwwkbjinvhxyjvnmoilklxzpkrwtbtiuyztjpcwtshvoeqclfjujsspxxgkjulproezyz	7835	20950	
avspyqpzfvseanviogahhlhgdwrhemahlkenlhffqnfgmxzxkhtfszwqwzkdgnoemmqdsgwonefrjeejmvjzeywcqgnxxxcgqlkeubgtgimrjssdikwdxyxttzzkvmgiiruatatptgnqofxrrwvxwklcmeqegqkvfoebwumvxpiycwugerupjdxeyewxatdvmmqeuvgn	7307	23785	
enezevcrpmznegbdnsmbkvhhdwqijqokrlnbixpwejxptbxcazjzovpucjrjtnbnjhbhqdzauxikmyfasnfnbewqlnicfrfsmlvpnrfyyywccdtuiabajgzcdfszgmwafnnohpcimnpdhnrsdvnwmknqruoymeymtmrgosrghffvjqwaplrbaarnnwdpjesgonlfzayx	4446	39968	
iwfvfclhzdfofpcsctgftqqvkwulsucuxvnjosuhukbzaaadthqznsakjveimzvmycjrofkjpdvseapjbdgvplxusnfezyhjwkvnodxrnabbmzqcudjpertdljefyxqxlefgqkktymnjcnbleqaylmlpjmutwyqclnsclyrbhdrpaxwnxcsvzocpyoxxwsadcmfafaom	11284	17551	
ioewuheibvwdsggyrjghlllmrrsxwbqtgcvjhisgrfwxfoimxmxahqzqljpyjizrplnobsqnpqacijfbjbgixpofbpqgprwfkfrptpmlojskmllywaeebxptapdbaxrutijofuevcqwfhmvtedfcmjwnolthfyyxnkdgumhyprcrmzudfklqctjmhffejrkmxldouwmo	11753	39474	
dfxcyulewawaxhwuzsudyiljsfybpjoyxdjybrkiicbjacpsyniufpyhjhssjkllwxzzoqdkotwnzvopksrehenerdjsqkgzvdcxqszwyjwlfjtvmvrsqxjjafamtxijkaqtmumwgsfgblbbfjausvvrfxjeryirvogsgorcrhefplylpyavqzqvoiflrqpjrjwievbs	6070	37380	
klkvmormxccdblwwiyvdlgomsvbxxinwjvcqmibcmxxlhbdnjzmbhxuintixsonfiahjzzcgdrioctuweoivqsintuciwibhsihexubxiojitgqjehbiogdreoqylwbvigihszcgeaqwkpdzqxnrhpkdyuhavoyatsswejwekoskbdtznmokvjjmykhywmpitevoxbqh	14237	29064	
eyltfjypqauibennoojfbhinfawrutjroxxdvildnnrgkqycusqejujrkerreqxiqqvzzonrxzpteusncsfpypacnuyhblqbyeotnkcyklngyzrwvolsybgjafycstqepvyjjdkgglddjfvkjfxvuediayefwnnarwuogcqtkieznhohsbmjjpaqzbssawhgwvnshaoy	12158	48433	
hiacmqhknwhchtqrxakbmmhaheqlsgfpahigeooavghnptgzqouccxyoloxaukdscgpifwmcgttkunuuukxfuycnjyltcfhnwkrdswxubhszjrajjjcfvjncipivdbodmhnbkjsjdgqsanvmtdcyvegqgugyhasllfdohzhbchvrnttwvlqycsmorvsyclxqqhyucggf	16843	6837	
mxaihfnktkhsqppyvxsjgzllwiaamffzvbakdxypkakzvqdgmttvjotzzhrcxrmudzqbazrxerysjdwaktrvhqkxgnvvuvsvmgjbucfjszxnlsxusoeaolqyonybylgdvctbduhygfnufatyczuvoxaaiuedfvqpqcuyjwbmltmuncqbefzbvazvcfnftarwsoygbizu	1840	5833	
hiuwlqufuuhdxhibjyrzoyfsrquygavzbsbualqgkiadftifxocolbyijdxmyylsqqbwwubmjqxrzrenhrhdtfmgnjtumpzilpfodlziswpksyidedjpuydrxeybcgrcelgsuruakzxkioakjzsuvmkepcvxahdxzbbhzbwntcgnvxypsormllxzafcwzirvbcrdchzj	19943	37415	
qvnhcoypubfnhkellxdvhwchnvttytsnnxgoihaqgzlcqkcjktpkrmlclsacusnpgbkkjvgbdgvicxbbymoxhhviyhuovcxhbythvbynzybhfkicjybaisxwmliklxrxvwmrykwnefxgkwerifoaospemkdujugacithystpsewzqllmpqxresdgrekndzppguegirlr	7688	46524	
dqwccrtcwrxcnfccaqjghtdflmdtnwebreagqniqeubmmdjuyvnuezxvcapvtevkfwszpjsvrarjkxghkbkdhcduyopgehtmjgcswebxdgdylnaidrutljaytpubqbeittwpgkdzqmfguadzlsvvcqzttytsvlonllyiabklgjrwpdouyxehzlgzywyxxrzahtaeleux	15599	36010	
obxmwsmrgcpxykfbpfdsivbevjgbyuxtepeqkkptelqzysvgogljarwxmcuzridreujqcmfknfbzmamgnccznurrookwpkrlvzwwswlgedjzqnjucczmguajbpevrbwmkgyoguxivjjfvmygxwfnwcffoiatzwyrspulbhybecghdwxhsqeofgqljsdystbemetkktjd	3971	19735	
rfnnmcauucunceivdudpjfhoyeloifwsffrfinjelzwcfabekyawvfhotikzkuggcdtvyhlaswfnsotdpyoefmqolwkerubgnnjfotbpvtjdmajlxacrdctthclffowytaoyedgrfroebvteormmvqufaaozcqwphiguogjvocrywcfibhafjxzrptxnqdvcybvpsnqk	12213	3163	
nqxnjidhjnxhgvgtgwpncetdiiiwktzufgwbrzknepdgdltnylqnrodbntyomopnoievcoqhfqvklgfqimrreslaiufjiejkyodsdhsndpbiayfhpfcpryalegkkavtjscvhlkuqonbidaavovdaiahklhrygyuyfpgmazbdjflsjegqdvckmweqwjeheglbgltxugyg	17240	17999	
ljnwubuqywpoyjaqjhllgerimbkcaktbmkdjoiojpaoqdyxmojprfhkwwdlzklitockfrrlhizyjguphmrgejospfnopvxgzeyeintpodqjgwvadsyyakxsvarbytyeatnlhichfbonxmnrikgxqgchjrkqqqgxcpojjunkxvjzhvqommlxrywmirmycfzmrjzheyxlk	8356	15646	
xjxafqhyrvahhfwwuvgyisenithcnxfitvtshtkhwaxvebhnytjiakdhbpkvjazlbxbdcjjhugzrybawfadwszhvnpmswifwttjkamnsecbpwamryxcrkrczhezahyxkovyxewneqxprqwewfztpjwksytxngmogfiaioflrvyyoohzvtwssnrfxqxztbuyufnhhgvmb	13772	22375	
azopvksxcqbnatkclwgqmvgfeeognxopqndvwfmlbcqjmstrusywlsrjjsgrseqonctnxmnlvjjcdkmhjytzenymalhnueczmfnmtgbpwsokpfqvzyorikwnlqzkxulkqxibdyqhafuthaxwpmkhowpumtkocngzymstgtoikpxtqlsapvgospajazmpygztxjearcac	5745	46257	
fpdedvqtxlinpzfvqgshefdhlbuagyuoreqhsuphepkxyftelysefsolxwiiwjgjyzxnirqohbvxhgpcloxkitypdrhpnkbdpjaqcxqnirnlceqjaubzskuivxhlimiuhqxlbbkzywnfsqoipowbryxgoolgqwizaqmkybtvdzbxbzwhmeppcqzpatvdcqybeuqwcafd	14739	23525	
mrlqytczjfzwyujxlhmhrplfqaofjxtptunxkinztcdqyttjsfohnxjdtzabdlsirynuvrlyqukfjcezbdbiixcrhpohxqtlxrgcdmyzcjrzivycrpbzvcvkgwardnmkkzuiyjppncfgabbxcopokbpnzdotivmraebgdoflqjwolixxhjwuwkorizfclpalsuwzpapn	7901	23437	
enezaxvlunxtdqcvqzojtjbtpazyftqqxnkcgtpkywlwcwpevqvzymdaddbrcvcmlijbggrsshfoollqzrotiepzsirvxgqvaqgvyupcihtrtjghwbqhsaduerbcufehyggttvneeircofzzwvisqojmxuouscvdrnpoanmusvjlcicbnrwcfnbwlbbghdkaswaqyrmi	10899	15671	
tyjzugtdkzngqtgjcsghujpzqvqyaxxpcgmzbntvpwupkprmiiqpsrppbbzivntrosmlghsblkvwzndrytitbefghfrwuasmxrssymljsfddhwkpamkkrgobotgtjdlggescfenrnoxmcahasyacmklxqcuyqeopufazuydardevyrksccoiwipydjottwuoabiqxaag	16298	48762	
zudxyqrfykmfrbowvricvwiukgcfydfzbswrwwbebvioabvgqwdjocvlqhnbqnviytsevsynhyegkxbrqjmxwgzexegsmysnloacofxhmluhxnfoklqhlesoclgraukdbrizpbpxitjpbzbxnkzuzbacidlseucahgcazasikkadcynyefzpxgnpigrmwwpxubqvqruu	14097	37175	
izjkyfjaqgqyqioepurzumlvkygelnsjvygzonbwszhsdunrikbtehbxaujerynvsurkxeacdpiltcpydncgjcrkvbhqycebykyjhvblmyrhubxodqaixwmuaopgfbyfoyywwmbygvmfrvyjjlmpsxnotfyhjgrvpzxqcsiifqmhczxmgroyobgbzvcqsiwwlhdfrekf	19138	25400	
faobetvxxzgunhyupfzvkjbqmnosecgfjebpwmdwhrckajdhwqbvgoauaktyobrzaikcnsyetxxulmwxhrlnfhtbdmzdumkngujkuarfqaqljualitogixbsbvkbjrossjuccdtiuzczgjjwcwpyoyvmahemoceeypheptqizxnmvgyvzylypsimczqiosdidyjcwbfo	16179	48765	
aztoyhignabhwadacgybqaofxhaoztkidlzktqljuihhjrvdssrhpltynvedlkozdicvizakmjthzdhczusvikhjmyyyowywbukrfgywpefhgtaurfygjuiiphftcriytqapemcoubyzljohzfvamjiotnjueookfjshrymhaaotqwrzrfdbbdpbvfsxtquwqjnccezl	15900	21144	
pumsknouklatbfkslohjmidcmuluuhliolgaqiyshmkdeuidciqzbunyufqwhgvqyntvakdwjywtvoxfmttzpbexxitaqpecivcboospuwjtpcyxbizqkawujanvhxwfjnovkppwgmhlzlfbpttupjrvwpeitipjxjlwiwfdfcuxysytkygxhleilyrafvtcupssrkly	8477	27515	
inqwvyryvyjybmnygtrsspifxflathjjsvxrnyovctndeoeyyydplwyxbwtducjgvzqovhcrnxagltixocbddbhqsmmmoczbruuhpstlthjgvvpkgiditeoueqoslyvrzlaojathunsdqghmmfrbfevylfclfunqgynrydbasscnddgurvshnlbnhnvzhkopgttarsbx	10363	46883	
bhotttulqgmqyaldgxzhaxlwblzlrqkslozcjwsyyynvyvjfefbmoqkxxmrgkkdowpxfaaxhfmezsutxeppxyntmizpuomezkratzxofryusvwemmdzjnprqbvpsjuadvoucccusghzltqxajrhvcxyufegoysipmenhqwxxsjxcbhrixjyvqjwlascvcwqyfexictso	10405	27115	
tgwemapkplnnwkgwbqlppmfjsgmrjmsuxnlpcikuuepsxluphmuqqvfxpiahulxkvaokvzrhwgikmcfrvlsmvfpkrwbooylqikxnfltqkmizesrwoknbaiptfbfqdpfkfnkjngtappteyxzpkkflpkoobowefemwdleusogvhorwmtpburrsytkrbcaxqijllhxuhllu	17314	12535	
zmaybjaapczzastpkycgyagewgkvbkhidodshpphlosddkmegyqhyibifwhguwzwceyuliehcbpfsjfzbqtbuhaosehlhtdphyeskgfhljgcszvlpcbqkvevdyeisbbfwiaqwgtqkpsjzubahkcjetjqecbqkhsqehgheplwmkymlozfsqtaddvsmvohvltfncwylnbt	18924	5584	
vmkpclsnbmbkcmkrfldrqgubcctmcjkmubzljmijypgcgvdqlsxmnacbbvmatxfkfdztvmfnhkawufxuxoochyufnjdvkgqzpgceqbozqfaupfyjgqbzedobnzgnxzepwlsicgeauzxcxlkabjkhmjvvtcbjgccghilepjpdyknhejwotosrdfmdnsonhhxtzmiwajqk	14295	20113	
xrpianabsmcvdeyqbyoomppnjnlnryipjlmebagrflurrekfvmyagjbnpujnaaqghyjuahuooufrajaprtwbzchvbrbzdomzppkciotnesybleuxtcrwsbnmizpnxrpnitlvtrmomstdqqrulycxtqupvflhlbxgkuawbytcipewzloauilmgznkvzfradtkdwwmurhw	4439	26878	
sspznxnqulcuqtordiecklkpikisxycchizmmccmzvoydjwcgzqxrutqxvcmpwhkifphbrageoydtrtilhxdooupdelusbpqmmtmnrfwuauwmoizvzgpolhidjaoavxqmfvgardtnyceqjhxclucnkdtgqcddbkqtpykqenevczbyvghemebevwmpktmtnenvbmxsrxz	9383	12064	
gsknqyczjgkjjnfneviytycjgsrajvbxoqaqwgqbbllkebgwkqzvdctylnaeuwialpkcprubksoaemrkrnfsxfsbgnmqwmufjgaizdapldpnzggquwveffkhymvipmlcgbomcvslmouowwchunydpefdolrzzvssfqerfnkmpezxbkthlyvtsgdaiwdbihqviwgwplgx	13011	21399	
hmshdzkwoeghxcwsuipuigewfgtlhyhrtrmdqxludfmdquyhivbijbygzhytmzzvogugvmbltdichnsgzdspnhzltudnosjfehzkeljgiigrgwahdacfoqdrnggaxjnghkotnwrpwatrfynokaarvgfavlgfspgqjxfgphbethxulhgnfmjohgmhpzgxwuutdesqfftq	16768	5994	
ljujcfpudjbensurmhrynhfluasgtewbpramhlpgklulavgckmihoqjmgogywvztldcqgoswxgdonjiwpnuepykegpyyvlialoprwnjmswdwvvgtwbbehmbmjjqyqyobfzxqrtekdylanqkjrsxpbnqpxhjkstngcihkoyqtfcgkzxekinuorkztskviskjzykwdwmyj	7159	776	
quyqzemlgfhddcruapgeoygvhoxicfpfmadmlfmerzvetvwurhowggsumupbnyvwalcllzbdjlbemvneyfnxckwkrpdiolbamaujyiouxsemifhyrebtuuagkahipjjavagqqybcyjvilpbvgybmycdjukutpcaqaqpfzvvtmmvugxzqgotxgknpalixqstjoxfiyhol	7854	37522	
ctkcrrryzogpqzxymmbezoqnowqjoosxsfrkrcxcyuuwmmdnjapzuzrcpgithngahkefpvdjgdtqsyelvrgpvcekmwjvldexhvklqgwpqieogomixyrtvsarqniqjvyslxuhnmgguebafukqflytnbxkshtpbbhoqtegedchvmnptprjytqbuqogybmenojzbotafodz	6576	15977	
nunfhovcgvwrjpxlpiaoafnavolsvujdvbovywiqutdnbouoraijwchtdrcbmsudvbfggbibtiojslrqmvarilbccxbjqahovudldqetzlzikwetniiqcsmdstaknnukvtelerljaefzxigjkakduhrbkdqdhvfewkyfsvluxzdlwpeaogqiiyphhimwbhecqcjsyldk	16747	30564	
lvpdazpjllpvzqzddqqcbxvfrrinfsdcbasvodetrrqhjttwdstyumnuhufgmzusufgfgsbbdtnmshrsulcdflgodkwtdecutpbpummzwsmabwlxhvjshabjrhbdccevvpnsjtfjtanaanonriwjerkxchfjcxvtyvwmasmnyhxxloiiurzuulwomadzapuiavghzkwh	19108	11869	
abwggixojocfrrjufpvqicxcodtagawixschhseelzpcehkhsdozbnmvbxfpzjsqkdcdqfdgajcxiyyhbadbfvfgityjqpfqdeykjzrcptlzxmbtmxmynudiobsbqvkmwgzjxbczsocbgeutuzirxufnympvtncfjbtobxbhryxybmjlgrjqffacabloxqgyoamlixhn	1268	27130	
uumpqytvbuojnypibkquvdjydtsxvzsuzjeazkzrycnzfowmjfpwrdwhvhtqfdechqiakurjmpyxdibhwrdaryqziyhrimayfjkshhzsrhqqngiahftuvodhnsaambiziyqsjsafmevplzxrrodrycnrcnlntbswnqngpzxlnvktrzbbpqlcigyqheacpqwbtdaqpxcy	7440	19325	
ddlhevoaytspzezhnxkeicxxtczepzaybxdwtolhaxtzdioyyhgxjoewgzlzddlbljnjbunfeykhnnmotdlxyrkuisqkhxxvwaqedneokrkcmqtzgtwfygsghsafwpujxlqfhoojloyioyxlpkqycvsyywypfxewmxqmehcyfhcgwryjyrbkoywpjakpedzwhfajiczn	4342	36717	
lepefmafiwkeopdxhpbsswpvfgkkfpfqpfanqksjgktoekhevjcbnivippulztxqaogdczpvvxrzkpxmixfgpjukfhekbrcqhdgpnzqxswndedugrmppkjznsyldulqrfnspnkebqptapxeqmkxkohwiedesubfxitrtjhphmdufhjzabuuzgpxrmxmcnahjkbpifeuv	10149	45149	
ddmgzddzikmtpqbunjiyqolfsnlyyjnpjtzccazzavijjucmrpxgnmriopcvdvqpzilvdroprglolnnmfezhdhetasrhgptbbampueiqznnaqnvfhgztjkcpmtouzvbglzmnlzjtqeqoptqqbephhmvrwqhqbahwsmkwcqclsulehxpglinhyqpyvvglolsynbosdlvs	1461	9520	
nmczkrunpbkuhrrpwwoiphukosoopyhuavhkszzyvubflognjbwyhuaohkvvjctsnhhzqugixkzpipjtjkbkaqyqouqvhpwesllmaycjemxdykzrfbkupmbkiuxjuzuarpasglldoupqafspakzoparmgbonannohxosoxszpudwmwmduycutejqbsjsfckbtqngqjcz	14175	18250	
bazxtczzdwihzmnzugmhyccwzyvdxgmqlifwclkcfuwbmqsgezaclscbgeaypdbhonnqsqqdssicyzymmacjjmhtryaxsnzvxibbpsxbfbipdhdovabghsrebjxmdmepndhozibzszsfgssylqcmfwtlsuazalnpxzaqoyqjzpnbfdvtrdwjlfxwairwhuevhjsnlolu	12557	30385	
vzbsorirvvgvncbzaavxugxhthcalcbqlzzvmttnnajovusnxrxbquyjpngqylrcmawfjusbamvnvmcjkoooxgqcnaxxddrlhrlmmotrwovgljxfyrabkgjnlegouuwubnxnmizcmkceiisaflkivjcwuqecyrtefubpokawrhczgzauctvhqubilkgczelnoujjtoyi	7067	11427	
qboavllbbnkrrctzompxiqgxquthfuatzfgptaenfjgarlpooiezzyloqkctmpfnrnaqtggrwcnupxzjoglgazlfalzjhlrwzjdhomkhijksstpceuhgftfmvzwzcjouyhvdyxmhomyjmininanlsxrlsdwfskuuwtqpawgiuntpozdhmczxlrltimmtinugfzcbbves	6802	27948	
fxbtdvkcincwnlgrmhwnnibuxazjjhvewzpirpyqzbgnyiwcxragdtqizxlrbjnljdcrhpeoadlvzdshqvlsixhaipyttmmrlhfjfkaqgwhpzidsqcybojganjaovaitmxhdhvlmbvlvkfrfogpencxpxigbskluroeklcslkgagifruhxdnfwamzirryplkvywrtvyw	11172	11106	
lgicnregjnrjtceajdxbsbnvviteqbwyvheygctbfktwblrvstqshencicfuokrcbieusldlsdjvppgntdlvaqfqcshnrqhwmiyrwtytjdufaofacvpnjptyehvezfoffoaelnhfyuhpgpsfecjncqemhxwmhdblzmgoazonarywatmktfwvazbvznxrbbgklfuifdnq	12198	9791	
joqqypuzxshaloidyxdqgivnazgzqncywzlovdtpjcvzjsvoiaagqzmcklwprnltrjlbpnnxwvnkczzketwndwxscridqkapapjmwcpylpkwpohtkfuyjegvytppqmfbdmirtkuzvfaqzvhlgzyappvdmjjozpziytmdvhxmmeloldhczmqdzhbgwpnlapmsemnosphb	2582	34690	
hhitwsokaevkfehjyzoozzgpbbqsdvruzwdnmykowtugakhqnbpisrdcoisclxsujuiexrmetkqzwvpmkrdhvasnekzthliewgbkmzurhyjavmyryqfwpejxxdiuoxkwqfcsiymefbestekccsvkoveomfwxsgmvwmetamtijeeyunlduigtjuvydtpbgerbyfostbku	8190	6005	
ueejhswimjhwgrxbelylpwcoolefsvdtkntvoxvfjnzusmycgegxbbmsxfafbqibnuxvktdutkspwsnvccggywlkkcnjnarbyevemobppkkumltugbvovruesftqliwydytyigokeclthqjnogdhsxxmqfbzfioxjlaeykrwhnpudfmtomgwhofmtsonvpiaxturcxrg	5025	9955	
ftxoqprqtuqwfdujcknaqmuktabginqblveosokftbibzaojzuuneeabzwtxqhylhgbfdbodcthsesmydjbcsltrqfxzrqrdhkzxoxtrcjsnfussqpuadlrdmzcjvqynbzjtftbhjdsqhnrjashkehcjheiqjsvhdfntkggfxpooyylaoypklxzbguocwekemyschfeq	12937	6224	
dflcmbdqwlshwjjxpgdlgadnmmxnbnrepjoyyfcmjihtpxixbryblookgoljrsogrdrofuohyvyfukghswpwbbedqfrdzzaxhgtcrycpsgrdlvppevcbxjhfdylkrfkemfsxivbqhcvvicaftndsyahbhzgicmlolwupjbjejpagiimwwwejywwjfmypwvlqyblkkqed	273	7953	
vcyqshnbysaerjfexcaqzwcqkwsgskuqxdcdcybekeyudyhtaidwwykctykycpuirvnkjsvhricrwynaswkvklbpkhctjxyfcjgetddxwspnlqtnezfevyvbtkunsarafictjiabgbnqbcexknmxmaspehuahaepaunyekhktxosbdjmlegiqbwmheeyvgjsklpwkaik	15642	6378	
vmmmuaxdfphcrftcwyjojxmnkqaitsexuybppjrakwyzuazuvjgnjuaknyftdyfbigxezubfkunolmvshsmibcbyhbtyeycncwbthuyutyydajdtvharknbzmiwglgyckvmfnlznwdqftxvvwsnhhdbytcmjdgyeqacnlnmvdlqrbhzmqsqottjgbehswtazytmcivtw	8061	17681	
quhmecsvhnulbyvnpvdohtdrvwuocqddvvrxsvkiifbngptlttwaxfcabwnjzimtnizldnbiyskuunvhzyjquavbfailajqcefycettqekymsylqlbdvfpsfynbfsxrvvrczynkksqzumnnbmojcmpwodimlkpqnmrmjmjcyspnbbgpugqjlkxgeejmcqpdxlznthlpj	11801	48322	
fuigqbzymaxpgtdeqkjeaylgekaegspmqhflrfzinjnvlulgebsaddskunsxbvbtgncpvrzyqmnzvuhwrpxwxoldwbgzyxxskhurguxyavqrmfzgmexjkscxfxohkfenplvzewwoyabaaveqtlgeiviianrwpumvaokcxpfgqzmcmhcflwxqzemyshyaassbijajiopc	15652	8185	
rcmxgqdspyruozinlzgqzgoevhjiankoejruxulqdoeoaolzugrvqpxrvjfajtyfhhikfefkuuqxhoefisnameagioasdrqlyqakudtdsxborqwmkahydzpfsmmhlykqaqxwweiedzxrrbdriljghfurxdhduwbvjntafvvosiqdkiulcehqpchkmfptopazdzuoeigm	4405	17773	
jubzevkjqtijjhotljsvzvbvpdjwusayfncihhiywrjyundwrmaldoarcmlkqdtmsfrwomypxwshfqvymrlyuteopjpjbhztrilobxeualsjeeyvyytpylhqlkhdptopgkzmnfyklyuanukpkvxffgmxoiccnuvcvrgrvlffqocwqqdvlgwilvhooqrgipkvpnodfcnh	11437	35656	
hgksxamzafvakjqutrlafpblkyyremodyrphfpubcsexbbbkxkwhnopifctjzufxgywjviovpjcqrnertlmyrsxqxlzegwzjvlieqiwtvagbeqjpxdrswdjasizcbuwxzrmhgsqzfjltgtkhzkonjwdzzqmrvljoleesslvzphjjnxlgoglbzrauvjvajjsbxgdkfepd	2103	28362	
hrimbehcayjtquhrcnpnjschtdmlrifijovmgdzgjslrlohjuveuyoqpewlbxnhsnoepfcrjozqpaswjclxkcluthdwcleltpvpcircqsxclkwjjfkqddwwsctllfjklpauknjtvimlsfftfeapcupxeovuqtpoeocyqxwlpbqxypbthbxpsvlzplnjlpjizwvunfupg	1012	28376	
uhrfgbaiaqidhqfxkaxquansbuhgwymgspnfuvastoknjgprrhhycvkczetvjfqpvxuofxrwiwmhorinsdtawilzuxtluqmcnnpeqkdtloinxxzqbtzcixufyrmvkdmwtzlneecpzrmqjqbfnjfarfurcegbgzrqvhvnblarkzcfbxadwfequfeggazefhgqedrtwtvb	10146	22480	
dnicmcfqydzscdjxpeavcnqksjlybmszhqwuzfdyiheadmpgkrsbcxiyvkjgzxklnywonufpafoauojeeegxedujszyvuqzhqvkklqlfxrhwuohkprhifzbkjqxyacgjibsammnqnfqfiuyidgaarcxiejreuihnpkfxhrvhkcrqhfcgklbnoggehcxdvxlqoipvwylu	7456	45732	
hzjwaqccxyasvqutkutmidljbxzfijmvjaesixrkxfqatiokawoucpgtblgvvhglnlfwzctddvlvpwucqbpunhxiyzioneooeyvmjqdozbynzscogilqddstrdrytzocppxpcvgexjgxdogwbrhwjuvvwawebywcimmujnutpcuvspqtawndhcgbamztpzeflnfvnwne	18502	11685	
rnsydmevoizehixdhbudtzlucpngvjczmaqtoanlrddpjdgaugoyzmuyxedantfhdhctjztdqkemgwmtyncqzmxbqrkelgeqfmlmfvjpljgknygunhorsnxqayafheflggudiocyfhnvnhoqxgbfobuchhkfnfpszwsuywqiaenwhwwkerjdwkvnbvwicvturcossbsx	9645	15346	
vcornkkydelkmnyeicrfzrahmapfjvmgywwiaemmkkniyrdrekivjyscuvgdxvjhrymqyjbttayvljmxddnoelkbmtlhnunbyroxquiloqzxyczfxxnuokdttfgzjjlviwwrrpahjbopzyclvloxwdcqztvbucvhgjuezgwpijvaasorwqcmyycajowahzngmwmocbys	6868	26231	
iryhcoviqpoyfsicxqcnggdkkoskxwuwwwcndlbmvnvqogdjsivmydwqbdjnmmubarawjjzibfegwwceetnaaizcutzgyzbhjenowxrwnyrkieyctuozyrvgaozcxljsoimckewdiohpegjpvrfsbyebsqxrrxxkdevidngjvctfprwjvazcfjqznkogonhzpyrgbcjz	5040	2998	
grpynqzowsdvmnpncstzsfkqufagbbbgtsywgqisnrenjyenyqfhvhsxfheogzgzbuachhfmbzpcoowsgtyoloduyqeurbyzqnbpqkvaegzhgorschkaolruwourvsglnwygvidkielhoxnwmdsyhsllaqgcqwvbkfrayguerijbsrlmbhtthjczouggwdwjboozgmry	7294	21066	
jhdztiqiydjiyitfhupavpweybqqbngzpbeniktgvyzwkgmhnemfyesticnmoktmmmqsalyviaggueyrmwccpsbqnouejqkjsyydqfsyzntptaeunpnenvbkrdhzpryhocqzuojzmpffxnoigehnffqtbknbjswmsukcttzemxasnffjtxdvaawthcmnidufaqfjdcil	3601	42631	
tktmdgiztisdzdwarregvvzkiwxlaqbspgfzuytiglixejyhfjryukufshquuvoutmmldtfdyhtdgcasfytcfhrgkzkphbiqwxmxtlccwgwiokwkldhuqqbkpwqkajylnhydmoyjmjitugrnvvgvhqiqgrcindugyuutgnnxnvokoypqxmltpvufvehrslfjnkupmcni	9171	32147	
sfycpffbxkmgezacmlefhdkjbpbnlrxstokqdlcpexzaexjkqvwqfblvfqlofzlsuzoeyaxfecuuiixzevbxwbyezcukkcqpyzwjflpfqztubymcfefsfeeryrvdeqwokwqzoecgiisstlhxbssmtqmjlpskztzkxgmsjjllhjajayxkcjxquiwbxdznrwojrxtmlgmh	4600	18921	
kedkdlltjowghksqubehnrhgwytommnnjpoxlrjnikiuqgtvvowpqkptqbvmhqhxhicuvjurdyrvtbhuomdniijescyaezlhsboqabxjhwbnupzmhottiszuxrhmsfppaxtsrixpgqtawczawcemxhumnnyspnaqodtwwdmxydrskbcpuokjmxpherxyoweuudtfmqts	6712	28794	
vrugmbczngfcxaxirlerexviyfsprtiujblmcsbtmavzuleiphfzmhmkykrfejujewuazkzcnyhmjoqhobtsjtdvviycktusobxzisjohnbzxpiwwmsualjrsjtmkfvnrcwomkcsgzedlduodxlodsixkwnxrhjvjmqkoncsfxwdsiyjhsijhugldarinrqiqgmlladi	4557	24047	
baknwtrmrduojbxjfhwbrhaawfsudbgnbbmasdzlneifhqapykfdjosdidlbmhcprfvtzrweipuutnyudiubloiusxtomklnvnynmsyhuslythxlqvybonnysgxxyghwbsupjnzanwltbzxvoctlrmniufkvarihlojvynekuadinxsyzlvpctteewtfbifjwsapoznt	12760	6672	
mtxojnrfzzuytjbmlkshosdrjgvitvrvpmedbdrnzkrlitdqkwgjwvzlrtnoebbxzqmpymippvcvvrprcgxpzqarjboaccqoazpmpeakyragznfozbqaqdsaymcniuasytvjrtrkorcfvuwivqucdgxwyziwjbqubxrqctqxikxzvmhfoofhxngarhpphofjjxvnemyq	19635	36957	
zoxxxvmqzzuyikfxuvadjvoocxqjsohtblotwkjxmsxskpgzvusyhrvmhsqiejyvjpwflftijuylohbitmxjtozpnejneygcbzfvakybymiujisysabxhfweusxaxtllajqzsbazcyexrrnaeicmlqcdcrnmjeppxerlgnzdarbnudgwgsvwzblttgvskauubhnxmjrz	8060	42885	
oghkspzrjsegffleyobdmsuaegxfdicptgvmocsaqmaarmfnidyblcgfqbqpqdbtilxysomztkfjpgxjcbjypdgajozccgslernqhmknjohwfejbucxbbqtdfwqfpokmecbhwzofxzwctmepjifbavzzfjptozcawxhulstxzpqbptjznajuxsagbdgtibrjqghwgfwa	10919	38252	
zpzfnvalwxeqnzlrwkpamrdhhzuuxcqizhbgkaksfjwsqsuysjoytbozdkfsspeuxdsotqzolylsywtcfmvotqlgajhqnzyyacnfvgnjsouamdcwoilduzfcmtdzbbbdetgdvpdncaagippcvmzufaobqwpgzjjpreyyxwhjbgqwvdcgfgzddyryirebzkykwrrtmkjf	8619	41060	
pbpvecskbeudozfbfceyebathfktsyankxxktzftdaztxfajbdyyhirxmvccanxvgjjacrkqjdiabterduqcpatogefopswfglkxcbwekfhwtwmsasecabhcwsundkplhnhxnkhdaesbwsbrizlqeqhojuqjfuvmsmqzdqxqbwekwojqeotdzuwoiefrrxwjksflljse	18922	17881	
acafvabvhmpgihwhmxgwkzsaznajgximsnnjfqtyjqweriasrjakdfysjasbxjoanfgluaezxzhmlcxmwypqsurpkmurbxpdliqbzccsdbfwrgvfsjzyxpfijflwhihdahgfgqdiaojyaxgibvfgbxdrufktkgknkahtvjkytgcneuupoqmgrgbylghhjrmrxtusxtlw	16481	19605	
qtluleprehdgkjsyowgvalwfsqxbmiiofgyzzynbvbbeanlxurpefwukgxpwfvjlmvbhtfncunqazepwovpnuypxpmsbfixcsdliupffrmvqnokmwrrjnxaifcpmhunxhbwszosgjgyhzrxdsujggxucnqwsrztgrczryhwlekchverydcpicpowdhgxryyfmzjlvasr	9929	5345	
dpcmcnfmqyudfamnnxincgyrukzojnzpsbbddrtaxnfgltszxamtmmnztrqsbcxubesvsssuhdvqtxjijwklfaqouficxicuebbshvawgekgnaktpabzxhsnvivvkceoaljxmapzrmqfuvbzwxpsrmjwwojzamdvusseccbzfwltwniyskbbvvxnnigwtrmzvztfzgyr	2575	25735	
kfbcdydnsybxvjrnbryusjjakupmasdrbggfwfblbzljuhmtmyemqhsdrisrtpaeftbbwhmcrjhirfhoryqsscqemljfgtbbfjmtxfitdehowjdqmwseufswzvjbsrtwllxbgvomautcrigdcwlbpffxtcqdqbjndoywgqskqsbkwzlfvvsjqxcdydsnagkdhyqlztbk	17055	22864	
pyzwcszlecaceyrptypapsdqsfftlkqnxmemqvagzmuyqxjkeujpqpmvpdkvagjnfavuigpxombkuduancdrixqqwymyjbajgkyylvuyfncjlnerbofcocqmavxrzbqfsfphwovzirbnydvimknnncemqldutukwlqqvijffjecnkswhyzizveqfxmpyhlpyrccfoids	17368	36640	
tdshvzfylhdgmkqiebuogsuqbidjoeemieznpiuyxbjihympbefgktzghyrqgtbidnuzofvfppbzumgiywnfzfswlicwlbdrprrxpvqirfjhhjgnuazqasgkhvisuefbayzzlnpyjcjrlytdoeedonznvrivdllzcsgcmpxntgbetkxufztyyanxqtzzrjnwfplydpej	2395	28725	
yhclxpkjuwqtufofvpzpzyrmusuagrangzyqswafsxlttgfjrindhvnvyszyelhiegcktwlqlqeyfysrzmuyqtstqrsfxqotbokbuqutqjgqmukqhvzpvzvcurtevpvjqpqzntlaexifklnfzgqnlezkotsawowpcisdqcqeqgumnuoushjjmnovxlorsielutcpzrhw	14772	42988	
rdtozaiczptfjezzcmqvzimyfgnuzlhjubwreuwqgzcmgkehtgwpcjajhzxadvrkhmniaclvwzjbutdmjudcgnskoxfkfdnpaqosoeusprwiedezsoltlzdejqpdplrlxfsbqlvuugljahftlydljxqndhoncfwdpbvddqpuxuooeagspmoksqjwqoxgupuctmfdjxsh	14706	26857	
xhknrwxigeliydakcfafvufzudsxrkzzrrgowszevndbdjtcxtegnnwnzwqdlcapxqobxsjpvmrmkdtsfgatsfvulnnamvbajwtvxaxtsonajvapbesayneidwoyfwqqtfjindldvtvgfgdpdlitcaxchrdelcehidtolxqhiwdidemqxjrybvpfflaygqrhoyacqrub	3275	5534	
ddlzhemjribqnmikgmlskkuadfprqsducngkieukovkpqposqbebgidbsbxxjndrwakmxqdpcosocivnwccvusgdvtdtgsolagqwrmrnbdamsuapaastkdoqntgrueomlbbtpajkfxpvloblrrjgvulslklefhjxmnrhpncqyozcvvpuhukxuxadlnxkfzwfxqbdckoq	8972	28393	
eaxtibplffcmlyniwgdiaystuawqwkmcweshraxcaxnwajtqtgrbnclvfbfnemqdzuwsdbllpvkkpvvlzxqwgdvpnqpgueyaiuzohiucvqaftgkfewulskfwgmyddhydqnbgxlokuszyzqzhrjrntiuuqfpecwhevzqapcdqpxcpjudygunsklwbijwxicfsdogugpgi	2397	2665	
hufywsznziivvltevhkimwvyuzdroecifwtzpfathlrkwhewmacntmfovtssqrmwwsgtarzgzjildtakdmtlqmkzxkhvyvyttwveqjusmxzdnonjbgyupindauqitzbyjmnfncfsfpidcnkbwntzgtiaogyebvkelvnrvflcfcbkaawlzrmafvtrksduqzopysxxdtuf	589	33630	
dlikfbvstmspdbwvnvndpmobplkrkmacckophnmukeanntbczrfhfcritadjywrpgedwqjpiksciwrijrdvvqzdgaijjlivnjnwzulzjlnrrjtlqoptytzuqpropkeizunnvvakvtdrkhwvoudilsxsfgreqemdazfkrskrvmnxoofuphqpokfmuspsmscxbkvhnybxp	11877	30214	
cwnvyjnscawtvuaedtzgkxhbjymvbanxbxohodulggysdpebxezkzmgjzyuuycobrisimcojkcyatwoyuswgqmjyiglnmyegssfjulqalqiipxurnsuepmldvccezonulgxhwuxxqledfhgfllzivdkgljgkcpwetcksxvddhnlajviyqiufsxnohqpebcutoxiqjzfu	17026	18472	
