SCHEDULE.aid  AIRCRAFTS.aid  
2	2	
19	19	
46	46	
55	55	
56	56	
57	57	
58	58	
59	59	
68	68	
72	72	
74	74	
79	79	
90	90	
121	121	
122	122	
126	126	
131	131	
141	141	
144	144	
153	153	
157	157	
169	169	
170	170	
184	184	
186	186	
200	200	
209	209	
216	216	
238	238	
258	258	
275	275	
285	285	
289	289	
291	291	
305	305	
354	354	
358	358	
367	367	
411	411	
424	424	
425	425	
435	435	
451	451	
455	455	
460	460	
461	461	
467	467	
471	471	
487	487	
490	490	
491	491	
508	508	
532	532	
536	536	
539	539	
546	546	
554	554	
562	562	
585	585	
591	591	
598	598	
604	604	
626	626	
627	627	
639	639	
646	646	
649	649	
655	655	
657	657	
661	661	
681	681	
692	692	
721	721	
726	726	
728	728	
742	742	
763	763	
786	786	
789	789	
799	799	
837	837	
869	869	
870	870	
890	890	
918	918	
922	922	
928	928	
935	935	
946	946	
967	967	
979	979	
1003	1003	
1006	1006	
1016	1016	
1017	1017	
1020	1020	
1034	1034	
1036	1036	
1037	1037	
1042	1042	
1043	1043	
1067	1067	
1073	1073	
1084	1084	
1108	1108	
1142	1142	
1150	1150	
1158	1158	
1160	1160	
1161	1161	
1174	1174	
1177	1177	
1193	1193	
1194	1194	
1195	1195	
1201	1201	
1215	1215	
1226	1226	
1229	1229	
1258	1258	
1262	1262	
1266	1266	
1270	1270	
1279	1279	
1281	1281	
1289	1289	
1302	1302	
1304	1304	
1316	1316	
1318	1318	
1361	1361	
1387	1387	
1389	1389	
1395	1395	
1402	1402	
1421	1421	
1423	1423	
1428	1428	
1452	1452	
1464	1464	
1483	1483	
1517	1517	
1518	1518	
1521	1521	
1536	1536	
1588	1588	
1589	1589	
1606	1606	
1630	1630	
1632	1632	
1640	1640	
1646	1646	
1649	1649	
1652	1652	
1661	1661	
1679	1679	
1681	1681	
1684	1684	
1686	1686	
1710	1710	
1718	1718	
1725	1725	
1739	1739	
1744	1744	
1753	1753	
1756	1756	
1757	1757	
1760	1760	
1765	1765	
1770	1770	
1784	1784	
1790	1790	
1795	1795	
1813	1813	
1822	1822	
1831	1831	
1840	1840	
1846	1846	
1863	1863	
1865	1865	
1874	1874	
1880	1880	
1893	1893	
1901	1901	
1902	1902	
1903	1903	
1917	1917	
1919	1919	
1940	1940	
1969	1969	
1997	1997	
2021	2021	
2028	2028	
2034	2034	
2043	2043	
2048	2048	
2053	2053	
2054	2054	
2058	2058	
2075	2075	
2096	2096	
2098	2098	
2100	2100	
2101	2101	
2102	2102	
2107	2107	
2114	2114	
2115	2115	
2116	2116	
2135	2135	
2157	2157	
2169	2169	
2198	2198	
2200	2200	
2201	2201	
2209	2209	
2223	2223	
2225	2225	
2254	2254	
2277	2277	
2312	2312	
2313	2313	
2318	2318	
2321	2321	
2337	2337	
2339	2339	
2342	2342	
2346	2346	
2357	2357	
2360	2360	
2366	2366	
2367	2367	
2404	2404	
2408	2408	
2413	2413	
2420	2420	
2430	2430	
2431	2431	
2434	2434	
2443	2443	
2463	2463	
2464	2464	
2466	2466	
2476	2476	
2485	2485	
2493	2493	
2506	2506	
2521	2521	
2523	2523	
2528	2528	
2539	2539	
2542	2542	
2547	2547	
2555	2555	
2557	2557	
2580	2580	
2585	2585	
2591	2591	
2594	2594	
2612	2612	
2614	2614	
2620	2620	
2621	2621	
2622	2622	
2625	2625	
2634	2634	
2652	2652	
2656	2656	
2659	2659	
2665	2665	
2685	2685	
2725	2725	
2728	2728	
2736	2736	
2757	2757	
2778	2778	
2792	2792	
2803	2803	
2814	2814	
2829	2829	
2845	2845	
2863	2863	
2881	2881	
2882	2882	
2885	2885	
2898	2898	
2906	2906	
2910	2910	
2913	2913	
2916	2916	
2918	2918	
2927	2927	
2936	2936	
2941	2941	
2962	2962	
2964	2964	
2974	2974	
2977	2977	
2984	2984	
2988	2988	
2998	2998	
3006	3006	
3015	3015	
3021	3021	
3027	3027	
3028	3028	
3036	3036	
3040	3040	
3051	3051	
3055	3055	
3082	3082	
3086	3086	
3114	3114	
3127	3127	
3128	3128	
3155	3155	
3158	3158	
3161	3161	
3164	3164	
3181	3181	
3197	3197	
3199	3199	
3220	3220	
3223	3223	
3232	3232	
3236	3236	
3238	3238	
3241	3241	
3246	3246	
3250	3250	
3251	3251	
3258	3258	
3264	3264	
3283	3283	
3287	3287	
3288	3288	
3289	3289	
3294	3294	
3297	3297	
3300	3300	
3304	3304	
3320	3320	
3340	3340	
3346	3346	
3349	3349	
3352	3352	
3356	3356	
3359	3359	
3368	3368	
3384	3384	
3405	3405	
3408	3408	
3409	3409	
3417	3417	
3437	3437	
3452	3452	
3486	3486	
3487	3487	
3531	3531	
3553	3553	
3554	3554	
3558	3558	
3573	3573	
3598	3598	
3603	3603	
3645	3645	
3646	3646	
3650	3650	
3679	3679	
3689	3689	
3695	3695	
3709	3709	
3713	3713	
3714	3714	
3732	3732	
3734	3734	
3739	3739	
3768	3768	
3778	3778	
3784	3784	
3806	3806	
3810	3810	
3830	3830	
3839	3839	
3849	3849	
3870	3870	
3875	3875	
3882	3882	
3887	3887	
3901	3901	
3908	3908	
3913	3913	
3918	3918	
3928	3928	
3938	3938	
3940	3940	
3956	3956	
3960	3960	
3969	3969	
3982	3982	
3990	3990	
3995	3995	
4007	4007	
4015	4015	
4020	4020	
4060	4060	
4077	4077	
4083	4083	
4089	4089	
4097	4097	
4098	4098	
4114	4114	
4129	4129	
4141	4141	
4148	4148	
4149	4149	
4150	4150	
4162	4162	
4175	4175	
4176	4176	
4184	4184	
4199	4199	
4215	4215	
4220	4220	
4226	4226	
4234	4234	
4236	4236	
4273	4273	
4275	4275	
4277	4277	
4284	4284	
4301	4301	
4306	4306	
4330	4330	
4347	4347	
4350	4350	
4355	4355	
4361	4361	
4365	4365	
4394	4394	
4405	4405	
4428	4428	
4437	4437	
4438	4438	
4439	4439	
4456	4456	
4459	4459	
4465	4465	
4473	4473	
4479	4479	
4484	4484	
4485	4485	
4506	4506	
4514	4514	
4533	4533	
4535	4535	
4549	4549	
4552	4552	
4558	4558	
4569	4569	
4581	4581	
4588	4588	
4589	4589	
4594	4594	
4604	4604	
4611	4611	
4616	4616	
4617	4617	
4639	4639	
4642	4642	
4659	4659	
4667	4667	
4673	4673	
4678	4678	
4684	4684	
4690	4690	
4692	4692	
4703	4703	
4723	4723	
4748	4748	
4751	4751	
4767	4767	
4781	4781	
4786	4786	
4790	4790	
4797	4797	
4807	4807	
4808	4808	
4823	4823	
4824	4824	
4825	4825	
4833	4833	
4835	4835	
4837	4837	
4841	4841	
4844	4844	
4882	4882	
4885	4885	
4886	4886	
4891	4891	
4896	4896	
4917	4917	
4931	4931	
4933	4933	
4938	4938	
4939	4939	
4943	4943	
4948	4948	
4951	4951	
4956	4956	
4974	4974	
4978	4978	
4982	4982	
4984	4984	
4996	4996	
5004	5004	
5006	5006	
5013	5013	
5040	5040	
5045	5045	
5049	5049	
5057	5057	
5070	5070	
5100	5100	
5118	5118	
5124	5124	
5140	5140	
5141	5141	
5144	5144	
5148	5148	
5161	5161	
5162	5162	
5165	5165	
5181	5181	
5186	5186	
5191	5191	
5193	5193	
5201	5201	
5205	5205	
5208	5208	
5213	5213	
5217	5217	
5221	5221	
5235	5235	
5248	5248	
5277	5277	
5279	5279	
5287	5287	
5290	5290	
5303	5303	
5309	5309	
5316	5316	
5327	5327	
5333	5333	
5343	5343	
5345	5345	
5348	5348	
5351	5351	
5358	5358	
5385	5385	
5393	5393	
5403	5403	
5410	5410	
5418	5418	
5420	5420	
5429	5429	
5435	5435	
5436	5436	
5439	5439	
5447	5447	
5471	5471	
5488	5488	
5505	5505	
5514	5514	
5537	5537	
5542	5542	
5544	5544	
5571	5571	
5584	5584	
5606	5606	
5620	5620	
5624	5624	
5645	5645	
5655	5655	
5659	5659	
5679	5679	
5682	5682	
5683	5683	
5702	5702	
5714	5714	
5733	5733	
5739	5739	
5749	5749	
5762	5762	
5764	5764	
5767	5767	
5770	5770	
5772	5772	
5783	5783	
5795	5795	
5810	5810	
5812	5812	
5814	5814	
5832	5832	
5833	5833	
5843	5843	
5846	5846	
5857	5857	
5864	5864	
5867	5867	
5888	5888	
5894	5894	
5898	5898	
5902	5902	
5938	5938	
5940	5940	
5944	5944	
5955	5955	
5961	5961	
5982	5982	
5984	5984	
5992	5992	
6000	6000	
6005	6005	
6013	6013	
6019	6019	
6030	6030	
6048	6048	
6056	6056	
6059	6059	
6073	6073	
6080	6080	
6083	6083	
6089	6089	
6093	6093	
6100	6100	
6102	6102	
6106	6106	
6108	6108	
6120	6120	
6121	6121	
6123	6123	
6126	6126	
6128	6128	
6148	6148	
6149	6149	
6160	6160	
6161	6161	
6165	6165	
6172	6172	
6186	6186	
6191	6191	
6193	6193	
6202	6202	
6203	6203	
6218	6218	
6226	6226	
6231	6231	
6239	6239	
6257	6257	
6266	6266	
6275	6275	
6292	6292	
6295	6295	
6299	6299	
6310	6310	
6328	6328	
6330	6330	
6341	6341	
6347	6347	
6378	6378	
6379	6379	
6389	6389	
6399	6399	
6436	6436	
6450	6450	
6461	6461	
6462	6462	
6478	6478	
6485	6485	
6487	6487	
6502	6502	
6506	6506	
6514	6514	
6542	6542	
6547	6547	
6560	6560	
6567	6567	
6579	6579	
6595	6595	
6609	6609	
6616	6616	
6621	6621	
6629	6629	
6632	6632	
6647	6647	
6652	6652	
6672	6672	
6678	6678	
6703	6703	
6705	6705	
6710	6710	
6726	6726	
6740	6740	
6746	6746	
6754	6754	
6791	6791	
6793	6793	
6794	6794	
6795	6795	
6810	6810	
6818	6818	
6837	6837	
6843	6843	
6850	6850	
6858	6858	
6872	6872	
6875	6875	
6876	6876	
6890	6890	
6898	6898	
6900	6900	
6928	6928	
6938	6938	
6970	6970	
6972	6972	
6974	6974	
6975	6975	
6984	6984	
6994	6994	
6995	6995	
6998	6998	
7021	7021	
7030	7030	
7038	7038	
7044	7044	
7054	7054	
7058	7058	
7062	7062	
7069	7069	
7073	7073	
7076	7076	
7081	7081	
7082	7082	
7092	7092	
7110	7110	
7119	7119	
7155	7155	
7172	7172	
7173	7173	
7174	7174	
7192	7192	
7219	7219	
7222	7222	
7223	7223	
7224	7224	
7231	7231	
7265	7265	
7277	7277	
7285	7285	
7323	7323	
7339	7339	
7353	7353	
7362	7362	
7363	7363	
7375	7375	
7376	7376	
7383	7383	
7393	7393	
7404	7404	
7408	7408	
7410	7410	
7411	7411	
7417	7417	
7421	7421	
7455	7455	
7468	7468	
7476	7476	
7487	7487	
7488	7488	
7498	7498	
7508	7508	
7530	7530	
7537	7537	
7538	7538	
7541	7541	
7557	7557	
7562	7562	
7563	7563	
7569	7569	
7570	7570	
7600	7600	
7603	7603	
7612	7612	
7634	7634	
7635	7635	
7638	7638	
7659	7659	
7675	7675	
7682	7682	
7703	7703	
7704	7704	
7712	7712	
7731	7731	
7747	7747	
7753	7753	
7754	7754	
7760	7760	
7779	7779	
7792	7792	
7798	7798	
7799	7799	
7800	7800	
7803	7803	
7810	7810	
7811	7811	
7815	7815	
7826	7826	
7831	7831	
7835	7835	
7843	7843	
7859	7859	
7861	7861	
7865	7865	
7873	7873	
7881	7881	
7896	7896	
7899	7899	
7927	7927	
7938	7938	
7953	7953	
7962	7962	
7970	7970	
7986	7986	
7995	7995	
7998	7998	
8009	8009	
8017	8017	
8045	8045	
8047	8047	
8050	8050	
8061	8061	
8127	8127	
8130	8130	
8132	8132	
8134	8134	
8141	8141	
8142	8142	
8146	8146	
8148	8148	
8153	8153	
8184	8184	
8211	8211	
8225	8225	
8251	8251	
8252	8252	
8253	8253	
8272	8272	
8275	8275	
8276	8276	
8307	8307	
8327	8327	
8347	8347	
8363	8363	
8367	8367	
8379	8379	
8383	8383	
8385	8385	
8391	8391	
8392	8392	
8394	8394	
8396	8396	
8400	8400	
8402	8402	
8404	8404	
8434	8434	
8461	8461	
8468	8468	
8472	8472	
8481	8481	
8483	8483	
8493	8493	
8502	8502	
8519	8519	
8549	8549	
8551	8551	
8556	8556	
8561	8561	
8567	8567	
8579	8579	
8582	8582	
8588	8588	
8593	8593	
8602	8602	
8608	8608	
8661	8661	
8664	8664	
8684	8684	
8704	8704	
8738	8738	
8740	8740	
8742	8742	
8759	8759	
8765	8765	
8775	8775	
8776	8776	
8784	8784	
8788	8788	
8795	8795	
8820	8820	
8827	8827	
8833	8833	
8834	8834	
8854	8854	
8875	8875	
8882	8882	
8909	8909	
8961	8961	
8978	8978	
8981	8981	
8999	8999	
9002	9002	
9050	9050	
9064	9064	
9076	9076	
9078	9078	
9082	9082	
9083	9083	
9084	9084	
9112	9112	
9121	9121	
9135	9135	
9139	9139	
9154	9154	
9175	9175	
9183	9183	
9188	9188	
9189	9189	
9192	9192	
9210	9210	
9215	9215	
9218	9218	
9245	9245	
9268	9268	
9271	9271	
9281	9281	
9287	9287	
9288	9288	
9290	9290	
9303	9303	
9309	9309	
9313	9313	
9351	9351	
9380	9380	
9395	9395	
9410	9410	
9426	9426	
9437	9437	
9449	9449	
9467	9467	
9469	9469	
9488	9488	
9495	9495	
9499	9499	
9515	9515	
9523	9523	
9529	9529	
9532	9532	
9540	9540	
9557	9557	
9559	9559	
9561	9561	
9570	9570	
9580	9580	
9581	9581	
9586	9586	
9589	9589	
9590	9590	
9614	9614	
9619	9619	
9620	9620	
9622	9622	
9629	9629	
9642	9642	
9646	9646	
9647	9647	
9649	9649	
9654	9654	
9657	9657	
9659	9659	
9667	9667	
9706	9706	
9718	9718	
9720	9720	
9740	9740	
9744	9744	
9746	9746	
9759	9759	
9764	9764	
9772	9772	
9786	9786	
9799	9799	
9802	9802	
9810	9810	
9816	9816	
9879	9879	
9880	9880	
9884	9884	
9896	9896	
9902	9902	
9920	9920	
9921	9921	
9929	9929	
9940	9940	
9941	9941	
9948	9948	
9955	9955	
9958	9958	
9978	9978	
9998	9998	
10003	10003	
10009	10009	
10033	10033	
10090	10090	
10114	10114	
10127	10127	
10128	10128	
10135	10135	
10166	10166	
10170	10170	
10177	10177	
10180	10180	
10187	10187	
10188	10188	
10201	10201	
10203	10203	
10210	10210	
10232	10232	
10236	10236	
10242	10242	
10244	10244	
10260	10260	
10262	10262	
10277	10277	
10278	10278	
10286	10286	
10345	10345	
10346	10346	
10398	10398	
10404	10404	
10428	10428	
10453	10453	
10469	10469	
10470	10470	
10479	10479	
10514	10514	
10517	10517	
10528	10528	
10530	10530	
10531	10531	
10539	10539	
10560	10560	
10568	10568	
10588	10588	
10594	10594	
10595	10595	
10604	10604	
10611	10611	
10641	10641	
10656	10656	
10661	10661	
10670	10670	
10683	10683	
10692	10692	
10710	10710	
10731	10731	
10734	10734	
10743	10743	
10751	10751	
10754	10754	
10774	10774	
10788	10788	
10795	10795	
10808	10808	
10818	10818	
10837	10837	
10839	10839	
10853	10853	
10877	10877	
10882	10882	
10892	10892	
10893	10893	
10937	10937	
10959	10959	
10960	10960	
10961	10961	
10970	10970	
10972	10972	
10975	10975	
10976	10976	
10978	10978	
10980	10980	
10990	10990	
11007	11007	
11014	11014	
11021	11021	
11027	11027	
11033	11033	
11034	11034	
11041	11041	
11042	11042	
11045	11045	
11053	11053	
11063	11063	
11069	11069	
11072	11072	
11074	11074	
11086	11086	
11092	11092	
11106	11106	
11120	11120	
11136	11136	
11141	11141	
11143	11143	
11158	11158	
11177	11177	
11181	11181	
11183	11183	
11186	11186	
11210	11210	
11220	11220	
11232	11232	
11234	11234	
11254	11254	
11258	11258	
11260	11260	
11284	11284	
11286	11286	
11308	11308	
11333	11333	
11348	11348	
11349	11349	
11357	11357	
11385	11385	
11397	11397	
11398	11398	
11404	11404	
11424	11424	
11429	11429	
11452	11452	
11457	11457	
11476	11476	
11485	11485	
11502	11502	
11540	11540	
11548	11548	
11558	11558	
11561	11561	
11579	11579	
11594	11594	
11598	11598	
11599	11599	
11613	11613	
11618	11618	
11623	11623	
11636	11636	
11640	11640	
11641	11641	
11647	11647	
11671	11671	
11678	11678	
11681	11681	
11683	11683	
11684	11684	
11690	11690	
11693	11693	
11697	11697	
11713	11713	
11716	11716	
11721	11721	
11742	11742	
11764	11764	
11765	11765	
11786	11786	
11791	11791	
11796	11796	
11801	11801	
11817	11817	
11819	11819	
11824	11824	
11844	11844	
11847	11847	
11854	11854	
11861	11861	
11866	11866	
11869	11869	
11883	11883	
11885	11885	
11888	11888	
11890	11890	
11905	11905	
11908	11908	
11910	11910	
11911	11911	
11930	11930	
11931	11931	
11942	11942	
11968	11968	
11977	11977	
11979	11979	
11983	11983	
11990	11990	
11998	11998	
12002	12002	
12023	12023	
12029	12029	
12038	12038	
12058	12058	
12064	12064	
12093	12093	
12103	12103	
12106	12106	
12123	12123	
12131	12131	
12146	12146	
12151	12151	
12160	12160	
12224	12224	
12264	12264	
12265	12265	
12278	12278	
12292	12292	
12302	12302	
12307	12307	
12319	12319	
12322	12322	
12335	12335	
12338	12338	
12339	12339	
12370	12370	
12376	12376	
12382	12382	
12384	12384	
12395	12395	
12411	12411	
12423	12423	
12424	12424	
12428	12428	
12448	12448	
12461	12461	
12471	12471	
12477	12477	
12487	12487	
12489	12489	
12513	12513	
12534	12534	
12535	12535	
12551	12551	
12554	12554	
12597	12597	
12611	12611	
12619	12619	
12624	12624	
12626	12626	
12630	12630	
12634	12634	
12651	12651	
12652	12652	
12658	12658	
12660	12660	
12665	12665	
12691	12691	
12698	12698	
12701	12701	
12720	12720	
12730	12730	
12732	12732	
12740	12740	
12742	12742	
12764	12764	
12768	12768	
12775	12775	
12804	12804	
12809	12809	
12816	12816	
12829	12829	
12830	12830	
12851	12851	
12861	12861	
12863	12863	
12884	12884	
12914	12914	
12920	12920	
12925	12925	
12939	12939	
12940	12940	
12948	12948	
12952	12952	
12968	12968	
12970	12970	
12980	12980	
12988	12988	
12991	12991	
12998	12998	
13008	13008	
13022	13022	
13023	13023	
13044	13044	
13046	13046	
13053	13053	
13060	13060	
13061	13061	
13064	13064	
13072	13072	
13081	13081	
13084	13084	
13088	13088	
13101	13101	
13113	13113	
13114	13114	
13147	13147	
13148	13148	
13150	13150	
13153	13153	
13168	13168	
13174	13174	
13177	13177	
13183	13183	
13207	13207	
13240	13240	
13243	13243	
13252	13252	
13259	13259	
13262	13262	
13264	13264	
13269	13269	
13284	13284	
13309	13309	
13312	13312	
13314	13314	
13322	13322	
13324	13324	
13339	13339	
13344	13344	
13355	13355	
13362	13362	
13370	13370	
13377	13377	
13407	13407	
13409	13409	
13441	13441	
13455	13455	
13456	13456	
13484	13484	
13500	13500	
13513	13513	
13529	13529	
13531	13531	
13535	13535	
13553	13553	
13564	13564	
13565	13565	
13574	13574	
13578	13578	
13580	13580	
13583	13583	
13584	13584	
13593	13593	
13615	13615	
13641	13641	
13661	13661	
13664	13664	
13666	13666	
13670	13670	
13687	13687	
13690	13690	
13703	13703	
13757	13757	
13765	13765	
13767	13767	
13771	13771	
13784	13784	
13795	13795	
13796	13796	
13802	13802	
13814	13814	
13816	13816	
13817	13817	
13824	13824	
13838	13838	
13860	13860	
13881	13881	
13905	13905	
13906	13906	
13911	13911	
13926	13926	
13933	13933	
13936	13936	
13968	13968	
13978	13978	
13993	13993	
13994	13994	
13995	13995	
14004	14004	
14011	14011	
14012	14012	
14016	14016	
14022	14022	
14027	14027	
14056	14056	
14063	14063	
14069	14069	
14081	14081	
14106	14106	
14107	14107	
14116	14116	
14120	14120	
14144	14144	
14145	14145	
14154	14154	
14159	14159	
14164	14164	
14170	14170	
14174	14174	
14178	14178	
14198	14198	
14212	14212	
14215	14215	
14225	14225	
14227	14227	
14234	14234	
14236	14236	
14274	14274	
14283	14283	
14285	14285	
14287	14287	
14291	14291	
14324	14324	
14327	14327	
14346	14346	
14347	14347	
14352	14352	
14358	14358	
14359	14359	
14361	14361	
14379	14379	
14384	14384	
14401	14401	
14422	14422	
14427	14427	
14433	14433	
14438	14438	
14446	14446	
14453	14453	
14457	14457	
14459	14459	
14470	14470	
14481	14481	
14485	14485	
14490	14490	
14499	14499	
14503	14503	
14514	14514	
14540	14540	
14544	14544	
14558	14558	
14577	14577	
14585	14585	
14587	14587	
14591	14591	
14618	14618	
14621	14621	
14662	14662	
14677	14677	
14678	14678	
14704	14704	
14707	14707	
14712	14712	
14728	14728	
14745	14745	
14753	14753	
14764	14764	
14768	14768	
14787	14787	
14802	14802	
14809	14809	
14815	14815	
14836	14836	
14864	14864	
14867	14867	
14869	14869	
14894	14894	
14902	14902	
14905	14905	
14915	14915	
14922	14922	
14936	14936	
14945	14945	
14954	14954	
14960	14960	
14965	14965	
14978	14978	
14981	14981	
14988	14988	
14991	14991	
14995	14995	
15006	15006	
15016	15016	
15051	15051	
15055	15055	
15058	15058	
15068	15068	
15074	15074	
15076	15076	
15077	15077	
15087	15087	
15089	15089	
15113	15113	
15116	15116	
15118	15118	
15129	15129	
15130	15130	
15148	15148	
15150	15150	
15151	15151	
15184	15184	
15186	15186	
15190	15190	
15194	15194	
15206	15206	
15211	15211	
15212	15212	
15215	15215	
15218	15218	
15247	15247	
15248	15248	
15251	15251	
15255	15255	
15281	15281	
15295	15295	
15310	15310	
15312	15312	
15318	15318	
15333	15333	
15334	15334	
15338	15338	
15346	15346	
15347	15347	
15352	15352	
15366	15366	
15381	15381	
15385	15385	
15390	15390	
15398	15398	
15402	15402	
15418	15418	
15434	15434	
15457	15457	
15472	15472	
15473	15473	
15481	15481	
15486	15486	
15502	15502	
15525	15525	
15528	15528	
15546	15546	
15562	15562	
15565	15565	
15571	15571	
15588	15588	
15593	15593	
15596	15596	
15612	15612	
15619	15619	
15638	15638	
15646	15646	
15650	15650	
15671	15671	
15672	15672	
15676	15676	
15699	15699	
15710	15710	
15724	15724	
15735	15735	
15738	15738	
15740	15740	
15759	15759	
15792	15792	
15795	15795	
15800	15800	
15815	15815	
15823	15823	
15829	15829	
15831	15831	
15841	15841	
15847	15847	
15866	15866	
15867	15867	
15871	15871	
15902	15902	
15914	15914	
15921	15921	
15945	15945	
15946	15946	
15948	15948	
15949	15949	
15969	15969	
15971	15971	
15977	15977	
16005	16005	
16012	16012	
16022	16022	
16027	16027	
16038	16038	
16054	16054	
16063	16063	
16071	16071	
16078	16078	
16085	16085	
16087	16087	
16099	16099	
16101	16101	
16103	16103	
16115	16115	
16142	16142	
16143	16143	
16148	16148	
16183	16183	
16186	16186	
16216	16216	
16261	16261	
16276	16276	
16280	16280	
16286	16286	
16302	16302	
16306	16306	
16313	16313	
16345	16345	
16361	16361	
16367	16367	
16377	16377	
16401	16401	
16414	16414	
16427	16427	
16431	16431	
16448	16448	
16463	16463	
16465	16465	
16467	16467	
16469	16469	
16478	16478	
16486	16486	
16492	16492	
16511	16511	
16517	16517	
16525	16525	
16532	16532	
16535	16535	
16550	16550	
16554	16554	
16558	16558	
16572	16572	
16576	16576	
16578	16578	
16593	16593	
16608	16608	
16613	16613	
16616	16616	
16618	16618	
16621	16621	
16628	16628	
16632	16632	
16636	16636	
16650	16650	
16657	16657	
16687	16687	
16689	16689	
16698	16698	
16705	16705	
16712	16712	
16717	16717	
16718	16718	
16723	16723	
16757	16757	
16761	16761	
16770	16770	
16776	16776	
16805	16805	
16814	16814	
16826	16826	
16834	16834	
16845	16845	
16847	16847	
16850	16850	
16862	16862	
16867	16867	
16868	16868	
16876	16876	
16881	16881	
16885	16885	
16888	16888	
16894	16894	
16901	16901	
16904	16904	
16915	16915	
16919	16919	
16920	16920	
16926	16926	
16942	16942	
16948	16948	
16951	16951	
16987	16987	
16991	16991	
16992	16992	
17003	17003	
17018	17018	
17020	17020	
17024	17024	
17030	17030	
17041	17041	
17070	17070	
17081	17081	
17116	17116	
17132	17132	
17146	17146	
17151	17151	
17152	17152	
17153	17153	
17181	17181	
17188	17188	
17196	17196	
17212	17212	
17213	17213	
17224	17224	
17225	17225	
17233	17233	
17251	17251	
17254	17254	
17256	17256	
17261	17261	
17262	17262	
17271	17271	
17272	17272	
17273	17273	
17276	17276	
17301	17301	
17346	17346	
17347	17347	
17375	17375	
17382	17382	
17385	17385	
17386	17386	
17387	17387	
17392	17392	
17400	17400	
17407	17407	
17410	17410	
17428	17428	
17439	17439	
17440	17440	
17441	17441	
17444	17444	
17450	17450	
17474	17474	
17481	17481	
17484	17484	
17485	17485	
17486	17486	
17519	17519	
17527	17527	
17530	17530	
17540	17540	
17547	17547	
17548	17548	
17549	17549	
17551	17551	
17556	17556	
17567	17567	
17572	17572	
17577	17577	
17587	17587	
17611	17611	
17617	17617	
17633	17633	
17635	17635	
17642	17642	
17681	17681	
17684	17684	
17690	17690	
17704	17704	
17712	17712	
17714	17714	
17716	17716	
17723	17723	
17734	17734	
17739	17739	
17753	17753	
17764	17764	
17772	17772	
17781	17781	
17786	17786	
17794	17794	
17795	17795	
17802	17802	
17807	17807	
17823	17823	
17827	17827	
17832	17832	
17836	17836	
17841	17841	
17845	17845	
17853	17853	
17855	17855	
17864	17864	
17874	17874	
17875	17875	
17879	17879	
17881	17881	
17890	17890	
17901	17901	
17907	17907	
17908	17908	
17918	17918	
17923	17923	
17936	17936	
17949	17949	
17958	17958	
17959	17959	
17962	17962	
17978	17978	
18011	18011	
18014	18014	
18015	18015	
18031	18031	
18032	18032	
18040	18040	
18048	18048	
18061	18061	
18072	18072	
18074	18074	
18098	18098	
18103	18103	
18108	18108	
18110	18110	
18111	18111	
18116	18116	
18131	18131	
18140	18140	
18141	18141	
18147	18147	
18153	18153	
18157	18157	
18159	18159	
18165	18165	
18168	18168	
18171	18171	
18174	18174	
18175	18175	
18179	18179	
18181	18181	
18198	18198	
18204	18204	
18210	18210	
18212	18212	
18220	18220	
18233	18233	
18238	18238	
18248	18248	
18249	18249	
18250	18250	
18263	18263	
18266	18266	
18270	18270	
18272	18272	
18275	18275	
18281	18281	
18295	18295	
18299	18299	
18301	18301	
18305	18305	
18306	18306	
18317	18317	
18327	18327	
18354	18354	
18387	18387	
18391	18391	
18402	18402	
18407	18407	
18436	18436	
18443	18443	
18462	18462	
18472	18472	
18484	18484	
18485	18485	
18500	18500	
18510	18510	
18526	18526	
18532	18532	
18545	18545	
18553	18553	
18557	18557	
18562	18562	
18564	18564	
18575	18575	
18587	18587	
18595	18595	
18624	18624	
18627	18627	
18631	18631	
18633	18633	
18652	18652	
18654	18654	
18696	18696	
18705	18705	
18708	18708	
18712	18712	
18713	18713	
18721	18721	
18747	18747	
18750	18750	
18773	18773	
18775	18775	
18776	18776	
18784	18784	
18788	18788	
18793	18793	
18794	18794	
18809	18809	
18820	18820	
18852	18852	
18855	18855	
18881	18881	
18903	18903	
18921	18921	
18926	18926	
18935	18935	
18950	18950	
18962	18962	
18969	18969	
18970	18970	
18980	18980	
18985	18985	
19009	19009	
19013	19013	
19023	19023	
19026	19026	
19027	19027	
19029	19029	
19032	19032	
19063	19063	
19071	19071	
19080	19080	
19095	19095	
19102	19102	
19113	19113	
19129	19129	
19154	19154	
19176	19176	
19183	19183	
19193	19193	
19194	19194	
19208	19208	
19210	19210	
19212	19212	
19221	19221	
19235	19235	
19259	19259	
19267	19267	
19271	19271	
19276	19276	
19281	19281	
19287	19287	
19289	19289	
19304	19304	
19306	19306	
19311	19311	
19313	19313	
19322	19322	
19330	19330	
19334	19334	
19348	19348	
19352	19352	
19353	19353	
19358	19358	
19369	19369	
19374	19374	
19380	19380	
19393	19393	
19406	19406	
19408	19408	
19415	19415	
19435	19435	
19448	19448	
19457	19457	
19459	19459	
19477	19477	
19479	19479	
19486	19486	
19492	19492	
19508	19508	
19511	19511	
19522	19522	
19523	19523	
19527	19527	
19539	19539	
19541	19541	
19567	19567	
19574	19574	
19579	19579	
19584	19584	
19590	19590	
19602	19602	
19609	19609	
19611	19611	
19629	19629	
19638	19638	
19648	19648	
19649	19649	
19651	19651	
19672	19672	
19674	19674	
19677	19677	
19704	19704	
19706	19706	
19715	19715	
19723	19723	
19740	19740	
19747	19747	
19749	19749	
19758	19758	
19759	19759	
19762	19762	
19769	19769	
19778	19778	
19786	19786	
19840	19840	
19846	19846	
19850	19850	
19859	19859	
19861	19861	
19862	19862	
19864	19864	
19871	19871	
19877	19877	
19879	19879	
19888	19888	
19894	19894	
19916	19916	
19925	19925	
19953	19953	
19957	19957	
19970	19970	
19991	19991	
19994	19994	
19996	19996	
