CERTIFIED.eid  CERTIFIED.aid  SCHEDULE.flno  SCHEDULE.aid  
38819	1043	47926	1043	
13632	42883	33330	42883	
46498	28013	17373	28013	
11277	5316	31759	5316	
45373	7543	42372	7543	
30601	24220	14000	24220	
15794	20412	30136	20412	
719	7922	46901	7922	
43698	35034	44529	35034	
1749	13580	19130	13580	
21466	19955	15937	19955	
6293	45603	3731	45603	
22024	9046	20628	9046	
24056	21810	43266	21810	
39787	23723	23031	23723	
34946	41976	24667	41976	
20416	26829	46174	26829	
42175	36954	21819	36954	
29695	23365	34232	23365	
18706	12302	29973	12302	
45824	49169	45515	49169	
28475	25421	46482	25421	
36129	4051	38687	4051	
47700	24284	28516	24284	
3931	26928	47089	26928	
41148	42333	39700	42333	
35613	35566	26725	35566	
19354	4776	20291	4776	
33689	9030	8201	9030	
28531	35150	29303	35150	
47629	37045	48718	37045	
402	42099	15	42099	
31202	34689	2465	34689	
39825	22512	2189	22512	
18029	4015	8459	4015	
6578	11426	28675	11426	
47736	28029	22194	28029	
18616	45546	40887	45546	
42559	30775	14818	30775	
41015	35876	43903	35876	
46208	16243	41227	16243	
25266	14327	15053	14327	
33273	16103	16537	16103	
20814	45041	16504	45041	
10118	32286	8040	32286	
25512	31335	35020	31335	
15781	30793	27865	30793	
23098	11349	7965	11349	
36777	3228	34074	3228	
20302	37624	9598	37624	
44730	9121	48923	9121	
40620	37561	38113	37561	
3326	44943	18906	44943	
390	7843	29806	7843	
38592	27480	10220	27480	
2290	9978	15289	9978	
43919	11646	16598	11646	
5564	21918	11582	21918	
2950	17332	24546	17332	
41526	3086	36744	3086	
41843	42987	33565	42987	
5085	4437	12913	4437	
9735	25202	5498	25202	
35141	8202	29576	8202	
14748	21985	37039	21985	
24718	25228	42524	25228	
18873	46714	16309	46714	
29902	41806	40513	41806	
47180	44860	22256	44860	
19668	23550	34968	23550	
24167	10990	46408	10990	
5703	23239	18191	23239	
16539	28320	22954	28320	
13163	11143	47669	11143	
37067	21922	42545	21922	
4472	30141	29216	30141	
44107	1536	36731	1536	
23452	19259	18569	19259	
42380	20130	22444	20130	
21315	40615	16312	40615	
32449	19322	3953	19322	
23749	39862	20392	39862	
42374	41396	47590	41396	
29691	29251	38004	29251	
8361	12698	35451	12698	
44072	41102	23828	41102	
1227	42920	12040	42920	
30006	18545	29508	18545	
11960	19434	13721	19434	
30303	12742	23294	12742	
18995	41551	30002	41551	
5668	49779	21216	49779	
16093	32879	33854	32879	
28706	20321	29664	20321	
805	4589	5315	4589	
44257	9175	39214	9175	
31760	29159	41941	29159	
45779	41367	22567	41367	
47214	2882	32759	2882	
41999	10424	46617	10424	
4640	37483	23447	37483	
14377	49076	31659	49076	
7588	6957	16020	6957	
36406	20307	8082	20307	
43828	25508	33444	25508	
46755	6172	3315	6172	
20067	41961	33877	41961	
40163	38426	11076	38426	
11731	2778	46526	2778	
24769	22968	25527	22968	
19722	30592	15044	30592	
9548	34398	4368	34398	
36813	39671	263	39671	
653	30700	32726	30700	
30221	35116	33028	35116	
6129	46150	24603	46150	
23703	14056	7725	14056	
32945	4150	45462	4150	
49450	44677	28093	44677	
29134	34171	20848	34171	
49323	45215	24080	45215	
1224	13259	32489	13259	
911	22471	11068	22471	
129	41854	24790	41854	
30148	10609	45776	10609	
30232	32441	15393	32441	
13244	8367	32994	8367	
11784	40689	48805	40689	
44034	1030	35875	1030	
28485	33061	46441	33061	
26653	23085	14619	23085	
7232	40174	5608	40174	
17966	30787	32434	30787	
23518	16229	33686	16229	
10483	15759	39038	15759	
31389	34217	2610	34217	
31564	43277	31039	43277	
5172	12591	9157	12591	
15834	15247	30968	15247	
39278	12224	14858	12224	
4980	7815	11749	7815	
8545	23492	12661	23492	
23826	11682	18173	11682	
13992	34807	25288	34807	
34551	18249	23512	18249	
33245	9586	17046	9586	
14026	37785	46334	37785	
21312	2144	38667	2144	
24233	42503	5721	42503	
24690	17302	10461	17302	
27494	43220	4210	43220	
2206	25758	43855	25758	
6245	23590	38965	23590	
44438	34735	42437	34735	
1876	30849	32031	30849	
7935	32780	13431	32780	
579	22765	44643	22765	
4724	4918	30428	4918	
23682	42143	30438	42143	
41175	7742	39626	7742	
23720	9410	1707	9410	
36198	11519	28651	11519	
12875	19957	16315	19957	
36391	33832	23528	33832	
33035	27674	10766	27674	
79	10743	8118	10743	
29837	37520	5338	37520	
33278	22768	32007	22768	
2868	24975	37417	24975	
40094	10760	9379	10760	
10204	26047	13972	26047	
24822	30128	21509	30128	
27214	37479	41373	37479	
17640	37966	36049	37966	
43586	11220	4643	11220	
36074	1389	5866	1389	
30976	5076	14890	5076	
31455	8811	22761	8811	
29642	26109	16008	26109	
27647	21582	3889	21582	
43319	28640	29774	28640	
14826	4306	46264	4306	
1810	46213	9228	46213	
42824	18352	3209	18352	
48941	23137	14196	23137	
11560	39859	48065	39859	
16703	45372	4157	45372	
48075	18258	36550	18258	
25297	46013	1251	46013	
11751	12099	20045	12099	
36630	1402	19929	1402	
13376	5739	12693	5739	
37211	18098	47464	18098	
15060	36990	1189	36990	
17749	16624	15770	16624	
41124	22523	21395	22523	
14778	12323	11670	12323	
47183	36429	43255	36429	
22498	16769	30073	16769	
4725	49814	12657	49814	
867	15508	48737	15508	
7318	6616	31120	6616	
11684	43317	28720	43317	
14890	46982	35413	46982	
5290	16011	2496	16011	
16564	29663	17981	29663	
29353	35056	29707	35056	
1768	40153	25894	40153	
40301	47619	21396	47619	
17130	41384	6426	41384	
15074	2218	29312	2218	
25781	11370	37835	11370	
33892	27967	41051	27967	
48406	5020	4135	5020	
18853	24521	37711	24521	
39353	14950	14761	14950	
33316	30570	2179	30570	
46277	1304	12700	1304	
13207	7720	17655	7720	
14096	32494	474	32494	
44123	45008	35579	45008	
35557	45464	6558	45464	
4946	21294	47799	21294	
49275	2407	15423	2407	
648	19686	5766	19686	
10466	3186	4427	3186	
45549	45672	29977	45672	
46661	18652	40022	18652	
25984	13574	25479	13574	
16325	13689	2455	13689	
3043	13044	3796	13044	
47904	17962	2456	17962	
7382	18116	39045	18116	
7616	13072	8215	13072	
11337	31657	18024	31657	
36404	13607	25264	13607	
4917	40293	16866	40293	
24115	48370	23712	48370	
21053	15260	25615	15260	
17581	49768	39637	49768	
29441	17229	46304	17229	
37655	24984	43363	24984	
37250	32089	11837	32089	
49365	42892	40994	42892	
32835	46313	40372	46313	
16410	17313	30011	17313	
26085	30435	23707	30435	
34455	42530	27817	42530	
41507	36681	8628	36681	
27154	23603	40251	23603	
22109	32521	4195	32521	
44681	39886	49780	39886	
22923	49618	42181	49618	
42946	24565	4072	24565	
48054	49480	10283	49480	
24983	4346	47290	4346	
32515	28567	47615	28567	
194	27049	49244	27049	
15463	6858	47481	6858	
32712	47443	32	47443	
2610	3595	28269	3595	
9805	31365	15574	31365	
48800	1067	24670	1067	
30755	2410	7963	2410	
21321	38741	5008	38741	
21695	948	13127	948	
8062	43578	26466	43578	
37096	17549	41587	17549	
17806	31121	38159	31121	
42434	40854	9783	40854	
4558	22089	36040	22089	
21554	25708	36445	25708	
48133	37302	6655	37302	
19207	3079	24077	3079	
12565	6266	41795	6266	
5788	16948	355	16948	
6364	44742	34670	44742	
25907	33886	11306	33886	
29270	893	14280	893	
605	13978	36078	13978	
41583	20527	42642	20527	
39279	12485	46346	12485	
8529	29388	12836	29388	
10761	31056	33542	31056	
48633	9654	17760	9654	
40965	37922	30302	37922	
15922	15089	33305	15089	
1626	11564	28921	11564	
24747	17690	44019	17690	
28346	40050	35098	40050	
30671	12183	17829	12183	
5793	36559	10215	36559	
46923	12205	32204	12205	
24675	46694	39197	46694	
8107	30050	46319	30050	
6061	22947	29620	22947	
10211	45124	42286	45124	
24049	40676	7318	40676	
21038	5683	28661	5683	
6066	2140	13983	2140	
35696	37728	20509	37728	
37960	42583	45879	42583	
1631	9290	12353	9290	
6924	763	38928	763	
28608	43399	48157	43399	
17505	40600	30373	40600	
20415	7177	26081	7177	
38017	39697	1298	39697	
28648	23876	6383	23876	
49296	35389	11511	35389	
42088	35788	38571	35788	
43620	8742	40385	8742	
39550	47976	18665	47976	
14502	17199	3091	17199	
31489	22990	39249	22990	
30302	18525	11865	18525	
27134	24524	32110	24524	
1397	13344	47311	13344	
25371	9112	10245	9112	
37977	6161	46620	6161	
43867	11476	43039	11476	
13138	28152	6891	28152	
8650	49015	35617	49015	
46563	29230	19295	29230	
4178	40988	48701	40988	
34424	37814	43082	37814	
15630	38240	41998	38240	
40890	40167	30509	40167	
16478	5996	2369	5996	
47958	30394	18714	30394	
36555	16558	44937	16558	
42296	13994	19350	13994	
3230	21078	45898	21078	
24247	42364	49281	42364	
32849	34244	45917	34244	
31548	29772	28978	29772	
11287	26624	47267	26624	
16034	16636	9669	16636	
31708	9437	15705	9437	
37495	43951	28767	43951	
29875	36991	11912	36991	
6679	28597	17811	28597	
24012	6249	13907	6249	
37845	14621	31899	14621	
11297	22	24160	22	
47210	41388	38291	41388	
9377	5905	41361	5905	
13260	24582	46145	24582	
29058	27007	15970	27007	
11260	37469	40059	37469	
31099	8676	47540	8676	
43322	17960	25470	17960	
34787	11435	45951	11435	
35869	27057	42813	27057	
2026	45026	10879	45026	
36317	40795	1054	40795	
49630	47659	37699	47659	
8123	184	22090	184	
19548	49596	20325	49596	
32418	14013	29569	14013	
33940	25801	45374	25801	
35513	23513	5834	23513	
42255	12764	31087	12764	
26893	29888	19635	29888	
30008	26243	25475	26243	
43405	17392	30530	17392	
47833	5100	47348	5100	
43724	4089	15410	4089	
15751	21690	41023	21690	
30381	29516	2393	29516	
21439	37396	8675	37396	
35403	9946	47317	9946	
46447	18756	48337	18756	
47991	2078	46596	2078	
44811	36066	12495	36066	
43253	6218	22393	6218	
5150	16286	18655	16286	
21262	40660	46035	40660	
20108	6994	34612	6994	
3225	22558	2421	22558	
10601	29145	16666	29145	
4691	29250	47154	29250	
19753	8348	8823	8348	
18112	36402	20284	36402	
6312	6349	40688	6349	
14139	17853	45684	17853	
12951	26401	48115	26401	
24303	37206	13051	37206	
9341	27934	46204	27934	
38675	2612	41329	2612	
18303	15710	23637	15710	
35967	6678	28671	6678	
16036	20217	39464	20217	
38845	44324	37744	44324	
16425	5488	24161	5488	
22599	9130	47053	9130	
30366	9271	46860	9271	
10132	43274	44736	43274	
23828	22306	31317	22306	
31470	5058	3874	5058	
32149	11833	21455	11833	
7600	6579	43672	6579	
7902	26804	3757	26804	
38035	48344	17854	48344	
9869	46237	2860	46237	
40447	11114	45681	11114	
40146	48677	15840	48677	
1788	48136	44767	48136	
13685	37221	20384	37221	
3306	35593	21292	35593	
37815	26541	17963	26541	
3862	17386	38568	17386	
13508	45499	36527	45499	
39351	22843	12087	22843	
10426	48572	32816	48572	
4783	43771	1371	43771	
14637	33355	38553	33355	
12239	47514	26015	47514	
2630	30211	20196	30211	
16552	7119	807	7119	
36574	43259	48069	43259	
15990	48103	36680	48103	
45644	36062	35493	36062	
46576	49716	13158	49716	
10554	21592	36513	21592	
47949	6257	18938	6257	
49413	38120	28472	38120	
47280	38899	3277	38899	
8005	17003	39814	17003	
10083	3155	37548	3155	
41425	44261	22757	44261	
12142	22383	32003	22383	
46511	2625	15690	2625	
3362	10260	43225	10260	
33647	27770	6142	27770	
29322	9183	23498	9183	
5110	35510	14253	35510	
9508	20480	22279	20480	
43998	44026	2063	44026	
14132	38462	4773	38462	
6230	18074	29453	18074	
7734	5888	33294	5888	
7844	17461	26131	17461	
39425	49634	30254	49634	
9960	39981	28254	39981	
4319	37489	7196	37489	
4274	24059	46726	24059	
28942	48454	10850	48454	
15736	41885	6973	41885	
19679	5259	48750	5259	
968	40283	46997	40283	
104	18633	38725	18633	
33444	39798	34571	39798	
22148	22702	48608	22702	
14911	358	31143	358	
3645	11910	30496	11910	
35307	35288	8108	35288	
2693	19113	26584	19113	
39423	48017	9900	48017	
23971	29802	15145	29802	
49018	44731	25969	44731	
18068	11425	30308	11425	
30715	26274	36368	26274	
14992	29108	32651	29108	
15679	3938	12636	3938	
2146	13455	11695	13455	
15331	17062	48302	17062	
13690	23579	17166	23579	
36607	14255	48239	14255	
11249	23837	45957	23837	
10517	18452	17480	18452	
29588	43364	39730	43364	
23479	43235	21865	43235	
12532	20650	21316	20650	
22637	36231	44285	36231	
45103	43136	1881	43136	
4224	10672	36369	10672	
21586	29855	4336	29855	
3688	49878	49667	49878	
27578	48733	31367	48733	
25341	17646	18642	17646	
527	1879	2889	1879	
36246	13861	14391	13861	
4852	44550	15935	44550	
16771	28831	33461	28831	
26014	3187	36684	3187	
28704	39231	43979	39231	
3764	20832	567	20832	
11554	9718	47872	9718	
46701	4479	17912	4479	
31379	25799	32893	25799	
7872	21135	41333	21135	
44135	3250	46792	3250	
8074	30574	49476	30574	
22973	4948	23634	4948	
6342	33138	23201	33138	
36690	42691	12888	42691	
23357	30929	39158	30929	
36237	42626	26201	42626	
7512	11721	26457	11721	
43044	42731	32551	42731	
10619	12443	23449	12443	
46532	827	10779	827	
6143	19954	21805	19954	
38208	46226	24701	46226	
13598	3790	30821	3790	
17400	24187	2605	24187	
1729	28260	16935	28260	
46777	48428	38027	48428	
367	16385	4451	16385	
8818	6478	11263	6478	
8484	9255	25684	9255	
8253	18874	37663	18874	
7805	1006	42523	1006	
30091	28802	39354	28802	
36908	22824	1579	22824	
36709	45491	44831	45491	
15835	9188	11856	9188	
13917	28843	28004	28843	
44846	28509	36473	28509	
12400	13925	13308	13925	
40674	47385	31527	47385	
47404	44186	37521	44186	
17763	49209	7437	49209	
15801	41353	8849	41353	
49934	1560	23326	1560	
44323	41274	18934	41274	
3680	15959	49323	15959	
38816	6073	28281	6073	
34147	39632	7698	39632	
36988	29934	3544	29934	
37818	13783	42748	13783	
44869	3055	10597	3055	
25441	42780	43918	42780	
6111	34532	11081	34532	
2651	41979	24739	41979	
29868	4654	40525	4654	
26792	4996	11049	4996	
25604	10470	45513	10470	
29544	26753	37301	26753	
7933	15472	10657	15472	
20351	45370	36358	45370	
45822	8225	1494	8225	
26427	23511	31952	23511	
43001	20811	8864	20811	
40818	3006	14866	3006	
6194	37201	32656	37201	
40136	27091	25047	27091	
31123	2	12860	2	
32543	9303	13082	9303	
40579	47347	31594	47347	
46276	26702	49428	26702	
44895	38613	47197	38613	
14681	35178	2005	35178	
45089	2053	35955	2053	
20301	34763	22895	34763	
7874	5642	38140	5642	
7965	46004	1981	46004	
12018	9330	44131	9330	
9700	14756	48575	14756	
20844	31034	42986	31034	
36086	48489	12606	48489	
5487	10128	35331	10128	
45090	29011	7316	29011	
2487	16746	27340	16746	
15802	5090	21165	5090	
17919	40806	34625	40806	
17727	11594	20007	11594	
11974	48629	8576	48629	
569	17217	5754	17217	
17790	14960	17056	14960	
49739	42572	45843	42572	
1890	49818	9043	49818	
39507	15650	41418	15650	
24246	28698	34153	28698	
18277	48073	38898	48073	
25547	22015	41525	22015	
42790	19672	46954	19672	
46676	27119	26230	27119	
28116	30641	21072	30641	
4669	1289	1723	1289	
18442	8820	28655	8820	
39635	40672	26483	40672	
49020	22232	30241	22232	
23602	12991	33945	12991	
16024	45566	38918	45566	
44314	35397	26715	35397	
5925	30329	20067	30329	
44404	20071	48477	20071	
33963	48770	7258	48770	
41047	40221	19270	40221	
11031	49948	33547	49948	
34354	1184	38810	1184	
4756	36297	25665	36297	
34224	29622	2501	29622	
40634	45020	9024	45020	
38636	3128	11188	3128	
7622	15129	39793	15129	
32977	20725	11621	20725	
26234	40637	11497	40637	
22340	27446	18517	27446	
14548	26849	1793	26849	
28913	3828	37677	3828	
27423	2458	36786	2458	
22540	23660	47507	23660	
45429	46235	37423	46235	
35227	21778	43751	21778	
21069	14490	31966	14490	
47957	935	40040	935	
32963	30754	25323	30754	
14329	46671	36718	46671	
28494	8660	39916	8660	
28332	4506	35893	4506	
38429	46110	2474	46110	
31010	45340	29498	45340	
45597	43637	39994	43637	
21163	28974	32609	28974	
28073	14587	28747	14587	
49363	17635	45877	17635	
21013	12418	37044	12418	
20888	14004	14041	14004	
44015	7464	32783	7464	
36279	17711	15839	17711	
9137	37766	22981	37766	
48113	26363	7643	26363	
49683	28279	16970	28279	
8486	39075	24244	39075	
9229	3863	11811	3863	
18114	31699	37218	31699	
26286	16683	32887	16683	
12080	29737	25607	29737	
49141	44678	28849	44678	
25557	17020	8980	17020	
46090	29669	36693	29669	
617	38593	13213	38593	
46726	10960	21961	10960	
3176	35005	6643	35005	
24031	941	33701	941	
43294	45993	11117	45993	
31918	40775	34352	40775	
3836	7893	3038	7893	
14884	9488	7099	9488	
2174	28749	32984	28749	
10799	44987	14914	44987	
38571	26264	40769	26264	
17985	4136	15452	4136	
30892	39027	28069	39027	
541	12013	4281	12013	
47719	461	22997	461	
35728	5995	4402	5995	
33388	31886	23530	31886	
36309	49837	2416	49837	
46131	22487	7789	22487	
33369	41588	14104	41588	
13967	32111	44011	32111	
32900	4057	10068	4057	
2310	5670	48842	5670	
32618	23312	41554	23312	
4986	12920	28533	12920	
38062	30750	36796	30750	
20706	43373	31953	43373	
20283	29231	21513	29231	
43079	31786	45768	31786	
35795	32525	46630	32525	
41460	7453	18340	7453	
3220	8854	14423	8854	
49949	24600	30544	24600	
6670	23619	7317	23619	
10555	35298	26809	35298	
46271	32226	33261	32226	
26607	46098	43305	46098	
13038	15438	2746	15438	
1532	11696	34111	11696	
2228	14107	34165	14107	
47034	34534	43760	34534	
47860	12694	34581	12694	
16353	29369	36560	29369	
27479	38187	49905	38187	
37480	38029	37701	38029	
13158	31217	4598	31217	
16078	13814	30957	13814	
47406	186	8806	186	
1340	38238	24402	38238	
20604	36562	44681	36562	
19745	43985	10939	43985	
22938	19279	13704	19279	
15328	9627	41189	9627	
24355	41027	29629	41027	
4588	3711	14535	3711	
45121	2466	45397	2466	
9384	25792	2392	25792	
19729	6315	35430	6315	
25670	21684	5590	21684	
21219	47302	45909	47302	
4741	18168	29048	18168	
43332	14787	21650	14787	
38939	10532	37084	10532	
1349	28852	19114	28852	
17115	11465	43200	11465	
17170	6652	39225	6652	
29277	41169	40137	41169	
27336	22442	26459	22442	
29901	45067	1119	45067	
8896	33281	43072	33281	
49733	49270	15711	49270	
23714	3936	25334	3936	
47711	45673	17525	45673	
11189	47792	39077	47792	
28142	26476	15078	26476	
25647	15672	35369	15672	
38331	31706	48706	31706	
41225	4813	27421	4813	
18831	34106	2192	34106	
32894	8127	24530	8127	
19940	27491	21045	27491	
32512	36023	36785	36023	
31384	1670	29700	1670	
19528	48964	32660	48964	
30156	24127	21123	24127	
47295	30951	45953	30951	
16989	23486	26852	23486	
42521	21284	46568	21284	
22102	36489	20320	36489	
28443	10528	13089	10528	
37905	10611	14729	10611	
31197	19068	35405	19068	
45126	12846	15308	12846	
26522	45930	37041	45930	
15983	7213	48562	7213	
24615	34502	1688	34502	
32906	22200	27616	22200	
24803	4613	42015	4613	
37514	36736	20661	36736	
11403	9369	18489	9369	
4278	31936	46996	31936	
41310	7356	4249	7356	
25653	37805	14074	37805	
25132	16535	26975	16535	
31438	44524	199	44524	
6488	8017	41183	8017	
29598	33937	49199	33937	
2022	35007	40192	35007	
45934	47961	49339	47961	
10268	4162	7657	4162	
34917	30581	27849	30581	
477	20804	11417	20804	
18024	35338	6914	35338	
35981	2408	46260	2408	
2160	49486	25392	49486	
6839	22996	9239	22996	
35099	7351	2030	7351	
35604	2591	47800	2591	
28856	20742	8297	20742	
43604	48189	7757	48189	
12395	24557	23651	24557	
2415	41409	17813	41409	
8041	13268	25571	13268	
27551	17739	32323	17739	
34703	38719	7719	38719	
8084	33836	5816	33836	
31479	38131	41144	38131	
28624	4974	23328	4974	
377	21300	39735	21300	
35188	27376	16520	27376	
3480	17855	33998	17855	
47574	23801	26517	23801	
39248	33212	44031	33212	
25009	23044	32814	23044	
7750	27043	47918	27043	
25599	32729	42055	32729	
964	40466	37081	40466	
23611	35335	4293	35335	
21890	31702	44125	31702	
5678	28046	47226	28046	
22612	24241	7256	24241	
8341	10649	27851	10649	
16138	10961	16435	10961	
29526	5764	13155	5764	
49538	24143	21893	24143	
10061	1094	34459	1094	
5094	36922	287	36922	
18957	41608	4076	41608	
16010	15908	19420	15908	
36009	8659	42072	8659	
30985	38145	21305	38145	
6105	44709	23407	44709	
3357	43791	33746	43791	
36934	23283	36554	23283	
48912	38119	44667	38119	
2002	9921	30522	9921	
37504	38270	41168	38270	
22393	22820	21938	22820	
11112	2034	3153	2034	
13436	44226	17061	44226	
24743	18916	49547	18916	
29730	34303	30836	34303	
39095	28497	31588	28497	
34994	28765	28492	28765	
9008	9816	42362	9816	
42381	12116	21210	12116	
12887	15094	25705	15094	
26411	25989	2579	25989	
18184	2620	32311	2620	
48296	21978	39368	21978	
46283	7068	23757	7068	
36096	9949	23066	9949	
44231	41523	19833	41523	
6040	41659	22704	41659	
18490	18301	18889	18301	
23683	17347	29742	17347	
26731	45273	49555	45273	
29201	22539	27884	22539	
8667	7747	29484	7747	
40360	15830	32926	15830	
42378	3887	25396	3887	
35947	18552	36516	18552	
15170	15077	9986	15077	
8879	45862	39432	45862	
47718	12611	11499	12611	
15625	33342	26794	33342	
32327	4163	46329	4163	
35649	22957	24775	22957	
39120	37907	48388	37907	
10346	650	5016	650	
7793	45852	41423	45852	
30022	47535	19557	47535	
14410	38153	31911	38153	
28262	19661	36364	19661	
49881	21748	21073	21748	
15229	12489	22534	12489	
40185	17441	30134	17441	
48374	4680	17738	4680	
7678	44913	17274	44913	
22056	14712	44065	14712	
18589	46442	42837	46442	
35602	19369	1445	19369	
33365	10188	9963	10188	
36913	35321	26240	35321	
32557	24070	27122	24070	
18930	42420	872	42420	
11393	27511	749	27511	
10726	2165	236	2165	
12271	9958	24484	9958	
20259	17262	48031	17262	
38847	32797	31896	32797	
13099	18732	35837	18732	
38034	31867	14133	31867	
18878	1661	7086	1661	
35799	46411	47129	46411	
9746	12411	18915	12411	
44426	27617	33381	27617	
42629	11092	32614	11092	
21400	45267	45655	45267	
10898	29412	8126	29412	
14536	35572	16732	35572	
7021	18808	36084	18808	
33441	10032	36535	10032	
42375	35768	1478	35768	
30063	31732	22624	31732	
9497	26308	35778	26308	
29013	47821	1008	47821	
22020	1194	34450	1194	
11327	35952	35753	35952	
31322	1570	5586	1570	
24291	16389	26462	16389	
41952	42451	40203	42451	
11662	8392	13637	8392	
26415	46880	25592	46880	
16213	14072	18694	14072	
31663	19811	11545	19811	
29744	7493	36832	7493	
23728	12795	33570	12795	
19796	10263	5658	10263	
7393	24036	30445	24036	
28374	946	49978	946	
39985	48926	4712	48926	
43367	11808	13841	11808	
18666	10391	42989	10391	
15065	24980	7095	24980	
33357	26785	33186	26785	
26162	11618	8756	11618	
12427	47474	25498	47474	
627	36308	35676	36308	
43270	8780	17945	8780	
19339	45516	1153	45516	
6241	22505	42753	22505	
24181	32118	15495	32118	
9058	46655	26067	46655	
12978	15199	47744	15199	
339	40655	49830	40655	
16869	44459	12938	44459	
21757	9501	13941	9501	
16288	24714	12916	24714	
25582	23925	28734	23925	
23376	13175	45228	13175	
16818	43068	32840	43068	
26707	17353	20577	17353	
3300	9447	27662	9447	
47717	36886	43144	36886	
29136	39455	48951	39455	
45998	31907	10815	31907	
5953	48444	19618	48444	
5659	48976	15166	48976	
14115	24874	31576	24874	
45449	2542	48096	2542	
17328	12701	38484	12701	
42646	12275	49099	12275	
47061	43660	8996	43660	
15468	38577	31540	38577	
34434	4523	31643	4523	
42073	7466	42592	7466	
89	43002	37871	43002	
19430	841	2900	841	
24535	26591	11952	26591	
27512	34140	29427	34140	
46230	19136	25978	19136	
17159	6638	20017	6638	
925	10604	14999	10604	
40915	43337	47853	43337	
24542	45093	923	45093	
31190	15211	31881	15211	
11590	30408	5823	30408	
39879	32349	41564	32349	
44147	47327	33519	47327	
14501	41876	34489	41876	
12307	41096	38811	41096	
14738	11925	8048	11925	
6383	3554	7929	3554	
39930	26974	18733	26974	
19578	27277	32601	27277	
6738	14514	41098	14514	
14394	3288	5289	3288	
33717	68	7100	68	
33276	20733	16218	20733	
32335	6080	7226	6080	
48270	200	26191	200	
47551	11308	14246	11308	
9061	24351	9893	24351	
49182	1753	24841	1753	
14299	41426	13842	41426	
41531	30746	27176	30746	
33640	27619	16597	27619	
12250	24650	41326	24650	
10830	31775	44433	31775	
48003	6683	29229	6683	
35008	25554	37076	25554	
34760	19947	5664	19947	
48808	30291	5529	30291	
7722	3969	44858	3969	
12734	26922	34651	26922	
11479	2394	10075	2394	
45498	38214	32957	38214	
16264	20531	18666	20531	
241	15902	48685	15902	
46039	5213	16824	5213	
26848	786	49081	786	
10751	25366	27034	25366	
39664	29416	11773	29416	
28109	35519	37546	35519	
30604	28929	23901	28929	
10668	12784	520	12784	
3523	3408	35618	3408	
45584	23439	23888	23439	
33597	36697	5434	36697	
34839	25904	14699	25904	
36504	27519	20738	27519	
2423	33941	47211	33941	
31756	35245	38181	35245	
9428	12927	5503	12927	
36841	7485	7794	7485	
15848	44891	14482	44891	
13342	40942	33818	40942	
43282	1150	29013	1150	
16889	21570	48618	21570	
26416	36047	33715	36047	
33080	3649	26029	3649	
8975	18632	18566	18632	
3237	49385	32890	49385	
40453	26001	15224	26001	
4154	10203	2874	10203	
34223	4938	6014	4938	
5277	35835	15523	35835	
37009	43196	23648	43196	
49508	12483	32788	12483	
35517	36325	12020	36325	
8955	28312	16974	28312	
31276	13932	958	13932	
18430	48494	29849	48494	
27943	26530	18579	26530	
17605	18299	14460	18299	
24761	45715	42980	45715	
48703	39044	477	39044	
39776	9220	20458	9220	
22985	13856	10493	13856	
24188	15628	37244	15628	
12513	37674	18758	37674	
27167	33846	26299	33846	
3294	40227	20057	40227	
7051	29132	45766	29132	
18244	28827	22376	28827	
7210	11467	24324	11467	
19808	47401	6659	47401	
41744	45937	30446	45937	
49952	12382	9170	12382	
19101	1679	32579	1679	
13714	48657	9405	48657	
37491	16005	6317	16005	
36152	36862	12298	36862	
15885	12988	36151	12988	
38794	26052	39245	26052	
32859	49132	38	49132	
22395	31837	30892	31837	
24279	45310	8439	45310	
8308	17153	46161	17153	
47875	16063	38379	16063	
4469	25589	4267	25589	
15417	20332	28810	20332	
29512	14677	23700	14677	
12533	22784	49593	22784	
2250	12632	41532	12632	
20655	49776	7951	49776	
28424	8370	31331	8370	
5939	45883	17590	45883	
39911	27507	40268	27507	
36108	19423	8097	19423	
21909	13903	16956	13903	
12220	40821	31640	40821	
5689	40544	32548	40544	
42050	34984	41796	34984	
41594	41542	27678	41542	
35607	16868	16287	16868	
39547	13039	14538	13039	
3201	37384	31061	37384	
991	21270	4614	21270	
46239	40712	11867	40712	
39773	36060	23909	36060	
24531	44591	1000	44591	
35565	10978	39161	10978	
3479	6365	21030	6365	
7700	35953	456	35953	
11990	9810	21080	9810	
4402	31938	36875	31938	
37801	14789	45959	14789	
18863	31408	21864	31408	
45096	46890	33604	46890	
4598	28899	41897	28899	
11263	35315	8242	35315	
671	22573	13136	22573	
25354	25410	84	25410	
14387	43407	41166	43407	
22489	24703	13631	24703	
23993	40583	48498	40583	
47897	8312	28079	8312	
36126	11687	9155	11687	
14141	47278	30026	47278	
8925	42483	6786	42483	
22627	42157	7079	42157	
11318	41433	3072	41433	
10732	23559	47917	23559	
38092	29792	4903	29792	
19271	45878	19156	45878	
37618	38569	21974	38569	
8459	45325	29866	45325	
28344	4473	12825	4473	
41770	38800	40333	38800	
40389	3714	46999	3714	
3290	36556	4531	36556	
28491	30640	2229	30640	
11802	19584	31993	19584	
32356	12906	41667	12906	
42700	16190	9560	16190	
11382	46811	26848	46811	
3229	46668	35981	46668	
36786	45924	46087	45924	
18304	16145	24321	16145	
21156	3561	6398	3561	
22427	44908	4430	44908	
6805	46826	40253	46826	
30202	46609	17826	46609	
27673	46275	7550	46275	
23162	8363	4087	8363	
29209	12060	37307	12060	
45946	16248	42016	16248	
11626	17190	9678	17190	
9241	48258	31621	48258	
31093	49466	1587	49466	
41184	39387	20699	39387	
49241	39971	1526	39971	
42564	42509	9193	42509	
42339	19216	14691	19216	
3442	39803	34954	39803	
42317	33924	44403	33924	
41554	8993	23857	8993	
27437	868	1060	868	
37864	39169	41849	39169	
15496	49660	38558	49660	
13008	9401	42800	9401	
16876	3028	20024	3028	
11921	4364	993	4364	
3090	41965	25791	41965	
48355	32756	12897	32756	
37279	526	10768	526	
26455	34143	10647	34143	
29909	40366	14793	40366	
48643	10048	40277	10048	
23816	6083	49952	6083	
31876	31833	32509	31833	
12911	32161	30737	32161	
45064	44945	22447	44945	
32055	24784	22866	24784	
24107	9567	5304	9567	
30792	18631	39999	18631	
10255	21363	48982	21363	
31768	3417	47511	3417	
41640	7410	29488	7410	
47953	40619	23215	40619	
917	19118	19101	19118	
14829	11317	22456	11317	
8223	22559	45472	22559	
28825	2198	27761	2198	
2346	34496	12168	34496	
6267	47930	10637	47930	
42511	49998	33113	49998	
39369	16757	14911	16757	
29421	44491	38637	44491	
15507	14470	28648	14470	
21608	46925	27389	46925	
40758	5287	44806	5287	
3387	44832	38867	44832	
14182	44442	984	44442	
29845	22956	44294	22956	
46591	21442	23461	21442	
44382	24243	27196	24243	
40506	1917	23168	1917	
19170	31453	39658	31453	
6272	32445	6370	32445	
46650	24708	20614	24708	
8930	26390	4898	26390	
25831	21252	8541	21252	
30469	7078	38016	7078	
45858	27624	49867	27624	
40148	7069	35197	7069	
6427	13064	22807	13064	
41637	23516	35749	23516	
19756	9380	48307	9380	
39999	13671	32315	13671	
28666	20180	41740	20180	
26843	23159	25814	23159	
7911	15194	43518	15194	
35341	37357	35543	37357	
39619	16261	8746	16261	
42303	6379	21770	6379	
14201	20664	7002	20664	
27104	16942	23864	16942	
27279	38396	24490	38396	
46365	35356	33782	35356	
26073	14864	3341	14864	
36802	5393	18953	5393	
41187	29339	37373	29339	
2117	45517	48067	45517	
28976	11181	12138	11181	
47594	18919	40563	18919	
5028	3455	5423	3455	
49940	12246	8181	12246	
5598	38430	18146	38430	
17816	11141	5194	11141	
37599	24943	14084	24943	
25368	6106	24082	6106	
46369	30069	28712	30069	
18871	32298	15656	32298	
23824	30759	15911	30759	
39489	19711	2751	19711	
37378	17233	30154	17233	
24483	9896	20404	9896	
15390	15745	24717	15745	
27097	19104	989	19104	
43663	46390	42521	46390	
11432	9179	34192	9179	
46066	33890	28054	33890	
13380	19723	21994	19723	
10916	17547	37408	17547	
7358	39005	36046	39005	
7528	14707	45324	14707	
5832	46241	45033	46241	
16675	32060	35122	32060	
46108	33478	39887	33478	
34783	18713	20571	18713	
4468	7224	6920	7224	
26060	23129	35647	23129	
28657	29790	27361	29790	
46000	41933	29997	41933	
23354	3053	44249	3053	
4773	7222	46365	7222	
10252	45561	49749	45561	
28967	26382	36940	26382	
768	11086	3419	11086	
35936	16543	38878	16543	
6371	3287	22927	3287	
14012	24774	24666	24774	
30578	20673	49613	20673	
48093	10551	26807	10551	
31526	25779	28602	25779	
14462	21285	34214	21285	
19820	35577	16585	35577	
25338	45156	29966	45156	
13551	36447	44413	36447	
23355	3717	42759	3717	
37535	13043	11728	13043	
39192	22445	24656	22445	
46988	38920	32046	38920	
25909	43439	37130	43439	
21870	30625	31765	30625	
8787	20463	2231	20463	
33484	48968	1057	48968	
16029	31582	521	31582	
13247	35499	41395	35499	
21936	26755	28103	26755	
20196	43127	16734	43127	
37973	40290	41982	40290	
40764	9063	41584	9063	
23436	28432	12406	28432	
951	37133	529	37133	
26898	23865	42281	23865	
45736	19850	39748	19850	
23118	12867	48607	12867	
2739	46357	14797	46357	
34494	39331	31378	39331	
20791	49038	21863	49038	
17142	2803	20266	2803	
3226	2420	35044	2420	
10861	13905	37796	13905	
44204	39200	49567	39200	
44219	13565	42454	13565	
14047	15992	6157	15992	
4107	21564	16528	21564	
19845	10882	39091	10882	
32795	33405	27447	33405	
40787	7779	5665	7779	
49084	27719	3668	27719	
34169	47550	1674	47550	
26369	6818	40762	6818	
7236	3197	22221	3197	
34270	32869	4237	32869	
34436	48564	8641	48564	
34049	4604	37121	4604	
3661	32668	32569	32668	
3343	26790	37643	26790	
23982	36714	5610	36714	
29005	43536	35664	43536	
33644	16022	19072	16022	
3478	30600	17042	30600	
78	4535	29419	4535	
48730	34456	9769	34456	
25871	43804	35913	43804	
14883	467	20061	467	
42917	37077	36421	37077	
33556	9256	29063	9256	
34549	45176	43774	45176	
8173	34360	1381	34360	
36539	15402	4595	15402	
47682	22059	21238	22059	
3499	27910	45399	27910	
4390	28808	33024	28808	
39685	5965	44884	5965	
43842	19095	16832	19095	
18865	19879	47493	19879	
20627	954	710	954	
12336	37273	10312	37273	
42850	36525	3593	36525	
24495	5205	39571	5205	
32086	15706	18033	15706	
46147	12534	32755	12534	
37796	27547	25681	27547	
18920	5327	43697	5327	
1944	16276	12446	16276	
20846	45819	26514	45819	
27103	40866	21179	40866	
6853	21774	35299	21774	
13442	13969	32261	13969	
12989	2261	31679	2261	
26518	29803	9349	29803	
33736	43585	23983	43585	
13503	32001	22846	32001	
43150	30817	3401	30817	
47964	6662	38395	6662	
38218	2738	23720	2738	
42488	1952	20145	1952	
35444	15945	3080	15945	
32	11942	10930	11942	
37277	5968	21580	5968	
37294	27268	24467	27268	
14312	14814	2299	14814	
39118	16815	20523	16815	
18326	34338	27496	34338	
18997	40791	35399	40791	
39810	4144	17318	4144	
31158	32917	30167	32917	
18359	7527	6018	7527	
35690	33607	1631	33607	
38567	48462	15552	48462	
35251	35808	5035	35808	
46565	31686	3642	31686	
16922	6705	43577	6705	
49902	23430	49507	23430	
17870	36014	10645	36014	
23374	602	3415	602	
32856	44515	11127	44515	
28227	11883	29559	11883	
48872	35804	37502	35804	
36638	7155	7027	7155	
15084	14332	42042	14332	
5628	4338	11932	4338	
38561	37439	30556	37439	
5890	1640	48529	1640	
35712	4835	17597	4835	
32736	32218	18685	32218	
709	34374	20823	34374	
10007	45623	42428	45623	
23288	27805	24746	27805	
28184	21336	7947	21336	
3635	20689	35264	20689	
35237	13920	8523	13920	
1453	14728	41689	14728	
44643	39623	9131	39623	
27245	14662	16270	14662	
42551	38977	20580	38977	
15712	27871	10526	27871	
12122	30925	15578	30925	
5418	25720	24677	25720	
9796	48177	35995	48177	
31083	43304	4205	43304	
34020	33731	40051	33731	
24100	33830	13327	33830	
32223	12974	18450	12974	
20951	2413	16187	2413	
42652	8396	21529	8396	
13837	4562	32463	4562	
47093	21911	41655	21911	
43943	44395	9483	44395	
7941	33458	21809	33458	
7885	45508	8322	45508	
40007	33912	15217	33912	
36682	41805	24896	41805	
49582	42808	46286	42808	
47803	8347	16623	8347	
10572	39918	24772	39918	
8156	626	6364	626	
48851	5317	38383	5317	
21899	32399	30355	32399	
6361	22887	30675	22887	
4006	48517	16591	48517	
13985	3734	9541	3734	
44749	6123	47891	6123	
576	6243	27167	6243	
11541	305	4389	305	
46558	21304	14099	21304	
9986	24189	10437	24189	
33618	25796	15514	25796	
14691	8882	40281	8882	
37790	27422	37511	27422	
20229	18040	1199	18040	
23133	4499	330	4499	
46779	21040	41741	21040	
5044	16467	46111	16467	
21213	30770	6250	30770	
35831	17024	35739	17024	
4079	49200	15817	49200	
49345	15866	46846	15866	
29796	8275	12659	8275	
2930	39500	49544	39500	
26926	9507	42743	9507	
8901	36451	49226	36451	
9690	9884	28096	9884	
25483	48085	39521	48085	
31642	21478	43430	21478	
30130	3368	12981	3368	
45125	46293	43609	46293	
1120	21193	42432	21193	
38344	27976	47272	27976	
23124	35722	2222	35722	
46723	14347	22203	14347	
42575	27116	3826	27116	
13149	43841	27128	43841	
44181	18627	7149	18627	
3413	27561	49654	27561	
18087	21181	22731	21181	
44772	13090	32282	13090	
17817	468	7692	468	
12192	12658	22867	12658	
22299	18125	37178	18125	
35812	18132	2190	18132	
14468	48896	31646	48896	
22147	3251	36312	3251	
28683	40536	20390	40536	
1082	34394	45295	34394	
14266	44862	15205	44862	
3982	28118	16133	28118	
43099	44953	39253	44953	
33181	5306	11739	5306	
42413	30466	40893	30466	
26919	40592	38182	40592	
35027	25429	22511	25429	
32105	2962	19914	2962	
45347	45530	9104	45530	
26463	18263	10708	18263	
28394	2031	9044	2031	
15274	23537	41666	23537	
29496	49178	21504	49178	
20879	38045	7791	38045	
12357	46325	32135	46325	
13159	17125	34664	17125	
18789	49827	33557	49827	
17666	48057	19849	48057	
16235	45475	46382	45475	
23802	32269	30180	32269	
41245	16411	17982	16411	
26510	19435	35701	19435	
16664	2736	23568	2736	
6624	28594	7521	28594	
32916	37317	43972	37317	
22018	23403	49159	23403	
1435	40771	43865	40771	
40595	40734	43397	40734	
16082	2652	2613	2652	
30310	17530	560	17530	
4034	21727	46516	21727	
27374	26021	20387	26021	
40092	35156	25173	35156	
42874	6793	32077	6793	
26612	3900	32099	3900	
38557	22432	49063	22432	
34023	47207	36614	47207	
39670	38458	39512	38458	
25664	21314	2051	21314	
42198	2725	33286	2725	
4507	40646	5716	40646	
12670	6059	34138	6059	
10566	44229	629	44229	
49900	49980	10926	49980	
36899	18523	17604	18523	
39147	3849	12090	3849	
20987	46908	26154	46908	
3376	5714	14629	5714	
17606	30730	22452	30730	
48900	3289	48942	3289	
3507	2572	49030	2572	
34376	23105	17816	23105	
15276	10242	45401	10242	
26275	17145	32152	17145	
20063	47115	49470	47115	
1419	22137	40352	22137	
4775	39871	17741	39871	
6445	38400	4153	38400	
18164	27679	46928	27679	
33143	35267	28570	35267	
25548	18387	26063	18387	
1875	39078	43550	39078	
43415	42880	31487	42880	
31740	43490	27367	43490	
30220	30927	25059	30927	
39055	26845	21720	26845	
7455	34517	11879	34517	
8644	31529	14449	31529	
19936	46972	10508	46972	
13246	8784	37691	8784	
25494	41550	28555	41550	
40317	1193	4986	1193	
3339	19863	13864	19863	
32473	36772	24895	36772	
38215	47549	28028	47549	
17541	31036	16508	31036	
7447	6995	18983	6995	
11989	49110	7074	49110	
46949	32104	43952	32104	
44033	23093	17498	23093	
29174	27527	34049	27527	
41680	39667	11026	39667	
7323	30324	10438	30324	
34663	18881	26399	18881	
33506	28398	34004	28398	
41233	43930	22022	43930	
32664	38377	12717	38377	
6314	6791	14484	6791	
45696	36797	45006	36797	
5450	27365	2733	27365	
21807	18235	15601	18235	
11134	30534	38293	30534	
2349	4667	13964	4667	
918	13979	25022	13979	
25903	37426	44345	37426	
3456	40713	33358	40713	
17660	46692	15887	46692	
46606	25232	15848	25232	
25586	44841	18039	44841	
21403	28682	34856	28682	
10133	16991	20386	16991	
18042	8844	21462	8844	
3779	44367	19875	44367	
40415	42458	12505	42458	
6212	34131	33823	34131	
48491	26108	13912	26108	
6127	27623	40898	27623	
25306	7562	60	7562	
16460	25821	46958	25821	
31338	23217	9404	23217	
47715	5655	29819	5655	
13200	44696	6061	44696	
43820	37840	32206	37840	
48631	46258	15591	46258	
42861	41215	36207	41215	
41020	34733	10037	34733	
4770	27261	33344	27261	
9127	19313	6630	19313	
9919	41592	21891	41592	
37702	20406	28236	20406	
40128	40491	12912	40491	
35606	42692	47677	42692	
34715	29815	13430	29815	
49281	38273	10579	38273	
28357	31324	39882	31324	
27476	12335	2473	12335	
27541	42604	35183	42604	
3337	19135	42616	19135	
13357	32383	20983	32383	
23884	5938	18474	5938	
1214	28490	35874	28490	
23329	18134	22014	18134	
2674	13088	44796	13088	
37633	9740	3899	9740	
39846	8875	34302	8875	
1354	49483	36412	49483	
14703	26587	25941	26587	
12407	27006	36063	27006	
18484	14759	5841	14759	
11822	7831	1930	7831	
24041	44449	631	44449	
39801	15792	24649	15792	
9409	9604	6442	9604	
42278	48693	37309	48693	
20588	34097	1973	34097	
2622	12459	10155	12459	
1509	8472	35443	8472	
32096	40752	36268	40752	
615	24448	30866	24448	
6225	30828	45141	30828	
21281	41696	19379	41696	
2636	21869	4743	21869	
17466	46633	14405	46633	
19276	17958	14865	17958	
36038	38244	6809	38244	
13501	22799	32575	22799	
27786	40816	26083	40816	
27560	10703	40201	10703	
17264	14894	32796	14894	
1992	40754	37034	40754	
47495	9499	12989	9499	
49856	18887	26654	18887	
30827	43527	1668	43527	
15840	36355	3655	36355	
44303	46832	23684	46832	
25490	12093	863	12093	
2203	21510	38579	21510	
32346	41492	34871	41492	
7287	3573	5889	3573	
22794	34213	17917	34213	
26930	23380	4583	23380	
31098	18903	46356	18903	
42968	2360	21115	2360	
49112	18457	5240	18457	
16444	15698	22741	15698	
15217	29088	20053	29088	
2898	39052	23469	39052	
21903	1020	43476	1020	
46435	15823	10945	15823	
38588	14422	10095	14422	
43040	3183	35099	3183	
37244	3356	37210	3356	
33139	5439	16437	5439	
9313	28146	27126	28146	
6943	32949	40857	32949	
36689	11051	49961	11051	
24914	16159	38136	16159	
43892	39650	25103	39650	
15420	49522	26420	49522	
32452	27954	22069	27954	
48779	7231	2907	7231	
39403	17703	48922	17703	
34781	4226	25635	4226	
48378	19154	34889	19154	
23932	28008	2963	28008	
18665	42832	6741	42832	
47622	32714	7992	32714	
44802	26358	46245	26358	
24420	16962	3365	16962	
26991	37055	43500	37055	
36907	15459	9390	15459	
47311	12423	6943	12423	
44287	14320	46816	14320	
6162	30380	28878	30380	
40809	23405	30794	23405	
27291	41967	12156	41967	
2763	42783	36608	42783	
20635	17714	39384	17714	
19281	37851	43603	37851	
35852	39485	25822	39485	
11981	2954	24762	2954	
42760	19539	9374	19539	
20975	48934	45311	48934	
27453	49774	24075	49774	
13633	4617	35925	4617	
35465	13678	10845	13678	
23789	39239	22868	39239	
7679	42436	2816	42436	
39106	42465	39502	42465	
44977	15872	8995	15872	
29957	33070	22328	33070	
31261	39972	19132	39972	
5751	19651	27306	19651	
45695	39479	37086	39479	
24770	10753	21627	10753	
9486	31421	5796	31421	
37438	6037	44627	6037	
14972	44162	24301	44162	
38114	6933	21673	6933	
11862	37464	37754	37464	
40356	44059	32937	44059	
18827	6629	9227	6629	
36840	4525	25870	4525	
4913	41205	24508	41205	
17346	14425	29716	14425	
28561	5436	39911	5436	
15957	23681	5792	23681	
40371	6784	23302	6784	
29558	9615	27187	9615	
22885	48208	16299	48208	
35776	48446	34857	48446	
38051	5208	42058	5208	
130	27516	13201	27516	
43165	29689	41630	29689	
25987	28803	48533	28803	
20993	28342	16899	28342	
17577	26727	37428	26727	
3487	46721	21487	46721	
20936	26636	22962	26636	
29548	9351	25738	9351	
11765	26854	3834	26854	
23800	40120	9226	40120	
49913	11963	46885	11963	
38288	36831	7830	36831	
2799	7962	41859	7962	
24215	33972	49616	33972	
1511	26152	18866	26152	
18987	46468	2505	46468	
37854	35000	2221	35000	
7835	20950	9069	20950	
47895	43856	48182	43856	
26891	41703	21595	41703	
26736	33326	14806	33326	
9154	36154	6989	36154	
6070	37380	45620	37380	
26844	10392	27262	10392	
7307	23785	41360	23785	
48840	2045	20488	2045	
21957	41131	9085	41131	
7074	24580	33539	24580	
41746	45100	2651	45100	
43649	7810	14166	7810	
23359	47584	48250	47584	
15219	23542	17283	23542	
45043	30619	47697	30619	
20663	41729	40579	41729	
3623	49204	36741	49204	
15761	44271	37311	44271	
8652	30474	30865	30474	
45033	40630	46121	40630	
17240	17999	876	17999	
12158	48433	38166	48433	
8356	15646	46772	15646	
16843	6837	47714	6837	
1840	5833	26672	5833	
49469	15733	13009	15733	
4446	39968	16300	39968	
12815	27606	19975	27606	
29485	17185	14179	17185	
47252	15291	37054	15291	
5309	3679	44557	3679	
13915	32626	9294	32626	
19943	37415	6125	37415	
24180	24250	30812	24250	
43747	40037	618	40037	
11284	17551	34318	17551	
22221	12328	30361	12328	
20388	13687	32628	13687	
5745	46257	38465	46257	
38376	5770	42584	5770	
32783	29993	12894	29993	
47475	23079	17083	23079	
48234	27323	37837	27323	
38696	33838	8934	33838	
17282	22206	22827	22206	
21928	13770	7807	13770	
7688	46524	12403	46524	
11753	39474	18968	39474	
14611	19213	39696	19213	
1240	29734	28090	29734	
15599	36010	36900	36010	
36292	49700	8033	49700	
18108	24547	19234	24547	
46794	22961	46909	22961	
34809	33953	26643	33953	
1940	19334	46495	19334	
43987	7238	23788	7238	
46627	8557	14666	8557	
23155	32813	20937	32813	
3971	19735	40016	19735	
14237	29064	22878	29064	
12213	3163	15958	3163	
7901	23437	33250	23437	
38037	22654	45382	22654	
42373	45375	5455	45375	
29299	25544	15470	25544	
17464	16492	36698	16492	
10899	15671	14444	15671	
47978	15385	333	15385	
35302	44482	8825	44482	
8525	19160	8161	19160	
37583	13174	43623	13174	
40026	4426	42140	4426	
12768	3954	18537	3954	
41360	12914	22223	12914	
4439	26878	16581	26878	
13772	22375	44535	22375	
15900	21144	30852	21144	
5113	32743	37616	32743	
16298	48762	415	48762	
34226	40565	17014	40565	
12732	4692	32085	4692	
46157	18712	19042	18712	
18381	13844	14730	13844	
14097	37175	49710	37175	
40748	10284	7083	10284	
41415	48126	38713	48126	
8477	27515	7804	27515	
19138	25400	278	25400	
1564	14300	123	14300	
43995	47753	6438	47753	
37556	24575	3480	24575	
33489	9218	38097	9218	
13384	19311	7797	19311	
45000	11378	27390	11378	
20051	39102	10593	39102	
10363	46883	12672	46883	
16179	48765	32364	48765	
21738	19269	33105	19269	
1540	13177	31146	13177	
14739	23525	20675	23525	
43982	34137	14217	34137	
39043	25543	23626	25543	
10405	27115	17656	27115	
39770	608	14510	608	
17314	12535	19085	12535	
18924	5584	19251	5584	
14295	20113	42073	20113	
28653	48583	19997	48583	
18938	11157	44676	11157	
23040	24812	25128	24812	
16673	35481	8013	35481	
12895	17337	26579	17337	
38874	6462	27395	6462	
8368	46480	9325	46480	
14160	23356	796	23356	
41439	13929	40642	13929	
47138	46893	16123	46893	
9383	12064	27184	12064	
19301	28547	28552	28547	
46431	45557	12725	45557	
7986	1542	880	1542	
16747	30564	8395	30564	
12615	27290	37151	27290	
584	32724	2278	32724	
13011	21399	24010	21399	
14715	34036	33957	34036	
19108	11869	16105	11869	
16768	5994	22373	5994	
13611	11120	3325	11120	
1268	27130	33598	27130	
32784	18423	44511	18423	
24396	9067	41108	9067	
29065	46479	44957	46479	
34014	24315	3578	24315	
12537	7892	26529	7892	
49152	1073	9403	1073	
4342	36717	5424	36717	
42856	30767	40467	30767	
7159	776	43732	776	
38598	8379	2939	8379	
12163	1678	48199	1678	
24559	11888	47399	11888	
10149	45149	4040	45149	
1461	9520	47420	9520	
7854	37522	18412	37522	
93	47444	47175	47444	
6576	15977	28473	15977	
11710	28252	12653	28252	
9476	29965	8769	29965	
38277	46298	37168	46298	
43077	11007	49278	11007	
46494	10108	36610	10108	
43041	4114	4034	4114	
4487	21976	18244	21976	
14175	18250	23672	18250	
25223	44604	16500	44604	
11172	11106	33047	11106	
11174	34315	41324	34315	
23717	41714	28829	41714	
43954	44230	37492	44230	
24015	3695	24929	3695	
46343	3335	39139	3335	
33789	11641	23414	11641	
12557	30385	2578	30385	
7067	11427	4646	11427	
20757	21937	45703	21937	
44350	15016	9918	15016	
41676	16578	11198	16578	
7440	19325	49316	19325	
16903	47316	34412	47316	
10549	48438	13487	48438	
24077	39216	10414	39216	
6802	27948	253	27948	
37682	13977	39358	13977	
16435	30644	37303	30644	
15218	37794	11943	37794	
4484	34667	32257	34667	
46011	36799	21410	36799	
12786	20881	30245	20881	
21591	18210	48220	18210	
20467	27636	7904	27636	
41229	10450	7337	10450	
14249	25746	37457	25746	
6150	30613	11522	30613	
44890	47851	13139	47851	
37564	34256	8114	34256	
20058	14227	15069	14227	
2582	34690	10183	34690	
27856	28303	10097	28303	
39337	4361	10334	4361	
8190	6005	1032	6005	
5025	9955	30898	9955	
8565	44138	42942	44138	
21655	24788	28694	24788	
49659	423	23203	423	
29885	49713	24931	49713	
36623	46216	42247	46216	
10312	15914	48544	15914	
273	7953	14752	7953	
36106	7530	39041	7530	
2456	44705	489	44705	
46585	43706	40125	43706	
47437	5403	6441	5403	
49170	1452	24685	1452	
21047	4651	7441	4651	
44050	12551	33006	12551	
12937	6224	12380	6224	
40645	46077	38302	46077	
40865	8475	5707	8475	
34007	30116	47107	30116	
19743	2685	40012	2685	
12198	9791	12153	9791	
36625	48457	42213	48457	
45224	14124	9555	14124	
32499	20518	44717	20518	
8061	17681	24847	17681	
11801	48322	40400	48322	
34309	34339	17430	34339	
22181	39853	40881	39853	
19971	3553	40801	3553	
22488	36460	45230	36460	
36573	49690	31572	49690	
22470	27863	18648	27863	
23535	36564	38294	36564	
17081	5164	10651	5164	
15652	8185	37733	8185	
24499	1889	16884	1889	
29020	37741	13120	37741	
4984	32779	5329	32779	
30228	2888	38217	2888	
45580	48318	23842	48318	
43009	11183	49105	11183	
21344	39755	47997	39755	
20165	16657	35678	16657	
5875	30565	33674	30565	
7456	45732	6114	45732	
20233	38694	40569	38694	
12463	5988	1864	5988	
18502	11685	24576	11685	
25124	34114	43396	34114	
44093	22525	25247	22525	
19404	37866	38716	37866	
4405	17773	49747	17773	
11437	35656	11661	35656	
6868	26231	27656	26231	
15642	6378	44971	6378	
2103	28362	43795	28362	
25649	20476	793	20476	
32490	45677	37197	45677	
1812	35286	33625	35286	
1012	28376	9988	28376	
1603	46434	28328	46434	
45455	16465	8499	16465	
27655	1423	37640	1423	
5040	2998	44746	2998	
7294	21066	42178	21066	
3601	42631	41577	42631	
10919	38252	2870	38252	
9171	32147	35820	32147	
32552	18204	5639	18204	
42018	37476	45441	37476	
25902	32283	31632	32283	
26350	41781	47469	41781	
4600	18921	44188	18921	
22584	17879	19005	17879	
28277	43573	23802	43573	
38291	44272	16396	44272	
20370	3416	10997	3416	
33054	32467	27776	32467	
10146	22480	31776	22480	
46186	11824	41668	11824	
10533	13179	11403	13179	
12692	5743	22462	5743	
19206	26850	30389	26850	
6712	28794	42124	28794	
18922	17881	8504	17881	
28042	39141	22420	39141	
4557	24047	10151	24047	
36421	35220	7751	35220	
39868	33733	7577	33733	
46783	44464	43568	44464	
12760	6672	48092	6672	
48927	25743	26671	25743	
3533	26489	49294	26489	
19747	6554	25699	6554	
29349	46687	28641	46687	
31787	44839	35969	44839	
23475	29936	44110	29936	
19635	36957	26431	36957	
9645	15346	14811	15346	
8060	42885	45035	42885	
7278	41548	20701	41548	
31278	5862	22571	5862	
8149	29517	43780	29517	
19479	49746	1405	49746	
16481	19605	49766	19605	
43687	45410	48451	45410	
25256	24518	30922	24518	
14772	42988	29007	42988	
9929	5345	792	5345	
11355	33011	35157	33011	
9002	8759	9260	8759	
2575	25735	22209	25735	
20593	30131	37672	30131	
14706	26857	34681	26857	
17055	22864	3648	22864	
34110	38509	12268	38509	
31583	11623	18162	11623	
8619	41060	3923	41060	
32726	39025	32175	39025	
24971	46770	24471	46770	
27855	40308	4889	40308	
28254	40522	47719	40522	
37610	25651	2646	25651	
43821	25259	26486	25259	
17368	36640	19015	36640	
2397	2665	4169	2665	
10002	31758	39928	31758	
2395	28725	7382	28725	
1928	41631	12733	41631	
46689	14833	25359	14833	
20043	11167	36528	11167	
23392	21106	33707	21106	
29618	15644	11247	15644	
6071	36592	15924	36592	
33510	37057	15237	37057	
20262	44325	38869	44325	
22379	12587	31369	12587	
589	33630	44	33630	
43206	639	17554	639	
28154	19611	16548	19611	
25654	3535	25778	3535	
819	40682	49786	40682	
47929	13081	39863	13081	
34992	175	22728	175	
21072	31560	5487	31560	
15634	18103	29289	18103	
40420	29142	32809	29142	
43837	4234	11256	4234	
37095	6231	43767	6231	
1118	43100	26057	43100	
47840	44127	17785	44127	
17097	3960	7765	3960	
3275	5534	879	5534	
24137	49445	30843	49445	
5029	33619	43330	33619	
27139	39311	2117	39311	
2712	42872	48979	42872	
29033	8211	45459	8211	
16188	14544	28752	14544	
4135	8502	22293	8502	
29561	19522	544	19522	
49308	36225	40749	36225	
29563	41100	40966	41100	
8972	28393	14600	28393	
21141	14678	39969	14678	
44463	40669	33442	40669	
13325	12720	36244	12720	
33768	25094	43517	25094	
29715	18879	11831	18879	
11877	30214	47484	30214	
40176	5235	26935	5235	
27741	28002	11593	28002	
20337	21459	27862	21459	
39241	35050	40895	35050	
17026	18472	1737	18472	
39822	31551	20878	31551	
