SCHEDULE.aid  
2	
19	
22	
29	
31	
46	
48	
55	
56	
57	
58	
59	
68	
72	
74	
78	
79	
85	
90	
109	
116	
117	
118	
121	
122	
126	
127	
128	
131	
138	
141	
144	
153	
156	
157	
169	
170	
175	
184	
186	
190	
195	
200	
209	
210	
213	
216	
225	
238	
258	
259	
268	
275	
283	
285	
289	
291	
305	
316	
318	
322	
328	
352	
353	
354	
358	
367	
370	
378	
406	
411	
423	
424	
425	
427	
431	
435	
440	
444	
451	
455	
460	
461	
467	
468	
471	
482	
485	
487	
490	
491	
492	
494	
499	
503	
506	
508	
509	
513	
517	
526	
527	
530	
532	
534	
536	
539	
546	
554	
561	
562	
583	
585	
591	
598	
602	
603	
604	
608	
616	
624	
626	
627	
634	
637	
639	
646	
649	
650	
652	
655	
657	
661	
676	
681	
683	
685	
692	
698	
701	
708	
709	
721	
726	
728	
736	
742	
763	
776	
786	
789	
798	
799	
800	
813	
817	
825	
827	
837	
841	
857	
864	
868	
869	
870	
877	
890	
893	
898	
913	
918	
922	
925	
928	
930	
935	
937	
941	
946	
948	
954	
967	
972	
979	
1003	
1006	
1012	
1016	
1017	
1019	
1020	
1029	
1030	
1034	
1036	
1037	
1039	
1042	
1043	
1053	
1056	
1067	
1073	
1074	
1079	
1084	
1094	
1108	
1131	
1134	
1142	
1150	
1158	
1160	
1161	
1168	
1174	
1177	
1180	
1183	
1184	
1191	
1193	
1194	
1195	
1201	
1214	
1215	
1226	
1229	
1240	
1252	
1254	
1256	
1258	
1262	
1266	
1270	
1279	
1281	
1288	
1289	
1302	
1303	
1304	
1311	
1316	
1318	
1324	
1329	
1332	
1336	
1361	
1367	
1387	
1389	
1390	
1395	
1402	
1403	
1421	
1423	
1426	
1428	
1430	
1439	
1442	
1449	
1452	
1455	
1464	
1469	
1477	
1483	
1488	
1491	
1505	
1511	
1515	
1517	
1518	
1521	
1527	
1536	
1538	
1542	
1558	
1560	
1569	
1570	
1571	
1576	
1588	
1589	
1593	
1606	
1608	
1617	
1622	
1630	
1632	
1638	
1640	
1641	
1646	
1649	
1652	
1661	
1665	
1670	
1676	
1678	
1679	
1681	
1683	
1684	
1686	
1687	
1700	
1710	
1711	
1718	
1722	
1725	
1739	
1744	
1748	
1753	
1756	
1757	
1760	
1765	
1770	
1775	
1784	
1790	
1795	
1797	
1800	
1802	
1810	
1813	
1816	
1822	
1823	
1825	
1831	
1833	
1838	
1840	
1846	
1862	
1863	
1865	
1867	
1869	
1874	
1879	
1880	
1886	
1889	
1890	
1892	
1893	
1901	
1902	
1903	
1914	
1917	
1919	
1940	
1951	
1952	
1969	
1972	
1976	
1977	
1982	
1984	
1986	
1991	
1995	
1997	
2021	
2024	
2028	
2031	
2034	
2035	
2043	
2045	
2048	
2053	
2054	
2055	
2056	
2058	
2060	
2075	
2078	
2096	
2098	
2099	
2100	
2101	
2102	
2105	
2107	
2114	
2115	
2116	
2135	
2140	
2144	
2145	
2157	
2165	
2169	
2172	
2198	
2200	
2201	
2204	
2209	
2212	
2216	
2218	
2223	
2225	
2228	
2242	
2246	
2251	
2254	
2261	
2277	
2284	
2286	
2298	
2312	
2313	
2318	
2319	
2321	
2324	
2335	
2337	
2339	
2340	
2342	
2346	
2357	
2360	
2363	
2366	
2367	
2371	
2374	
2380	
2386	
2391	
2394	
2402	
2403	
2404	
2407	
2408	
2410	
2413	
2414	
2420	
2428	
2430	
2431	
2434	
2440	
2443	
2444	
2458	
2463	
2464	
2466	
2469	
2471	
2472	
2476	
2484	
2485	
2490	
2493	
2506	
2512	
2521	
2522	
2523	
2528	
2539	
2542	
2547	
2555	
2557	
2562	
2563	
2572	
2580	
2585	
2588	
2591	
2594	
2597	
2608	
2612	
2614	
2620	
2621	
2622	
2624	
2625	
2627	
2634	
2636	
2652	
2656	
2659	
2665	
2667	
2683	
2685	
2688	
2706	
2712	
2713	
2719	
2725	
2728	
2732	
2736	
2738	
2748	
2757	
2758	
2760	
2761	
2763	
2778	
2782	
2784	
2792	
2797	
2799	
2800	
2801	
2803	
2814	
2818	
2821	
2823	
2827	
2829	
2842	
2845	
2854	
2859	
2861	
2863	
2881	
2882	
2885	
2887	
2888	
2898	
2906	
2910	
2913	
2916	
2918	
2923	
2927	
2932	
2936	
2941	
2954	
2958	
2959	
2962	
2964	
2972	
2974	
2977	
2984	
2988	
2995	
2998	
2999	
3006	
3015	
3021	
3027	
3028	
3036	
3039	
3040	
3043	
3051	
3053	
3055	
3079	
3082	
3085	
3086	
3087	
3093	
3094	
3111	
3114	
3120	
3121	
3127	
3128	
3139	
3142	
3146	
3155	
3157	
3158	
3159	
3161	
3163	
3164	
3165	
3167	
3173	
3181	
3183	
3186	
3187	
3197	
3199	
3200	
3204	
3211	
3220	
3222	
3223	
3226	
3228	
3232	
3236	
3238	
3241	
3246	
3248	
3250	
3251	
3258	
3262	
3264	
3283	
3287	
3288	
3289	
3294	
3297	
3298	
3300	
3301	
3302	
3304	
3306	
3311	
3320	
3321	
3332	
3335	
3337	
3338	
3340	
3344	
3346	
3349	
3352	
3356	
3357	
3359	
3364	
3366	
3368	
3375	
3384	
3390	
3397	
3402	
3405	
3408	
3409	
3416	
3417	
3422	
3435	
3437	
3448	
3452	
3455	
3456	
3461	
3472	
3474	
3475	
3485	
3486	
3487	
3498	
3501	
3513	
3531	
3535	
3551	
3553	
3554	
3557	
3558	
3561	
3565	
3568	
3573	
3576	
3582	
3587	
3590	
3591	
3595	
3598	
3602	
3603	
3633	
3645	
3646	
3649	
3650	
3656	
3672	
3673	
3679	
3689	
3695	
3699	
3707	
3709	
3711	
3713	
3714	
3717	
3720	
3728	
3732	
3734	
3739	
3742	
3768	
3778	
3784	
3790	
3806	
3808	
3810	
3816	
3821	
3822	
3828	
3830	
3832	
3839	
3845	
3847	
3848	
3849	
3863	
3869	
3870	
3875	
3878	
3882	
3887	
3900	
3901	
3906	
3908	
3910	
3911	
3913	
3914	
3918	
3928	
3936	
3938	
3940	
3947	
3949	
3954	
3956	
3960	
3969	
3982	
3985	
3987	
3990	
3995	
4007	
4015	
4020	
4023	
4024	
4032	
4036	
4039	
4041	
4051	
4052	
4057	
4059	
4060	
4064	
4073	
4075	
4077	
4083	
4089	
4097	
4098	
4112	
4114	
4123	
4129	
4136	
4138	
4139	
4141	
4144	
4148	
4149	
4150	
4160	
4162	
4163	
4175	
4176	
4184	
4185	
4191	
4192	
4199	
4215	
4220	
4226	
4234	
4236	
4238	
4241	
4266	
4273	
4275	
4277	
4282	
4284	
4289	
4292	
4301	
4303	
4306	
4307	
4315	
4330	
4338	
4339	
4346	
4347	
4350	
4355	
4358	
4359	
4361	
4363	
4364	
4365	
4394	
4405	
4412	
4418	
4426	
4428	
4431	
4437	
4438	
4439	
4444	
4454	
4456	
4459	
4465	
4473	
4479	
4484	
4485	
4499	
4506	
4513	
4514	
4522	
4523	
4525	
4528	
4533	
4534	
4535	
4549	
4552	
4558	
4562	
4569	
4579	
4581	
4585	
4588	
4589	
4593	
4594	
4602	
4604	
4606	
4608	
4611	
4613	
4616	
4617	
4620	
4629	
4637	
4639	
4640	
4642	
4647	
4651	
4654	
4659	
4667	
4673	
4678	
4680	
4683	
4684	
4685	
4690	
4692	
4699	
4703	
4716	
4723	
4724	
4748	
4751	
4758	
4767	
4775	
4776	
4781	
4786	
4790	
4796	
4797	
4807	
4808	
4813	
4815	
4820	
4823	
4824	
4825	
4833	
4835	
4837	
4839	
4841	
4844	
4858	
4863	
4867	
4870	
4877	
4882	
4885	
4886	
4891	
4896	
4913	
4916	
4917	
4918	
4924	
4931	
4933	
4938	
4939	
4943	
4948	
4949	
4951	
4956	
4974	
4977	
4978	
4982	
4984	
4996	
5004	
5006	
5010	
5013	
5020	
5021	
5029	
5037	
5040	
5045	
5049	
5057	
5058	
5068	
5070	
5076	
5090	
5100	
5104	
5118	
5124	
5139	
5140	
5141	
5144	
5147	
5148	
5150	
5152	
5161	
5162	
5164	
5165	
5169	
5174	
5180	
5181	
5183	
5186	
5187	
5188	
5191	
5193	
5201	
5205	
5208	
5213	
5217	
5221	
5232	
5235	
5248	
5259	
5270	
5277	
5279	
5280	
5282	
5283	
5287	
5290	
5300	
5303	
5306	
5309	
5311	
5316	
5317	
5325	
5327	
5333	
5343	
5345	
5348	
5351	
5354	
5356	
5358	
5359	
5361	
5363	
5370	
5371	
5385	
5392	
5393	
5403	
5410	
5411	
5418	
5420	
5429	
5435	
5436	
5439	
5445	
5447	
5471	
5488	
5505	
5514	
5516	
5534	
5537	
5542	
5544	
5547	
5571	
5584	
5606	
5620	
5624	
5636	
5642	
5645	
5648	
5653	
5655	
5659	
5670	
5679	
5682	
5683	
5695	
5702	
5708	
5714	
5733	
5736	
5739	
5743	
5749	
5758	
5762	
5764	
5767	
5768	
5770	
5772	
5781	
5782	
5783	
5795	
5797	
5810	
5812	
5814	
5832	
5833	
5835	
5843	
5846	
5856	
5857	
5862	
5864	
5867	
5868	
5876	
5878	
5885	
5886	
5888	
5894	
5898	
5902	
5905	
5918	
5935	
5938	
5939	
5940	
5944	
5952	
5955	
5961	
5963	
5965	
5968	
5976	
5980	
5982	
5984	
5988	
5992	
5994	
5995	
5996	
5997	
6000	
6005	
6013	
6019	
6028	
6030	
6033	
6035	
6037	
6043	
6045	
6048	
6056	
6058	
6059	
6064	
6069	
6073	
6078	
6080	
6083	
6089	
6093	
6100	
6101	
6102	
6106	
6108	
6120	
6121	
6123	
6126	
6128	
6133	
6147	
6148	
6149	
6158	
6160	
6161	
6162	
6165	
6172	
6180	
6186	
6189	
6191	
6193	
6194	
6195	
6202	
6203	
6218	
6224	
6226	
6230	
6231	
6239	
6243	
6244	
6246	
6247	
6249	
6257	
6261	
6266	
6275	
6292	
6295	
6299	
6306	
6310	
6315	
6327	
6328	
6330	
6332	
6334	
6341	
6346	
6347	
6349	
6355	
6359	
6365	
6368	
6378	
6379	
6389	
6399	
6408	
6410	
6419	
6425	
6427	
6436	
6440	
6448	
6450	
6461	
6462	
6478	
6485	
6486	
6487	
6489	
6502	
6506	
6514	
6532	
6533	
6535	
6542	
6547	
6554	
6560	
6561	
6567	
6571	
6578	
6579	
6583	
6595	
6597	
6603	
6609	
6616	
6618	
6621	
6629	
6632	
6638	
6647	
6649	
6652	
6654	
6662	
6672	
6674	
6678	
6681	
6683	
6687	
6697	
6702	
6703	
6705	
6709	
6710	
6711	
6716	
6718	
6726	
6738	
6740	
6742	
6746	
6754	
6767	
6769	
6784	
6791	
6793	
6794	
6795	
6804	
6810	
6812	
6816	
6818	
6837	
6839	
6843	
6850	
6858	
6872	
6875	
6876	
6878	
6881	
6890	
6898	
6900	
6910	
6928	
6933	
6938	
6950	
6953	
6954	
6957	
6969	
6970	
6972	
6974	
6975	
6984	
6993	
6994	
6995	
6998	
7009	
7012	
7021	
7025	
7030	
7037	
7038	
7044	
7054	
7058	
7061	
7062	
7068	
7069	
7073	
7076	
7078	
7081	
7082	
7092	
7094	
7110	
7119	
7129	
7130	
7150	
7155	
7158	
7160	
7172	
7173	
7174	
7176	
7177	
7188	
7192	
7209	
7210	
7213	
7214	
7219	
7222	
7223	
7224	
7229	
7231	
7238	
7244	
7265	
7271	
7277	
7280	
7285	
7287	
7295	
7321	
7322	
7323	
7324	
7336	
7339	
7346	
7351	
7353	
7356	
7358	
7360	
7362	
7363	
7375	
7376	
7377	
7383	
7393	
7404	
7408	
7410	
7411	
7417	
7421	
7432	
7443	
7444	
7453	
7455	
7457	
7464	
7466	
7468	
7476	
7485	
7487	
7488	
7493	
7498	
7505	
7508	
7513	
7527	
7530	
7537	
7538	
7541	
7543	
7557	
7562	
7563	
7566	
7568	
7569	
7570	
7575	
7590	
7600	
7603	
7612	
7634	
7635	
7636	
7638	
7650	
7659	
7675	
7677	
7682	
7687	
7688	
7700	
7703	
7704	
7705	
7712	
7720	
7724	
7731	
7742	
7747	
7752	
7753	
7754	
7760	
7767	
7775	
7779	
7792	
7798	
7799	
7800	
7803	
7810	
7811	
7815	
7826	
7831	
7835	
7843	
7856	
7859	
7861	
7865	
7867	
7873	
7881	
7890	
7892	
7893	
7896	
7898	
7899	
7922	
7927	
7938	
7943	
7944	
7953	
7962	
7970	
7986	
7988	
7995	
7998	
8005	
8007	
8009	
8012	
8017	
8028	
8032	
8043	
8045	
8047	
8050	
8060	
8061	
8062	
8099	
8100	
8103	
8127	
8128	
8130	
8132	
8134	
8136	
8141	
8142	
8146	
8148	
8149	
8150	
8153	
8169	
8173	
8179	
8184	
8185	
8195	
8200	
8202	
8209	
8211	
8221	
8225	
8229	
8231	
8233	
8234	
8241	
8251	
8252	
8253	
8257	
8266	
8267	
8271	
8272	
8275	
8276	
8285	
8290	
8303	
8307	
8312	
8321	
8327	
8331	
8344	
8347	
8348	
8360	
8363	
8365	
8367	
8370	
8379	
8380	
8382	
8383	
8385	
8391	
8392	
8394	
8396	
8400	
8402	
8404	
8411	
8423	
8426	
8434	
8437	
8441	
8445	
8454	
8461	
8464	
8468	
8472	
8475	
8481	
8483	
8493	
8496	
8500	
8502	
8503	
8519	
8548	
8549	
8551	
8556	
8557	
8561	
8567	
8577	
8579	
8582	
8588	
8591	
8593	
8602	
8608	
8610	
8614	
8630	
8631	
8634	
8659	
8660	
8661	
8664	
8676	
8677	
8679	
8684	
8687	
8693	
8695	
8702	
8704	
8712	
8728	
8731	
8738	
8740	
8742	
8749	
8758	
8759	
8765	
8771	
8775	
8776	
8780	
8784	
8788	
8793	
8795	
8811	
8817	
8820	
8822	
8827	
8833	
8834	
8838	
8844	
8847	
8854	
8862	
8868	
8875	
8882	
8895	
8901	
8909	
8913	
8922	
8935	
8942	
8961	
8975	
8978	
8981	
8992	
8993	
8999	
9002	
9030	
9032	
9036	
9046	
9048	
9050	
9063	
9064	
9065	
9067	
9075	
9076	
9078	
9082	
9083	
9084	
9088	
9095	
9112	
9121	
9122	
9130	
9132	
9134	
9135	
9139	
9151	
9153	
9154	
9161	
9162	
9163	
9175	
9179	
9181	
9183	
9186	
9188	
9189	
9192	
9197	
9198	
9201	
9206	
9210	
9212	
9215	
9218	
9220	
9240	
9243	
9245	
9255	
9256	
9264	
9268	
9271	
9281	
9283	
9287	
9288	
9289	
9290	
9295	
9303	
9309	
9313	
9321	
9330	
9333	
9338	
9347	
9351	
9352	
9355	
9369	
9372	
9373	
9380	
9381	
9382	
9387	
9395	
9401	
9410	
9426	
9437	
9444	
9447	
9449	
9467	
9469	
9473	
9485	
9487	
9488	
9495	
9498	
9499	
9501	
9507	
9515	
9516	
9518	
9520	
9523	
9526	
9529	
9532	
9540	
9557	
9559	
9561	
9567	
9570	
9580	
9581	
9586	
9589	
9590	
9591	
9596	
9602	
9603	
9604	
9614	
9615	
9619	
9620	
9621	
9622	
9624	
9627	
9629	
9637	
9640	
9642	
9646	
9647	
9649	
9654	
9656	
9657	
9659	
9667	
9676	
9683	
9687	
9691	
9697	
9702	
9704	
9706	
9718	
9720	
9733	
9740	
9742	
9743	
9744	
9746	
9757	
9759	
9764	
9772	
9784	
9786	
9791	
9792	
9795	
9799	
9802	
9810	
9812	
9815	
9816	
9826	
9868	
9879	
9880	
9884	
9896	
9902	
9905	
9920	
9921	
9929	
9932	
9936	
9940	
9941	
9945	
9946	
9948	
9949	
9952	
9955	
9958	
9969	
9978	
9998	
10003	
10009	
10024	
10032	
10033	
10048	
10052	
10053	
10058	
10059	
10061	
10063	
10064	
10065	
10069	
10070	
10072	
10077	
10090	
10094	
10108	
10114	
10117	
10127	
10128	
10135	
10143	
10144	
10147	
10149	
10157	
10158	
10161	
10166	
10170	
10177	
10180	
10187	
10188	
10201	
10203	
10210	
10214	
10231	
10232	
10236	
10242	
10244	
10249	
10254	
10260	
10262	
10263	
10265	
10270	
10275	
10277	
10278	
10284	
10286	
10291	
10293	
10302	
10322	
10342	
10345	
10346	
10347	
10359	
10365	
10371	
10391	
10392	
10398	
10399	
10401	
10404	
10408	
10424	
10428	
10449	
10450	
10453	
10469	
10470	
10479	
10494	
10497	
10507	
10514	
10517	
10522	
10528	
10530	
10531	
10532	
10533	
10535	
10537	
10538	
10539	
10546	
10551	
10555	
10560	
10563	
10567	
10568	
10580	
10584	
10588	
10594	
10595	
10604	
10609	
10611	
10636	
10641	
10642	
10649	
10650	
10653	
10656	
10661	
10664	
10666	
10670	
10672	
10683	
10692	
10696	
10703	
10710	
10716	
10724	
10731	
10734	
10735	
10742	
10743	
10751	
10753	
10754	
10760	
10773	
10774	
10776	
10780	
10788	
10790	
10794	
10795	
10805	
10808	
10818	
10819	
10820	
10827	
10836	
10837	
10839	
10853	
10857	
10858	
10859	
10877	
10880	
10882	
10889	
10892	
10893	
10929	
10933	
10937	
10944	
10956	
10957	
10959	
10960	
10961	
10964	
10966	
10970	
10972	
10973	
10974	
10975	
10976	
10978	
10980	
10990	
10994	
10998	
11007	
11014	
11019	
11021	
11027	
11028	
11029	
11033	
11034	
11041	
11042	
11044	
11045	
11046	
11051	
11053	
11063	
11065	
11066	
11069	
11072	
11074	
11080	
11082	
11086	
11092	
11099	
11102	
11105	
11106	
11108	
11114	
11115	
11119	
11120	
11122	
11135	
11136	
11140	
11141	
11143	
11144	
11148	
11154	
11157	
11158	
11163	
11167	
11176	
11177	
11181	
11183	
11186	
11193	
11201	
11210	
11220	
11231	
11232	
11234	
11238	
11248	
11254	
11258	
11260	
11261	
11272	
11280	
11284	
11286	
11294	
11308	
11317	
11323	
11331	
11333	
11336	
11348	
11349	
11357	
11370	
11378	
11379	
11385	
11393	
11397	
11398	
11404	
11409	
11424	
11425	
11426	
11427	
11429	
11435	
11446	
11449	
11452	
11454	
11457	
11460	
11465	
11467	
11473	
11476	
11479	
11480	
11484	
11485	
11488	
11502	
11514	
11516	
11519	
11526	
11527	
11534	
11540	
11548	
11553	
11558	
11561	
11563	
11564	
11568	
11579	
11592	
11594	
11595	
11598	
11599	
11613	
11618	
11623	
11626	
11636	
11637	
11638	
11640	
11641	
11646	
11647	
11650	
11657	
11671	
11674	
11675	
11678	
11679	
11681	
11682	
11683	
11684	
11685	
11687	
11690	
11693	
11696	
11697	
11713	
11716	
11721	
11727	
11742	
11744	
11763	
11764	
11765	
11766	
11776	
11786	
11789	
11791	
11796	
11801	
11807	
11808	
11815	
11817	
11819	
11824	
11828	
11833	
11844	
11847	
11850	
11854	
11859	
11861	
11866	
11869	
11873	
11883	
11885	
11888	
11890	
11893	
11895	
11905	
11908	
11909	
11910	
11911	
11923	
11925	
11927	
11930	
11931	
11940	
11942	
11963	
11968	
11977	
11979	
11983	
11987	
11990	
11995	
11998	
12002	
12003	
12013	
12014	
12023	
12026	
12029	
12037	
12038	
12051	
12058	
12059	
12060	
12064	
12065	
12072	
12078	
12081	
12084	
12089	
12093	
12099	
12103	
12106	
12115	
12116	
12123	
12126	
12131	
12136	
12146	
12151	
12154	
12160	
12169	
12170	
12183	
12186	
12200	
12205	
12206	
12224	
12231	
12241	
12246	
12253	
12264	
12265	
12275	
12277	
12278	
12290	
12292	
12302	
12307	
12319	
12322	
12323	
12328	
12330	
12334	
12335	
12338	
12339	
12344	
12345	
12365	
12370	
12376	
12378	
12382	
12384	
12386	
12392	
12395	
12396	
12411	
12417	
12418	
12423	
12424	
12427	
12428	
12432	
12439	
12443	
12444	
12448	
12455	
12459	
12461	
12471	
12477	
12483	
12484	
12485	
12487	
12488	
12489	
12497	
12513	
12534	
12535	
12544	
12551	
12554	
12561	
12567	
12577	
12587	
12591	
12594	
12596	
12597	
12600	
12611	
12612	
12619	
12624	
12626	
12628	
12630	
12632	
12634	
12650	
12651	
12652	
12658	
12660	
12665	
12675	
12677	
12682	
12691	
12694	
12698	
12701	
12702	
12707	
12708	
12714	
12720	
12730	
12731	
12732	
12740	
12742	
12760	
12764	
12768	
12769	
12771	
12775	
12784	
12788	
12795	
12799	
12804	
12809	
12816	
12829	
12830	
12834	
12843	
12846	
12851	
12854	
12861	
12863	
12867	
12879	
12880	
12884	
12898	
12902	
12903	
12906	
12907	
12914	
12920	
12925	
12926	
12927	
12936	
12939	
12940	
12948	
12952	
12968	
12970	
12974	
12980	
12988	
12991	
12998	
13008	
13014	
13018	
13019	
13022	
13023	
13033	
13039	
13043	
13044	
13046	
13053	
13060	
13061	
13064	
13072	
13075	
13079	
13081	
13084	
13088	
13090	
13101	
13113	
13114	
13119	
13128	
13147	
13148	
13150	
13153	
13160	
13161	
13168	
13173	
13174	
13175	
13177	
13179	
13183	
13186	
13200	
13207	
13240	
13241	
13243	
13245	
13250	
13252	
13259	
13262	
13264	
13268	
13269	
13270	
13284	
13290	
13297	
13309	
13312	
13314	
13315	
13322	
13324	
13330	
13339	
13344	
13354	
13355	
13362	
13370	
13377	
13381	
13407	
13409	
13416	
13426	
13438	
13441	
13447	
13454	
13455	
13456	
13471	
13484	
13489	
13493	
13500	
13501	
13513	
13521	
13522	
13529	
13531	
13535	
13552	
13553	
13564	
13565	
13574	
13575	
13578	
13580	
13583	
13584	
13592	
13593	
13596	
13601	
13607	
13615	
13619	
13641	
13651	
13661	
13663	
13664	
13665	
13666	
13670	
13671	
13678	
13687	
13689	
13690	
13693	
13696	
13699	
13703	
13708	
13719	
13722	
13729	
13753	
13757	
13765	
13767	
13770	
13771	
13775	
13776	
13783	
13784	
13795	
13796	
13802	
13808	
13814	
13816	
13817	
13820	
13824	
13838	
13843	
13844	
13856	
13860	
13861	
13867	
13875	
13881	
13899	
13900	
13903	
13905	
13906	
13911	
13920	
13925	
13926	
13929	
13932	
13933	
13936	
13968	
13969	
13977	
13978	
13979	
13993	
13994	
13995	
14001	
14004	
14011	
14012	
14013	
14016	
14018	
14019	
14022	
14027	
14048	
14056	
14063	
14069	
14072	
14081	
14089	
14102	
14106	
14107	
14113	
14116	
14120	
14122	
14123	
14124	
14141	
14144	
14145	
14154	
14159	
14164	
14170	
14174	
14178	
14198	
14203	
14205	
14212	
14215	
14225	
14227	
14233	
14234	
14236	
14248	
14251	
14255	
14264	
14274	
14283	
14285	
14287	
14291	
14300	
14303	
14313	
14317	
14320	
14324	
14327	
14332	
14334	
14335	
14338	
14345	
14346	
14347	
14352	
14357	
14358	
14359	
14361	
14379	
14380	
14383	
14384	
14385	
14396	
14397	
14401	
14407	
14422	
14425	
14427	
14433	
14436	
14438	
14446	
14450	
14453	
14457	
14459	
14468	
14470	
14481	
14485	
14490	
14499	
14503	
14514	
14522	
14540	
14542	
14544	
14547	
14558	
14568	
14573	
14577	
14585	
14587	
14591	
14595	
14604	
14618	
14620	
14621	
14631	
14643	
14662	
14664	
14677	
14678	
14684	
14689	
14704	
14707	
14712	
14721	
14722	
14728	
14739	
14745	
14753	
14756	
14758	
14759	
14760	
14764	
14766	
14768	
14779	
14787	
14789	
14802	
14805	
14809	
14814	
14815	
14828	
14833	
14836	
14840	
14841	
14842	
14848	
14852	
14856	
14864	
14867	
14869	
14894	
14899	
14900	
14902	
14905	
14915	
14922	
14932	
14933	
14936	
14938	
14942	
14943	
14945	
14950	
14954	
14960	
14965	
14971	
14978	
14981	
14984	
14988	
14990	
14991	
14995	
14997	
15001	
15006	
15008	
15013	
15016	
15017	
15024	
15034	
15035	
15037	
15045	
15051	
15055	
15058	
15063	
15068	
15074	
15076	
15077	
15080	
15087	
15089	
15094	
15113	
15116	
15118	
15126	
15129	
15130	
15144	
15148	
15150	
15151	
15174	
15184	
15186	
15190	
15191	
15192	
15194	
15199	
15202	
15203	
15206	
15209	
15211	
15212	
15215	
15218	
15235	
15247	
15248	
15251	
15255	
15260	
15279	
15281	
15288	
15291	
15295	
15304	
15305	
15310	
15312	
15318	
15333	
15334	
15338	
15346	
15347	
15348	
15352	
15353	
15366	
15381	
15385	
15390	
15398	
15402	
15415	
15418	
15420	
15434	
15438	
15446	
15449	
15450	
15455	
15457	
15459	
15472	
15473	
15475	
15481	
15485	
15486	
15492	
15498	
15501	
15502	
15508	
15510	
15522	
15525	
15526	
15528	
15530	
15546	
15562	
15565	
15571	
15576	
15580	
15587	
15588	
15590	
15593	
15596	
15602	
15612	
15619	
15621	
15622	
15624	
15628	
15631	
15634	
15638	
15639	
15644	
15646	
15647	
15650	
15665	
15671	
15672	
15676	
15680	
15685	
15698	
15699	
15706	
15710	
15724	
15729	
15733	
15735	
15738	
15740	
15745	
15748	
15759	
15762	
15774	
15785	
15792	
15793	
15795	
15798	
15800	
15813	
15815	
15818	
15823	
15829	
15830	
15831	
15841	
15847	
15858	
15859	
15866	
15867	
15871	
15872	
15884	
15892	
15902	
15904	
15908	
15914	
15918	
15921	
15926	
15945	
15946	
15948	
15949	
15954	
15959	
15962	
15969	
15971	
15977	
15987	
15990	
15992	
15999	
16002	
16005	
16011	
16012	
16022	
16027	
16038	
16050	
16054	
16059	
16063	
16069	
16071	
16072	
16076	
16078	
16080	
16085	
16087	
16095	
16097	
16099	
16101	
16103	
16115	
16122	
16129	
16134	
16138	
16142	
16143	
16145	
16146	
16148	
16149	
16159	
16175	
16182	
16183	
16184	
16186	
16190	
16197	
16208	
16216	
16222	
16229	
16243	
16248	
16259	
16261	
16272	
16276	
16280	
16286	
16289	
16296	
16301	
16302	
16306	
16307	
16313	
16337	
16339	
16345	
16348	
16352	
16361	
16367	
16370	
16377	
16382	
16385	
16389	
16390	
16394	
16399	
16401	
16411	
16414	
16416	
16417	
16420	
16427	
16431	
16448	
16463	
16465	
16467	
16469	
16473	
16478	
16486	
16492	
16493	
16511	
16512	
16517	
16518	
16521	
16523	
16525	
16532	
16535	
16543	
16550	
16554	
16557	
16558	
16565	
16572	
16575	
16576	
16578	
16579	
16593	
16608	
16613	
16616	
16618	
16621	
16624	
16625	
16626	
16628	
16632	
16636	
16640	
16650	
16657	
16668	
16672	
16679	
16680	
16683	
16687	
16689	
16698	
16705	
16706	
16712	
16717	
16718	
16723	
16730	
16735	
16746	
16755	
16757	
16760	
16761	
16765	
16769	
16770	
16776	
16785	
16797	
16805	
16808	
16814	
16815	
16826	
16834	
16845	
16847	
16850	
16862	
16867	
16868	
16876	
16881	
16885	
16888	
16891	
16894	
16901	
16904	
16906	
16915	
16919	
16920	
16923	
16926	
16927	
16931	
16942	
16948	
16951	
16955	
16962	
16973	
16983	
16987	
16988	
16991	
16992	
17003	
17005	
17015	
17018	
17020	
17024	
17026	
17030	
17041	
17044	
17062	
17066	
17070	
17071	
17072	
17081	
17090	
17107	
17111	
17113	
17116	
17125	
17132	
17134	
17145	
17146	
17151	
17152	
17153	
17159	
17164	
17168	
17181	
17184	
17185	
17188	
17190	
17196	
17199	
17212	
17213	
17214	
17217	
17224	
17225	
17226	
17229	
17230	
17233	
17247	
17251	
17254	
17256	
17261	
17262	
17265	
17271	
17272	
17273	
17276	
17301	
17302	
17313	
17321	
17323	
17325	
17332	
17337	
17346	
17347	
17350	
17353	
17368	
17375	
17378	
17379	
17382	
17385	
17386	
17387	
17390	
17392	
17400	
17407	
17410	
17412	
17413	
17428	
17431	
17435	
17439	
17440	
17441	
17444	
17448	
17450	
17458	
17461	
17471	
17474	
17476	
17477	
17481	
17484	
17485	
17486	
17490	
17492	
17516	
17518	
17519	
17527	
17530	
17535	
17538	
17540	
17542	
17547	
17548	
17549	
17551	
17553	
17556	
17561	
17567	
17569	
17572	
17577	
17578	
17579	
17587	
17589	
17595	
17605	
17611	
17617	
17620	
17632	
17633	
17635	
17642	
17644	
17646	
17663	
17664	
17666	
17671	
17677	
17681	
17683	
17684	
17689	
17690	
17702	
17703	
17704	
17705	
17711	
17712	
17714	
17716	
17718	
17723	
17727	
17734	
17739	
17753	
17763	
17764	
17772	
17773	
17781	
17786	
17788	
17794	
17795	
17801	
17802	
17807	
17823	
17827	
17830	
17832	
17836	
17838	
17841	
17842	
17843	
17844	
17845	
17849	
17853	
17855	
17857	
17864	
17871	
17874	
17875	
17879	
17881	
17886	
17890	
17901	
17907	
17908	
17915	
17918	
17923	
17933	
17936	
17949	
17958	
17959	
17960	
17962	
17964	
17970	
17978	
17985	
17986	
17993	
17994	
17999	
18005	
18011	
18014	
18015	
18017	
18030	
18031	
18032	
18034	
18040	
18048	
18061	
18063	
18067	
18070	
18072	
18074	
18092	
18098	
18103	
18108	
18110	
18111	
18116	
18125	
18131	
18132	
18134	
18136	
18140	
18141	
18143	
18144	
18147	
18153	
18154	
18157	
18159	
18165	
18166	
18168	
18169	
18171	
18174	
18175	
18178	
18179	
18181	
18183	
18184	
18187	
18197	
18198	
18204	
18207	
18210	
18211	
18212	
18217	
18219	
18220	
18226	
18233	
18235	
18236	
18238	
18248	
18249	
18250	
18251	
18257	
18258	
18263	
18266	
18270	
18272	
18275	
18281	
18286	
18293	
18295	
18299	
18301	
18305	
18306	
18307	
18317	
18327	
18332	
18346	
18349	
18352	
18354	
18358	
18385	
18387	
18391	
18402	
18404	
18407	
18423	
18424	
18430	
18436	
18443	
18452	
18457	
18462	
18464	
18472	
18484	
18485	
18495	
18500	
18504	
18510	
18521	
18523	
18525	
18526	
18530	
18532	
18545	
18546	
18552	
18553	
18557	
18562	
18564	
18572	
18575	
18587	
18595	
18612	
18624	
18627	
18631	
18632	
18633	
18649	
18652	
18653	
18654	
18679	
18688	
18696	
18705	
18706	
18708	
18709	
18712	
18713	
18717	
18718	
18721	
18732	
18747	
18750	
18756	
18773	
18775	
18776	
18777	
18784	
18788	
18793	
18794	
18804	
18808	
18809	
18812	
18819	
18820	
18834	
18843	
18848	
18852	
18855	
18856	
18874	
18875	
18879	
18881	
18886	
18887	
18903	
18908	
18916	
18919	
18921	
18926	
18935	
18950	
18954	
18955	
18962	
18969	
18970	
18972	
18974	
18976	
18980	
18985	
18990	
18994	
18997	
19009	
19013	
19019	
19023	
19026	
19027	
19029	
19032	
19052	
19063	
19068	
19069	
19070	
19071	
19073	
19080	
19083	
19084	
19095	
19102	
19104	
19113	
19118	
19129	
19135	
19136	
19145	
19154	
19160	
19166	
19170	
19174	
19176	
19180	
19183	
19193	
19194	
19196	
19208	
19210	
19212	
19213	
19216	
19219	
19221	
19225	
19231	
19235	
19259	
19267	
19269	
19271	
19276	
19279	
19280	
19281	
19286	
19287	
19289	
19304	
19306	
19309	
19311	
19313	
19322	
19325	
19327	
19330	
19332	
19333	
19334	
19348	
19352	
19353	
19357	
19358	
19365	
19369	
19374	
19380	
19381	
19385	
19386	
19389	
19390	
19393	
19406	
19408	
19415	
19421	
19423	
19424	
19426	
19427	
19428	
19434	
19435	
19445	
19448	
19457	
19459	
19477	
19479	
19486	
19492	
19496	
19497	
19501	
19503	
19508	
19511	
19522	
19523	
19527	
19536	
19539	
19541	
19554	
19567	
19574	
19579	
19584	
19588	
19590	
19592	
19595	
19602	
19605	
19608	
19609	
19611	
19620	
19629	
19638	
19646	
19648	
19649	
19650	
19651	
19655	
19658	
19659	
19661	
19663	
19665	
19666	
19669	
19672	
19674	
19677	
19683	
19684	
19686	
19696	
19703	
19704	
19706	
19711	
19715	
19723	
19730	
19735	
19736	
19740	
19747	
19749	
19758	
19759	
19762	
19769	
19773	
19775	
19778	
19783	
19786	
19799	
19801	
19808	
19811	
19817	
19824	
19825	
19831	
19839	
19840	
19846	
19850	
19859	
19861	
19862	
19863	
19864	
19865	
19871	
19876	
19877	
19879	
19884	
19888	
19890	
19894	
19896	
19910	
19911	
19913	
19916	
19924	
19925	
19945	
19947	
19953	
19954	
19955	
19957	
19966	
19970	
19973	
19976	
19990	
19991	
19994	
19996	
20000	
20001	
20002	
20003	
20019	
20020	
20029	
20036	
20040	
20041	
20042	
20043	
20056	
20071	
20072	
20073	
20080	
20082	
20092	
20098	
20100	
20105	
20113	
20115	
20122	
20129	
20130	
20133	
20134	
20138	
20140	
20142	
20143	
20144	
20148	
20152	
20158	
20160	
20164	
20166	
20169	
20179	
20180	
20181	
20192	
20195	
20198	
20201	
20207	
20216	
20217	
20224	
20226	
20230	
20233	
20237	
20243	
20246	
20248	
20250	
20251	
20275	
20279	
20283	
20289	
20307	
20308	
20317	
20321	
20332	
20334	
20335	
20340	
20347	
20350	
20367	
20369	
20373	
20393	
20406	
20407	
20412	
20413	
20415	
20417	
20429	
20431	
20436	
20439	
20441	
20444	
20455	
20459	
20463	
20469	
20472	
20475	
20476	
20478	
20479	
20480	
20492	
20502	
20504	
20510	
20518	
20527	
20531	
20535	
20536	
20549	
20560	
20562	
20568	
20578	
20589	
20593	
20612	
20613	
20635	
20637	
20641	
20646	
20648	
20649	
20650	
20658	
20662	
20664	
20673	
20677	
20681	
20686	
20689	
20690	
20694	
20695	
20696	
20710	
20712	
20716	
20722	
20723	
20725	
20731	
20733	
20739	
20742	
20757	
20758	
20767	
20778	
20780	
20785	
20796	
20797	
20798	
20803	
20804	
20810	
20811	
20817	
20821	
20822	
20832	
20862	
20865	
20876	
20879	
20881	
20882	
20898	
20899	
20900	
20906	
20907	
20914	
20926	
20930	
20932	
20942	
20949	
20950	
20951	
20952	
20954	
20959	
20967	
20970	
20975	
20979	
20986	
20996	
20999	
21001	
21023	
21028	
21035	
21040	
21042	
21054	
21063	
21066	
21076	
21078	
21085	
21091	
21092	
21096	
21106	
21110	
21118	
21120	
21121	
21126	
21128	
21135	
21143	
21144	
21145	
21157	
21159	
21160	
21166	
21169	
21172	
21175	
21181	
21189	
21193	
21201	
21203	
21217	
21221	
21233	
21235	
21250	
21251	
21252	
21253	
21259	
21260	
21266	
21267	
21270	
21277	
21281	
21284	
21285	
21288	
21294	
21298	
21300	
21304	
21309	
21311	
21312	
21314	
21324	
21332	
21336	
21339	
21346	
21347	
21354	
21360	
21363	
21368	
21371	
21375	
21378	
21392	
21399	
21406	
21413	
21419	
21425	
21429	
21433	
21434	
21442	
21445	
21446	
21449	
21454	
21459	
21475	
21477	
21478	
21482	
21492	
21494	
21510	
21527	
21531	
21532	
21536	
21546	
21548	
21550	
21560	
21564	
21566	
21570	
21573	
21582	
21591	
21592	
21594	
21612	
21625	
21630	
21632	
21646	
21649	
21659	
21676	
21679	
21684	
21686	
21690	
21691	
21694	
21707	
21711	
21712	
21716	
21721	
21724	
21727	
21730	
21733	
21743	
21748	
21751	
21774	
21776	
21778	
21781	
21786	
21795	
21796	
21799	
21810	
21818	
21821	
21828	
21833	
21843	
21848	
21851	
21854	
21856	
21869	
21884	
21890	
21901	
21902	
21906	
21910	
21911	
21912	
21918	
21920	
21922	
21929	
21930	
21937	
21943	
21947	
21949	
21956	
21957	
21958	
21963	
21966	
21976	
21978	
21985	
21997	
21999	
22015	
22023	
22025	
22043	
22047	
22059	
22061	
22070	
22073	
22078	
22081	
22088	
22089	
22102	
22111	
22113	
22114	
22117	
22137	
22140	
22141	
22146	
22147	
22151	
22152	
22159	
22160	
22164	
22167	
22169	
22170	
22185	
22186	
22191	
22193	
22196	
22197	
22198	
22199	
22200	
22202	
22206	
22222	
22232	
22235	
22236	
22239	
22244	
22253	
22269	
22273	
22286	
22290	
22297	
22298	
22306	
22325	
22326	
22332	
22334	
22337	
22349	
22353	
22357	
22360	
22366	
22375	
22380	
22383	
22390	
22395	
22404	
22407	
22415	
22416	
22423	
22432	
22442	
22445	
22451	
22458	
22470	
22471	
22476	
22478	
22480	
22487	
22489	
22494	
22497	
22505	
22508	
22509	
22510	
22512	
22516	
22523	
22525	
22528	
22531	
22532	
22539	
22547	
22548	
22552	
22553	
22556	
22558	
22559	
22561	
22573	
22579	
22583	
22587	
22593	
22599	
22613	
22614	
22625	
22630	
22638	
22639	
22645	
22652	
22654	
22655	
22656	
22665	
22666	
22672	
22675	
22684	
22699	
22702	
22708	
22715	
22719	
22726	
22727	
22732	
22737	
22742	
22745	
22753	
22765	
22766	
22767	
22768	
22769	
22784	
22795	
22799	
22804	
22805	
22808	
22812	
22815	
22817	
22820	
22824	
22829	
22833	
22835	
22836	
22838	
22843	
22845	
22856	
22864	
22872	
22876	
22887	
22904	
22916	
22919	
22938	
22947	
22948	
22952	
22953	
22956	
22957	
22961	
22964	
22968	
22972	
22976	
22978	
22980	
22986	
22989	
22990	
22991	
22992	
22996	
23001	
23002	
23027	
23044	
23046	
23051	
23056	
23059	
23061	
23068	
23072	
23075	
23076	
23079	
23081	
23083	
23085	
23089	
23093	
23095	
23102	
23104	
23105	
23117	
23127	
23129	
23136	
23137	
23145	
23148	
23149	
23151	
23159	
23160	
23174	
23175	
23181	
23184	
23185	
23186	
23191	
23205	
23214	
23217	
23225	
23231	
23234	
23239	
23241	
23245	
23263	
23268	
23275	
23283	
23287	
23291	
23296	
23299	
23310	
23311	
23312	
23314	
23317	
23320	
23329	
23336	
23341	
23347	
23351	
23356	
23361	
23365	
23374	
23380	
23383	
23385	
23390	
23403	
23405	
23410	
23412	
23413	
23429	
23430	
23436	
23437	
23439	
23440	
23443	
23448	
23453	
23458	
23471	
23478	
23485	
23486	
23488	
23492	
23507	
23509	
23511	
23513	
23516	
23521	
23525	
23529	
23532	
23533	
23537	
23538	
23541	
23542	
23546	
23548	
23550	
23559	
23579	
23580	
23585	
23587	
23588	
23590	
23591	
23592	
23593	
23599	
23603	
23604	
23608	
23619	
23620	
23623	
23628	
23638	
23655	
23656	
23660	
23662	
23663	
23666	
23670	
23676	
23681	
23689	
23692	
23694	
23701	
23708	
23709	
23713	
23714	
23717	
23723	
23736	
23740	
23766	
23768	
23769	
23785	
23793	
23800	
23801	
23814	
23819	
23823	
23824	
23833	
23837	
23845	
23860	
23861	
23865	
23876	
23880	
23881	
23890	
23905	
23925	
23931	
23934	
23937	
23950	
23971	
23979	
23981	
23993	
23998	
24002	
24008	
24016	
24017	
24021	
24022	
24029	
24035	
24036	
24039	
24042	
24047	
24049	
24059	
24070	
24081	
24091	
24097	
24101	
24103	
24113	
24117	
24120	
24124	
24126	
24127	
24128	
24129	
24143	
24145	
24154	
24157	
24171	
24176	
24180	
24181	
24182	
24187	
24189	
24196	
24199	
24208	
24214	
24218	
24220	
24222	
24227	
24229	
24240	
24241	
24243	
24246	
24247	
24249	
24250	
24252	
24259	
24264	
24284	
24285	
24298	
24309	
24311	
24314	
24315	
24322	
24325	
24351	
24352	
24358	
24363	
24367	
24368	
24369	
24379	
24385	
24386	
24387	
24389	
24390	
24394	
24395	
24397	
24401	
24415	
24416	
24424	
24428	
24429	
24443	
24447	
24448	
24450	
24452	
24457	
24460	
24462	
24478	
24482	
24485	
24489	
24498	
24500	
24512	
24518	
24521	
24524	
24527	
24528	
24533	
24534	
24547	
24549	
24550	
24554	
24555	
24557	
24560	
24561	
24562	
24564	
24565	
24566	
24570	
24575	
24580	
24582	
24587	
24597	
24600	
24609	
24611	
24618	
24619	
24622	
24638	
24646	
24650	
24675	
24678	
24697	
24699	
24703	
24705	
24708	
24709	
24711	
24714	
24715	
24718	
24724	
24731	
24733	
24736	
24740	
24741	
24745	
24751	
24761	
24765	
24770	
24771	
24774	
24784	
24788	
24789	
24792	
24794	
24797	
24803	
24804	
24805	
24812	
24813	
24817	
24827	
24834	
24851	
24860	
24862	
24874	
24879	
24883	
24892	
24899	
24908	
24920	
24926	
24943	
24946	
24952	
24953	
24963	
24972	
24975	
24978	
24980	
24984	
24988	
24989	
25002	
25015	
25030	
25032	
25038	
25041	
25053	
25060	
25073	
25081	
25083	
25085	
25093	
25094	
25098	
25107	
25115	
25124	
25127	
25143	
25161	
25164	
25168	
25184	
25189	
25193	
25196	
25202	
25206	
25211	
25212	
25222	
25226	
25228	
25232	
25233	
25238	
25243	
25248	
25250	
25259	
25261	
25262	
25263	
25265	
25266	
25277	
25280	
25282	
25283	
25284	
25305	
25317	
25318	
25326	
25330	
25331	
25336	
25337	
25341	
25345	
25350	
25354	
25363	
25364	
25366	
25379	
25383	
25384	
25388	
25390	
25394	
25400	
25401	
25402	
25403	
25404	
25410	
25412	
25415	
25421	
25422	
25427	
25428	
25429	
25431	
25432	
25446	
25457	
25459	
25477	
25485	
25492	
25503	
25508	
25513	
25533	
25534	
25535	
25540	
25543	
25544	
25551	
25554	
25560	
25566	
25575	
25584	
25589	
25591	
25597	
25599	
25603	
25606	
25614	
25633	
25644	
25649	
25651	
25655	
25668	
25672	
25687	
25689	
25703	
25704	
25706	
25708	
25715	
25717	
25720	
25723	
25726	
25728	
25731	
25733	
25735	
25739	
25740	
25743	
25746	
25749	
25750	
25754	
25758	
25765	
25771	
25779	
25792	
25793	
25796	
25798	
25799	
25801	
25802	
25807	
25809	
25813	
25821	
25824	
25826	
25827	
25836	
25849	
25859	
25860	
25865	
25866	
25867	
25872	
25875	
25876	
25888	
25895	
25897	
25901	
25904	
25906	
25910	
25920	
25925	
25930	
25931	
25933	
25943	
25945	
25949	
25953	
25963	
25964	
25971	
25972	
25973	
25977	
25979	
25981	
25983	
25985	
25989	
25999	
26001	
26002	
26003	
26020	
26021	
26024	
26026	
26027	
26033	
26045	
26047	
26052	
26054	
26070	
26074	
26076	
26085	
26108	
26109	
26114	
26130	
26132	
26135	
26138	
26139	
26145	
26150	
26152	
26156	
26157	
26161	
26168	
26171	
26173	
26175	
26176	
26183	
26189	
26196	
26217	
26231	
26238	
26243	
26246	
26249	
26251	
26252	
26257	
26261	
26263	
26264	
26270	
26274	
26277	
26281	
26285	
26286	
26305	
26307	
26308	
26311	
26313	
26316	
26320	
26332	
26343	
26348	
26352	
26358	
26360	
26361	
26363	
26374	
26382	
26390	
26398	
26401	
26403	
26408	
26416	
26418	
26447	
26449	
26465	
26471	
26476	
26477	
26478	
26485	
26489	
26490	
26523	
26530	
26541	
26549	
26571	
26575	
26587	
26588	
26590	
26591	
26592	
26599	
26615	
26618	
26624	
26627	
26629	
26632	
26636	
26644	
26645	
26659	
26663	
26681	
26691	
26694	
26702	
26705	
26714	
26724	
26727	
26736	
26738	
26748	
26753	
26754	
26755	
26761	
26765	
26773	
26776	
26779	
26785	
26790	
26797	
26800	
26804	
26805	
26810	
26811	
26819	
26825	
26829	
26835	
26842	
26845	
26847	
26849	
26850	
26854	
26857	
26858	
26861	
26870	
26878	
26880	
26892	
26897	
26906	
26915	
26922	
26924	
26925	
26928	
26939	
26947	
26955	
26960	
26963	
26972	
26974	
26977	
26982	
26984	
26985	
26987	
26993	
27000	
27002	
27006	
27007	
27011	
27012	
27013	
27020	
27035	
27036	
27043	
27044	
27049	
27057	
27062	
27069	
27075	
27084	
27087	
27089	
27091	
27093	
27094	
27104	
27115	
27116	
27117	
27119	
27127	
27130	
27153	
27161	
27175	
27177	
27185	
27194	
27195	
27204	
27207	
27218	
27221	
27223	
27224	
27227	
27229	
27230	
27238	
27245	
27246	
27253	
27261	
27268	
27269	
27270	
27271	
27273	
27277	
27284	
27290	
27296	
27298	
27309	
27320	
27323	
27329	
27355	
27359	
27365	
27366	
27374	
27376	
27378	
27384	
27387	
27391	
27400	
27402	
27406	
27415	
27420	
27422	
27423	
27424	
27428	
27432	
27434	
27446	
27450	
27454	
27463	
27464	
27465	
27468	
27472	
27479	
27480	
27491	
27492	
27493	
27503	
27507	
27511	
27515	
27516	
27519	
27521	
27527	
27531	
27533	
27536	
27537	
27538	
27539	
27543	
27545	
27547	
27549	
27559	
27561	
27571	
27572	
27585	
27606	
27609	
27615	
27617	
27619	
27620	
27623	
27624	
27632	
27633	
27636	
27637	
27639	
27643	
27653	
27655	
27657	
27659	
27673	
27674	
27679	
27681	
27682	
27694	
27701	
27703	
27718	
27719	
27730	
27740	
27742	
27746	
27752	
27756	
27758	
27760	
27770	
27772	
27780	
27782	
27786	
27790	
27793	
27799	
27805	
27809	
27816	
27838	
27848	
27860	
27863	
27868	
27871	
27875	
27879	
27880	
27882	
27886	
27892	
27902	
27904	
27910	
27912	
27918	
27919	
27924	
27934	
27942	
27943	
27948	
27951	
27954	
27964	
27967	
27972	
27974	
27976	
27989	
27990	
27995	
27999	
28002	
28007	
28008	
28013	
28016	
28018	
28021	
28029	
28034	
28044	
28045	
28046	
28052	
28056	
28059	
28063	
28071	
28073	
28077	
28081	
28084	
28088	
28094	
28095	
28099	
28109	
28110	
28118	
28122	
28128	
28136	
28138	
28139	
28142	
28143	
28146	
28151	
28152	
28159	
28164	
28177	
28183	
28187	
28190	
28192	
28200	
28213	
28222	
28232	
28235	
28243	
28247	
28249	
28252	
28253	
28258	
28260	
28268	
28270	
28275	
28278	
28279	
28284	
28287	
28291	
28294	
28303	
28304	
28308	
28309	
28312	
28319	
28320	
28325	
28326	
28333	
28335	
28342	
28343	
28344	
28356	
28362	
28368	
28372	
28376	
28389	
28390	
28391	
28392	
28393	
28398	
28401	
28423	
28432	
28436	
28441	
28443	
28463	
28470	
28474	
28475	
28478	
28490	
28495	
28497	
28500	
28501	
28509	
28512	
28513	
28515	
28522	
28526	
28529	
28530	
28536	
28538	
28544	
28545	
28547	
28549	
28550	
28558	
28567	
28571	
28574	
28578	
28582	
28584	
28585	
28587	
28592	
28594	
28595	
28597	
28607	
28609	
28621	
28623	
28630	
28633	
28640	
28642	
28646	
28650	
28665	
28667	
28672	
28679	
28682	
28686	
28687	
28689	
28697	
28698	
28699	
28713	
28717	
28723	
28724	
28725	
28728	
28729	
28738	
28749	
28754	
28765	
28766	
28773	
28781	
28783	
28784	
28787	
28794	
28797	
28799	
28802	
28803	
28807	
28808	
28812	
28820	
28825	
28827	
28830	
28831	
28835	
28839	
28843	
28845	
28847	
28851	
28852	
28858	
28859	
28866	
28875	
28879	
28890	
28891	
28893	
28899	
28917	
28919	
28924	
28927	
28929	
28944	
28946	
28951	
28966	
28967	
28974	
28979	
28994	
28995	
28999	
29009	
29011	
29014	
29018	
29019	
29041	
29047	
29051	
29052	
29054	
29056	
29062	
29064	
29072	
29076	
29085	
29088	
29090	
29094	
29100	
29104	
29106	
29108	
29111	
29112	
29115	
29118	
29128	
29129	
29132	
29137	
29142	
29145	
29148	
29150	
29156	
29159	
29166	
29167	
29171	
29175	
29179	
29184	
29189	
29193	
29199	
29201	
29207	
29208	
29209	
29221	
29225	
29228	
29230	
29231	
29233	
29237	
29238	
29244	
29247	
29250	
29251	
29254	
29263	
29265	
29269	
29272	
29274	
29278	
29290	
29299	
29300	
29308	
29314	
29326	
29335	
29339	
29353	
29358	
29359	
29364	
29366	
29367	
29369	
29371	
29373	
29375	
29377	
29378	
29383	
29386	
29387	
29388	
29393	
29399	
29404	
29412	
29413	
29414	
29416	
29422	
29433	
29440	
29442	
29444	
29451	
29464	
29475	
29476	
29495	
29516	
29517	
29520	
29533	
29536	
29539	
29551	
29556	
29579	
29582	
29591	
29605	
29608	
29617	
29622	
29625	
29630	
29636	
29637	
29638	
29647	
29650	
29654	
29663	
29666	
29668	
29669	
29689	
29690	
29704	
29718	
29725	
29732	
29734	
29735	
29736	
29737	
29743	
29746	
29752	
29755	
29756	
29758	
29760	
29762	
29767	
29769	
29772	
29779	
29781	
29788	
29790	
29792	
29800	
29802	
29803	
29808	
29815	
29825	
29827	
29834	
29838	
29842	
29845	
29848	
29850	
29852	
29853	
29855	
29860	
29863	
29869	
29870	
29878	
29888	
29892	
29898	
29899	
29901	
29902	
29910	
29913	
29914	
29917	
29918	
29920	
29926	
29929	
29934	
29936	
29939	
29940	
29945	
29952	
29963	
29964	
29965	
29972	
29976	
29978	
29986	
29987	
29993	
30009	
30013	
30028	
30032	
30033	
30039	
30046	
30048	
30049	
30050	
30056	
30057	
30068	
30069	
30089	
30093	
30096	
30099	
30100	
30107	
30116	
30121	
30125	
30128	
30131	
30141	
30142	
30143	
30152	
30163	
30177	
30203	
30206	
30208	
30211	
30212	
30214	
30217	
30234	
30249	
30261	
30267	
30269	
30272	
30279	
30284	
30288	
30290	
30291	
30301	
30305	
30314	
30324	
30328	
30329	
30334	
30336	
30343	
30344	
30346	
30349	
30357	
30362	
30364	
30369	
30380	
30384	
30385	
30394	
30408	
30410	
30419	
30420	
30430	
30434	
30435	
30440	
30453	
30455	
30458	
30462	
30466	
30474	
30480	
30486	
30493	
30494	
30515	
30516	
30520	
30524	
30529	
30533	
30534	
30564	
30565	
30570	
30574	
30579	
30581	
30584	
30585	
30591	
30592	
30599	
30600	
30604	
30608	
30609	
30610	
30613	
30616	
30619	
30623	
30625	
30634	
30635	
30640	
30641	
30643	
30644	
30660	
30663	
30664	
30666	
30668	
30671	
30684	
30690	
30691	
30700	
30701	
30702	
30707	
30712	
30715	
30725	
30726	
30727	
30730	
30735	
30746	
30750	
30752	
30754	
30756	
30758	
30759	
30761	
30763	
30767	
30770	
30775	
30784	
30786	
30787	
30792	
30793	
30798	
30802	
30805	
30807	
30817	
30827	
30828	
30833	
30844	
30849	
30850	
30853	
30858	
30868	
30874	
30875	
30881	
30884	
30889	
30900	
30901	
30902	
30914	
30925	
30927	
30928	
30929	
30931	
30934	
30936	
30942	
30951	
30965	
30967	
30979	
30986	
30987	
30997	
31001	
31004	
31005	
31010	
31034	
31036	
31038	
31050	
31051	
31054	
31056	
31059	
31064	
31071	
31079	
31085	
31095	
31105	
31109	
31114	
31119	
31121	
31128	
31132	
31138	
31141	
31148	
31159	
31161	
31163	
31167	
31169	
31173	
31176	
31187	
31200	
31202	
31204	
31206	
31215	
31217	
31218	
31234	
31244	
31245	
31246	
31254	
31257	
31259	
31264	
31271	
31274	
31279	
31287	
31292	
31300	
31306	
31311	
31316	
31319	
31323	
31324	
31334	
31335	
31358	
31365	
31373	
31382	
31394	
31400	
31405	
31406	
31408	
31415	
31421	
31432	
31438	
31443	
31445	
31451	
31453	
31455	
31463	
31465	
31470	
31476	
31480	
31488	
31491	
31493	
31508	
31511	
31516	
31522	
31523	
31529	
31535	
31538	
31542	
31545	
31549	
31551	
31558	
31560	
31561	
31564	
31568	
31569	
31582	
31583	
31592	
31593	
31595	
31601	
31602	
31607	
31609	
31610	
31617	
31622	
31628	
31644	
31647	
31654	
31657	
31664	
31670	
31686	
31694	
31699	
31700	
31702	
31705	
31706	
31709	
31715	
31718	
31730	
31732	
31735	
31747	
31748	
31757	
31758	
31769	
31771	
31774	
31775	
31784	
31785	
31786	
31788	
31806	
31815	
31827	
31831	
31833	
31837	
31839	
31867	
31870	
31875	
31884	
31885	
31886	
31902	
31907	
31912	
31916	
31920	
31922	
31924	
31926	
31932	
31933	
31936	
31938	
31949	
31954	
31963	
31964	
31973	
31985	
31992	
32001	
32006	
32008	
32009	
32010	
32011	
32019	
32020	
32022	
32027	
32032	
32033	
32050	
32053	
32056	
32060	
32062	
32068	
32076	
32080	
32089	
32094	
32104	
32105	
32107	
32111	
32118	
32122	
32124	
32125	
32131	
32132	
32136	
32140	
32144	
32147	
32161	
32164	
32166	
32169	
32170	
32173	
32176	
32181	
32186	
32187	
32197	
32200	
32201	
32202	
32209	
32212	
32214	
32216	
32218	
32219	
32224	
32226	
32229	
32232	
32247	
32253	
32255	
32262	
32266	
32269	
32272	
32273	
32277	
32279	
32281	
32283	
32286	
32297	
32298	
32306	
32307	
32318	
32321	
32332	
32334	
32335	
32337	
32344	
32345	
32347	
32349	
32350	
32355	
32359	
32365	
32367	
32369	
32371	
32375	
32376	
32377	
32379	
32383	
32389	
32396	
32399	
32401	
32402	
32406	
32420	
32430	
32436	
32440	
32441	
32442	
32445	
32448	
32450	
32461	
32467	
32471	
32481	
32488	
32490	
32494	
32498	
32501	
32517	
32521	
32524	
32525	
32527	
32540	
32541	
32542	
32545	
32554	
32560	
32562	
32564	
32571	
32572	
32573	
32590	
32596	
32597	
32608	
32615	
32617	
32620	
32622	
32624	
32626	
32645	
32650	
32652	
32665	
32668	
32675	
32691	
32692	
32693	
32694	
32697	
32705	
32708	
32714	
32715	
32723	
32724	
32727	
32728	
32729	
32732	
32743	
32754	
32756	
32767	
32770	
32774	
32775	
32777	
32779	
32780	
32781	
32784	
32791	
32797	
32799	
32804	
32805	
32810	
32813	
32827	
32828	
32831	
32844	
32853	
32854	
32856	
32866	
32869	
32879	
32894	
32907	
32909	
32913	
32916	
32917	
32918	
32919	
32924	
32925	
32941	
32942	
32943	
32944	
32945	
32949	
32966	
32985	
32989	
32996	
33010	
33011	
33012	
33015	
33019	
33027	
33043	
33044	
33049	
33050	
33055	
33058	
33060	
33061	
33062	
33064	
33070	
33076	
33079	
33087	
33093	
33096	
33108	
33110	
33125	
33136	
33138	
33139	
33141	
33142	
33143	
33144	
33155	
33157	
33161	
33179	
33192	
33196	
33197	
33211	
33212	
33215	
33218	
33219	
33226	
33246	
33247	
33251	
33254	
33268	
33274	
33276	
33278	
33281	
33288	
33291	
33300	
33301	
33312	
33315	
33316	
33326	
33331	
33336	
33339	
33342	
33350	
33353	
33354	
33355	
33363	
33376	
33384	
33390	
33394	
33396	
33397	
33399	
33402	
33405	
33421	
33424	
33441	
33445	
33455	
33458	
33470	
33477	
33478	
33480	
33482	
33484	
33491	
33496	
33501	
33506	
33510	
33516	
33520	
33523	
33525	
33536	
33558	
33559	
33567	
33568	
33573	
33589	
33596	
33605	
33607	
33619	
33627	
33630	
33633	
33635	
33638	
33640	
33643	
33654	
33657	
33658	
33662	
33668	
33689	
33690	
33692	
33703	
33716	
33719	
33724	
33728	
33731	
33733	
33741	
33750	
33753	
33757	
33764	
33769	
33771	
33772	
33777	
33786	
33791	
33793	
33794	
33808	
33810	
33816	
33817	
33820	
33830	
33832	
33836	
33838	
33844	
33846	
33847	
33852	
33857	
33860	
33861	
33862	
33868	
33871	
33878	
33886	
33890	
33894	
33895	
33912	
33924	
33927	
33937	
33941	
33947	
33948	
33953	
33955	
33956	
33963	
33965	
33966	
33972	
33993	
34020	
34025	
34026	
34030	
34032	
34036	
34043	
34045	
34047	
34053	
34056	
34057	
34061	
34062	
34063	
34066	
34071	
34075	
34081	
34083	
34089	
34091	
34097	
34106	
34114	
34116	
34122	
34131	
34134	
34137	
34140	
34141	
34143	
34147	
34152	
34163	
34170	
34171	
34179	
34194	
34195	
34197	
34205	
34212	
34213	
34215	
34217	
34229	
34243	
34244	
34245	
34256	
34257	
34267	
34279	
34287	
34291	
34303	
34305	
34307	
34308	
34315	
34317	
34321	
34328	
34335	
34338	
34339	
34348	
34350	
34354	
34360	
34363	
34374	
34386	
34393	
34394	
34398	
34401	
34403	
34404	
34405	
34416	
34419	
34431	
34434	
34447	
34456	
34465	
34470	
34476	
34486	
34492	
34493	
34496	
34499	
34502	
34503	
34505	
34510	
34517	
34530	
34532	
34534	
34541	
34543	
34552	
34553	
34554	
34565	
34569	
34572	
34573	
34574	
34576	
34577	
34601	
34605	
34606	
34614	
34628	
34638	
34642	
34645	
34653	
34663	
34667	
34679	
34680	
34686	
34689	
34690	
34693	
34700	
34715	
34719	
34721	
34725	
34733	
34734	
34735	
34751	
34754	
34758	
34763	
34764	
34771	
34775	
34779	
34781	
34789	
34791	
34792	
34795	
34802	
34807	
34808	
34809	
34810	
34813	
34821	
34826	
34832	
34839	
34841	
34851	
34852	
34863	
34873	
34877	
34878	
34883	
34892	
34902	
34913	
34915	
34920	
34921	
34923	
34924	
34925	
34927	
34932	
34942	
34943	
34947	
34949	
34951	
34952	
34953	
34964	
34966	
34978	
34981	
34983	
34984	
34986	
34990	
34992	
34993	
34999	
35000	
35002	
35005	
35007	
35015	
35017	
35023	
35025	
35028	
35032	
35034	
35040	
35045	
35050	
35051	
35056	
35059	
35060	
35065	
35069	
35072	
35080	
35084	
35085	
35087	
35088	
35090	
35091	
35094	
35097	
35102	
35107	
35111	
35112	
35115	
35116	
35118	
35119	
35125	
35130	
35136	
35139	
35140	
35141	
35145	
35150	
35152	
35156	
35158	
35159	
35165	
35166	
35170	
35171	
35174	
35175	
35178	
35200	
35203	
35208	
35214	
35220	
35222	
35223	
35226	
35230	
35245	
35246	
35248	
35251	
35255	
35257	
35267	
35272	
35277	
35286	
35288	
35293	
35298	
35301	
35302	
35315	
35321	
35335	
35338	
35353	
35356	
35361	
35363	
35380	
35383	
35385	
35389	
35397	
35398	
35426	
35427	
35431	
35438	
35439	
35464	
35467	
35470	
35481	
35489	
35492	
35497	
35498	
35499	
35500	
35510	
35513	
35519	
35528	
35540	
35541	
35546	
35552	
35556	
35558	
35561	
35565	
35566	
35571	
35572	
35577	
35588	
35589	
35593	
35594	
35598	
35600	
35602	
35604	
35606	
35609	
35612	
35614	
35626	
35632	
35633	
35646	
35652	
35656	
35662	
35670	
35677	
35685	
35688	
35700	
35712	
35719	
35720	
35721	
35722	
35742	
35743	
35750	
35755	
35768	
35769	
35770	
35771	
35780	
35785	
35788	
35798	
35803	
35804	
35805	
35808	
35810	
35814	
35824	
35827	
35835	
35841	
35842	
35844	
35845	
35846	
35851	
35854	
35862	
35871	
35876	
35884	
35897	
35902	
35915	
35917	
35933	
35935	
35939	
35945	
35952	
35953	
35956	
35960	
35966	
35967	
35979	
35982	
36009	
36010	
36011	
36013	
36014	
36018	
36023	
36027	
36029	
36031	
36037	
36047	
36048	
36051	
36060	
36062	
36066	
36069	
36085	
36090	
36106	
36108	
36112	
36130	
36131	
36140	
36141	
36144	
36146	
36152	
36154	
36160	
36168	
36173	
36178	
36185	
36188	
36195	
36209	
36211	
36214	
36215	
36219	
36225	
36226	
36229	
36231	
36233	
36238	
36242	
36246	
36254	
36259	
36267	
36271	
36272	
36275	
36276	
36279	
36281	
36287	
36292	
36293	
36294	
36297	
36305	
36306	
36308	
36315	
36316	
36320	
36322	
36325	
36327	
36330	
36335	
36336	
36339	
36342	
36344	
36345	
36351	
36355	
36366	
36371	
36375	
36376	
36378	
36380	
36382	
36385	
36387	
36395	
36398	
36402	
36406	
36409	
36417	
36423	
36429	
36433	
36435	
36436	
36443	
36446	
36447	
36451	
36454	
36460	
36470	
36472	
36481	
36486	
36489	
36491	
36492	
36494	
36496	
36498	
36500	
36502	
36505	
36512	
36515	
36524	
36525	
36529	
36538	
36539	
36546	
36556	
36558	
36559	
36562	
36563	
36564	
36567	
36577	
36588	
36592	
36596	
36600	
36601	
36605	
36638	
36640	
36642	
36647	
36656	
36657	
36658	
36668	
36676	
36677	
36681	
36685	
36691	
36697	
36709	
36714	
36715	
36717	
36723	
36724	
36729	
36736	
36742	
36751	
36755	
36756	
36759	
36763	
36772	
36773	
36777	
36780	
36787	
36797	
36799	
36806	
36824	
36827	
36831	
36835	
36844	
36845	
36851	
36857	
36862	
36864	
36874	
36886	
36888	
36890	
36893	
36899	
36901	
36911	
36913	
36915	
36919	
36922	
36923	
36928	
36932	
36934	
36936	
36937	
36943	
36948	
36951	
36954	
36957	
36962	
36970	
36973	
36976	
36982	
36986	
36987	
36988	
36990	
36991	
37002	
37013	
37017	
37024	
37027	
37031	
37036	
37040	
37045	
37052	
37053	
37055	
37057	
37060	
37069	
37070	
37072	
37074	
37077	
37085	
37091	
37092	
37110	
37112	
37118	
37123	
37125	
37132	
37133	
37137	
37140	
37145	
37152	
37157	
37165	
37167	
37175	
37177	
37180	
37182	
37196	
37199	
37201	
37203	
37205	
37206	
37220	
37221	
37225	
37226	
37227	
37241	
37252	
37257	
37262	
37265	
37273	
37285	
37290	
37293	
37299	
37302	
37317	
37318	
37327	
37332	
37336	
37345	
37351	
37356	
37357	
37362	
37365	
37367	
37374	
37377	
37380	
37382	
37384	
37396	
37399	
37400	
37401	
37404	
37415	
37422	
37425	
37426	
37433	
37435	
37439	
37449	
37453	
37459	
37460	
37461	
37464	
37469	
37476	
37479	
37481	
37483	
37489	
37491	
37495	
37501	
37508	
37513	
37517	
37520	
37522	
37533	
37543	
37558	
37561	
37569	
37575	
37578	
37585	
37593	
37597	
37613	
37614	
37623	
37624	
37628	
37639	
37653	
37654	
37656	
37661	
37666	
37670	
37674	
37685	
37698	
37700	
37714	
37721	
37722	
37728	
37737	
37741	
37752	
37755	
37761	
37766	
37769	
37772	
37785	
37791	
37794	
37799	
37805	
37813	
37814	
37823	
37828	
37832	
37840	
37844	
37845	
37851	
37865	
37866	
37867	
37885	
37897	
37901	
37907	
37908	
37920	
37922	
37925	
37930	
37932	
37944	
37945	
37952	
37963	
37966	
37967	
37969	
37973	
37981	
37984	
37986	
37992	
37993	
38002	
38003	
38015	
38019	
38028	
38029	
38035	
38036	
38042	
38045	
38065	
38066	
38074	
38077	
38081	
38102	
38106	
38107	
38115	
38119	
38120	
38121	
38123	
38130	
38131	
38133	
38137	
38142	
38143	
38145	
38147	
38150	
38153	
38156	
38157	
38172	
38178	
38186	
38187	
38189	
38196	
38214	
38220	
38221	
38222	
38225	
38238	
38240	
38244	
38247	
38248	
38252	
38258	
38262	
38267	
38270	
38273	
38284	
38297	
38301	
38303	
38304	
38307	
38310	
38319	
38324	
38329	
38345	
38354	
38356	
38370	
38371	
38373	
38377	
38388	
38389	
38396	
38400	
38401	
38418	
38426	
38429	
38430	
38433	
38449	
38450	
38451	
38452	
38458	
38462	
38472	
38473	
38476	
38488	
38490	
38495	
38499	
38505	
38507	
38509	
38513	
38516	
38531	
38535	
38544	
38549	
38557	
38559	
38562	
38569	
38574	
38575	
38576	
38577	
38583	
38589	
38591	
38593	
38594	
38597	
38600	
38601	
38613	
38624	
38638	
38648	
38654	
38657	
38661	
38664	
38676	
38694	
38696	
38700	
38707	
38719	
38721	
38723	
38726	
38735	
38741	
38745	
38750	
38751	
38752	
38755	
38759	
38762	
38767	
38771	
38796	
38800	
38807	
38814	
38818	
38828	
38844	
38847	
38848	
38849	
38854	
38872	
38873	
38876	
38879	
38885	
38895	
38897	
38899	
38900	
38903	
38905	
38906	
38907	
38912	
38915	
38919	
38920	
38924	
38933	
38936	
38939	
38942	
38943	
38959	
38970	
38974	
38976	
38977	
38986	
38987	
39005	
39009	
39012	
39013	
39022	
39025	
39026	
39027	
39034	
39037	
39039	
39044	
39047	
39048	
39049	
39050	
39052	
39062	
39067	
39075	
39078	
39094	
39102	
39103	
39104	
39105	
39107	
39120	
39122	
39126	
39129	
39138	
39140	
39141	
39142	
39157	
39159	
39162	
39165	
39166	
39169	
39173	
39184	
39185	
39194	
39200	
39216	
39217	
39231	
39239	
39250	
39251	
39257	
39276	
39279	
39282	
39287	
39292	
39293	
39301	
39307	
39309	
39311	
39320	
39323	
39328	
39331	
39339	
39352	
39355	
39359	
39370	
39386	
39387	
39388	
39392	
39394	
39408	
39411	
39431	
39436	
39437	
39453	
39455	
39456	
39459	
39460	
39462	
39466	
39473	
39474	
39479	
39481	
39484	
39485	
39494	
39495	
39500	
39501	
39506	
39510	
39511	
39514	
39516	
39527	
39530	
39531	
39538	
39545	
39547	
39556	
39562	
39568	
39569	
39581	
39585	
39595	
39596	
39608	
39611	
39620	
39623	
39628	
39631	
39632	
39633	
39634	
39638	
39643	
39650	
39657	
39660	
39667	
39671	
39674	
39676	
39695	
39697	
39728	
39729	
39734	
39741	
39749	
39752	
39755	
39757	
39764	
39777	
39783	
39784	
39785	
39788	
39790	
39798	
39802	
39803	
39806	
39807	
39824	
39826	
39830	
39837	
39846	
39853	
39859	
39862	
39867	
39870	
39871	
39872	
39875	
39879	
39881	
39885	
39886	
39888	
39891	
39893	
39901	
39902	
39906	
39917	
39918	
39922	
39930	
39931	
39937	
39939	
39940	
39950	
39965	
39968	
39971	
39972	
39981	
39986	
39987	
39991	
40001	
40003	
40007	
40010	
40015	
40024	
40031	
40037	
40043	
40044	
40046	
40050	
40052	
40065	
40067	
40086	
40092	
40100	
40103	
40110	
40111	
40117	
40120	
40128	
40133	
40150	
40153	
40163	
40164	
40167	
40172	
40174	
40177	
40178	
40194	
40202	
40206	
40208	
40210	
40221	
40222	
40223	
40227	
40229	
40239	
40244	
40246	
40256	
40257	
40263	
40283	
40290	
40291	
40293	
40294	
40296	
40299	
40303	
40304	
40308	
40309	
40311	
40319	
40320	
40321	
40334	
40340	
40343	
40344	
40348	
40360	
40362	
40366	
40367	
40370	
40377	
40381	
40402	
40410	
40411	
40413	
40418	
40427	
40434	
40442	
40453	
40458	
40462	
40466	
40471	
40478	
40481	
40491	
40492	
40493	
40496	
40502	
40506	
40508	
40511	
40515	
40520	
40522	
40524	
40532	
40536	
40541	
40542	
40544	
40548	
40549	
40565	
40576	
40582	
40583	
40586	
40589	
40590	
40592	
40600	
40607	
40611	
40613	
40615	
40619	
40620	
40628	
40629	
40630	
40637	
40640	
40643	
40646	
40648	
40649	
40651	
40653	
40655	
40657	
40660	
40663	
40667	
40669	
40672	
40673	
40675	
40676	
40682	
40689	
40704	
40709	
40711	
40712	
40713	
40728	
40730	
40732	
40734	
40736	
40738	
40740	
40747	
40752	
40754	
40756	
40757	
40758	
40760	
40771	
40775	
40786	
40788	
40791	
40795	
40797	
40798	
40799	
40802	
40806	
40816	
40821	
40822	
40824	
40827	
40828	
40829	
40830	
40831	
40833	
40838	
40841	
40842	
40852	
40854	
40856	
40861	
40865	
40866	
40879	
40891	
40894	
40900	
40912	
40923	
40928	
40932	
40934	
40937	
40942	
40950	
40981	
40985	
40988	
41007	
41015	
41018	
41022	
41025	
41027	
41031	
41032	
41038	
41049	
41053	
41058	
41060	
41063	
41071	
41081	
41089	
41096	
41100	
41102	
41110	
41111	
41114	
41120	
41131	
41136	
41137	
41148	
41159	
41169	
41175	
41176	
41181	
41186	
41201	
41205	
41214	
41215	
41218	
41225	
41243	
41249	
41260	
41262	
41267	
41271	
41274	
41277	
41292	
41297	
41298	
41304	
41310	
41318	
41346	
41347	
41350	
41353	
41354	
41357	
41363	
41365	
41367	
41368	
41372	
41375	
41384	
41385	
41386	
41388	
41393	
41396	
41401	
41406	
41407	
41409	
41414	
41416	
41425	
41426	
41431	
41432	
41433	
41435	
41439	
41440	
41441	
41454	
41481	
41483	
41486	
41487	
41492	
41498	
41503	
41507	
41510	
41512	
41523	
41530	
41540	
41541	
41542	
41548	
41549	
41550	
41551	
41556	
41567	
41568	
41574	
41578	
41585	
41588	
41592	
41594	
41599	
41600	
41608	
41611	
41612	
41614	
41627	
41631	
41643	
41659	
41665	
41669	
41686	
41687	
41688	
41691	
41696	
41697	
41703	
41705	
41711	
41714	
41729	
41735	
41745	
41748	
41751	
41759	
41765	
41781	
41797	
41801	
41805	
41806	
41811	
41814	
41817	
41824	
41841	
41844	
41854	
41855	
41857	
41876	
41883	
41885	
41886	
41889	
41892	
41899	
41919	
41933	
41939	
41944	
41947	
41951	
41953	
41961	
41964	
41965	
41967	
41971	
41974	
41976	
41979	
41983	
41991	
41992	
41999	
42007	
42008	
42018	
42026	
42032	
42033	
42034	
42036	
42046	
42047	
42061	
42063	
42064	
42067	
42075	
42080	
42085	
42097	
42099	
42104	
42114	
42120	
42125	
42128	
42131	
42137	
42143	
42146	
42148	
42155	
42157	
42158	
42161	
42164	
42168	
42170	
42174	
42183	
42190	
42199	
42200	
42201	
42208	
42216	
42227	
42240	
42269	
42271	
42280	
42287	
42303	
42308	
42309	
42318	
42319	
42331	
42332	
42333	
42335	
42339	
42344	
42347	
42353	
42364	
42371	
42382	
42384	
42397	
42399	
42414	
42418	
42420	
42425	
42426	
42427	
42436	
42443	
42451	
42453	
42458	
42459	
42461	
42462	
42465	
42466	
42474	
42475	
42477	
42483	
42484	
42488	
42492	
42495	
42497	
42503	
42507	
42509	
42513	
42529	
42530	
42535	
42536	
42539	
42548	
42551	
42564	
42566	
42567	
42572	
42574	
42578	
42579	
42583	
42585	
42586	
42587	
42588	
42591	
42594	
42595	
42599	
42601	
42604	
42605	
42609	
42610	
42614	
42626	
42630	
42631	
42634	
42643	
42659	
42660	
42666	
42672	
42691	
42692	
42696	
42700	
42712	
42713	
42714	
42715	
42724	
42727	
42730	
42731	
42734	
42738	
42751	
42756	
42760	
42763	
42768	
42780	
42783	
42795	
42797	
42801	
42808	
42809	
42811	
42816	
42822	
42824	
42825	
42829	
42831	
42832	
42842	
42852	
42854	
42857	
42858	
42859	
42869	
42872	
42873	
42880	
42883	
42885	
42886	
42892	
42896	
42897	
42904	
42906	
42914	
42920	
42937	
42939	
42955	
42960	
42968	
42970	
42971	
42972	
42974	
42987	
42988	
43002	
43004	
43006	
43007	
43008	
43009	
43022	
43026	
43030	
43036	
43044	
43045	
43058	
43059	
43068	
43075	
43077	
43086	
43089	
43093	
43100	
43101	
43102	
43103	
43108	
43123	
43127	
43136	
43148	
43151	
43177	
43178	
43185	
43190	
43192	
43193	
43196	
43213	
43215	
43216	
43220	
43221	
43222	
43233	
43235	
43249	
43251	
43252	
43256	
43259	
43274	
43275	
43277	
43280	
43284	
43290	
43292	
43295	
43297	
43298	
43300	
43301	
43304	
43311	
43313	
43314	
43316	
43317	
43318	
43320	
43331	
43334	
43337	
43346	
43348	
43351	
43364	
43369	
43371	
43372	
43373	
43374	
43379	
43380	
43394	
43399	
43404	
43405	
43406	
43407	
43409	
43412	
43422	
43424	
43433	
43439	
43440	
43449	
43462	
43464	
43470	
43472	
43490	
43491	
43496	
43507	
43511	
43527	
43530	
43534	
43536	
43542	
43547	
43549	
43552	
43560	
43563	
43570	
43572	
43573	
43578	
43584	
43585	
43602	
43605	
43608	
43611	
43616	
43619	
43622	
43625	
43631	
43634	
43636	
43637	
43642	
43651	
43660	
43662	
43663	
43665	
43669	
43675	
43679	
43682	
43688	
43703	
43706	
43711	
43716	
43725	
43727	
43729	
43743	
43755	
43756	
43758	
43765	
43770	
43771	
43778	
43779	
43789	
43791	
43797	
43798	
43802	
43804	
43816	
43820	
43822	
43825	
43828	
43836	
43840	
43841	
43842	
43856	
43857	
43860	
43863	
43864	
43871	
43875	
43878	
43887	
43897	
43899	
43911	
43912	
43917	
43921	
43926	
43928	
43930	
43944	
43950	
43951	
43954	
43957	
43961	
43963	
43964	
43974	
43975	
43985	
43997	
44003	
44008	
44015	
44016	
44018	
44020	
44022	
44026	
44027	
44059	
44078	
44080	
44086	
44087	
44090	
44092	
44107	
44116	
44118	
44123	
44124	
44126	
44127	
44138	
44152	
44159	
44162	
44163	
44165	
44175	
44176	
44177	
44182	
44183	
44185	
44186	
44189	
44191	
44192	
44197	
44198	
44207	
44212	
44213	
44215	
44226	
44229	
44230	
44240	
44242	
44243	
44246	
44261	
44264	
44265	
44271	
44272	
44281	
44288	
44298	
44299	
44309	
44311	
44314	
44317	
44318	
44319	
44322	
44324	
44325	
44334	
44335	
44344	
44346	
44347	
44349	
44350	
44351	
44353	
44360	
44365	
44367	
44369	
44377	
44379	
44380	
44384	
44387	
44392	
44393	
44395	
44397	
44401	
44418	
44422	
44424	
44432	
44434	
44435	
44440	
44441	
44442	
44443	
44445	
44449	
44455	
44458	
44459	
44464	
44471	
44482	
44484	
44487	
44491	
44499	
44507	
44508	
44509	
44515	
44518	
44524	
44527	
44532	
44533	
44534	
44537	
44543	
44547	
44548	
44550	
44552	
44561	
44566	
44571	
44575	
44576	
44577	
44586	
44587	
44591	
44596	
44604	
44608	
44611	
44613	
44615	
44621	
44642	
44648	
44672	
44677	
44678	
44679	
44689	
44695	
44696	
44705	
44706	
44709	
44710	
44722	
44731	
44733	
44738	
44742	
44747	
44749	
44751	
44774	
44785	
44786	
44794	
44801	
44807	
44817	
44822	
44824	
44832	
44836	
44839	
44841	
44845	
44846	
44849	
44857	
44859	
44860	
44862	
44869	
44877	
44882	
44888	
44891	
44892	
44894	
44908	
44911	
44913	
44915	
44922	
44930	
44938	
44940	
44943	
44945	
44947	
44953	
44959	
44968	
44984	
44985	
44986	
44987	
44991	
44994	
44999	
45000	
45004	
45008	
45010	
45020	
45026	
45032	
45034	
45036	
45037	
45041	
45043	
45053	
45059	
45067	
45078	
45080	
45085	
45087	
45093	
45094	
45100	
45124	
45137	
45142	
45143	
45144	
45145	
45149	
45156	
45162	
45164	
45167	
45168	
45172	
45173	
45175	
45176	
45179	
45184	
45185	
45187	
45195	
45199	
45202	
45215	
45227	
45232	
45240	
45245	
45248	
45249	
45253	
45255	
45260	
45266	
45267	
45269	
45273	
45287	
45298	
45301	
45310	
45319	
45322	
45325	
45339	
45340	
45347	
45349	
45352	
45354	
45360	
45365	
45367	
45368	
45370	
45371	
45372	
45373	
45375	
45379	
45383	
45385	
45387	
45395	
45396	
45398	
45403	
45406	
45407	
45408	
45409	
45410	
45417	
45422	
45424	
45429	
45432	
45435	
45444	
45446	
45449	
45450	
45452	
45455	
45458	
45460	
45464	
45466	
45467	
45475	
45476	
45477	
45487	
45491	
45499	
45504	
45508	
45511	
45516	
45517	
45521	
45530	
45544	
45546	
45556	
45557	
45559	
45561	
45566	
45568	
45569	
45575	
45580	
45586	
45591	
45593	
45600	
45601	
45603	
45604	
45610	
45614	
45619	
45623	
45628	
45636	
45641	
45647	
45649	
45657	
45660	
45672	
45673	
45677	
45679	
45680	
45690	
45693	
45705	
45708	
45709	
45715	
45718	
45721	
45723	
45732	
45736	
45745	
45750	
45767	
45774	
45777	
45779	
45780	
45789	
45808	
45810	
45818	
45819	
45824	
45829	
45836	
45852	
45859	
45860	
45862	
45873	
45878	
45882	
45883	
45889	
45901	
45906	
45915	
45924	
45925	
45930	
45935	
45937	
45940	
45944	
45960	
45961	
45963	
45966	
45968	
45973	
45975	
45980	
45982	
45983	
45984	
45991	
45993	
45999	
46001	
46002	
46004	
46011	
46013	
46024	
46032	
46033	
46034	
46040	
46048	
46052	
46063	
46077	
46090	
46096	
46098	
46103	
46104	
46110	
46127	
46137	
46138	
46150	
46152	
46170	
46175	
46178	
46186	
46193	
46194	
46197	
46213	
46215	
46216	
46219	
46223	
46226	
46235	
46237	
46241	
46248	
46253	
46257	
46258	
46259	
46266	
46267	
46275	
46277	
46284	
46293	
46298	
46305	
46313	
46320	
46322	
46325	
46344	
46348	
46353	
46354	
46357	
46367	
46375	
46377	
46384	
46386	
46389	
46390	
46391	
46392	
46402	
46411	
46414	
46417	
46423	
46431	
46434	
46442	
46445	
46458	
46459	
46464	
46468	
46470	
46473	
46477	
46479	
46480	
46491	
46492	
46493	
46496	
46504	
46509	
46513	
46524	
46531	
46545	
46548	
46553	
46555	
46565	
46577	
46580	
46585	
46589	
46597	
46598	
46609	
46610	
46612	
46616	
46618	
46625	
46633	
46637	
46638	
46648	
46650	
46653	
46655	
46656	
46659	
46668	
46671	
46672	
46677	
46687	
46688	
46692	
46694	
46697	
46699	
46707	
46714	
46719	
46720	
46721	
46722	
46732	
46733	
46741	
46743	
46751	
46754	
46756	
46757	
46770	
46778	
46780	
46789	
46799	
46800	
46802	
46808	
46811	
46821	
46822	
46826	
46832	
46835	
46836	
46842	
46850	
46855	
46857	
46861	
46862	
46864	
46873	
46876	
46880	
46883	
46887	
46890	
46893	
46895	
46899	
46904	
46905	
46907	
46908	
46910	
46925	
46927	
46939	
46940	
46941	
46948	
46949	
46955	
46968	
46972	
46975	
46978	
46982	
46988	
46990	
46998	
47006	
47013	
47018	
47019	
47020	
47026	
47049	
47058	
47060	
47067	
47071	
47072	
47073	
47085	
47086	
47094	
47095	
47096	
47115	
47117	
47120	
47121	
47124	
47128	
47138	
47140	
47143	
47144	
47147	
47151	
47153	
47159	
47177	
47180	
47182	
47188	
47205	
47207	
47212	
47219	
47220	
47222	
47223	
47229	
47230	
47235	
47241	
47260	
47261	
47278	
47300	
47302	
47303	
47305	
47307	
47316	
47322	
47327	
47334	
47343	
47344	
47345	
47347	
47357	
47362	
47367	
47368	
47385	
47388	
47396	
47401	
47409	
47411	
47414	
47426	
47428	
47434	
47439	
47440	
47443	
47444	
47445	
47451	
47462	
47467	
47470	
47474	
47476	
47477	
47489	
47491	
47514	
47516	
47521	
47529	
47532	
47534	
47535	
47549	
47550	
47555	
47567	
47569	
47570	
47576	
47579	
47581	
47582	
47583	
47584	
47597	
47605	
47619	
47625	
47629	
47630	
47632	
47645	
47646	
47654	
47659	
47662	
47667	
47672	
47678	
47679	
47686	
47695	
47707	
47708	
47713	
47717	
47718	
47721	
47724	
47731	
47733	
47736	
47739	
47743	
47745	
47749	
47750	
47751	
47753	
47757	
47758	
47762	
47764	
47774	
47791	
47792	
47793	
47819	
47820	
47821	
47826	
47832	
47836	
47848	
47851	
47856	
47866	
47868	
47870	
47880	
47893	
47901	
47905	
47911	
47919	
47920	
47921	
47925	
47930	
47951	
47957	
47961	
47966	
47970	
47976	
47979	
47984	
47998	
48003	
48004	
48017	
48019	
48034	
48039	
48041	
48044	
48046	
48052	
48054	
48057	
48062	
48064	
48068	
48073	
48076	
48080	
48085	
48093	
48103	
48116	
48120	
48126	
48128	
48130	
48134	
48136	
48137	
48139	
48143	
48153	
48155	
48156	
48169	
48175	
48177	
48178	
48183	
48184	
48189	
48191	
48198	
48203	
48204	
48206	
48208	
48210	
48211	
48214	
48216	
48217	
48222	
48224	
48242	
48246	
48257	
48258	
48263	
48265	
48267	
48276	
48277	
48284	
48317	
48318	
48322	
48323	
48324	
48329	
48332	
48344	
48353	
48354	
48360	
48370	
48375	
48379	
48389	
48393	
48403	
48404	
48406	
48409	
48411	
48416	
48420	
48425	
48428	
48429	
48430	
48433	
48434	
48437	
48438	
48439	
48443	
48444	
48445	
48446	
48454	
48457	
48458	
48459	
48460	
48462	
48466	
48482	
48484	
48489	
48492	
48494	
48510	
48512	
48516	
48517	
48519	
48520	
48530	
48543	
48554	
48564	
48568	
48572	
48573	
48580	
48583	
48590	
48605	
48622	
48623	
48625	
48626	
48629	
48635	
48648	
48650	
48652	
48654	
48657	
48665	
48667	
48671	
48673	
48674	
48677	
48681	
48688	
48689	
48693	
48711	
48717	
48721	
48723	
48728	
48733	
48735	
48739	
48742	
48743	
48748	
48755	
48756	
48757	
48758	
48760	
48762	
48765	
48769	
48770	
48775	
48776	
48779	
48780	
48786	
48788	
48795	
48801	
48807	
48808	
48810	
48814	
48817	
48820	
48825	
48829	
48834	
48839	
48849	
48850	
48856	
48862	
48867	
48872	
48881	
48884	
48888	
48893	
48896	
48900	
48901	
48906	
48908	
48926	
48927	
48933	
48934	
48937	
48943	
48947	
48958	
48964	
48967	
48968	
48969	
48971	
48972	
48976	
48977	
48980	
48985	
48993	
48998	
48999	
49001	
49007	
49008	
49015	
49019	
49027	
49031	
49032	
49035	
49038	
49042	
49044	
49047	
49055	
49057	
49060	
49064	
49068	
49076	
49083	
49086	
49095	
49102	
49103	
49104	
49110	
49116	
49119	
49123	
49124	
49132	
49133	
49138	
49139	
49145	
49149	
49151	
49152	
49154	
49162	
49169	
49173	
49178	
49181	
49182	
49194	
49197	
49200	
49204	
49207	
49208	
49209	
49210	
49211	
49217	
49230	
49245	
49247	
49252	
49267	
49270	
49271	
49276	
49282	
49292	
49299	
49301	
49317	
49324	
49325	
49333	
49336	
49347	
49362	
49375	
49385	
49393	
49394	
49400	
49405	
49409	
49412	
49413	
49415	
49419	
49435	
49437	
49445	
49448	
49451	
49466	
49467	
49471	
49480	
49483	
49484	
49486	
49488	
49495	
49508	
49521	
49522	
49524	
49526	
49528	
49532	
49534	
49546	
49548	
49556	
49558	
49560	
49562	
49564	
49572	
49578	
49586	
49596	
49605	
49615	
49618	
49634	
49635	
49651	
49658	
49660	
49664	
49666	
49677	
49678	
49690	
49691	
49700	
49709	
49713	
49714	
49715	
49716	
49723	
49729	
49731	
49735	
49746	
49748	
49756	
49763	
49768	
49774	
49775	
49776	
49779	
49788	
49790	
49791	
49796	
49797	
49807	
49812	
49814	
49815	
49818	
49821	
49824	
49827	
49831	
49835	
49837	
49843	
49844	
49848	
49851	
49877	
49878	
49880	
49881	
49882	
49891	
49894	
49911	
49913	
49915	
49918	
49923	
49926	
49933	
49943	
49948	
49949	
49974	
49980	
49992	
49994	
49998	
