SCHEDULE.flno  
5	
8	
12	
15	
17	
32	
34	
36	
37	
38	
40	
44	
54	
60	
63	
65	
67	
71	
84	
92	
93	
98	
102	
105	
110	
111	
112	
114	
119	
123	
124	
130	
133	
134	
159	
162	
166	
167	
182	
185	
188	
191	
193	
199	
218	
227	
235	
236	
239	
243	
244	
249	
250	
253	
260	
261	
263	
270	
277	
278	
282	
287	
295	
296	
315	
323	
330	
331	
333	
339	
341	
351	
355	
372	
375	
380	
387	
396	
415	
418	
426	
439	
450	
456	
458	
474	
477	
478	
483	
486	
488	
489	
502	
507	
511	
519	
520	
521	
523	
524	
529	
538	
540	
541	
542	
543	
544	
550	
551	
555	
559	
560	
567	
571	
573	
584	
595	
597	
601	
607	
612	
614	
618	
620	
625	
629	
631	
632	
633	
640	
642	
643	
660	
675	
677	
680	
694	
696	
707	
710	
715	
722	
730	
737	
739	
740	
743	
749	
751	
752	
764	
765	
766	
767	
773	
774	
780	
790	
791	
792	
793	
796	
804	
805	
807	
808	
809	
821	
835	
838	
839	
840	
842	
854	
856	
862	
863	
866	
872	
876	
879	
880	
882	
892	
895	
904	
906	
910	
923	
933	
934	
938	
939	
953	
956	
958	
960	
962	
964	
970	
980	
982	
983	
984	
985	
989	
993	
995	
996	
998	
1000	
1001	
1005	
1007	
1008	
1013	
1014	
1018	
1023	
1026	
1028	
1032	
1040	
1045	
1048	
1054	
1055	
1057	
1060	
1061	
1070	
1082	
1089	
1090	
1101	
1117	
1119	
1125	
1127	
1128	
1135	
1137	
1140	
1146	
1151	
1152	
1153	
1156	
1167	
1173	
1179	
1189	
1196	
1199	
1204	
1206	
1211	
1212	
1222	
1224	
1227	
1241	
1242	
1246	
1248	
1249	
1250	
1251	
1265	
1268	
1272	
1283	
1292	
1298	
1299	
1308	
1309	
1325	
1338	
1340	
1352	
1356	
1358	
1359	
1363	
1368	
1371	
1378	
1380	
1381	
1385	
1392	
1396	
1401	
1405	
1413	
1414	
1418	
1431	
1436	
1445	
1456	
1460	
1465	
1475	
1478	
1480	
1489	
1494	
1496	
1499	
1501	
1502	
1507	
1520	
1524	
1526	
1539	
1543	
1562	
1565	
1578	
1579	
1580	
1583	
1585	
1586	
1587	
1594	
1598	
1601	
1603	
1609	
1618	
1626	
1628	
1631	
1634	
1642	
1647	
1656	
1659	
1668	
1671	
1674	
1688	
1689	
1690	
1707	
1713	
1717	
1721	
1723	
1726	
1728	
1729	
1730	
1734	
1737	
1740	
1742	
1749	
1758	
1764	
1773	
1774	
1777	
1780	
1785	
1789	
1793	
1818	
1829	
1832	
1845	
1849	
1856	
1859	
1864	
1870	
1876	
1877	
1881	
1899	
1907	
1912	
1920	
1922	
1924	
1928	
1929	
1930	
1932	
1934	
1936	
1942	
1964	
1970	
1973	
1981	
1985	
2001	
2003	
2005	
2009	
2011	
2029	
2030	
2033	
2036	
2038	
2039	
2041	
2044	
2051	
2057	
2063	
2073	
2081	
2083	
2089	
2091	
2094	
2110	
2117	
2128	
2129	
2152	
2154	
2155	
2163	
2175	
2176	
2179	
2180	
2189	
2190	
2192	
2194	
2197	
2202	
2206	
2214	
2221	
2222	
2224	
2226	
2229	
2231	
2238	
2244	
2247	
2265	
2268	
2278	
2287	
2289	
2290	
2299	
2302	
2307	
2310	
2325	
2361	
2365	
2369	
2378	
2382	
2388	
2389	
2392	
2393	
2397	
2406	
2416	
2417	
2421	
2432	
2435	
2439	
2450	
2451	
2454	
2455	
2456	
2465	
2467	
2468	
2473	
2474	
2482	
2495	
2496	
2501	
2505	
2507	
2509	
2510	
2511	
2517	
2519	
2520	
2530	
2531	
2541	
2543	
2550	
2551	
2564	
2568	
2573	
2577	
2578	
2579	
2581	
2586	
2592	
2599	
2601	
2602	
2605	
2607	
2610	
2611	
2613	
2617	
2635	
2644	
2646	
2649	
2651	
2682	
2690	
2696	
2700	
2704	
2723	
2726	
2733	
2739	
2741	
2742	
2746	
2751	
2753	
2754	
2764	
2765	
2773	
2774	
2776	
2783	
2789	
2802	
2808	
2813	
2816	
2824	
2831	
2835	
2838	
2839	
2841	
2856	
2860	
2864	
2870	
2874	
2875	
2883	
2889	
2895	
2900	
2905	
2907	
2912	
2922	
2926	
2935	
2939	
2942	
2944	
2946	
2949	
2952	
2953	
2963	
2965	
2975	
2976	
2979	
2987	
3000	
3001	
3005	
3010	
3033	
3038	
3046	
3048	
3063	
3072	
3080	
3089	
3091	
3100	
3102	
3103	
3113	
3118	
3119	
3125	
3126	
3129	
3132	
3138	
3151	
3153	
3169	
3170	
3174	
3175	
3184	
3188	
3189	
3191	
3193	
3201	
3202	
3209	
3213	
3218	
3219	
3231	
3237	
3263	
3270	
3271	
3274	
3276	
3277	
3279	
3284	
3286	
3315	
3316	
3319	
3325	
3326	
3328	
3329	
3341	
3343	
3345	
3347	
3365	
3369	
3377	
3379	
3382	
3385	
3386	
3387	
3388	
3395	
3401	
3407	
3414	
3415	
3419	
3423	
3426	
3438	
3439	
3440	
3446	
3447	
3451	
3473	
3480	
3482	
3484	
3490	
3509	
3515	
3542	
3543	
3544	
3548	
3549	
3559	
3571	
3578	
3583	
3589	
3592	
3593	
3594	
3600	
3601	
3608	
3610	
3618	
3619	
3621	
3623	
3629	
3639	
3640	
3642	
3644	
3648	
3655	
3668	
3675	
3683	
3684	
3685	
3688	
3694	
3701	
3710	
3721	
3723	
3729	
3731	
3736	
3738	
3752	
3757	
3760	
3761	
3772	
3774	
3780	
3782	
3796	
3802	
3803	
3804	
3812	
3815	
3817	
3818	
3826	
3834	
3835	
3840	
3841	
3844	
3850	
3851	
3859	
3866	
3867	
3872	
3874	
3876	
3883	
3888	
3889	
3893	
3899	
3909	
3916	
3920	
3923	
3926	
3932	
3942	
3950	
3952	
3953	
3957	
3958	
3959	
3961	
3976	
3977	
3978	
3979	
3984	
3991	
3994	
4001	
4034	
4035	
4040	
4046	
4049	
4072	
4076	
4082	
4086	
4087	
4091	
4104	
4121	
4124	
4131	
4132	
4133	
4135	
4145	
4147	
4153	
4154	
4156	
4157	
4164	
4169	
4174	
4177	
4182	
4186	
4187	
4190	
4194	
4195	
4197	
4205	
4210	
4211	
4218	
4219	
4224	
4227	
4231	
4233	
4235	
4237	
4249	
4250	
4258	
4267	
4274	
4281	
4286	
4293	
4295	
4297	
4310	
4312	
4313	
4326	
4329	
4333	
4334	
4336	
4341	
4366	
4368	
4369	
4371	
4377	
4379	
4383	
4389	
4392	
4399	
4402	
4403	
4404	
4406	
4419	
4421	
4427	
4429	
4430	
4433	
4446	
4447	
4451	
4463	
4475	
4477	
4481	
4483	
4490	
4491	
4497	
4505	
4507	
4509	
4510	
4515	
4516	
4517	
4526	
4529	
4530	
4531	
4546	
4548	
4550	
4556	
4557	
4566	
4567	
4573	
4583	
4590	
4595	
4597	
4598	
4607	
4614	
4628	
4630	
4636	
4641	
4643	
4644	
4646	
4648	
4653	
4655	
4662	
4664	
4666	
4668	
4674	
4675	
4681	
4687	
4688	
4695	
4697	
4704	
4709	
4712	
4717	
4729	
4736	
4738	
4743	
4747	
4756	
4761	
4763	
4772	
4773	
4782	
4784	
4788	
4789	
4793	
4798	
4800	
4817	
4818	
4827	
4831	
4834	
4845	
4852	
4853	
4859	
4875	
4878	
4889	
4897	
4898	
4899	
4903	
4904	
4907	
4908	
4912	
4915	
4925	
4930	
4934	
4945	
4963	
4966	
4967	
4968	
4970	
4971	
4972	
4986	
4987	
4988	
4998	
4999	
5000	
5007	
5008	
5009	
5016	
5017	
5018	
5026	
5030	
5035	
5036	
5050	
5052	
5053	
5054	
5065	
5072	
5079	
5083	
5084	
5085	
5086	
5094	
5095	
5099	
5103	
5105	
5115	
5125	
5138	
5143	
5145	
5154	
5155	
5159	
5160	
5173	
5189	
5192	
5194	
5203	
5204	
5207	
5210	
5224	
5228	
5234	
5237	
5240	
5266	
5267	
5289	
5292	
5304	
5305	
5310	
5313	
5315	
5321	
5323	
5329	
5331	
5332	
5338	
5344	
5353	
5357	
5378	
5381	
5383	
5384	
5387	
5395	
5396	
5406	
5423	
5424	
5425	
5434	
5438	
5455	
5456	
5458	
5464	
5465	
5474	
5476	
5487	
5493	
5494	
5496	
5498	
5499	
5500	
5503	
5506	
5509	
5510	
5512	
5518	
5529	
5530	
5532	
5539	
5549	
5553	
5557	
5558	
5569	
5570	
5580	
5582	
5583	
5586	
5590	
5593	
5605	
5607	
5608	
5609	
5610	
5627	
5630	
5632	
5637	
5639	
5647	
5649	
5650	
5658	
5662	
5663	
5664	
5665	
5676	
5678	
5685	
5694	
5698	
5699	
5700	
5701	
5703	
5707	
5709	
5712	
5716	
5720	
5721	
5734	
5742	
5748	
5752	
5754	
5763	
5766	
5774	
5778	
5785	
5790	
5792	
5796	
5798	
5799	
5801	
5816	
5817	
5818	
5821	
5823	
5826	
5829	
5834	
5836	
5841	
5854	
5866	
5869	
5872	
5875	
5883	
5887	
5889	
5895	
5899	
5909	
5924	
5926	
5931	
5933	
5947	
5951	
5956	
5974	
5975	
5978	
5985	
5990	
6004	
6010	
6011	
6012	
6014	
6018	
6022	
6027	
6029	
6031	
6034	
6038	
6061	
6065	
6075	
6084	
6086	
6088	
6090	
6092	
6105	
6110	
6113	
6114	
6116	
6125	
6127	
6130	
6139	
6140	
6142	
6150	
6156	
6157	
6163	
6169	
6173	
6178	
6181	
6182	
6184	
6187	
6188	
6190	
6196	
6198	
6199	
6205	
6214	
6223	
6235	
6248	
6250	
6253	
6260	
6265	
6277	
6281	
6286	
6288	
6293	
6296	
6303	
6308	
6312	
6317	
6329	
6340	
6345	
6353	
6358	
6364	
6370	
6372	
6373	
6383	
6391	
6395	
6398	
6403	
6406	
6414	
6420	
6421	
6426	
6432	
6434	
6438	
6441	
6442	
6443	
6459	
6460	
6464	
6467	
6472	
6475	
6484	
6492	
6493	
6501	
6511	
6516	
6517	
6520	
6529	
6543	
6544	
6553	
6558	
6562	
6564	
6577	
6600	
6606	
6620	
6630	
6631	
6639	
6640	
6643	
6655	
6659	
6661	
6665	
6676	
6677	
6679	
6688	
6690	
6699	
6707	
6729	
6734	
6735	
6741	
6747	
6748	
6750	
6753	
6756	
6757	
6764	
6772	
6786	
6796	
6798	
6800	
6801	
6806	
6809	
6813	
6819	
6820	
6823	
6853	
6854	
6860	
6862	
6867	
6870	
6879	
6891	
6893	
6896	
6899	
6914	
6920	
6922	
6923	
6931	
6935	
6943	
6944	
6960	
6965	
6971	
6973	
6976	
6977	
6980	
6985	
6989	
6992	
7002	
7003	
7005	
7027	
7032	
7039	
7042	
7043	
7051	
7066	
7071	
7074	
7079	
7083	
7085	
7086	
7088	
7091	
7095	
7099	
7100	
7108	
7114	
7122	
7127	
7131	
7133	
7135	
7139	
7141	
7144	
7149	
7152	
7163	
7167	
7183	
7196	
7199	
7204	
7215	
7226	
7227	
7228	
7240	
7241	
7254	
7255	
7256	
7258	
7260	
7263	
7273	
7279	
7290	
7291	
7293	
7301	
7302	
7304	
7305	
7314	
7316	
7317	
7318	
7331	
7337	
7340	
7343	
7349	
7354	
7366	
7367	
7369	
7370	
7373	
7374	
7378	
7382	
7386	
7395	
7396	
7398	
7406	
7431	
7433	
7437	
7441	
7449	
7461	
7465	
7473	
7474	
7477	
7480	
7486	
7499	
7506	
7517	
7521	
7535	
7542	
7550	
7554	
7574	
7577	
7583	
7587	
7589	
7595	
7608	
7611	
7613	
7624	
7625	
7628	
7641	
7643	
7645	
7646	
7647	
7653	
7654	
7655	
7657	
7663	
7669	
7672	
7680	
7692	
7697	
7698	
7699	
7701	
7708	
7713	
7716	
7718	
7719	
7725	
7727	
7730	
7734	
7737	
7739	
7746	
7748	
7751	
7756	
7757	
7758	
7762	
7764	
7765	
7768	
7780	
7781	
7785	
7787	
7789	
7791	
7794	
7797	
7804	
7805	
7807	
7808	
7813	
7814	
7817	
7830	
7833	
7839	
7842	
7844	
7850	
7858	
7860	
7866	
7869	
7872	
7877	
7878	
7883	
7888	
7901	
7902	
7904	
7905	
7907	
7915	
7918	
7920	
7921	
7926	
7929	
7932	
7934	
7935	
7937	
7940	
7947	
7951	
7952	
7963	
7964	
7965	
7966	
7967	
7971	
7975	
7981	
7990	
7992	
8013	
8023	
8027	
8030	
8033	
8036	
8040	
8048	
8055	
8057	
8066	
8069	
8072	
8078	
8082	
8087	
8094	
8095	
8097	
8102	
8104	
8108	
8114	
8118	
8122	
8124	
8126	
8145	
8152	
8158	
8159	
8160	
8161	
8162	
8181	
8182	
8183	
8187	
8201	
8208	
8210	
8215	
8223	
8224	
8226	
8227	
8235	
8237	
8242	
8243	
8244	
8246	
8248	
8254	
8258	
8259	
8277	
8279	
8283	
8295	
8297	
8315	
8322	
8324	
8339	
8341	
8351	
8359	
8362	
8366	
8372	
8375	
8377	
8389	
8390	
8395	
8406	
8407	
8416	
8418	
8422	
8424	
8428	
8429	
8439	
8448	
8452	
8456	
8457	
8459	
8465	
8470	
8484	
8485	
8488	
8492	
8497	
8498	
8499	
8501	
8504	
8520	
8523	
8526	
8535	
8536	
8541	
8550	
8562	
8565	
8568	
8569	
8573	
8576	
8583	
8585	
8587	
8590	
8595	
8612	
8616	
8624	
8628	
8629	
8633	
8639	
8641	
8644	
8645	
8646	
8649	
8662	
8663	
8674	
8675	
8681	
8682	
8685	
8698	
8705	
8707	
8715	
8718	
8719	
8720	
8721	
8737	
8746	
8753	
8754	
8755	
8756	
8757	
8767	
8769	
8778	
8779	
8782	
8787	
8794	
8796	
8799	
8803	
8805	
8806	
8808	
8813	
8818	
8823	
8825	
8836	
8840	
8843	
8848	
8849	
8855	
8863	
8864	
8866	
8869	
8877	
8887	
8891	
8914	
8915	
8918	
8924	
8932	
8934	
8937	
8938	
8947	
8949	
8952	
8953	
8957	
8958	
8963	
8964	
8980	
8985	
8989	
8991	
8995	
8996	
9000	
9003	
9010	
9022	
9024	
9027	
9042	
9043	
9044	
9047	
9051	
9055	
9058	
9059	
9062	
9069	
9072	
9085	
9094	
9103	
9104	
9105	
9108	
9109	
9114	
9117	
9129	
9131	
9137	
9149	
9150	
9155	
9157	
9165	
9170	
9173	
9193	
9203	
9216	
9226	
9227	
9228	
9230	
9234	
9237	
9239	
9242	
9248	
9249	
9259	
9260	
9267	
9272	
9273	
9280	
9285	
9294	
9310	
9322	
9323	
9325	
9334	
9336	
9340	
9349	
9357	
9362	
9363	
9374	
9379	
9390	
9391	
9398	
9403	
9404	
9405	
9406	
9412	
9416	
9417	
9422	
9427	
9441	
9454	
9465	
9466	
9468	
9471	
9478	
9483	
9486	
9493	
9517	
9528	
9530	
9541	
9542	
9545	
9546	
9549	
9552	
9555	
9556	
9560	
9562	
9564	
9566	
9578	
9583	
9594	
9598	
9605	
9616	
9623	
9631	
9632	
9633	
9636	
9645	
9650	
9655	
9661	
9665	
9669	
9670	
9678	
9679	
9686	
9689	
9694	
9707	
9708	
9714	
9723	
9727	
9734	
9758	
9761	
9763	
9769	
9771	
9773	
9781	
9783	
9787	
9803	
9805	
9806	
9807	
9808	
9822	
9835	
9843	
9846	
9847	
9849	
9861	
9862	
9864	
9872	
9874	
9892	
9893	
9898	
9900	
9901	
9907	
9916	
9918	
9924	
9934	
9935	
9959	
9962	
9963	
9966	
9970	
9971	
9973	
9979	
9982	
9984	
9986	
9988	
9990	
9992	
10000	
10001	
10005	
10022	
10026	
10030	
10037	
10038	
10039	
10042	
10055	
10060	
10067	
10068	
10075	
10078	
10082	
10085	
10086	
10087	
10091	
10095	
10097	
10098	
10104	
10111	
10116	
10118	
10125	
10132	
10133	
10137	
10145	
10151	
10153	
10155	
10160	
10174	
10178	
10183	
10189	
10193	
10194	
10208	
10215	
10216	
10220	
10228	
10235	
10245	
10248	
10253	
10264	
10272	
10279	
10281	
10283	
10287	
10289	
10294	
10295	
10300	
10303	
10312	
10315	
10321	
10330	
10334	
10336	
10340	
10344	
10349	
10354	
10362	
10366	
10369	
10375	
10413	
10414	
10415	
10418	
10419	
10421	
10425	
10426	
10434	
10435	
10436	
10437	
10438	
10444	
10455	
10459	
10461	
10462	
10464	
10472	
10483	
10489	
10490	
10493	
10505	
10508	
10516	
10521	
10526	
10529	
10548	
10558	
10572	
10574	
10576	
10578	
10579	
10581	
10587	
10589	
10590	
10591	
10593	
10597	
10601	
10602	
10612	
10622	
10626	
10637	
10643	
10645	
10647	
10648	
10651	
10655	
10657	
10659	
10678	
10681	
10686	
10690	
10691	
10699	
10701	
10702	
10704	
10708	
10712	
10718	
10722	
10726	
10732	
10741	
10745	
10747	
10752	
10757	
10766	
10768	
10769	
10775	
10777	
10779	
10781	
10792	
10793	
10796	
10804	
10815	
10821	
10828	
10829	
10834	
10838	
10841	
10845	
10850	
10855	
10860	
10865	
10869	
10873	
10879	
10888	
10896	
10902	
10910	
10915	
10919	
10920	
10922	
10923	
10926	
10928	
10930	
10936	
10939	
10941	
10943	
10945	
10953	
10968	
10984	
10985	
10991	
10995	
10997	
11004	
11006	
11026	
11030	
11039	
11047	
11049	
11050	
11054	
11058	
11068	
11076	
11079	
11081	
11084	
11091	
11096	
11097	
11101	
11117	
11123	
11127	
11130	
11133	
11145	
11149	
11150	
11156	
11173	
11174	
11187	
11188	
11191	
11194	
11195	
11197	
11198	
11207	
11208	
11215	
11217	
11224	
11230	
11239	
11247	
11249	
11251	
11255	
11256	
11263	
11267	
11278	
11283	
11287	
11297	
11299	
11306	
11309	
11313	
11322	
11330	
11334	
11335	
11342	
11343	
11345	
11352	
11354	
11355	
11360	
11362	
11363	
11365	
11371	
11376	
11388	
11392	
11402	
11403	
11411	
11415	
11417	
11422	
11423	
11436	
11438	
11444	
11453	
11459	
11462	
11474	
11482	
11490	
11493	
11494	
11495	
11497	
11499	
11500	
11501	
11503	
11504	
11505	
11508	
11510	
11511	
11518	
11521	
11522	
11524	
11530	
11545	
11551	
11557	
11559	
11560	
11573	
11574	
11582	
11590	
11593	
11597	
11606	
11609	
11611	
11615	
11621	
11624	
11632	
11635	
11643	
11652	
11653	
11661	
11667	
11670	
11695	
11712	
11718	
11720	
11725	
11728	
11731	
11733	
11736	
11739	
11749	
11750	
11762	
11770	
11773	
11787	
11790	
11794	
11795	
11802	
11809	
11810	
11811	
11814	
11822	
11829	
11831	
11837	
11840	
11856	
11865	
11867	
11871	
11874	
11879	
11886	
11892	
11907	
11912	
11926	
11932	
11943	
11949	
11952	
11961	
11970	
11973	
11974	
11980	
12005	
12009	
12015	
12020	
12024	
12028	
12036	
12040	
12045	
12055	
12063	
12073	
12074	
12075	
12076	
12080	
12086	
12087	
12088	
12090	
12092	
12094	
12095	
12096	
12097	
12098	
12107	
12117	
12122	
12128	
12134	
12137	
12138	
12143	
12144	
12148	
12149	
12150	
12153	
12155	
12156	
12157	
12165	
12166	
12168	
12174	
12190	
12195	
12198	
12202	
12211	
12213	
12215	
12240	
12243	
12245	
12252	
12261	
12263	
12268	
12273	
12276	
12283	
12285	
12287	
12291	
12295	
12298	
12306	
12313	
12326	
12333	
12337	
12341	
12346	
12353	
12355	
12356	
12358	
12360	
12362	
12367	
12368	
12369	
12377	
12380	
12389	
12391	
12393	
12394	
12403	
12405	
12406	
12409	
12410	
12414	
12415	
12425	
12438	
12446	
12450	
12451	
12456	
12460	
12463	
12464	
12467	
12469	
12470	
12492	
12495	
12502	
12505	
12511	
12515	
12518	
12521	
12537	
12538	
12541	
12549	
12559	
12570	
12572	
12592	
12595	
12601	
12606	
12608	
12609	
12622	
12633	
12636	
12641	
12642	
12648	
12653	
12657	
12659	
12661	
12672	
12673	
12681	
12684	
12685	
12687	
12689	
12690	
12692	
12693	
12695	
12700	
12705	
12706	
12709	
12711	
12717	
12722	
12723	
12724	
12725	
12729	
12733	
12735	
12741	
12743	
12744	
12752	
12754	
12757	
12758	
12759	
12772	
12779	
12780	
12782	
12790	
12792	
12797	
12801	
12805	
12807	
12808	
12813	
12819	
12825	
12833	
12836	
12837	
12838	
12841	
12842	
12847	
12850	
12852	
12859	
12860	
12862	
12868	
12874	
12877	
12886	
12888	
12889	
12894	
12897	
12910	
12912	
12913	
12916	
12929	
12934	
12935	
12938	
12943	
12955	
12959	
12963	
12966	
12969	
12971	
12972	
12977	
12978	
12981	
12986	
12989	
12990	
13007	
13009	
13016	
13017	
13024	
13029	
13030	
13048	
13050	
13051	
13063	
13065	
13066	
13069	
13080	
13082	
13083	
13089	
13100	
13120	
13127	
13134	
13135	
13136	
13138	
13139	
13140	
13143	
13144	
13154	
13155	
13158	
13171	
13172	
13178	
13187	
13188	
13192	
13194	
13196	
13201	
13202	
13203	
13211	
13213	
13234	
13239	
13258	
13260	
13267	
13271	
13275	
13283	
13293	
13296	
13301	
13305	
13308	
13310	
13325	
13327	
13328	
13329	
13347	
13348	
13349	
13350	
13352	
13357	
13359	
13361	
13367	
13369	
13371	
13373	
13374	
13385	
13387	
13394	
13404	
13406	
13428	
13430	
13431	
13439	
13443	
13448	
13472	
13475	
13486	
13487	
13488	
13490	
13498	
13503	
13506	
13517	
13527	
13538	
13539	
13541	
13549	
13551	
13562	
13571	
13572	
13579	
13581	
13590	
13598	
13600	
13602	
13608	
13612	
13621	
13626	
13630	
13631	
13633	
13637	
13642	
13643	
13644	
13647	
13653	
13655	
13657	
13675	
13684	
13685	
13691	
13692	
13698	
13700	
13704	
13705	
13721	
13730	
13735	
13737	
13740	
13742	
13743	
13747	
13750	
13755	
13766	
13778	
13799	
13811	
13818	
13823	
13833	
13835	
13840	
13841	
13842	
13845	
13848	
13849	
13850	
13853	
13859	
13864	
13869	
13871	
13879	
13884	
13888	
13898	
13907	
13912	
13913	
13916	
13937	
13940	
13941	
13946	
13958	
13960	
13964	
13970	
13971	
13972	
13976	
13983	
13986	
13991	
14000	
14010	
14015	
14017	
14024	
14029	
14030	
14031	
14040	
14041	
14045	
14052	
14054	
14059	
14074	
14078	
14084	
14093	
14099	
14104	
14126	
14131	
14132	
14133	
14134	
14136	
14137	
14148	
14151	
14153	
14165	
14166	
14167	
14168	
14179	
14190	
14196	
14199	
14202	
14210	
14213	
14217	
14229	
14230	
14231	
14232	
14235	
14246	
14249	
14253	
14254	
14259	
14268	
14272	
14275	
14280	
14286	
14294	
14309	
14310	
14318	
14333	
14342	
14355	
14356	
14363	
14365	
14366	
14387	
14391	
14393	
14404	
14405	
14406	
14413	
14419	
14420	
14423	
14429	
14430	
14439	
14443	
14444	
14449	
14452	
14454	
14460	
14465	
14473	
14479	
14480	
14482	
14484	
14487	
14489	
14504	
14508	
14510	
14518	
14527	
14531	
14535	
14537	
14538	
14559	
14560	
14564	
14566	
14567	
14569	
14570	
14572	
14586	
14588	
14593	
14596	
14597	
14600	
14601	
14615	
14617	
14619	
14624	
14627	
14629	
14637	
14661	
14666	
14667	
14672	
14674	
14681	
14690	
14691	
14699	
14710	
14716	
14729	
14730	
14752	
14761	
14769	
14771	
14778	
14793	
14796	
14797	
14806	
14811	
14818	
14821	
14826	
14846	
14850	
14854	
14858	
14859	
14865	
14866	
14868	
14886	
14887	
14888	
14889	
14890	
14895	
14897	
14907	
14911	
14914	
14921	
14927	
14940	
14948	
14951	
14961	
14967	
14983	
14985	
14998	
14999	
15007	
15010	
15015	
15021	
15027	
15032	
15033	
15044	
15049	
15053	
15069	
15072	
15073	
15075	
15078	
15083	
15088	
15093	
15098	
15106	
15108	
15112	
15114	
15122	
15124	
15128	
15132	
15134	
15140	
15145	
15152	
15153	
15154	
15160	
15161	
15164	
15166	
15170	
15171	
15179	
15180	
15189	
15197	
15204	
15205	
15207	
15217	
15219	
15220	
15223	
15224	
15226	
15237	
15250	
15252	
15256	
15268	
15273	
15275	
15282	
15289	
15298	
15299	
15300	
15302	
15303	
15308	
15322	
15325	
15329	
15342	
15343	
15344	
15350	
15355	
15359	
15364	
15368	
15372	
15375	
15378	
15380	
15391	
15392	
15393	
15394	
15396	
15404	
15408	
15410	
15421	
15422	
15423	
15429	
15435	
15448	
15451	
15452	
15456	
15467	
15469	
15470	
15474	
15480	
15483	
15487	
15491	
15493	
15495	
15500	
15503	
15507	
15514	
15516	
15523	
15532	
15534	
15548	
15552	
15558	
15573	
15574	
15578	
15584	
15591	
15594	
15597	
15601	
15605	
15610	
15623	
15625	
15635	
15641	
15653	
15656	
15658	
15659	
15662	
15667	
15670	
15677	
15679	
15684	
15689	
15690	
15693	
15697	
15700	
15701	
15703	
15704	
15705	
15711	
15714	
15718	
15726	
15732	
15734	
15736	
15737	
15741	
15752	
15757	
15760	
15768	
15770	
15779	
15780	
15782	
15786	
15788	
15789	
15797	
15806	
15811	
15814	
15816	
15817	
15820	
15822	
15832	
15833	
15836	
15839	
15840	
15842	
15848	
15850	
15860	
15861	
15862	
15868	
15870	
15873	
15887	
15889	
15890	
15898	
15901	
15903	
15905	
15907	
15911	
15912	
15915	
15923	
15924	
15928	
15931	
15935	
15937	
15938	
15939	
15941	
15947	
15950	
15958	
15964	
15970	
15991	
15993	
16003	
16008	
16018	
16020	
16032	
16034	
16035	
16036	
16039	
16041	
16042	
16049	
16053	
16058	
16066	
16077	
16086	
16089	
16092	
16094	
16102	
16105	
16108	
16112	
16117	
16118	
16121	
16123	
16125	
16132	
16133	
16140	
16150	
16153	
16161	
16165	
16174	
16177	
16187	
16188	
16191	
16195	
16218	
16220	
16224	
16225	
16227	
16232	
16235	
16241	
16246	
16247	
16252	
16263	
16268	
16270	
16271	
16282	
16287	
16295	
16299	
16300	
16305	
16308	
16309	
16312	
16315	
16321	
16323	
16326	
16340	
16349	
16350	
16353	
16360	
16363	
16366	
16368	
16380	
16396	
16402	
16404	
16405	
16415	
16418	
16425	
16434	
16435	
16437	
16439	
16441	
16444	
16445	
16450	
16451	
16470	
16474	
16476	
16480	
16482	
16487	
16497	
16500	
16504	
16505	
16506	
16508	
16514	
16520	
16526	
16528	
16537	
16548	
16549	
16551	
16552	
16560	
16562	
16580	
16581	
16584	
16585	
16588	
16591	
16592	
16595	
16597	
16598	
16607	
16609	
16623	
16629	
16633	
16635	
16641	
16646	
16653	
16655	
16659	
16662	
16666	
16671	
16681	
16682	
16694	
16704	
16707	
16720	
16732	
16734	
16739	
16740	
16742	
16751	
16752	
16756	
16767	
16771	
16775	
16779	
16784	
16789	
16798	
16799	
16801	
16802	
16804	
16806	
16810	
16812	
16813	
16818	
16820	
16821	
16822	
16824	
16832	
16843	
16852	
16861	
16864	
16866	
16871	
16875	
16878	
16884	
16890	
16899	
16903	
16907	
16908	
16912	
16914	
16921	
16924	
16935	
16940	
16950	
16956	
16958	
16963	
16969	
16970	
16974	
16975	
16985	
16986	
16996	
16999	
17014	
17016	
17027	
17028	
17038	
17039	
17042	
17046	
17047	
17048	
17051	
17056	
17061	
17065	
17074	
17078	
17082	
17083	
17089	
17093	
17095	
17105	
17109	
17110	
17112	
17114	
17115	
17127	
17141	
17144	
17147	
17149	
17154	
17160	
17166	
17173	
17176	
17179	
17187	
17191	
17192	
17194	
17195	
17209	
17210	
17215	
17218	
17220	
17221	
17249	
17266	
17270	
17274	
17275	
17277	
17283	
17289	
17293	
17297	
17311	
17317	
17318	
17319	
17331	
17333	
17340	
17344	
17345	
17354	
17357	
17358	
17362	
17372	
17373	
17393	
17395	
17411	
17416	
17423	
17426	
17430	
17434	
17437	
17452	
17454	
17462	
17466	
17475	
17479	
17480	
17496	
17497	
17498	
17499	
17511	
17522	
17525	
17537	
17545	
17554	
17558	
17570	
17573	
17590	
17591	
17597	
17604	
17607	
17608	
17609	
17615	
17619	
17625	
17627	
17629	
17631	
17638	
17639	
17640	
17651	
17654	
17655	
17656	
17673	
17695	
17699	
17732	
17738	
17741	
17745	
17760	
17770	
17774	
17776	
17785	
17787	
17798	
17799	
17804	
17805	
17811	
17813	
17816	
17824	
17826	
17829	
17831	
17837	
17854	
17861	
17863	
17873	
17876	
17878	
17894	
17895	
17898	
17900	
17912	
17916	
17917	
17920	
17924	
17927	
17938	
17945	
17952	
17963	
17971	
17973	
17975	
17976	
17981	
17982	
17987	
17988	
17990	
18000	
18001	
18004	
18018	
18020	
18022	
18024	
18028	
18033	
18035	
18039	
18052	
18054	
18059	
18065	
18077	
18096	
18101	
18102	
18106	
18115	
18124	
18127	
18133	
18137	
18145	
18146	
18148	
18158	
18161	
18162	
18163	
18173	
18180	
18185	
18191	
18199	
18203	
18208	
18213	
18216	
18228	
18230	
18231	
18244	
18259	
18276	
18291	
18296	
18304	
18314	
18315	
18320	
18321	
18333	
18336	
18337	
18340	
18355	
18356	
18363	
18365	
18374	
18375	
18379	
18380	
18382	
18383	
18393	
18401	
18408	
18412	
18435	
18437	
18438	
18446	
18450	
18460	
18467	
18468	
18474	
18480	
18482	
18489	
18494	
18496	
18505	
18506	
18507	
18514	
18516	
18517	
18518	
18533	
18537	
18550	
18554	
18566	
18569	
18571	
18579	
18580	
18583	
18594	
18598	
18605	
18610	
18611	
18614	
18626	
18639	
18642	
18648	
18650	
18655	
18659	
18660	
18665	
18666	
18668	
18669	
18670	
18682	
18685	
18689	
18691	
18692	
18694	
18695	
18697	
18699	
18703	
18704	
18714	
18715	
18720	
18727	
18733	
18735	
18745	
18753	
18758	
18761	
18768	
18772	
18779	
18785	
18786	
18789	
18795	
18802	
18807	
18810	
18818	
18832	
18835	
18839	
18847	
18851	
18861	
18863	
18866	
18869	
18880	
18889	
18893	
18897	
18898	
18899	
18900	
18906	
18915	
18917	
18930	
18934	
18938	
18953	
18965	
18968	
18978	
18981	
18982	
18983	
18989	
18993	
19001	
19003	
19004	
19005	
19006	
19014	
19015	
19016	
19022	
19031	
19035	
19040	
19042	
19061	
19067	
19072	
19082	
19085	
19087	
19091	
19092	
19093	
19094	
19101	
19107	
19109	
19110	
19111	
19114	
19115	
19117	
19119	
19122	
19125	
19130	
19131	
19132	
19151	
19156	
19157	
19158	
19159	
19162	
19164	
19165	
19178	
19179	
19182	
19198	
19199	
19205	
19214	
19215	
19222	
19234	
19241	
19244	
19251	
19255	
19256	
19260	
19262	
19263	
19265	
19270	
19274	
19277	
19291	
19295	
19299	
19312	
19314	
19317	
19319	
19323	
19324	
19331	
19335	
19336	
19339	
19344	
19349	
19350	
19351	
19356	
19360	
19373	
19379	
19382	
19384	
19391	
19404	
19411	
19414	
19417	
19420	
19433	
19439	
19442	
19447	
19451	
19456	
19461	
19465	
19473	
19481	
19506	
19510	
19520	
19525	
19526	
19533	
19534	
19538	
19540	
19543	
19546	
19552	
19555	
19557	
19576	
19594	
19599	
19604	
19610	
19615	
19618	
19622	
19625	
19628	
19630	
19631	
19635	
19637	
19639	
19643	
19645	
19660	
19662	
19670	
19676	
19678	
19679	
19700	
19713	
19716	
19727	
19737	
19743	
19748	
19752	
19754	
19761	
19768	
19771	
19789	
19797	
19806	
19809	
19814	
19818	
19820	
19821	
19827	
19829	
19833	
19834	
19836	
19841	
19849	
19852	
19860	
19867	
19868	
19875	
19880	
19885	
19886	
19892	
19898	
19908	
19914	
19915	
19921	
19922	
19927	
19929	
19936	
19939	
19942	
19951	
19952	
19959	
19961	
19968	
19969	
19975	
19978	
19979	
19982	
19985	
19986	
19989	
19993	
19997	
19998	
20007	
20013	
20017	
20022	
20024	
20025	
20026	
20027	
20045	
20047	
20053	
20055	
20057	
20058	
20059	
20061	
20067	
20079	
20083	
20085	
20088	
20089	
20108	
20110	
20116	
20118	
20124	
20126	
20136	
20145	
20154	
20157	
20159	
20171	
20177	
20182	
20191	
20196	
20197	
20200	
20204	
20206	
20210	
20214	
20225	
20232	
20234	
20235	
20244	
20247	
20266	
20267	
20273	
20277	
20284	
20285	
20291	
20297	
20301	
20320	
20325	
20336	
20345	
20357	
20361	
20368	
20372	
20375	
20384	
20386	
20387	
20389	
20390	
20392	
20404	
20408	
20409	
20423	
20432	
20433	
20435	
20448	
20449	
20452	
20456	
20458	
20464	
20481	
20485	
20488	
20495	
20497	
20499	
20507	
20509	
20512	
20515	
20516	
20517	
20523	
20526	
20528	
20530	
20538	
20545	
20554	
20563	
20565	
20567	
20571	
20573	
20577	
20580	
20587	
20590	
20591	
20596	
20604	
20608	
20614	
20617	
20618	
20622	
20628	
20647	
20661	
20663	
20665	
20667	
20669	
20675	
20684	
20687	
20691	
20693	
20699	
20700	
20701	
20724	
20730	
20735	
20738	
20740	
20745	
20752	
20753	
20755	
20759	
20761	
20779	
20808	
20818	
20823	
20830	
20844	
20846	
20848	
20863	
20868	
20872	
20878	
20880	
20894	
20903	
20913	
20918	
20923	
20929	
20936	
20937	
20941	
20943	
20947	
20953	
20963	
20983	
20994	
20997	
21008	
21009	
21012	
21014	
21018	
21024	
21027	
21030	
21038	
21041	
21045	
21050	
21052	
21059	
21062	
21072	
21073	
21079	
21080	
21084	
21100	
21107	
21111	
21115	
21123	
21129	
21133	
21136	
21142	
21154	
21165	
21179	
21180	
21183	
21186	
21199	
21210	
21216	
21224	
21225	
21231	
21232	
21234	
21237	
21238	
21246	
21254	
21261	
21264	
21272	
21274	
21275	
21290	
21291	
21292	
21297	
21302	
21305	
21306	
21315	
21316	
21317	
21322	
21323	
21328	
21329	
21335	
21348	
21356	
21366	
21369	
21370	
21377	
21387	
21394	
21395	
21396	
21398	
21401	
21410	
21417	
21421	
21428	
21438	
21441	
21444	
21448	
21455	
21458	
21462	
21487	
21489	
21493	
21497	
21501	
21504	
21508	
21509	
21512	
21513	
21514	
21529	
21543	
21549	
21556	
21565	
21572	
21576	
21577	
21578	
21580	
21595	
21596	
21597	
21600	
21603	
21608	
21626	
21627	
21631	
21634	
21637	
21640	
21642	
21644	
21650	
21653	
21656	
21663	
21673	
21675	
21695	
21708	
21710	
21715	
21720	
21723	
21731	
21736	
21753	
21756	
21762	
21770	
21771	
21787	
21803	
21805	
21809	
21812	
21819	
21838	
21841	
21845	
21847	
21850	
21859	
21863	
21864	
21865	
21871	
21874	
21877	
21879	
21880	
21881	
21886	
21891	
21892	
21893	
21899	
21915	
21924	
21928	
21934	
21938	
21959	
21961	
21964	
21968	
21970	
21974	
21981	
21990	
21994	
22005	
22010	
22014	
22022	
22024	
22035	
22042	
22049	
22053	
22055	
22063	
22064	
22069	
22074	
22075	
22076	
22077	
22090	
22095	
22097	
22098	
22099	
22105	
22110	
22126	
22128	
22153	
22156	
22173	
22178	
22183	
22184	
22194	
22203	
22209	
22211	
22221	
22223	
22226	
22229	
22231	
22237	
22242	
22246	
22249	
22255	
22256	
22260	
22263	
22264	
22272	
22279	
22280	
22281	
22285	
22287	
22288	
22289	
22293	
22295	
22300	
22310	
22318	
22327	
22328	
22333	
22345	
22347	
22348	
22358	
22373	
22376	
22384	
22389	
22393	
22397	
22412	
22420	
22421	
22424	
22433	
22436	
22439	
22444	
22447	
22452	
22454	
22456	
22457	
22462	
22465	
22468	
22473	
22477	
22479	
22486	
22511	
22534	
22535	
22545	
22555	
22560	
22566	
22567	
22571	
22589	
22611	
22615	
22616	
22621	
22624	
22626	
22627	
22629	
22631	
22641	
22642	
22644	
22669	
22676	
22687	
22697	
22698	
22704	
22709	
22713	
22714	
22718	
22721	
22722	
22728	
22730	
22731	
22735	
22736	
22741	
22746	
22747	
22754	
22757	
22761	
22764	
22770	
22775	
22787	
22788	
22792	
22793	
22800	
22802	
22807	
22816	
22821	
22825	
22827	
22837	
22839	
22840	
22846	
22852	
22853	
22855	
22857	
22860	
22866	
22867	
22868	
22869	
22870	
22875	
22878	
22883	
22893	
22894	
22895	
22898	
22899	
22902	
22920	
22922	
22927	
22935	
22940	
22945	
22950	
22954	
22962	
22963	
22967	
22979	
22981	
22985	
22987	
22988	
22997	
23005	
23008	
23010	
23016	
23023	
23025	
23026	
23029	
23031	
23033	
23034	
23048	
23053	
23060	
23065	
23066	
23092	
23098	
23107	
23108	
23111	
23112	
23114	
23118	
23119	
23124	
23125	
23146	
23150	
23157	
23158	
23165	
23168	
23171	
23183	
23190	
23193	
23199	
23200	
23201	
23203	
23208	
23215	
23219	
23220	
23223	
23230	
23232	
23235	
23236	
23240	
23253	
23261	
23262	
23265	
23273	
23279	
23293	
23294	
23300	
23302	
23303	
23323	
23326	
23328	
23334	
23340	
23342	
23343	
23355	
23359	
23369	
23394	
23397	
23401	
23407	
23414	
23415	
23420	
23435	
23446	
23447	
23449	
23451	
23454	
23461	
23462	
23464	
23468	
23469	
23470	
23472	
23479	
23487	
23494	
23498	
23500	
23504	
23512	
23519	
23522	
23524	
23528	
23530	
23531	
23536	
23540	
23549	
23558	
23563	
23567	
23568	
23572	
23573	
23581	
23584	
23589	
23594	
23597	
23612	
23613	
23617	
23621	
23626	
23634	
23637	
23639	
23648	
23649	
23651	
23653	
23661	
23672	
23673	
23678	
23682	
23684	
23695	
23699	
23700	
23706	
23707	
23712	
23718	
23720	
23721	
23725	
23727	
23729	
23734	
23745	
23753	
23757	
23760	
23762	
23764	
23765	
23770	
23774	
23788	
23789	
23795	
23796	
23797	
23802	
23803	
23806	
23821	
23825	
23827	
23828	
23836	
23842	
23850	
23852	
23854	
23857	
23864	
23868	
23871	
23884	
23887	
23888	
23901	
23909	
23913	
23916	
23917	
23923	
23924	
23929	
23935	
23939	
23940	
23941	
23948	
23949	
23953	
23957	
23960	
23961	
23966	
23967	
23978	
23982	
23983	
23988	
23989	
24010	
24026	
24045	
24053	
24054	
24058	
24061	
24065	
24072	
24075	
24076	
24077	
24080	
24082	
24086	
24088	
24098	
24104	
24112	
24118	
24121	
24133	
24135	
24136	
24141	
24144	
24153	
24160	
24161	
24178	
24184	
24191	
24195	
24197	
24202	
24206	
24211	
24212	
24219	
24228	
24230	
24232	
24238	
24239	
24244	
24245	
24248	
24254	
24258	
24262	
24266	
24267	
24272	
24281	
24286	
24289	
24293	
24296	
24301	
24312	
24320	
24321	
24324	
24329	
24330	
24336	
24338	
24353	
24354	
24356	
24359	
24365	
24376	
24377	
24400	
24402	
24405	
24410	
24414	
24418	
24425	
24426	
24427	
24456	
24459	
24466	
24467	
24469	
24471	
24473	
24481	
24484	
24487	
24488	
24490	
24493	
24494	
24501	
24502	
24508	
24509	
24510	
24516	
24523	
24525	
24526	
24530	
24543	
24546	
24551	
24568	
24571	
24572	
24574	
24576	
24591	
24592	
24594	
24595	
24596	
24603	
24610	
24615	
24623	
24624	
24625	
24631	
24636	
24643	
24645	
24649	
24655	
24656	
24664	
24666	
24667	
24669	
24670	
24672	
24677	
24683	
24685	
24689	
24694	
24695	
24696	
24701	
24706	
24707	
24712	
24717	
24721	
24732	
24735	
24739	
24746	
24750	
24752	
24758	
24760	
24762	
24763	
24764	
24772	
24775	
24780	
24790	
24809	
24814	
24820	
24823	
24825	
24830	
24839	
24841	
24843	
24847	
24852	
24855	
24856	
24858	
24864	
24865	
24867	
24868	
24873	
24875	
24878	
24895	
24896	
24897	
24903	
24906	
24911	
24915	
24919	
24924	
24929	
24930	
24931	
24933	
24934	
24954	
24957	
24961	
24962	
24966	
24969	
24979	
24992	
24999	
25006	
25010	
25016	
25022	
25025	
25035	
25046	
25047	
25052	
25059	
25063	
25069	
25074	
25077	
25091	
25103	
25114	
25116	
25119	
25125	
25128	
25132	
25134	
25135	
25137	
25154	
25159	
25163	
25173	
25182	
25185	
25191	
25200	
25209	
25217	
25247	
25252	
25264	
25268	
25269	
25273	
25275	
25287	
25288	
25289	
25297	
25300	
25301	
25302	
25304	
25307	
25311	
25323	
25325	
25334	
25342	
25355	
25356	
25359	
25367	
25368	
25381	
25386	
25392	
25396	
25407	
25435	
25448	
25450	
25456	
25458	
25460	
25464	
25466	
25470	
25471	
25472	
25473	
25475	
25476	
25479	
25481	
25482	
25483	
25497	
25498	
25499	
25501	
25506	
25518	
25520	
25527	
25537	
25541	
25549	
25556	
25568	
25571	
25572	
25582	
25585	
25590	
25592	
25598	
25600	
25607	
25609	
25615	
25616	
25621	
25631	
25632	
25635	
25640	
25654	
25657	
25665	
25680	
25681	
25684	
25688	
25699	
25700	
25705	
25713	
25716	
25718	
25721	
25724	
25732	
25737	
25738	
25744	
25745	
25748	
25756	
25757	
25760	
25770	
25774	
25776	
25778	
25785	
25791	
25794	
25800	
25804	
25810	
25814	
25816	
25820	
25822	
25823	
25829	
25830	
25831	
25845	
25846	
25868	
25870	
25881	
25882	
25889	
25894	
25896	
25902	
25918	
25922	
25929	
25937	
25938	
25939	
25941	
25944	
25947	
25969	
25975	
25978	
25980	
25996	
26005	
26012	
26014	
26015	
26028	
26029	
26032	
26035	
26038	
26046	
26050	
26053	
26055	
26057	
26058	
26060	
26063	
26067	
26072	
26075	
26078	
26081	
26083	
26086	
26098	
26103	
26107	
26115	
26116	
26118	
26124	
26131	
26136	
26147	
26153	
26154	
26166	
26184	
26191	
26195	
26198	
26201	
26207	
26208	
26211	
26223	
26224	
26225	
26230	
26232	
26235	
26239	
26240	
26253	
26259	
26267	
26275	
26276	
26280	
26291	
26299	
26303	
26310	
26321	
26325	
26331	
26338	
26340	
26346	
26351	
26372	
26378	
26384	
26386	
26388	
26393	
26399	
26404	
26406	
26413	
26420	
26424	
26429	
26431	
26438	
26456	
26457	
26458	
26459	
26461	
26462	
26466	
26470	
26472	
26483	
26486	
26493	
26497	
26501	
26503	
26504	
26508	
26514	
26517	
26529	
26533	
26537	
26553	
26578	
26579	
26582	
26584	
26585	
26586	
26598	
26607	
26612	
26617	
26621	
26626	
26630	
26634	
26637	
26639	
26643	
26649	
26654	
26655	
26661	
26665	
26671	
26672	
26674	
26678	
26682	
26683	
26684	
26686	
26688	
26693	
26698	
26709	
26710	
26713	
26715	
26717	
26725	
26726	
26733	
26747	
26762	
26771	
26780	
26781	
26782	
26791	
26793	
26794	
26799	
26803	
26807	
26809	
26824	
26826	
26837	
26838	
26840	
26848	
26852	
26867	
26877	
26879	
26882	
26895	
26902	
26911	
26914	
26917	
26923	
26929	
26930	
26933	
26935	
26942	
26948	
26952	
26956	
26958	
26966	
26968	
26969	
26975	
26978	
26983	
26997	
27003	
27014	
27016	
27018	
27024	
27026	
27028	
27034	
27038	
27052	
27055	
27064	
27068	
27080	
27082	
27085	
27086	
27095	
27098	
27111	
27122	
27124	
27126	
27128	
27137	
27139	
27140	
27142	
27149	
27155	
27157	
27164	
27166	
27167	
27171	
27173	
27174	
27176	
27178	
27181	
27184	
27187	
27191	
27196	
27197	
27206	
27209	
27213	
27226	
27242	
27251	
27257	
27258	
27259	
27262	
27263	
27274	
27279	
27288	
27289	
27291	
27293	
27299	
27302	
27303	
27304	
27306	
27307	
27310	
27321	
27324	
27325	
27326	
27327	
27340	
27343	
27358	
27361	
27367	
27368	
27369	
27373	
27385	
27388	
27389	
27390	
27395	
27399	
27409	
27417	
27421	
27426	
27433	
27439	
27442	
27447	
27458	
27471	
27477	
27483	
27489	
27496	
27500	
27510	
27535	
27541	
27546	
27548	
27556	
27574	
27576	
27590	
27597	
27599	
27600	
27607	
27616	
27622	
27625	
27626	
27640	
27651	
27656	
27662	
27669	
27678	
27683	
27693	
27696	
27707	
27716	
27738	
27741	
27743	
27750	
27754	
27755	
27761	
27773	
27774	
27776	
27778	
27783	
27784	
27791	
27792	
27794	
27804	
27806	
27813	
27817	
27818	
27822	
27823	
27825	
27846	
27847	
27849	
27851	
27852	
27853	
27862	
27865	
27867	
27876	
27884	
27887	
27889	
27890	
27893	
27898	
27903	
27907	
27911	
27920	
27922	
27923	
27929	
27932	
27941	
27947	
27953	
27963	
27965	
27971	
27985	
27986	
27992	
27996	
27997	
28000	
28004	
28010	
28024	
28027	
28028	
28033	
28035	
28039	
28041	
28047	
28050	
28054	
28058	
28060	
28061	
28067	
28069	
28072	
28079	
28082	
28087	
28090	
28093	
28096	
28098	
28103	
28107	
28111	
28114	
28119	
28126	
28127	
28153	
28154	
28156	
28157	
28162	
28170	
28172	
28199	
28206	
28208	
28210	
28214	
28218	
28221	
28225	
28236	
28237	
28242	
28244	
28245	
28250	
28254	
28255	
28267	
28269	
28272	
28281	
28302	
28306	
28311	
28313	
28316	
28317	
28321	
28322	
28327	
28328	
28338	
28349	
28350	
28352	
28358	
28359	
28365	
28373	
28374	
28379	
28386	
28394	
28397	
28402	
28415	
28422	
28424	
28426	
28430	
28433	
28439	
28440	
28451	
28461	
28464	
28468	
28472	
28473	
28482	
28492	
28498	
28499	
28505	
28508	
28510	
28516	
28518	
28519	
28520	
28521	
28528	
28533	
28537	
28552	
28555	
28556	
28566	
28570	
28576	
28602	
28605	
28606	
28616	
28622	
28629	
28632	
28641	
28648	
28651	
28654	
28655	
28657	
28660	
28661	
28662	
28671	
28675	
28684	
28692	
28693	
28694	
28700	
28710	
28712	
28720	
28731	
28733	
28734	
28739	
28742	
28747	
28752	
28761	
28764	
28767	
28770	
28774	
28779	
28792	
28804	
28805	
28806	
28810	
28818	
28821	
28829	
28833	
28837	
28849	
28853	
28854	
28855	
28865	
28878	
28896	
28902	
28905	
28912	
28921	
28922	
28928	
28935	
28938	
28941	
28942	
28947	
28949	
28954	
28956	
28957	
28968	
28969	
28970	
28972	
28973	
28976	
28977	
28978	
28980	
28983	
28987	
28992	
28996	
29004	
29007	
29008	
29010	
29012	
29013	
29024	
29030	
29040	
29048	
29058	
29063	
29070	
29074	
29079	
29087	
29089	
29099	
29101	
29116	
29122	
29123	
29126	
29127	
29130	
29134	
29149	
29162	
29169	
29181	
29192	
29205	
29210	
29212	
29216	
29220	
29224	
29229	
29234	
29235	
29236	
29239	
29241	
29243	
29258	
29271	
29275	
29276	
29281	
29285	
29288	
29289	
29292	
29303	
29307	
29312	
29320	
29321	
29322	
29340	
29342	
29348	
29352	
29355	
29360	
29363	
29381	
29394	
29406	
29407	
29408	
29419	
29421	
29427	
29430	
29438	
29448	
29453	
29456	
29457	
29463	
29467	
29470	
29471	
29473	
29479	
29482	
29484	
29487	
29488	
29494	
29498	
29503	
29505	
29508	
29515	
29518	
29519	
29521	
29524	
29526	
29527	
29537	
29540	
29541	
29559	
29569	
29576	
29577	
29584	
29588	
29590	
29592	
29595	
29598	
29603	
29611	
29613	
29615	
29620	
29629	
29631	
29641	
29645	
29646	
29648	
29649	
29653	
29657	
29660	
29664	
29673	
29675	
29681	
29682	
29688	
29694	
29697	
29700	
29707	
29710	
29716	
29717	
29719	
29721	
29723	
29728	
29731	
29738	
29739	
29740	
29742	
29744	
29748	
29757	
29763	
29768	
29774	
29776	
29777	
29780	
29786	
29791	
29795	
29796	
29797	
29806	
29809	
29811	
29812	
29813	
29816	
29819	
29820	
29823	
29828	
29846	
29849	
29858	
29862	
29866	
29867	
29871	
29882	
29928	
29938	
29958	
29962	
29966	
29967	
29973	
29974	
29977	
29985	
29994	
29995	
29996	
29997	
29998	
30002	
30006	
30007	
30010	
30011	
30026	
30040	
30043	
30058	
30059	
30063	
30067	
30071	
30073	
30075	
30085	
30090	
30092	
30094	
30098	
30102	
30105	
30115	
30117	
30122	
30129	
30134	
30136	
30138	
30149	
30154	
30155	
30156	
30160	
30161	
30164	
30166	
30167	
30168	
30180	
30181	
30191	
30200	
30204	
30222	
30224	
30225	
30231	
30232	
30233	
30236	
30241	
30245	
30253	
30254	
30256	
30258	
30263	
30270	
30273	
30285	
30289	
30292	
30295	
30302	
30308	
30311	
30313	
30316	
30342	
30348	
30355	
30361	
30363	
30373	
30375	
30376	
30382	
30389	
30398	
30404	
30407	
30409	
30411	
30412	
30421	
30425	
30428	
30438	
30442	
30443	
30444	
30445	
30446	
30454	
30463	
30468	
30470	
30491	
30496	
30498	
30499	
30501	
30503	
30507	
30509	
30513	
30522	
30525	
30527	
30528	
30530	
30532	
30541	
30543	
30544	
30552	
30556	
30563	
30569	
30571	
30572	
30575	
30577	
30601	
30606	
30612	
30618	
30622	
30631	
30642	
30648	
30656	
30657	
30658	
30672	
30675	
30685	
30689	
30695	
30698	
30703	
30710	
30711	
30716	
30732	
30737	
30749	
30751	
30760	
30764	
30777	
30783	
30789	
30794	
30796	
30799	
30801	
30812	
30813	
30821	
30825	
30826	
30830	
30832	
30835	
30836	
30837	
30843	
30851	
30852	
30857	
30862	
30865	
30866	
30877	
30885	
30892	
30894	
30898	
30899	
30903	
30906	
30912	
30915	
30922	
30940	
30943	
30948	
30957	
30958	
30959	
30961	
30968	
30969	
30980	
30994	
31000	
31007	
31020	
31022	
31023	
31025	
31035	
31039	
31042	
31047	
31053	
31061	
31062	
31076	
31087	
31096	
31100	
31101	
31106	
31112	
31116	
31120	
31127	
31131	
31143	
31146	
31147	
31158	
31160	
31168	
31171	
31172	
31181	
31198	
31203	
31220	
31221	
31224	
31232	
31236	
31241	
31248	
31253	
31270	
31275	
31285	
31296	
31304	
31317	
31322	
31325	
31327	
31329	
31330	
31331	
31332	
31342	
31345	
31354	
31360	
31361	
31367	
31369	
31375	
31376	
31378	
31385	
31390	
31397	
31402	
31409	
31410	
31411	
31412	
31414	
31416	
31417	
31418	
31420	
31422	
31424	
31426	
31427	
31429	
31431	
31433	
31434	
31437	
31446	
31447	
31458	
31466	
31468	
31485	
31486	
31487	
31498	
31499	
31505	
31506	
31509	
31514	
31521	
31525	
31527	
31528	
31530	
31540	
31547	
31553	
31555	
31572	
31575	
31576	
31577	
31588	
31589	
31594	
31598	
31604	
31605	
31618	
31621	
31625	
31630	
31632	
31636	
31639	
31640	
31643	
31646	
31659	
31665	
31679	
31682	
31688	
31691	
31692	
31695	
31714	
31724	
31725	
31729	
31738	
31745	
31749	
31755	
31759	
31763	
31765	
31770	
31772	
31776	
31777	
31791	
31807	
31812	
31820	
31821	
31824	
31846	
31849	
31851	
31853	
31858	
31860	
31869	
31873	
31881	
31882	
31892	
31896	
31897	
31898	
31899	
31904	
31906	
31909	
31911	
31914	
31923	
31928	
31929	
31934	
31941	
31950	
31952	
31953	
31957	
31958	
31966	
31967	
31971	
31972	
31989	
31990	
31993	
32000	
32003	
32007	
32012	
32013	
32014	
32021	
32031	
32035	
32037	
32039	
32044	
32045	
32046	
32048	
32051	
32061	
32064	
32065	
32070	
32074	
32077	
32083	
32084	
32085	
32088	
32095	
32099	
32101	
32110	
32116	
32120	
32135	
32143	
32149	
32150	
32152	
32153	
32160	
32172	
32175	
32178	
32180	
32194	
32203	
32204	
32206	
32208	
32210	
32211	
32223	
32228	
32235	
32245	
32246	
32248	
32251	
32257	
32258	
32260	
32261	
32264	
32270	
32271	
32274	
32275	
32282	
32288	
32290	
32295	
32299	
32300	
32301	
32308	
32310	
32311	
32312	
32314	
32315	
32320	
32323	
32326	
32336	
32343	
32356	
32360	
32362	
32364	
32373	
32387	
32392	
32393	
32394	
32398	
32414	
32415	
32419	
32423	
32424	
32431	
32432	
32433	
32434	
32443	
32451	
32453	
32454	
32463	
32468	
32470	
32472	
32473	
32476	
32484	
32485	
32487	
32489	
32491	
32499	
32509	
32510	
32514	
32515	
32519	
32532	
32539	
32544	
32548	
32551	
32556	
32565	
32567	
32568	
32569	
32570	
32575	
32579	
32582	
32584	
32600	
32601	
32609	
32612	
32613	
32614	
32619	
32628	
32629	
32638	
32639	
32643	
32644	
32651	
32653	
32655	
32656	
32660	
32661	
32662	
32666	
32674	
32678	
32686	
32726	
32738	
32740	
32741	
32742	
32750	
32751	
32753	
32755	
32759	
32769	
32783	
32785	
32788	
32796	
32809	
32814	
32816	
32825	
32834	
32835	
32836	
32840	
32848	
32849	
32857	
32861	
32862	
32867	
32882	
32887	
32890	
32891	
32893	
32899	
32903	
32910	
32914	
32920	
32926	
32937	
32940	
32948	
32950	
32951	
32955	
32957	
32959	
32960	
32967	
32973	
32974	
32984	
32994	
33002	
33004	
33006	
33013	
33016	
33024	
33026	
33028	
33029	
33042	
33047	
33054	
33057	
33075	
33077	
33081	
33084	
33089	
33099	
33103	
33105	
33107	
33111	
33112	
33113	
33115	
33121	
33122	
33126	
33127	
33132	
33140	
33145	
33151	
33158	
33167	
33169	
33170	
33172	
33173	
33176	
33178	
33180	
33183	
33185	
33186	
33188	
33189	
33201	
33202	
33217	
33220	
33222	
33234	
33250	
33252	
33256	
33260	
33261	
33264	
33272	
33273	
33279	
33280	
33282	
33283	
33284	
33285	
33286	
33287	
33289	
33290	
33294	
33297	
33299	
33302	
33305	
33308	
33311	
33329	
33330	
33338	
33341	
33344	
33346	
33347	
33357	
33358	
33361	
33362	
33374	
33378	
33381	
33385	
33389	
33403	
33414	
33417	
33418	
33420	
33427	
33429	
33430	
33431	
33436	
33442	
33443	
33444	
33457	
33461	
33463	
33466	
33468	
33473	
33481	
33483	
33485	
33486	
33498	
33505	
33507	
33513	
33519	
33532	
33534	
33535	
33539	
33540	
33542	
33547	
33551	
33552	
33557	
33563	
33565	
33566	
33570	
33574	
33576	
33577	
33579	
33590	
33592	
33598	
33599	
33601	
33604	
33610	
33611	
33620	
33623	
33625	
33626	
33641	
33644	
33665	
33670	
33671	
33672	
33674	
33680	
33681	
33686	
33691	
33697	
33699	
33701	
33704	
33707	
33713	
33715	
33742	
33746	
33751	
33782	
33800	
33801	
33818	
33819	
33823	
33824	
33825	
33831	
33835	
33839	
33849	
33853	
33854	
33872	
33874	
33877	
33882	
33884	
33887	
33888	
33892	
33899	
33904	
33905	
33909	
33932	
33935	
33936	
33938	
33945	
33946	
33957	
33970	
33971	
33974	
33979	
33980	
33983	
33984	
33987	
33997	
33998	
34002	
34004	
34010	
34014	
34023	
34024	
34029	
34034	
34049	
34050	
34073	
34074	
34079	
34084	
34093	
34095	
34098	
34101	
34111	
34112	
34119	
34120	
34121	
34126	
34129	
34135	
34138	
34139	
34145	
34146	
34153	
34160	
34165	
34173	
34174	
34175	
34184	
34192	
34202	
34211	
34214	
34226	
34232	
34235	
34237	
34242	
34248	
34249	
34252	
34254	
34260	
34261	
34263	
34265	
34268	
34270	
34273	
34275	
34280	
34282	
34288	
34302	
34312	
34316	
34318	
34322	
34331	
34333	
34340	
34342	
34347	
34352	
34355	
34358	
34359	
34365	
34367	
34373	
34375	
34377	
34385	
34387	
34396	
34411	
34412	
34420	
34421	
34428	
34430	
34446	
34450	
34453	
34459	
34462	
34482	
34489	
34490	
34504	
34506	
34507	
34512	
34514	
34519	
34526	
34527	
34529	
34533	
34535	
34538	
34540	
34544	
34555	
34557	
34562	
34563	
34566	
34571	
34581	
34585	
34586	
34599	
34608	
34609	
34612	
34616	
34618	
34619	
34623	
34624	
34625	
34634	
34636	
34637	
34639	
34651	
34652	
34656	
34658	
34660	
34664	
34670	
34673	
34675	
34677	
34681	
34682	
34688	
34692	
34694	
34695	
34699	
34701	
34707	
34711	
34712	
34713	
34729	
34741	
34742	
34744	
34749	
34761	
34767	
34772	
34778	
34782	
34786	
34794	
34805	
34811	
34824	
34830	
34831	
34856	
34857	
34859	
34870	
34871	
34879	
34889	
34891	
34895	
34911	
34918	
34936	
34939	
34940	
34948	
34954	
34967	
34968	
34985	
34988	
34997	
35011	
35012	
35014	
35016	
35018	
35020	
35030	
35033	
35037	
35038	
35041	
35044	
35047	
35053	
35055	
35061	
35063	
35067	
35074	
35098	
35099	
35104	
35105	
35109	
35117	
35121	
35122	
35133	
35154	
35157	
35160	
35167	
35173	
35177	
35179	
35182	
35183	
35184	
35186	
35188	
35190	
35191	
35197	
35201	
35213	
35224	
35232	
35240	
35252	
35259	
35264	
35266	
35276	
35289	
35290	
35291	
35295	
35297	
35299	
35307	
35314	
35316	
35319	
35320	
35325	
35330	
35331	
35333	
35336	
35343	
35344	
35357	
35359	
35365	
35367	
35369	
35376	
35377	
35386	
35390	
35391	
35396	
35399	
35403	
35405	
35408	
35413	
35423	
35430	
35433	
35440	
35443	
35445	
35446	
35450	
35451	
35452	
35460	
35463	
35473	
35478	
35482	
35485	
35490	
35493	
35495	
35501	
35507	
35512	
35514	
35534	
35543	
35548	
35557	
35560	
35563	
35568	
35579	
35580	
35587	
35599	
35610	
35617	
35618	
35619	
35622	
35627	
35628	
35629	
35638	
35647	
35650	
35658	
35661	
35664	
35666	
35674	
35676	
35678	
35682	
35690	
35701	
35715	
35723	
35726	
35735	
35736	
35737	
35738	
35739	
35740	
35746	
35749	
35751	
35753	
35754	
35758	
35760	
35764	
35772	
35773	
35774	
35778	
35779	
35781	
35783	
35784	
35799	
35802	
35816	
35820	
35822	
35825	
35826	
35831	
35833	
35837	
35849	
35850	
35856	
35861	
35863	
35867	
35869	
35872	
35874	
35875	
35878	
35887	
35889	
35891	
35893	
35894	
35896	
35900	
35901	
35905	
35906	
35908	
35913	
35918	
35924	
35925	
35927	
35928	
35929	
35938	
35942	
35944	
35948	
35951	
35955	
35963	
35964	
35969	
35971	
35973	
35980	
35981	
35990	
35991	
35994	
35995	
36004	
36005	
36006	
36016	
36019	
36020	
36034	
36036	
36039	
36040	
36042	
36046	
36049	
36063	
36064	
36065	
36070	
36072	
36076	
36078	
36083	
36084	
36086	
36087	
36089	
36102	
36103	
36107	
36110	
36111	
36123	
36129	
36136	
36138	
36145	
36149	
36150	
36151	
36157	
36166	
36172	
36184	
36189	
36192	
36194	
36196	
36202	
36207	
36218	
36222	
36228	
36236	
36244	
36245	
36249	
36250	
36252	
36256	
36257	
36268	
36270	
36280	
36286	
36288	
36301	
36302	
36304	
36312	
36313	
36319	
36321	
36326	
36337	
36340	
36343	
36346	
36358	
36362	
36364	
36368	
36369	
36372	
36377	
36389	
36393	
36396	
36410	
36412	
36415	
36416	
36421	
36422	
36427	
36437	
36439	
36440	
36445	
36449	
36453	
36459	
36473	
36474	
36479	
36484	
36488	
36493	
36497	
36504	
36506	
36507	
36511	
36513	
36514	
36516	
36527	
36528	
36535	
36536	
36537	
36545	
36550	
36551	
36554	
36560	
36561	
36572	
36574	
36591	
36595	
36597	
36608	
36609	
36610	
36614	
36623	
36636	
36643	
36645	
36649	
36651	
36652	
36655	
36661	
36662	
36672	
36675	
36678	
36679	
36680	
36682	
36684	
36686	
36690	
36693	
36695	
36698	
36699	
36706	
36718	
36719	
36731	
36734	
36737	
36738	
36740	
36741	
36744	
36745	
36748	
36749	
36753	
36754	
36757	
36768	
36783	
36785	
36786	
36788	
36789	
36796	
36804	
36807	
36811	
36816	
36817	
36828	
36832	
36833	
36839	
36841	
36843	
36850	
36863	
36866	
36869	
36870	
36875	
36878	
36883	
36895	
36900	
36910	
36912	
36927	
36929	
36930	
36931	
36940	
36942	
36944	
36952	
36974	
36981	
37001	
37007	
37011	
37014	
37018	
37020	
37029	
37034	
37035	
37038	
37039	
37041	
37042	
37044	
37054	
37058	
37059	
37064	
37068	
37073	
37075	
37076	
37078	
37081	
37083	
37084	
37086	
37088	
37094	
37095	
37105	
37107	
37116	
37117	
37119	
37121	
37124	
37130	
37141	
37144	
37149	
37151	
37156	
37168	
37171	
37178	
37183	
37193	
37197	
37200	
37209	
37210	
37214	
37218	
37224	
37228	
37229	
37244	
37245	
37247	
37256	
37264	
37266	
37270	
37280	
37286	
37301	
37303	
37307	
37309	
37311	
37316	
37331	
37335	
37344	
37349	
37354	
37373	
37375	
37378	
37390	
37393	
37405	
37406	
37407	
37408	
37410	
37412	
37414	
37417	
37420	
37421	
37423	
37428	
37429	
37432	
37440	
37455	
37457	
37458	
37465	
37468	
37480	
37492	
37502	
37505	
37511	
37519	
37521	
37523	
37528	
37531	
37546	
37548	
37549	
37555	
37559	
37562	
37566	
37572	
37580	
37581	
37589	
37590	
37596	
37599	
37604	
37605	
37612	
37616	
37621	
37640	
37643	
37645	
37646	
37650	
37651	
37657	
37662	
37663	
37672	
37673	
37676	
37677	
37680	
37687	
37691	
37692	
37693	
37694	
37699	
37701	
37709	
37711	
37715	
37720	
37723	
37727	
37733	
37744	
37753	
37754	
37764	
37765	
37767	
37770	
37775	
37778	
37780	
37788	
37796	
37797	
37806	
37809	
37819	
37822	
37824	
37829	
37835	
37836	
37837	
37842	
37847	
37854	
37855	
37861	
37864	
37871	
37879	
37880	
37882	
37884	
37890	
37894	
37895	
37913	
37916	
37918	
37929	
37931	
37934	
37940	
37943	
37948	
37950	
37954	
37957	
37959	
37968	
37970	
37972	
37979	
37985	
37990	
37991	
37998	
38004	
38005	
38016	
38020	
38022	
38023	
38024	
38026	
38027	
38031	
38038	
38040	
38041	
38053	
38054	
38062	
38070	
38072	
38085	
38086	
38091	
38097	
38103	
38109	
38111	
38113	
38116	
38128	
38129	
38136	
38139	
38140	
38141	
38148	
38154	
38159	
38161	
38166	
38168	
38171	
38176	
38180	
38181	
38182	
38183	
38185	
38188	
38193	
38198	
38211	
38213	
38217	
38223	
38227	
38239	
38249	
38253	
38255	
38256	
38272	
38276	
38281	
38283	
38290	
38291	
38293	
38294	
38302	
38309	
38311	
38312	
38320	
38321	
38334	
38338	
38342	
38362	
38365	
38374	
38378	
38379	
38381	
38383	
38386	
38395	
38406	
38413	
38421	
38422	
38428	
38438	
38465	
38467	
38470	
38480	
38482	
38484	
38489	
38492	
38493	
38498	
38500	
38508	
38511	
38519	
38521	
38522	
38528	
38534	
38539	
38550	
38553	
38555	
38558	
38560	
38568	
38571	
38579	
38581	
38587	
38590	
38605	
38616	
38618	
38619	
38621	
38627	
38631	
38632	
38636	
38637	
38647	
38650	
38656	
38662	
38667	
38670	
38674	
38681	
38683	
38687	
38692	
38697	
38698	
38699	
38701	
38705	
38708	
38712	
38713	
38716	
38720	
38725	
38733	
38740	
38748	
38756	
38765	
38782	
38791	
38797	
38799	
38803	
38804	
38810	
38811	
38816	
38817	
38820	
38833	
38837	
38843	
38845	
38850	
38857	
38867	
38869	
38870	
38875	
38878	
38880	
38890	
38893	
38898	
38911	
38913	
38914	
38916	
38918	
38928	
38929	
38931	
38937	
38945	
38949	
38964	
38965	
38967	
38971	
38973	
38980	
38984	
38985	
38988	
39001	
39018	
39019	
39023	
39038	
39041	
39043	
39045	
39059	
39077	
39079	
39086	
39088	
39091	
39093	
39095	
39101	
39108	
39109	
39110	
39115	
39116	
39117	
39118	
39121	
39131	
39133	
39135	
39139	
39143	
39158	
39161	
39163	
39170	
39171	
39172	
39174	
39176	
39179	
39197	
39202	
39214	
39220	
39221	
39222	
39223	
39225	
39229	
39236	
39245	
39247	
39249	
39253	
39258	
39261	
39263	
39264	
39270	
39277	
39283	
39286	
39296	
39304	
39313	
39335	
39346	
39351	
39354	
39358	
39364	
39365	
39367	
39368	
39371	
39377	
39384	
39389	
39395	
39397	
39405	
39415	
39420	
39425	
39429	
39432	
39443	
39454	
39461	
39463	
39464	
39467	
39469	
39471	
39472	
39483	
39488	
39489	
39491	
39502	
39512	
39517	
39519	
39520	
39521	
39528	
39533	
39537	
39541	
39542	
39544	
39546	
39548	
39550	
39551	
39554	
39564	
39565	
39566	
39571	
39579	
39592	
39600	
39602	
39603	
39605	
39607	
39618	
39619	
39621	
39625	
39626	
39637	
39639	
39641	
39645	
39648	
39658	
39665	
39673	
39677	
39678	
39686	
39689	
39696	
39699	
39700	
39706	
39718	
39730	
39731	
39735	
39736	
39743	
39747	
39748	
39758	
39759	
39761	
39773	
39779	
39780	
39793	
39797	
39801	
39814	
39820	
39821	
39835	
39839	
39852	
39863	
39874	
39876	
39877	
39882	
39883	
39887	
39889	
39894	
39904	
39911	
39916	
39920	
39928	
39932	
39933	
39943	
39951	
39952	
39961	
39964	
39966	
39969	
39978	
39979	
39980	
39982	
39994	
39997	
39999	
40002	
40004	
40009	
40012	
40013	
40014	
40016	
40019	
40022	
40029	
40030	
40035	
40036	
40038	
40040	
40051	
40059	
40062	
40064	
40070	
40074	
40090	
40094	
40099	
40102	
40104	
40105	
40106	
40122	
40125	
40129	
40135	
40136	
40137	
40139	
40143	
40155	
40158	
40162	
40168	
40181	
40185	
40192	
40198	
40199	
40200	
40201	
40203	
40209	
40215	
40220	
40230	
40232	
40237	
40241	
40247	
40251	
40252	
40253	
40261	
40268	
40271	
40273	
40274	
40277	
40280	
40281	
40282	
40288	
40300	
40305	
40316	
40318	
40330	
40331	
40332	
40333	
40337	
40339	
40346	
40351	
40352	
40355	
40364	
40372	
40373	
40374	
40376	
40384	
40385	
40387	
40388	
40389	
40400	
40401	
40404	
40406	
40428	
40436	
40437	
40438	
40446	
40449	
40456	
40457	
40459	
40463	
40467	
40476	
40477	
40479	
40486	
40498	
40503	
40509	
40512	
40513	
40517	
40518	
40525	
40527	
40529	
40534	
40557	
40559	
40560	
40561	
40563	
40566	
40569	
40579	
40584	
40594	
40602	
40605	
40610	
40614	
40618	
40621	
40622	
40623	
40631	
40635	
40642	
40659	
40665	
40666	
40668	
40671	
40688	
40694	
40695	
40698	
40700	
40706	
40710	
40718	
40720	
40724	
40739	
40742	
40744	
40749	
40750	
40751	
40762	
40764	
40769	
40774	
40783	
40785	
40787	
40796	
40800	
40801	
40803	
40804	
40807	
40813	
40814	
40817	
40820	
40835	
40836	
40843	
40845	
40857	
40858	
40864	
40881	
40882	
40886	
40887	
40888	
40893	
40895	
40898	
40913	
40922	
40926	
40930	
40931	
40939	
40944	
40945	
40951	
40952	
40958	
40962	
40966	
40977	
40984	
40987	
40992	
40993	
40994	
41004	
41008	
41014	
41020	
41023	
41024	
41029	
41030	
41034	
41042	
41043	
41045	
41051	
41052	
41055	
41059	
41066	
41067	
41072	
41074	
41084	
41098	
41105	
41106	
41108	
41113	
41115	
41119	
41124	
41125	
41144	
41149	
41152	
41156	
41157	
41161	
41162	
41164	
41165	
41166	
41168	
41183	
41188	
41189	
41195	
41196	
41197	
41200	
41208	
41209	
41211	
41212	
41213	
41217	
41221	
41224	
41227	
41234	
41241	
41251	
41255	
41257	
41266	
41273	
41278	
41287	
41302	
41315	
41324	
41326	
41329	
41333	
41334	
41335	
41341	
41349	
41352	
41355	
41359	
41360	
41361	
41373	
41378	
41383	
41395	
41405	
41408	
41412	
41418	
41423	
41427	
41430	
41443	
41444	
41445	
41446	
41447	
41448	
41450	
41453	
41457	
41464	
41466	
41471	
41474	
41488	
41490	
41491	
41497	
41504	
41525	
41528	
41532	
41533	
41546	
41547	
41554	
41558	
41559	
41564	
41577	
41579	
41582	
41584	
41587	
41595	
41598	
41602	
41609	
41613	
41616	
41625	
41626	
41630	
41642	
41651	
41655	
41660	
41662	
41666	
41667	
41668	
41671	
41675	
41679	
41689	
41708	
41718	
41719	
41721	
41723	
41726	
41731	
41738	
41740	
41741	
41743	
41752	
41756	
41761	
41766	
41779	
41780	
41782	
41784	
41789	
41790	
41793	
41795	
41796	
41807	
41809	
41812	
41816	
41818	
41820	
41826	
41829	
41831	
41838	
41840	
41849	
41850	
41851	
41853	
41859	
41861	
41862	
41863	
41882	
41894	
41895	
41897	
41900	
41910	
41913	
41921	
41931	
41936	
41941	
41942	
41946	
41948	
41954	
41959	
41963	
41982	
41985	
41990	
41997	
41998	
42000	
42010	
42011	
42015	
42016	
42021	
42028	
42030	
42039	
42042	
42044	
42048	
42055	
42058	
42066	
42068	
42072	
42073	
42076	
42078	
42087	
42089	
42090	
42092	
42094	
42095	
42102	
42115	
42121	
42122	
42124	
42127	
42129	
42130	
42140	
42142	
42144	
42153	
42162	
42167	
42171	
42178	
42181	
42185	
42186	
42187	
42203	
42204	
42212	
42213	
42214	
42220	
42223	
42234	
42235	
42238	
42245	
42247	
42254	
42258	
42264	
42265	
42275	
42279	
42281	
42284	
42286	
42288	
42289	
42297	
42300	
42314	
42321	
42322	
42324	
42326	
42329	
42343	
42348	
42362	
42368	
42372	
42377	
42379	
42383	
42386	
42392	
42393	
42401	
42411	
42416	
42422	
42428	
42432	
42437	
42438	
42447	
42454	
42468	
42470	
42485	
42501	
42502	
42514	
42520	
42521	
42523	
42524	
42525	
42528	
42537	
42538	
42542	
42545	
42553	
42565	
42576	
42577	
42584	
42592	
42593	
42597	
42600	
42603	
42616	
42620	
42624	
42638	
42642	
42663	
42664	
42671	
42675	
42678	
42684	
42705	
42707	
42710	
42711	
42728	
42739	
42743	
42744	
42746	
42747	
42748	
42753	
42755	
42759	
42765	
42769	
42770	
42787	
42790	
42794	
42799	
42800	
42802	
42813	
42815	
42823	
42828	
42830	
42833	
42837	
42839	
42848	
42855	
42856	
42867	
42875	
42878	
42879	
42891	
42899	
42903	
42907	
42909	
42911	
42916	
42931	
42938	
42941	
42942	
42958	
42961	
42966	
42967	
42969	
42975	
42978	
42980	
42986	
42989	
43005	
43010	
43024	
43025	
43028	
43037	
43038	
43039	
43046	
43052	
43053	
43054	
43062	
43070	
43072	
43079	
43082	
43084	
43090	
43095	
43105	
43116	
43117	
43129	
43135	
43139	
43142	
43144	
43145	
43147	
43150	
43153	
43157	
43159	
43163	
43168	
43173	
43181	
43182	
43189	
43194	
43200	
43206	
43209	
43210	
43211	
43214	
43225	
43231	
43232	
43238	
43244	
43248	
43255	
43266	
43269	
43276	
43282	
43294	
43303	
43305	
43308	
43321	
43330	
43333	
43338	
43344	
43349	
43355	
43356	
43362	
43363	
43366	
43370	
43382	
43385	
43390	
43396	
43397	
43408	
43413	
43414	
43430	
43432	
43435	
43436	
43437	
43442	
43448	
43450	
43463	
43476	
43478	
43483	
43485	
43488	
43493	
43499	
43500	
43502	
43505	
43515	
43517	
43518	
43521	
43522	
43524	
43525	
43528	
43535	
43548	
43550	
43561	
43566	
43567	
43568	
43571	
43575	
43577	
43583	
43589	
43591	
43596	
43597	
43600	
43601	
43603	
43609	
43614	
43618	
43621	
43623	
43624	
43627	
43630	
43638	
43646	
43650	
43656	
43664	
43670	
43671	
43672	
43673	
43677	
43678	
43680	
43683	
43690	
43696	
43697	
43705	
43709	
43714	
43718	
43722	
43723	
43732	
43733	
43735	
43739	
43742	
43746	
43748	
43750	
43751	
43752	
43760	
43767	
43772	
43774	
43777	
43780	
43785	
43790	
43795	
43799	
43811	
43812	
43815	
43821	
43824	
43831	
43845	
43848	
43849	
43855	
43865	
43866	
43869	
43881	
43888	
43891	
43893	
43900	
43903	
43904	
43908	
43916	
43918	
43924	
43927	
43931	
43932	
43936	
43952	
43972	
43978	
43979	
43984	
43991	
43998	
44005	
44007	
44009	
44011	
44019	
44024	
44031	
44033	
44035	
44038	
44042	
44048	
44058	
44065	
44067	
44069	
44070	
44081	
44085	
44089	
44093	
44110	
44125	
44131	
44134	
44136	
44142	
44148	
44168	
44169	
44174	
44188	
44217	
44220	
44223	
44236	
44238	
44239	
44244	
44245	
44248	
44249	
44251	
44252	
44254	
44259	
44262	
44283	
44285	
44294	
44313	
44315	
44321	
44336	
44338	
44345	
44354	
44361	
44366	
44370	
44378	
44382	
44390	
44402	
44403	
44413	
44419	
44420	
44429	
44431	
44433	
44436	
44465	
44474	
44476	
44485	
44488	
44490	
44511	
44512	
44520	
44529	
44535	
44540	
44544	
44546	
44557	
44559	
44572	
44578	
44607	
44609	
44626	
44627	
44631	
44632	
44633	
44636	
44643	
44644	
44649	
44650	
44660	
44667	
44668	
44676	
44680	
44681	
44685	
44694	
44698	
44700	
44702	
44711	
44717	
44719	
44726	
44732	
44736	
44746	
44750	
44754	
44758	
44761	
44762	
44767	
44772	
44776	
44784	
44796	
44798	
44802	
44803	
44806	
44808	
44811	
44819	
44825	
44831	
44844	
44847	
44852	
44858	
44871	
44874	
44881	
44884	
44885	
44890	
44899	
44902	
44906	
44907	
44916	
44919	
44923	
44937	
44950	
44955	
44957	
44971	
44975	
44976	
44979	
44982	
44996	
45006	
45011	
45012	
45017	
45023	
45025	
45033	
45035	
45039	
45049	
45050	
45051	
45054	
45073	
45076	
45077	
45079	
45083	
45091	
45092	
45097	
45098	
45108	
45109	
45117	
45121	
45126	
45132	
45141	
45147	
45153	
45154	
45155	
45159	
45169	
45183	
45188	
45189	
45190	
45196	
45203	
45205	
45209	
45210	
45218	
45228	
45230	
45237	
45254	
45257	
45265	
45270	
45276	
45277	
45280	
45286	
45292	
45295	
45303	
45304	
45307	
45308	
45311	
45316	
45324	
45330	
45334	
45336	
45342	
45343	
45344	
45350	
45351	
45356	
45357	
45363	
45366	
45369	
45374	
45376	
45380	
45381	
45382	
45384	
45394	
45397	
45399	
45400	
45401	
45404	
45421	
45425	
45427	
45436	
45439	
45441	
45442	
45443	
45459	
45461	
45462	
45465	
45470	
45472	
45483	
45485	
45486	
45500	
45507	
45512	
45513	
45515	
45519	
45520	
45523	
45529	
45554	
45565	
45572	
45577	
45585	
45588	
45599	
45606	
45607	
45609	
45616	
45620	
45621	
45624	
45629	
45631	
45633	
45637	
45643	
45648	
45655	
45659	
45669	
45681	
45684	
45686	
45703	
45719	
45733	
45738	
45739	
45762	
45766	
45768	
45771	
45776	
45782	
45783	
45784	
45787	
45794	
45796	
45797	
45800	
45816	
45821	
45828	
45833	
45834	
45837	
45839	
45843	
45849	
45853	
45861	
45865	
45871	
45876	
45877	
45879	
45881	
45885	
45891	
45895	
45898	
45899	
45909	
45911	
45912	
45917	
45934	
45951	
45953	
45957	
45958	
45959	
45965	
45971	
45981	
45990	
45996	
45998	
46005	
46012	
46017	
46035	
46042	
46043	
46049	
46058	
46065	
46070	
46075	
46083	
46085	
46087	
46088	
46094	
46095	
46097	
46105	
46111	
46120	
46121	
46123	
46145	
46151	
46153	
46154	
46157	
46161	
46165	
46169	
46173	
46174	
46179	
46183	
46195	
46201	
46204	
46207	
46214	
46228	
46232	
46233	
46236	
46238	
46245	
46249	
46260	
46264	
46276	
46279	
46286	
46291	
46295	
46304	
46307	
46308	
46311	
46319	
46321	
46324	
46329	
46332	
46334	
46335	
46339	
46342	
46346	
46355	
46356	
46365	
46374	
46380	
46382	
46387	
46388	
46393	
46398	
46407	
46408	
46422	
46426	
46427	
46438	
46440	
46441	
46471	
46472	
46474	
46475	
46478	
46482	
46490	
46495	
46505	
46515	
46516	
46517	
46521	
46526	
46527	
46528	
46541	
46542	
46549	
46550	
46552	
46556	
46562	
46564	
46568	
46581	
46582	
46584	
46587	
46588	
46594	
46596	
46602	
46608	
46611	
46617	
46620	
46626	
46630	
46632	
46636	
46640	
46644	
46645	
46647	
46649	
46652	
46657	
46662	
46665	
46666	
46674	
46678	
46684	
46685	
46702	
46704	
46715	
46716	
46717	
46724	
46726	
46739	
46746	
46752	
46755	
46760	
46762	
46767	
46768	
46772	
46787	
46792	
46806	
46810	
46814	
46816	
46818	
46819	
46841	
46843	
46846	
46851	
46853	
46859	
46860	
46863	
46871	
46875	
46878	
46885	
46892	
46896	
46897	
46901	
46902	
46906	
46909	
46911	
46912	
46917	
46920	
46922	
46928	
46931	
46932	
46942	
46945	
46947	
46952	
46953	
46954	
46958	
46964	
46976	
46984	
46986	
46996	
46997	
46999	
47001	
47007	
47009	
47025	
47029	
47033	
47034	
47036	
47037	
47042	
47044	
47050	
47051	
47053	
47057	
47064	
47078	
47079	
47080	
47082	
47083	
47088	
47089	
47091	
47102	
47103	
47105	
47107	
47113	
47118	
47119	
47122	
47125	
47129	
47130	
47133	
47139	
47145	
47154	
47156	
47157	
47160	
47162	
47166	
47170	
47172	
47175	
47176	
47196	
47197	
47198	
47200	
47202	
47203	
47209	
47211	
47217	
47226	
47231	
47232	
47233	
47244	
47249	
47251	
47254	
47259	
47266	
47267	
47272	
47280	
47283	
47287	
47290	
47297	
47311	
47317	
47320	
47330	
47336	
47341	
47348	
47351	
47352	
47353	
47355	
47364	
47365	
47371	
47378	
47381	
47383	
47393	
47395	
47399	
47400	
47405	
47416	
47419	
47420	
47425	
47429	
47437	
47441	
47453	
47454	
47459	
47463	
47464	
47466	
47468	
47469	
47471	
47473	
47479	
47481	
47484	
47487	
47493	
47495	
47499	
47502	
47503	
47507	
47511	
47540	
47545	
47547	
47554	
47559	
47560	
47588	
47589	
47590	
47594	
47599	
47603	
47610	
47614	
47615	
47620	
47626	
47627	
47640	
47666	
47669	
47674	
47677	
47682	
47688	
47690	
47697	
47714	
47715	
47719	
47741	
47744	
47746	
47747	
47759	
47765	
47767	
47775	
47783	
47787	
47789	
47799	
47800	
47804	
47808	
47813	
47817	
47818	
47825	
47830	
47833	
47849	
47853	
47854	
47855	
47865	
47867	
47872	
47873	
47874	
47885	
47891	
47902	
47903	
47904	
47912	
47915	
47917	
47918	
47922	
47926	
47929	
47931	
47934	
47941	
47944	
47947	
47949	
47955	
47959	
47974	
47977	
47980	
47982	
47987	
47997	
48000	
48005	
48009	
48020	
48027	
48030	
48031	
48043	
48048	
48053	
48060	
48065	
48067	
48069	
48079	
48082	
48087	
48091	
48092	
48096	
48097	
48099	
48107	
48108	
48112	
48115	
48124	
48148	
48151	
48157	
48159	
48161	
48162	
48163	
48170	
48173	
48174	
48176	
48181	
48182	
48187	
48194	
48197	
48199	
48205	
48215	
48220	
48225	
48230	
48235	
48238	
48239	
48240	
48250	
48254	
48273	
48278	
48281	
48286	
48292	
48298	
48302	
48304	
48306	
48307	
48313	
48314	
48315	
48321	
48325	
48330	
48331	
48337	
48349	
48357	
48358	
48359	
48361	
48377	
48385	
48386	
48388	
48396	
48399	
48402	
48426	
48436	
48449	
48451	
48455	
48456	
48467	
48470	
48471	
48477	
48486	
48493	
48498	
48502	
48504	
48507	
48508	
48509	
48526	
48528	
48529	
48531	
48533	
48544	
48549	
48551	
48555	
48562	
48575	
48576	
48577	
48586	
48587	
48599	
48602	
48606	
48607	
48608	
48614	
48615	
48616	
48618	
48619	
48624	
48640	
48644	
48649	
48651	
48658	
48666	
48672	
48682	
48685	
48686	
48696	
48697	
48701	
48702	
48704	
48706	
48718	
48719	
48725	
48737	
48750	
48751	
48763	
48766	
48767	
48772	
48777	
48781	
48794	
48796	
48798	
48803	
48805	
48806	
48815	
48819	
48826	
48832	
48841	
48842	
48854	
48855	
48859	
48870	
48871	
48878	
48879	
48880	
48887	
48890	
48891	
48904	
48905	
48911	
48915	
48918	
48919	
48922	
48923	
48924	
48928	
48942	
48946	
48950	
48951	
48960	
48966	
48979	
48981	
48982	
48986	
48987	
48989	
48990	
48991	
48996	
48997	
49000	
49006	
49012	
49024	
49030	
49040	
49045	
49046	
49048	
49049	
49052	
49058	
49063	
49069	
49072	
49079	
49080	
49081	
49085	
49091	
49094	
49099	
49105	
49118	
49121	
49128	
49134	
49136	
49143	
49156	
49159	
49163	
49167	
49170	
49176	
49179	
49188	
49190	
49199	
49212	
49223	
49224	
49226	
49229	
49232	
49237	
49244	
49248	
49255	
49256	
49263	
49275	
49278	
49279	
49281	
49293	
49294	
49295	
49302	
49309	
49313	
49316	
49318	
49320	
49323	
49327	
49329	
49332	
49339	
49341	
49343	
49346	
49348	
49352	
49354	
49371	
49374	
49376	
49401	
49410	
49428	
49432	
49441	
49454	
49462	
49465	
49469	
49470	
49476	
49493	
49503	
49507	
49509	
49523	
49525	
49527	
49544	
49547	
49554	
49555	
49567	
49569	
49570	
49571	
49575	
49579	
49583	
49588	
49592	
49593	
49597	
49598	
49599	
49601	
49603	
49604	
49609	
49612	
49613	
49616	
49623	
49626	
49633	
49638	
49639	
49641	
49653	
49654	
49655	
49659	
49667	
49676	
49682	
49686	
49692	
49696	
49698	
49703	
49704	
49710	
49737	
49742	
49744	
49745	
49747	
49749	
49751	
49752	
49754	
49757	
49758	
49759	
49761	
49764	
49765	
49766	
49771	
49780	
49781	
49786	
49792	
49799	
49801	
49808	
49809	
49810	
49820	
49823	
49826	
49830	
49836	
49839	
49840	
49849	
49856	
49867	
49868	
49869	
49871	
49872	
49876	
49884	
49898	
49901	
49904	
49905	
49906	
49928	
49934	
49937	
49941	
49946	
49952	
49961	
49962	
49967	
49968	
49978	
49979	
49988	
49990	
49991	
